 Remove duplicates
 Number of terms reduced from  1036 to   472
IDX001:DIM4096:001|002|003|004|005|006|
IDX002:DIM4096:007|008|009|010|011|012|
IDX003:DIM4096:013|014|015|016|017|018|
IDX004:DIM4096:019|020|021|022|023|024|

 --------------------------------------------------
 ---------- # Fockspaces -------------------:   157  
 ---------- # Configs    -------------------: 22865  
 ---------- Root ---------------------------:     1  
 --------------------------------------------------
 Printing contributions greater than: 0.010000
 Weight              # configs (full)    (α,β)...            
 -------             --------- --------- ----------          
 0.989                                   ( 3,3 )( 3,3 )( 3,3 )( 3,3 )
     0.986           1         1             1:1    1:1    1:1    1:1
     0.010           11        99          2:100    1:1    1:1    1:1
     0.046           528       9801        2:100    1:1  2:100    1:1
     0.046           528       9801        2:100  2:100    1:1    1:1
     0.046           528       9801        2:100    1:1    1:1  2:100
 ---------                               ----------          
 0.021                                   ( 4,2 )( 2,4 )( 3,3 )( 3,3 )
     0.021           25        3721         1:61   1:61    1:1    1:1
 ---------                               ----------          
 0.021                                   ( 4,2 )( 3,3 )( 2,4 )( 3,3 )
     0.021           25        3721         1:61    1:1   1:61    1:1
 ---------                               ----------          
 0.021                                   ( 2,4 )( 4,2 )( 3,3 )( 3,3 )
     0.021           25        3721         1:61   1:61    1:1    1:1
 ---------                               ----------          
 0.021                                   ( 2,4 )( 3,3 )( 4,2 )( 3,3 )
     0.021           25        3721         1:61    1:1   1:61    1:1
 ---------                               ----------          
 0.038                                   ( 4,3 )( 2,3 )( 3,3 )( 3,3 )
     0.037           240       10000       1:100  1:100    1:1    1:1
 ---------                               ----------          
 0.038                                   ( 4,3 )( 3,3 )( 2,3 )( 3,3 )
     0.037           240       10000       1:100    1:1  1:100    1:1
 ---------                               ----------          
 0.038                                   ( 4,3 )( 3,3 )( 3,3 )( 2,3 )
     0.037           240       10000       1:100    1:1    1:1  1:100
 ---------                               ----------          
 0.038                                   ( 2,3 )( 4,3 )( 3,3 )( 3,3 )
     0.038           238       10000       1:100  1:100    1:1    1:1
 ---------                               ----------          
 0.038                                   ( 2,3 )( 3,3 )( 4,3 )( 3,3 )
     0.038           238       10000       1:100    1:1  1:100    1:1
 ---------                               ----------          
 0.038                                   ( 2,3 )( 3,3 )( 3,3 )( 4,3 )
     0.038           238       10000       1:100    1:1    1:1  1:100
 ---------                               ----------          
 0.038                                   ( 3,4 )( 3,2 )( 3,3 )( 3,3 )
     0.037           240       10000       1:100  1:100    1:1    1:1
 ---------                               ----------          
 0.038                                   ( 3,4 )( 3,3 )( 3,2 )( 3,3 )
     0.037           240       10000       1:100    1:1  1:100    1:1
 ---------                               ----------          
 0.038                                   ( 3,4 )( 3,3 )( 3,3 )( 3,2 )
     0.037           240       10000       1:100    1:1    1:1  1:100
 ---------                               ----------          
 0.038                                   ( 3,2 )( 3,4 )( 3,3 )( 3,3 )
     0.038           238       10000       1:100  1:100    1:1    1:1
 ---------                               ----------          
 0.038                                   ( 3,2 )( 3,3 )( 3,4 )( 3,3 )
     0.038           238       10000       1:100    1:1  1:100    1:1
 ---------                               ----------          
 0.038                                   ( 3,2 )( 3,3 )( 3,3 )( 3,4 )
     0.038           238       10000       1:100    1:1    1:1  1:100
 ---------                               ----------          
 0.021                                   ( 4,2 )( 3,3 )( 3,3 )( 2,4 )
     0.021           25        3721         1:61    1:1    1:1   1:61
 ---------                               ----------          
 0.021                                   ( 2,4 )( 3,3 )( 3,3 )( 4,2 )
     0.021           25        3721         1:61    1:1    1:1   1:61
 ---------                               ----------          
 --------------------------------------------------


 --------------------------------------------------
 ---------- # Fockspaces -------------------:    97  
 ---------- # Configs    -------------------:  7969  
 ---------- Root ---------------------------:     1  
 --------------------------------------------------
 Printing contributions greater than: 0.010000
 Weight              # configs (full)    (α,β)...            
 -------             --------- --------- ----------          
 0.989                                   ( 3,3 )( 3,3 )( 3,3 )( 3,3 )
     0.986           1         1             1:1    1:1    1:1    1:1
     0.010           11        99          2:100    1:1    1:1    1:1
     0.046           323       9801        2:100    1:1  2:100    1:1
     0.046           323       9801        2:100  2:100    1:1    1:1
     0.046           323       9801        2:100    1:1    1:1  2:100
 ---------                               ----------          
 0.021                                   ( 4,2 )( 2,4 )( 3,3 )( 3,3 )
     0.021           20        3721         1:61   1:61    1:1    1:1
 ---------                               ----------          
 0.021                                   ( 4,2 )( 3,3 )( 2,4 )( 3,3 )
     0.021           20        3721         1:61    1:1   1:61    1:1
 ---------                               ----------          
 0.021                                   ( 2,4 )( 4,2 )( 3,3 )( 3,3 )
     0.021           20        3721         1:61   1:61    1:1    1:1
 ---------                               ----------          
 0.021                                   ( 2,4 )( 3,3 )( 4,2 )( 3,3 )
     0.021           20        3721         1:61    1:1   1:61    1:1
 ---------                               ----------          
 0.038                                   ( 4,3 )( 2,3 )( 3,3 )( 3,3 )
     0.037           144       10000       1:100  1:100    1:1    1:1
 ---------                               ----------          
 0.038                                   ( 4,3 )( 3,3 )( 2,3 )( 3,3 )
     0.037           144       10000       1:100    1:1  1:100    1:1
 ---------                               ----------          
 0.038                                   ( 4,3 )( 3,3 )( 3,3 )( 2,3 )
     0.037           144       10000       1:100    1:1    1:1  1:100
 ---------                               ----------          
 0.038                                   ( 2,3 )( 4,3 )( 3,3 )( 3,3 )
     0.038           144       10000       1:100  1:100    1:1    1:1
 ---------                               ----------          
 0.038                                   ( 2,3 )( 3,3 )( 4,3 )( 3,3 )
     0.038           144       10000       1:100    1:1  1:100    1:1
 ---------                               ----------          
 0.038                                   ( 2,3 )( 3,3 )( 3,3 )( 4,3 )
     0.038           144       10000       1:100    1:1    1:1  1:100
 ---------                               ----------          
 0.038                                   ( 3,4 )( 3,2 )( 3,3 )( 3,3 )
     0.037           144       10000       1:100  1:100    1:1    1:1
 ---------                               ----------          
 0.038                                   ( 3,4 )( 3,3 )( 3,2 )( 3,3 )
     0.037           144       10000       1:100    1:1  1:100    1:1
 ---------                               ----------          
 0.038                                   ( 3,4 )( 3,3 )( 3,3 )( 3,2 )
     0.037           144       10000       1:100    1:1    1:1  1:100
 ---------                               ----------          
 0.038                                   ( 3,2 )( 3,4 )( 3,3 )( 3,3 )
     0.038           144       10000       1:100  1:100    1:1    1:1
 ---------                               ----------          
 0.038                                   ( 3,2 )( 3,3 )( 3,4 )( 3,3 )
     0.038           144       10000       1:100    1:1  1:100    1:1
 ---------                               ----------          
 0.038                                   ( 3,2 )( 3,3 )( 3,3 )( 3,4 )
     0.038           144       10000       1:100    1:1    1:1  1:100
 ---------                               ----------          
 0.021                                   ( 4,2 )( 3,3 )( 3,3 )( 2,4 )
     0.021           20        3721         1:61    1:1    1:1   1:61
 ---------                               ----------          
 0.021                                   ( 2,4 )( 3,3 )( 3,3 )( 4,2 )
     0.021           20        3721         1:61    1:1    1:1   1:61
 ---------                               ----------          
 --------------------------------------------------


 |...................................BST-PT2............................................
 H0          : Hcmf
 nbody       : 4
 thresh_foi  : 0.0001
 max_number  : nothing
 opt_ref     : true
 ci_tol      : 1.0e-6
 verbose     : 2

 Length of Reference:                                    7969
 Solve zeroth-order problem:                       
 |== BST CI ========================================================
 Solve CI with # variables:                              7969
 Cache Hamiltonian:                                 79.038291 seconds (97.68 M allocations: 6.764 GiB, 2.76% gc time, 47.06% compilation time)
 Iter:   1 SS: 17   E:  -46.98440526   -46.86669413   -46.84674486   -46.84671949   -46.82532756   -46.82326949   -46.82043869   -46.82043505   -46.80761414   -46.80732753   -46.80724047   -46.80482526   -46.80472739   -46.80206892   -46.80205337   -46.80113541   -46.80008686   R: 1.7e-03  3.6e-03  2.5e-03  2.5e-03  2.7e-03  2.0e-03  2.7e-03  2.7e-03  2.3e-03  2.3e-03  2.3e-03  2.3e-03  2.2e-03  2.5e-03  2.5e-03  2.1e-03  2.4e-03   LinDep: 6.9e-15* 
 Iter:   2 SS: 34   E:  -46.98440863   -46.86671408   -46.84675467   -46.84672909   -46.82533845   -46.82327520   -46.82045029   -46.82044646   -46.80762230   -46.80733571   -46.80724867   -46.80483347   -46.80473523   -46.80207861   -46.80206303   -46.80114239   -46.80009631   R: 5.1e-04  1.5e-03  9.3e-04  9.1e-04  1.1e-03  6.3e-04  1.2e-03  1.1e-03  9.6e-04  9.2e-04  9.2e-04  9.6e-04  9.4e-04  1.0e-03  1.0e-03  8.4e-04  8.8e-04   LinDep: 4.9e-15* 
 Iter:   3 SS: 51   E:  -46.98440898   -46.86671827   -46.84675650   -46.84673086   -46.82534171   -46.82327599   -46.82045381   -46.82044985   -46.80762511   -46.80733794   -46.80725089   -46.80483604   -46.80473765   -46.80208166   -46.80206608   -46.80114427   -46.80009799   R: 2.2e-04  8.0e-04  5.6e-04  5.6e-04  7.9e-04  3.6e-04  8.1e-04  8.0e-04  8.7e-04  7.4e-04  7.3e-04  8.2e-04  7.9e-04  8.7e-04  8.8e-04  6.7e-04  5.6e-04   LinDep: 5.6e-15* 
 Iter:   4 SS: 68   E:  -46.98440906   -46.86671924   -46.84675710   -46.84673147   -46.82534289   -46.82327621   -46.82045507   -46.82045107   -46.80762688   -46.80733912   -46.80725201   -46.80483743   -46.80473895   -46.80208342   -46.80206790   -46.80114527   -46.80009858   R: 1.1e-04  3.3e-04  3.2e-04  3.2e-04  3.9e-04  1.8e-04  4.6e-04  4.5e-04  5.3e-04  4.4e-04  4.3e-04  4.6e-04  4.5e-04  6.4e-04  6.5e-04  3.7e-04  3.2e-04   LinDep: 8.7e-15* 
 Iter:   5 SS: 85   E:  -46.98440907   -46.86671942   -46.84675730   -46.84673167   -46.82534315   -46.82327627   -46.82045553   -46.82045150   -46.80762762   -46.80733956   -46.80725243   -46.80483781   -46.80473933   -46.80208443   -46.80206893   -46.80114553   -46.80009879   R: 4.3e-05  1.8e-04  2.1e-04  2.0e-04  1.9e-04  1.1e-04  2.9e-04  2.9e-04  4.0e-04  3.0e-04  3.0e-04  2.8e-04  2.8e-04  5.1e-04  5.0e-04  1.9e-04  2.2e-04   LinDep: 3.1e-15* 
 Iter:   6 SS: 102  E:  -46.98440908   -46.86671948   -46.84675738   -46.84673174   -46.82534320   -46.82327629   -46.82045569   -46.82045164   -46.80762797   -46.80733973   -46.80725258   -46.80483793   -46.80473945   -46.80208493   -46.80206942   -46.80114559   -46.80009888   R: 1.7e-05  9.6e-05  1.0e-04  1.0e-04  9.4e-05  5.3e-05  1.5e-04  1.5e-04  3.2e-04  1.8e-04  1.6e-04  1.4e-04  1.4e-04  2.9e-04  2.9e-04  8.9e-05  1.2e-04   LinDep: 4.4e-16* 
 Iter:   7 SS: 119  E:  -46.98440908   -46.86671950   -46.84675740   -46.84673175   -46.82534322   -46.82327630   -46.82045573   -46.82045168   -46.80762824   -46.80733979   -46.80725263   -46.80483797   -46.80473949   -46.80208509   -46.80206957   -46.80114560   -46.80009890   R: 7.4e-06  4.6e-05  4.5e-05  4.5e-05  4.6e-05  2.7e-05  7.9e-05  7.9e-05  2.8e-04  1.1e-04  8.7e-05  8.9e-05  9.2e-05  1.5e-04  1.5e-04  4.4e-05  6.8e-05   LinDep: 1.1e-15* 
 Iter:   8 SS: 136  E:  -46.98440908   -46.86671950   -46.84675740   -46.84673176   -46.82534322   -46.82327630   -46.82045574   -46.82045168   -46.80762841   -46.80733982   -46.80725264   -46.80483799   -46.80473951   -46.80208513   -46.80206961   -46.80114561   -46.80009891   R: 2.8e-06  1.9e-05  2.2e-05  2.1e-05  1.9e-05  1.2e-05  3.8e-05  3.7e-05  2.0e-04  7.2e-05  4.9e-05  6.1e-05  6.4e-05  7.8e-05  7.9e-05  2.0e-05  3.1e-05   LinDep: 2.0e-15* 
 Iter:   9 SS: 153  E:  -46.98440908   -46.86671950   -46.84675740   -46.84673176   -46.82534322   -46.82327630   -46.82045575   -46.82045169   -46.80762848   -46.80733983   -46.80725265   -46.80483800   -46.80473952   -46.80208514   -46.80206963   -46.80114561   -46.80009891   R: 1.2e-06  7.8e-06  1.3e-05  1.3e-05  8.0e-06  5.4e-06  2.1e-05  2.0e-05  1.2e-04  4.6e-05  3.4e-05  4.6e-05  4.8e-05  5.3e-05  5.3e-05  1.0e-05  1.6e-05   LinDep: 1.2e-14* 
 Iter:  10 SS: 170  E:  -46.98440908*  -46.86671950   -46.84675740   -46.84673176   -46.82534322   -46.82327630   -46.82045575   -46.82045168   -46.80762851   -46.80733983   -46.80725265   -46.80483800   -46.80473952   -46.80208515   -46.80206963   -46.80114561   -46.80009891   R: 4.5e-07* 3.6e-06  7.4e-06  7.3e-06  3.3e-06  2.7e-06  1.2e-05  1.1e-05  6.4e-05  2.7e-05  2.1e-05  2.7e-05  2.8e-05  3.2e-05  3.3e-05  5.7e-06  7.7e-06   LinDep: 1.3e-14* 
 Iter:  11 SS: 187  E:  -46.98440908*  -46.86671950   -46.84675740   -46.84673176   -46.82534322   -46.82327630   -46.82045576   -46.82045168   -46.80762851   -46.80733983   -46.80725265   -46.80483800   -46.80473952   -46.80208515   -46.80206963   -46.80114561   -46.80009891   R: 1.7e-07* 1.9e-06  3.6e-06  3.7e-06  1.5e-06  1.4e-06  6.6e-06  6.1e-06  3.1e-05  1.4e-05  1.1e-05  1.4e-05  1.4e-05  1.8e-05  1.9e-05  3.6e-06  4.3e-06   LinDep: 9.1e-15* 
 Iter:  12 SS: 204  E:  -46.98440908*  -46.86671950   -46.84675740   -46.84673176   -46.82534322*  -46.82327630*  -46.82045576   -46.82045168   -46.80762851   -46.80733983   -46.80725265   -46.80483800   -46.80473953   -46.80208515   -46.80206963   -46.80114561   -46.80009891   R: 6.6e-08* 1.1e-06  1.6e-06  1.7e-06  8.0e-07* 8.4e-07* 3.3e-06  2.9e-06  1.8e-05  7.4e-06  5.1e-06  7.3e-06  7.3e-06  8.5e-06  9.1e-06  2.0e-06  2.8e-06   LinDep: 2.2e-14* 
 Iter:  13 SS: 204  E:  -46.98440908*  -46.86671950*  -46.84675740*  -46.84673176*  -46.82534322*  -46.82327630*  -46.82045576   -46.82045168   -46.80762851   -46.80733983   -46.80725265   -46.80483800   -46.80473953   -46.80208515   -46.80206963   -46.80114561*  -46.80009891   R: 2.8e-08* 5.0e-07* 7.3e-07* 7.9e-07* 4.0e-07* 4.7e-07* 1.5e-06  1.3e-06  1.4e-05  5.0e-06  2.5e-06  4.5e-06  4.6e-06  3.7e-06  4.3e-06  9.5e-07* 1.6e-06   LinDep: 2.1e-14* 
 Iter:  14 SS: 204  E:  -46.98440908*  -46.86671950*  -46.84675740*  -46.84673176*  -46.82534322*  -46.82327630*  -46.82045577*  -46.82045167*  -46.80762852   -46.80733983   -46.80725265   -46.80483800   -46.80473953   -46.80208515   -46.80206963   -46.80114561*  -46.80009891*  R: 1.1e-08* 2.1e-07* 4.3e-07* 4.5e-07* 2.2e-07* 2.2e-07* 6.6e-07* 5.6e-07* 9.3e-06  3.3e-06  1.2e-06  3.0e-06  3.2e-06  1.6e-06  1.9e-06  4.9e-07* 7.5e-07*  LinDep: 3.7e-12* 
 Iter:  15 SS: 204  E:  -46.98440908*  -46.86671950*  -46.84675740*  -46.84673176*  -46.82534322*  -46.82327630*  -46.82045583*  -46.82045161*  -46.80762852   -46.80733983   -46.80725265*  -46.80483800   -46.80473953   -46.80208515*  -46.80206963   -46.80114561*  -46.80009891*  R: 5.3e-09* 9.2e-08* 3.5e-07* 3.6e-07* 1.4e-07* 1.0e-07* 4.4e-07* 3.9e-07* 5.2e-06  1.9e-06  6.7e-07* 2.0e-06  2.3e-06  8.9e-07* 1.1e-06  2.7e-07* 3.8e-07*  LinDep: 2.6e-12* 
 Iter:  16 SS: 204  E:  -46.98440908*  -46.86671950*  -46.84675740*  -46.84673176*  -46.82534322*  -46.82327630*  -46.82045584*  -46.82045160*  -46.80762852   -46.80733983*  -46.80725265*  -46.80483800   -46.80473953   -46.80208515*  -46.80206963*  -46.80114561*  -46.80009891*  R: 2.2e-09* 3.7e-08* 3.4e-07* 3.4e-07* 8.0e-08* 4.6e-08* 5.3e-07* 5.2e-07* 2.7e-06  9.8e-07* 3.8e-07* 1.4e-06  1.6e-06  6.6e-07* 7.2e-07* 1.5e-07* 1.8e-07*  LinDep: 6.7e-12* 
 Iter:  17 SS: 204  E:  -46.98440908*  -46.86671950*  -46.84675740*  -46.84673176*  -46.82534322*  -46.82327630*  -46.82045584*  -46.82045159*  -46.80762852   -46.80733983*  -46.80725265*  -46.80483800*  -46.80473953*  -46.80208515*  -46.80206963*  -46.80114561*  -46.80009891*  R: 9.4e-10* 1.8e-08* 3.8e-07* 3.8e-07* 5.0e-08* 2.4e-08* 6.0e-07* 5.9e-07* 1.5e-06  5.6e-07* 2.7e-07* 8.4e-07* 9.3e-07* 5.6e-07* 5.8e-07* 9.4e-08* 9.5e-08*  LinDep: 1.9e-12* 
 Iter:  18 SS: 204  E:  -46.98440908*  -46.86671950*  -46.84675740*  -46.84673176*  -46.82534322*  -46.82327630*  -46.82045584*  -46.82045159*  -46.80762852*  -46.80733983*  -46.80725265*  -46.80483800*  -46.80473953*  -46.80208515*  -46.80206963*  -46.80114561*  -46.80009891*  R: 3.6e-10* 8.0e-09* 4.6e-07* 4.6e-07* 2.9e-08* 1.4e-08* 4.8e-07* 4.8e-07* 7.8e-07* 3.4e-07* 2.2e-07* 5.4e-07* 6.1e-07* 6.2e-07* 6.2e-07* 5.6e-08* 5.1e-08*  LinDep: 1.4e-12* 
 Diagonalization time:                             235.811285 seconds
 Compute <S^2>:                                      1.094754 seconds (3.85 M allocations: 553.761 MiB, 50.24% gc time, 0.49% compilation time)
  Root       Energy           S2
     1 -46.98440908   0.00025955
     2 -46.86671950   2.00009761
     3 -46.84675740   2.00032668
     4 -46.84673176   2.00029546
     5 -46.82534322   0.00302067
     6 -46.82327630   2.00011329
     7 -46.82045584   2.00034746
     8 -46.82045159   2.00036447
     9 -46.80762852   2.00020039
    10 -46.80733983   2.00026076
    11 -46.80725265   2.00026003
    12 -46.80483800   0.00164988
    13 -46.80473953   0.00176017
    14 -46.80208515   2.00020279
    15 -46.80206963   2.00025547
    16 -46.80114561   0.00173844
    17 -46.80009891   2.00018314
 ==================================================================|
 Diagonalization time:                             321.245933 seconds
 Compute <0|H0|0>:                                   0.478798 seconds (1.03 M allocations: 175.191 MiB, 70.88% gc time, 2.85% compilation time)
  Root      <0|H|0>      <0|F|0>
     1 -46.98440908 -25.76283492
     2 -46.86671950 -25.52962773
     3 -46.84675740 -25.54123984
     4 -46.84673176 -25.54126260
     5 -46.82534322 -25.47489534
     6 -46.82327630 -25.60001685
     7 -46.82045584 -25.52582994
     8 -46.82045159 -25.52563261
     9 -46.80762852 -25.54101881
    10 -46.80733983 -25.54616297
    11 -46.80725265 -25.54683603
    12 -46.80483800 -25.53539306
    13 -46.80473953 -25.53588308
    14 -46.80208515 -25.54478633
    15 -46.80206963 -25.54468680
    16 -46.80114561 -25.53450785
    17 -46.80009891 -25.56804257
 Number of jobs:    4385
 Number of threads: 2
 |----------------------------------------------------------------------------------------------------|
 |0%                                                                                              100%|
 |----------------------------------------------------------------------------------------------------|
 Time spent computing E2:                           36391.5 s Allocated:    3.7e+04 GB
 State   1: E(PT2) corr:                          -0.00044980
 State   2: E(PT2) corr:                          -0.00176402
 State   3: E(PT2) corr:                          -0.00165873
 State   4: E(PT2) corr:                          -0.00164383
 State   5: E(PT2) corr:                          -0.00274381
 State   6: E(PT2) corr:                          -0.00102098
 State   7: E(PT2) corr:                          -0.00210011
 State   8: E(PT2) corr:                          -0.00209607
 State   9: E(PT2) corr:                          -0.00151321
 State  10: E(PT2) corr:                          -0.00150033
 State  11: E(PT2) corr:                          -0.00149590
 State  12: E(PT2) corr:                          -0.00147758
 State  13: E(PT2) corr:                          -0.00148337
 State  14: E(PT2) corr:                          -0.00160215
 State  15: E(PT2) corr:                          -0.00163910
 State  16: E(PT2) corr:                          -0.00145048
 State  17: E(PT2) corr:                          -0.00133012
  Root         E(0)         E(2)
     1 -46.98440908 -46.98485887
     2 -46.86671950 -46.86848352
     3 -46.84675740 -46.84841613
     4 -46.84673176 -46.84837559
     5 -46.82534322 -46.82808704
     6 -46.82327630 -46.82429728
     7 -46.82045584 -46.82255596
     8 -46.82045159 -46.82254766
     9 -46.80762852 -46.80914172
    10 -46.80733983 -46.80884017
    11 -46.80725265 -46.80874855
    12 -46.80483800 -46.80631558
    13 -46.80473953 -46.80622290
    14 -46.80208515 -46.80368730
    15 -46.80206963 -46.80370873
    16 -46.80114561 -46.80259609
    17 -46.80009891 -46.80142903
 ......................................................................................|
36722.701389 seconds (1.27 G allocations: 34.207 TiB, 68.72% gc time, 0.34% compilation time)

 --------------------------------------------------
 ---------- # Fockspaces -------------------:    97  
 ---------- # Configs    -------------------: 10193  
 ---------- Root ---------------------------:     1  
 --------------------------------------------------
 Printing contributions greater than: 0.010000
 Weight              # configs (full)    (α,β)...            
 -------             --------- --------- ----------          
 0.989                                   ( 3,3 )( 3,3 )( 3,3 )( 3,3 )
     0.986           1         1             1:1    1:1    1:1    1:1
     0.010           11        99          2:100    1:1    1:1    1:1
     0.046           360       9801        2:100    1:1  2:100    1:1
     0.046           360       9801        2:100  2:100    1:1    1:1
     0.046           360       9801        2:100    1:1    1:1  2:100
 ---------                               ----------          
 0.021                                   ( 4,2 )( 2,4 )( 3,3 )( 3,3 )
     0.021           25        3721         1:61   1:61    1:1    1:1
 ---------                               ----------          
 0.021                                   ( 4,2 )( 3,3 )( 2,4 )( 3,3 )
     0.021           25        3721         1:61    1:1   1:61    1:1
 ---------                               ----------          
 0.021                                   ( 2,4 )( 4,2 )( 3,3 )( 3,3 )
     0.021           25        3721         1:61   1:61    1:1    1:1
 ---------                               ----------          
 0.021                                   ( 2,4 )( 3,3 )( 4,2 )( 3,3 )
     0.021           25        3721         1:61    1:1   1:61    1:1
 ---------                               ----------          
 0.038                                   ( 4,3 )( 2,3 )( 3,3 )( 3,3 )
     0.037           169       10000       1:100  1:100    1:1    1:1
 ---------                               ----------          
 0.038                                   ( 4,3 )( 3,3 )( 2,3 )( 3,3 )
     0.037           169       10000       1:100    1:1  1:100    1:1
 ---------                               ----------          
 0.038                                   ( 4,3 )( 3,3 )( 3,3 )( 2,3 )
     0.037           169       10000       1:100    1:1    1:1  1:100
 ---------                               ----------          
 0.038                                   ( 2,3 )( 4,3 )( 3,3 )( 3,3 )
     0.038           169       10000       1:100  1:100    1:1    1:1
 ---------                               ----------          
 0.038                                   ( 2,3 )( 3,3 )( 4,3 )( 3,3 )
     0.038           169       10000       1:100    1:1  1:100    1:1
 ---------                               ----------          
 0.038                                   ( 2,3 )( 3,3 )( 3,3 )( 4,3 )
     0.038           169       10000       1:100    1:1    1:1  1:100
 ---------                               ----------          
 0.038                                   ( 3,4 )( 3,2 )( 3,3 )( 3,3 )
     0.037           169       10000       1:100  1:100    1:1    1:1
 ---------                               ----------          
 0.038                                   ( 3,4 )( 3,3 )( 3,2 )( 3,3 )
     0.037           169       10000       1:100    1:1  1:100    1:1
 ---------                               ----------          
 0.038                                   ( 3,4 )( 3,3 )( 3,3 )( 3,2 )
     0.037           169       10000       1:100    1:1    1:1  1:100
 ---------                               ----------          
 0.038                                   ( 3,2 )( 3,4 )( 3,3 )( 3,3 )
     0.038           169       10000       1:100  1:100    1:1    1:1
 ---------                               ----------          
 0.038                                   ( 3,2 )( 3,3 )( 3,4 )( 3,3 )
     0.038           169       10000       1:100    1:1  1:100    1:1
 ---------                               ----------          
 0.038                                   ( 3,2 )( 3,3 )( 3,3 )( 3,4 )
     0.038           169       10000       1:100    1:1    1:1  1:100
 ---------                               ----------          
 0.021                                   ( 4,2 )( 3,3 )( 3,3 )( 2,4 )
     0.021           20        3721         1:61    1:1    1:1   1:61
 ---------                               ----------          
 0.021                                   ( 2,4 )( 3,3 )( 3,3 )( 4,2 )
     0.021           20        3721         1:61    1:1    1:1   1:61
 ---------                               ----------          
 --------------------------------------------------


 |...................................BST-PT2............................................
 H0          : Hcmf
 nbody       : 4
 thresh_foi  : 0.0001
 max_number  : nothing
 opt_ref     : true
 ci_tol      : 1.0e-6
 verbose     : 2

 Length of Reference:                                   10193
 Solve zeroth-order problem:                       
 |== BST CI ========================================================
 Solve CI with # variables:                             10193
 Cache Hamiltonian:                                 45.184933 seconds (8.64 M allocations: 2.780 GiB, 12.95% gc time)
 Iter:   1 SS: 17   E:  -46.98445168   -46.86710657   -46.84696753   -46.84695377   -46.82567964   -46.82334672   -46.82077146   -46.82073361   -46.80788630   -46.80756023   -46.80746820   -46.80507489   -46.80496752   -46.80225662   -46.80225202   -46.80136851   -46.80019924   R: 1.5e-03  2.9e-03  2.1e-03  2.0e-03  2.0e-03  1.8e-03  2.2e-03  2.2e-03  1.8e-03  1.9e-03  1.9e-03  1.8e-03  1.8e-03  2.2e-03  2.2e-03  1.7e-03  2.3e-03   LinDep: 7.1e-15* 
 Iter:   2 SS: 34   E:  -46.98445441   -46.86711956   -46.84697387   -46.84695981   -46.82568538   -46.82335130   -46.82077810   -46.82074045   -46.80789076   -46.80756534   -46.80747343   -46.80507950   -46.80497214   -46.80226403   -46.80225927   -46.80137242   -46.80020717   R: 4.5e-04  1.2e-03  7.4e-04  7.1e-04  7.7e-04  5.5e-04  8.2e-04  8.4e-04  5.9e-04  6.5e-04  6.7e-04  6.5e-04  6.5e-04  8.5e-04  8.3e-04  5.3e-04  7.9e-04   LinDep: 2.7e-15* 
 Iter:   3 SS: 51   E:  -46.98445466   -46.86712227   -46.84697496   -46.84696080   -46.82568672   -46.82335183   -46.82077960   -46.82074204   -46.80789155   -46.80756613   -46.80747426   -46.80508024   -46.80497288   -46.80226569   -46.80226083   -46.80137297   -46.80020835   R: 1.8e-04  6.7e-04  4.5e-04  4.4e-04  5.3e-04  3.0e-04  5.8e-04  5.9e-04  5.1e-04  4.6e-04  4.6e-04  4.8e-04  4.8e-04  6.4e-04  6.3e-04  3.7e-04  4.6e-04   LinDep: 4.6e-15* 
 Iter:   4 SS: 68   E:  -46.98445470   -46.86712293   -46.84697533   -46.84696117   -46.82568725   -46.82335198   -46.82078026   -46.82074272   -46.80789229   -46.80756663   -46.80747475   -46.80508077   -46.80497341   -46.80226666   -46.80226178   -46.80137326   -46.80020875   R: 9.5e-05  3.0e-04  2.6e-04  2.6e-04  3.1e-04  1.7e-04  3.5e-04  3.5e-04  4.6e-04  3.4e-04  3.3e-04  3.5e-04  3.5e-04  4.8e-04  4.8e-04  2.5e-04  2.6e-04   LinDep: 4.3e-15* 
 Iter:   5 SS: 85   E:  -46.98445471   -46.86712306   -46.84697546   -46.84696129   -46.82568739   -46.82335202   -46.82078047   -46.82074294   -46.80789274   -46.80756687   -46.80747497   -46.80508101   -46.80497365   -46.80226717   -46.80226228   -46.80137336   -46.80020886   R: 3.8e-05  1.6e-04  1.7e-04  1.7e-04  1.6e-04  1.0e-04  2.2e-04  2.3e-04  3.7e-04  2.5e-04  2.4e-04  2.2e-04  2.2e-04  4.0e-04  3.9e-04  1.5e-04  1.8e-04   LinDep: 2.4e-15* 
 Iter:   6 SS: 102  E:  -46.98445471   -46.86712310   -46.84697551   -46.84696134   -46.82568743   -46.82335203   -46.82078056   -46.82074304   -46.80789304   -46.80756699   -46.80747509   -46.80508110   -46.80497374   -46.80226749   -46.80226257   -46.80137340   -46.80020891   R: 1.7e-05  9.0e-05  9.4e-05  9.1e-05  9.2e-05  5.9e-05  1.4e-04  1.5e-04  2.5e-04  1.5e-04  1.4e-04  1.4e-04  1.4e-04  2.8e-04  2.6e-04  7.7e-05  1.2e-04   LinDep: 3.3e-15* 
 Iter:   7 SS: 119  E:  -46.98445471   -46.86712311   -46.84697552   -46.84696135   -46.82568744   -46.82335204   -46.82078059   -46.82074307   -46.80789318   -46.80756703   -46.80747512   -46.80508112   -46.80497377   -46.80226761   -46.80226269   -46.80137341   -46.80020894   R: 7.8e-06  4.4e-05  4.8e-05  4.7e-05  5.2e-05  3.1e-05  8.3e-05  8.4e-05  1.9e-04  9.6e-05  8.6e-05  8.9e-05  9.2e-05  1.7e-04  1.6e-04  4.1e-05  7.3e-05   LinDep: 3.6e-15* 
 Iter:   8 SS: 136  E:  -46.98445471   -46.86712312   -46.84697552   -46.84696135   -46.82568744   -46.82335204   -46.82078060   -46.82074308   -46.80789326   -46.80756705   -46.80747513   -46.80508114   -46.80497378   -46.80226766   -46.80226272   -46.80137342   -46.80020895   R: 3.5e-06  2.1e-05  2.3e-05  2.3e-05  2.3e-05  1.6e-05  4.3e-05  4.3e-05  1.4e-04  5.8e-05  4.9e-05  5.6e-05  5.9e-05  9.0e-05  9.1e-05  2.1e-05  3.8e-05   LinDep: 3.3e-15* 
 Iter:   9 SS: 153  E:  -46.98445471   -46.86712312   -46.84697553   -46.84696135   -46.82568745   -46.82335204   -46.82078060   -46.82074308   -46.80789329   -46.80756706   -46.80747514   -46.80508114   -46.80497379   -46.80226768   -46.80226272   -46.80137342   -46.80020895   R: 1.4e-06  9.8e-06  1.4e-05  1.4e-05  9.5e-06  7.5e-06  2.1e-05  2.1e-05  8.9e-05  3.7e-05  3.1e-05  3.7e-05  3.9e-05  5.5e-05  5.5e-05  1.0e-05  1.8e-05   LinDep: 8.4e-15* 
 Iter:  10 SS: 170  E:  -46.98445471*  -46.86712312   -46.84697553   -46.84696135   -46.82568745   -46.82335204   -46.82078060   -46.82074308   -46.80789331   -46.80756706   -46.80747514   -46.80508115   -46.80497379   -46.80226769   -46.80226273   -46.80137342   -46.80020895   R: 6.0e-07* 4.4e-06  8.4e-06  8.5e-06  4.1e-06  3.9e-06  1.1e-05  1.1e-05  4.7e-05  2.2e-05  2.0e-05  2.7e-05  2.8e-05  3.8e-05  3.7e-05  6.0e-06  9.1e-06   LinDep: 1.0e-14* 
 Iter:  11 SS: 187  E:  -46.98445471*  -46.86712312   -46.84697553   -46.84696135   -46.82568745   -46.82335204   -46.82078060   -46.82074308   -46.80789331   -46.80756706   -46.80747514   -46.80508115   -46.80497379   -46.80226770   -46.80226272   -46.80137342   -46.80020895   R: 2.4e-07* 2.1e-06  4.2e-06  4.2e-06  1.9e-06  2.2e-06  6.6e-06  6.0e-06  2.4e-05  1.2e-05  1.1e-05  1.5e-05  1.5e-05  2.1e-05  2.1e-05  3.2e-06  4.3e-06   LinDep: 2.2e-16* 
 Iter:  12 SS: 204  E:  -46.98445471*  -46.86712312   -46.84697553   -46.84696135   -46.82568745*  -46.82335204   -46.82078060   -46.82074308   -46.80789331   -46.80756706   -46.80747514   -46.80508115   -46.80497379   -46.80226773   -46.80226269   -46.80137342   -46.80020895   R: 9.3e-08* 1.2e-06  2.0e-06  2.0e-06  8.8e-07* 1.3e-06  3.6e-06  3.2e-06  1.4e-05  6.8e-06  5.9e-06  8.3e-06  8.6e-06  1.1e-05  1.1e-05  1.8e-06  2.8e-06   LinDep: 1.6e-14* 
 Iter:  13 SS: 204  E:  -46.98445471*  -46.86712312*  -46.84697553*  -46.84696135*  -46.82568745*  -46.82335204*  -46.82078060   -46.82074308   -46.80789331   -46.80756706   -46.80747514   -46.80508115   -46.80497379   -46.80226774   -46.80226268   -46.80137342   -46.80020895   R: 3.6e-08* 6.4e-07* 9.0e-07* 9.5e-07* 4.6e-07* 8.4e-07* 1.8e-06  1.5e-06  8.4e-06  3.8e-06  2.8e-06  4.5e-06  4.7e-06  5.5e-06  5.8e-06  1.1e-06  1.7e-06   LinDep: 8.2e-15* 
 Iter:  14 SS: 204  E:  -46.98445471*  -46.86712312*  -46.84697553*  -46.84696135*  -46.82568745*  -46.82335204*  -46.82078060*  -46.82074308*  -46.80789331   -46.80756706   -46.80747514   -46.80508115   -46.80497379   -46.80226775   -46.80226267   -46.80137342*  -46.80020895*  R: 1.5e-08* 2.9e-07* 4.4e-07* 4.7e-07* 2.6e-07* 4.5e-07* 9.7e-07* 8.2e-07* 6.1e-06  2.4e-06  1.4e-06  2.9e-06  3.2e-06  3.1e-06  3.3e-06  6.2e-07* 9.6e-07*  LinDep: 4.8e-12* 
 Iter:  15 SS: 204  E:  -46.98445471*  -46.86712312*  -46.84697553*  -46.84696135*  -46.82568745*  -46.82335204*  -46.82078060*  -46.82074308*  -46.80789331   -46.80756706   -46.80747514*  -46.80508115   -46.80497379   -46.80226782   -46.80226260   -46.80137342*  -46.80020895*  R: 6.1e-09* 1.3e-07* 2.1e-07* 2.3e-07* 1.5e-07* 2.0e-07* 6.4e-07* 5.6e-07* 4.3e-06  1.6e-06  6.8e-07* 2.1e-06  2.4e-06  2.5e-06  2.6e-06  3.5e-07* 4.6e-07*  LinDep: 3.7e-10* 
 Iter:  16 SS: 17   E:  -46.98445471*  -46.86712312*  -46.84697552*  -46.84696135*  -46.82568745*  -46.82335204*  -46.82078060*  -46.82074308*  -46.80789331   -46.80756706   -46.80747514*  -46.80508115   -46.80497379   -46.80226767   -46.80226276   -46.80137342*  -46.80020895*  R: 6.1e-09* 1.3e-07* 1.8e-07* 2.0e-07* 1.5e-07* 2.0e-07* 4.4e-07* 3.3e-07* 4.3e-06  1.6e-06  6.8e-07* 2.1e-06  2.4e-06  1.1e-06  1.4e-06  3.5e-07* 4.6e-07*  LinDep: 4.4e-15* 
 Iter:  17 SS: 34   E:  -46.98445471*  -46.86712312*  -46.84697552*  -46.84696135*  -46.82568745*  -46.82335204*  -46.82078060*  -46.82074308*  -46.80789331   -46.80756706*  -46.80747514*  -46.80508115   -46.80497379   -46.80226768*  -46.80226274*  -46.80137342*  -46.80020895*  R: 3.3e-09* 6.5e-08* 9.9e-08* 1.1e-07* 8.6e-08* 1.0e-07* 2.5e-07* 1.8e-07* 2.5e-06  9.5e-07* 4.1e-07* 1.4e-06  1.5e-06  6.9e-07* 8.6e-07* 2.1e-07* 2.5e-07*  LinDep: 4.8e-15* 
 Iter:  18 SS: 51   E:  -46.98445471*  -46.86712312*  -46.84697552*  -46.84696135*  -46.82568745*  -46.82335204*  -46.82078060*  -46.82074308*  -46.80789331   -46.80756706*  -46.80747514*  -46.80508115   -46.80497379   -46.80226769*  -46.80226273*  -46.80137342*  -46.80020895*  R: 1.6e-09* 3.2e-08* 6.7e-08* 7.3e-08* 5.8e-08* 5.1e-08* 1.5e-07* 1.0e-07* 1.7e-06  6.3e-07* 2.6e-07* 1.2e-06  1.3e-06  6.5e-07* 7.2e-07* 1.4e-07* 1.3e-07*  LinDep: 2.7e-15* 
 Iter:  19 SS: 68   E:  -46.98445471*  -46.86712312*  -46.84697553*  -46.84696135*  -46.82568745*  -46.82335204*  -46.82078060*  -46.82074308*  -46.80789331   -46.80756706*  -46.80747514*  -46.80508115*  -46.80497379*  -46.80226771*  -46.80226271*  -46.80137342*  -46.80020895*  R: 7.2e-10* 1.6e-08* 1.2e-07* 1.2e-07* 3.7e-08* 2.7e-08* 9.1e-08* 5.7e-08* 1.1e-06  4.3e-07* 1.6e-07* 8.2e-07* 8.9e-07* 8.5e-07* 8.7e-07* 8.2e-08* 7.4e-08*  LinDep: 6.7e-15* 
 Iter:  20 SS: 85   E:  -46.98445471*  -46.86712312*  -46.84697553*  -46.84696135*  -46.82568745*  -46.82335204*  -46.82078060*  -46.82074308*  -46.80789331*  -46.80756706*  -46.80747514*  -46.80508115*  -46.80497379*  -46.80226772   -46.80226270   -46.80137342*  -46.80020895*  R: 3.0e-10* 7.6e-09* 1.5e-07* 1.5e-07* 2.2e-08* 1.5e-08* 6.1e-08* 3.9e-08* 7.7e-07* 2.9e-07* 9.9e-08* 5.0e-07* 5.4e-07* 1.0e-06  1.0e-06  5.1e-08* 4.3e-08*  LinDep: 4.2e-15* 
 Iter:  21 SS: 102  E:  -46.98445471*  -46.86712312*  -46.84697553*  -46.84696135*  -46.82568745*  -46.82335204*  -46.82078060*  -46.82074308*  -46.80789331*  -46.80756706*  -46.80747514*  -46.80508115*  -46.80497379*  -46.80226773   -46.80226269   -46.80137342*  -46.80020895*  R: 1.3e-10* 4.0e-09* 1.7e-07* 1.7e-07* 1.2e-08* 8.8e-09* 4.5e-08* 3.5e-08* 5.0e-07* 2.0e-07* 7.7e-08* 3.1e-07* 3.3e-07* 1.3e-06  1.3e-06  3.0e-08* 2.8e-08*  LinDep: 2.9e-15* 
 Iter:  22 SS: 119  E:  -46.98445471*  -46.86712312*  -46.84697553*  -46.84696135*  -46.82568745*  -46.82335204*  -46.82078060*  -46.82074308*  -46.80789331*  -46.80756706*  -46.80747514*  -46.80508115*  -46.80497379*  -46.80226775   -46.80226267   -46.80137342*  -46.80020895*  R: 5.2e-11* 2.5e-09* 2.2e-07* 2.2e-07* 6.1e-09* 6.2e-09* 5.6e-08* 5.3e-08* 3.0e-07* 1.3e-07* 6.2e-08* 1.9e-07* 2.0e-07* 1.5e-06  1.5e-06  1.6e-08* 1.9e-08*  LinDep: 2.7e-15* 
 Iter:  23 SS: 136  E:  -46.98445471*  -46.86712312*  -46.84697553*  -46.84696135*  -46.82568745*  -46.82335204*  -46.82078060*  -46.82074308*  -46.80789331*  -46.80756706*  -46.80747514*  -46.80508115*  -46.80497379*  -46.80226778   -46.80226264   -46.80137342*  -46.80020895*  R: 3.1e-11* 1.6e-09* 3.1e-07* 3.1e-07* 3.3e-09* 4.1e-09* 7.1e-08* 7.0e-08* 1.7e-07* 9.7e-08* 6.0e-08* 1.3e-07* 1.4e-07* 1.9e-06  1.9e-06  1.0e-08* 1.4e-08*  LinDep: 1.6e-15* 
 Iter:  24 SS: 153  E:  -46.98445471*  -46.86712312*  -46.84697553*  -46.84696135*  -46.82568745*  -46.82335204*  -46.82078060*  -46.82074308*  -46.80789331*  -46.80756706*  -46.80747514*  -46.80508115*  -46.80497379*  -46.80226779   -46.80226263   -46.80137342*  -46.80020895*  R: 2.8e-11* 1.3e-09* 3.0e-07* 3.0e-07* 2.0e-09* 2.8e-09* 9.7e-08* 9.7e-08* 1.2e-07* 8.8e-08* 4.9e-08* 9.2e-08* 9.7e-08* 2.1e-06  2.1e-06  7.2e-09* 1.0e-08*  LinDep: 1.4e-15* 
 Iter:  25 SS: 170  E:  -46.98445471*  -46.86712312*  -46.84697553*  -46.84696135*  -46.82568745*  -46.82335204*  -46.82078060*  -46.82074308*  -46.80789331*  -46.80756706*  -46.80747514*  -46.80508115*  -46.80497379*  -46.80226783   -46.80226260   -46.80137342*  -46.80020895*  R: 3.0e-11* 1.3e-09* 3.1e-07* 3.1e-07* 1.7e-09* 2.5e-09* 1.2e-07* 1.2e-07* 1.0e-07* 8.6e-08* 1.8e-08* 8.4e-08* 8.7e-08* 2.5e-06  2.5e-06  5.8e-09* 9.9e-09*  LinDep: 5.1e-15* 
 Iter:  26 SS: 187  E:  -46.98445471*  -46.86712312*  -46.84697553*  -46.84696135*  -46.82568745*  -46.82335204*  -46.82078060*  -46.82074308*  -46.80789331*  -46.80756706*  -46.80747514*  -46.80508115*  -46.80497379*  -46.80226785   -46.80226257   -46.80137342*  -46.80020895*  R: 2.7e-11* 1.4e-09* 3.1e-07* 3.1e-07* 1.8e-09* 3.3e-09* 1.4e-07* 1.4e-07* 1.1e-07* 1.0e-07* 6.2e-09* 8.7e-08* 8.8e-08* 2.8e-06  2.8e-06  7.2e-09* 1.1e-08*  LinDep: 4.9e-15* 
 Iter:  27 SS: 204  E:  -46.98445471*  -46.86712312*  -46.84697553*  -46.84696135*  -46.82568745*  -46.82335204*  -46.82078060*  -46.82074308*  -46.80789331*  -46.80756706*  -46.80747514*  -46.80508115*  -46.80497379*  -46.80226785   -46.80226257   -46.80137342*  -46.80020895*  R: 3.0e-11* 1.4e-09* 3.8e-07* 3.8e-07* 1.9e-09* 3.9e-09* 1.6e-07* 1.6e-07* 1.2e-07* 1.2e-07* 2.3e-08* 9.2e-08* 9.3e-08* 2.9e-06  2.9e-06  9.5e-09* 1.1e-08*  LinDep: 5.1e-15* 
 Iter:  28 SS: 204  E:  -46.98445471*  -46.86712312*  -46.84697553*  -46.84696135*  -46.82568745*  -46.82335204*  -46.82078060*  -46.82074308*  -46.80789331*  -46.80756706*  -46.80747514*  -46.80508115*  -46.80497379*  -46.80226785   -46.80226257   -46.80137342*  -46.80020895*  R: 3.3e-11* 1.6e-09* 4.4e-07* 4.4e-07* 2.0e-09* 5.2e-09* 1.4e-07* 1.4e-07* 1.4e-07* 1.5e-07* 6.6e-08* 1.0e-07* 1.0e-07* 2.9e-06  2.9e-06  1.1e-08* 1.2e-08*  LinDep: 5.2e-15* 
 Iter:  29 SS: 204  E:  -46.98445471*  -46.86712312*  -46.84697553*  -46.84696135*  -46.82568745*  -46.82335204*  -46.82078060*  -46.82074308*  -46.80789331*  -46.80756706*  -46.80747514*  -46.80508115*  -46.80497379*  -46.80226785   -46.80226257   -46.80137342*  -46.80020895*  R: 3.6e-11* 1.8e-09* 5.9e-07* 5.9e-07* 2.2e-09* 6.5e-09* 1.1e-07* 1.1e-07* 1.6e-07* 1.9e-07* 1.0e-07* 1.2e-07* 1.2e-07* 2.9e-06  2.9e-06  1.4e-08* 1.2e-08*  LinDep: 5.7e-12* 
 Iter:  30 SS: 204  E:  -46.98445471*  -46.86712312*  -46.84697553*  -46.84696135*  -46.82568745*  -46.82335204*  -46.82078060*  -46.82074308*  -46.80789331*  -46.80756706*  -46.80747514*  -46.80508115*  -46.80497379*  -46.80226786   -46.80226256   -46.80137342*  -46.80020895*  R: 4.0e-11* 2.0e-09* 6.0e-07* 6.0e-07* 2.5e-09* 7.8e-09* 6.4e-08* 6.4e-08* 1.8e-07* 2.4e-07* 1.6e-07* 1.5e-07* 1.5e-07* 3.0e-06  3.0e-06  1.7e-08* 1.4e-08*  LinDep: 8.9e-14* 
 Iter:  31 SS: 204  E:  -46.98445471*  -46.86712312*  -46.84697553*  -46.84696135*  -46.82568745*  -46.82335204*  -46.82078060*  -46.82074308*  -46.80789331*  -46.80756706*  -46.80747514*  -46.80508115*  -46.80497379*  -46.80226786   -46.80226256   -46.80137342*  -46.80020895*  R: 4.3e-11* 2.5e-09* 7.0e-07* 7.0e-07* 2.7e-09* 8.3e-09* 6.4e-08* 6.4e-08* 2.0e-07* 2.9e-07* 2.1e-07* 2.0e-07* 2.0e-07* 3.1e-06  3.1e-06  2.0e-08* 1.5e-08*  LinDep: 2.4e-12* 
 Iter:  32 SS: 204  E:  -46.98445471*  -46.86712312*  -46.84697553*  -46.84696135*  -46.82568745*  -46.82335204*  -46.82078060*  -46.82074308*  -46.80789331*  -46.80756706*  -46.80747514*  -46.80508115*  -46.80497379*  -46.80226786   -46.80226256   -46.80137342*  -46.80020895*  R: 4.7e-11* 2.7e-09* 8.1e-07* 8.1e-07* 2.9e-09* 8.7e-09* 4.6e-08* 4.7e-08* 2.1e-07* 3.2e-07* 2.4e-07* 2.5e-07* 2.5e-07* 3.0e-06  3.0e-06  2.4e-08* 1.6e-08*  LinDep: 5.1e-12* 
 Iter:  33 SS: 204  E:  -46.98445471*  -46.86712312*  -46.84697553*  -46.84696135*  -46.82568745*  -46.82335204*  -46.82078060*  -46.82074308*  -46.80789331*  -46.80756706*  -46.80747514*  -46.80508115*  -46.80497379*  -46.80226787   -46.80226255   -46.80137342*  -46.80020895*  R: 5.1e-11* 2.9e-09* 9.1e-07* 9.1e-07* 3.3e-09* 9.3e-09* 3.7e-08* 3.8e-08* 2.4e-07* 3.7e-07* 2.8e-07* 2.8e-07* 2.8e-07* 2.8e-06  2.8e-06  2.6e-08* 1.8e-08*  LinDep: 1.5e-11* 
 Iter:  34 SS: 204  E:  -46.98445471*  -46.86712312*  -46.84697553*  -46.84696135*  -46.82568745*  -46.82335204*  -46.82078060*  -46.82074308*  -46.80789331*  -46.80756706*  -46.80747514*  -46.80508115*  -46.80497379*  -46.80226793   -46.80226249   -46.80137342*  -46.80020895*  R: 5.5e-11* 2.9e-09* 9.6e-07* 9.6e-07* 3.7e-09* 9.8e-09* 6.1e-08* 6.2e-08* 2.6e-07* 4.3e-07* 3.5e-07* 3.0e-07* 3.0e-07* 2.4e-06  2.4e-06  2.9e-08* 2.0e-08*  LinDep: 3.2e-12* 
 Iter:  35 SS: 204  E:  -46.98445471*  -46.86712312*  -46.84697553   -46.84696135   -46.82568745*  -46.82335204*  -46.82078060*  -46.82074308*  -46.80789331*  -46.80756706*  -46.80747514*  -46.80508115*  -46.80497379*  -46.80226794   -46.80226248   -46.80137342*  -46.80020895*  R: 5.9e-11* 3.4e-09* 1.1e-06  1.1e-06  3.9e-09* 1.1e-08* 8.3e-08* 8.4e-08* 2.8e-07* 4.9e-07* 4.0e-07* 3.3e-07* 3.3e-07* 2.2e-06  2.2e-06  3.2e-08* 2.2e-08*  LinDep: 2.0e-12* 
 Iter:  36 SS: 204  E:  -46.98445471*  -46.86712312*  -46.84697553   -46.84696135   -46.82568745*  -46.82335204*  -46.82078060*  -46.82074308*  -46.80789331*  -46.80756706*  -46.80747514*  -46.80508115*  -46.80497379*  -46.80226801   -46.80226241   -46.80137342*  -46.80020895*  R: 6.3e-11* 3.7e-09* 1.3e-06  1.3e-06  4.2e-09* 1.2e-08* 7.8e-08* 7.9e-08* 3.0e-07* 5.3e-07* 4.4e-07* 3.6e-07* 3.6e-07* 1.7e-06  1.7e-06  3.4e-08* 2.2e-08*  LinDep: 4.4e-12* 
 Iter:  37 SS: 204  E:  -46.98445471*  -46.86712312*  -46.84697554   -46.84696134   -46.82568745*  -46.82335204*  -46.82078060*  -46.82074308*  -46.80789331*  -46.80756706*  -46.80747514*  -46.80508115*  -46.80497379*  -46.80226805   -46.80226237   -46.80137342*  -46.80020895*  R: 6.6e-11* 4.0e-09* 1.5e-06  1.5e-06  4.4e-09* 1.3e-08* 8.3e-08* 8.4e-08* 3.1e-07* 5.9e-07* 5.0e-07* 3.8e-07* 3.8e-07* 1.3e-06  1.3e-06  3.7e-08* 2.3e-08*  LinDep: 2.3e-12* 
 Iter:  38 SS: 204  E:  -46.98445471*  -46.86712312*  -46.84697554   -46.84696134   -46.82568745*  -46.82335204*  -46.82078060*  -46.82074308*  -46.80789331*  -46.80756706*  -46.80747514*  -46.80508115*  -46.80497379*  -46.80226811*  -46.80226231*  -46.80137342*  -46.80020895*  R: 7.0e-11* 4.3e-09* 1.6e-06  1.6e-06  4.7e-09* 1.3e-08* 7.3e-08* 7.4e-08* 3.3e-07* 6.6e-07* 5.7e-07* 3.9e-07* 3.9e-07* 8.2e-07* 8.2e-07* 3.8e-08* 2.4e-08*  LinDep: 1.4e-11* 
 Iter:  39 SS: 204  E:  -46.98445471*  -46.86712312*  -46.84697554   -46.84696134   -46.82568745*  -46.82335204*  -46.82078060*  -46.82074308*  -46.80789331*  -46.80756706*  -46.80747514*  -46.80508115*  -46.80497379*  -46.80226815*  -46.80226227*  -46.80137342*  -46.80020895*  R: 7.5e-11* 4.8e-09* 1.8e-06  1.8e-06  4.9e-09* 1.4e-08* 4.9e-08* 5.0e-08* 3.5e-07* 7.3e-07* 6.5e-07* 3.7e-07* 3.7e-07* 5.5e-07* 5.5e-07* 4.1e-08* 2.4e-08*  LinDep: 7.6e-12* 
 Iter:  40 SS: 204  E:  -46.98445471*  -46.86712312*  -46.84697554   -46.84696134   -46.82568745*  -46.82335204*  -46.82078060*  -46.82074308*  -46.80789331*  -46.80756706*  -46.80747514*  -46.80508115*  -46.80497379*  -46.80226818*  -46.80226224*  -46.80137342*  -46.80020895*  R: 7.9e-11* 5.1e-09* 1.9e-06  1.9e-06  5.1e-09* 1.5e-08* 3.8e-08* 4.0e-08* 3.6e-07* 7.7e-07* 6.9e-07* 4.0e-07* 4.0e-07* 5.2e-07* 5.2e-07* 4.4e-08* 2.5e-08*  LinDep: 9.3e-12* 
 Diagonalization time:                             457.784542 seconds
 Compute <S^2>:                                      1.296200 seconds (3.91 M allocations: 622.961 MiB, 52.08% gc time)
  Root       Energy           S2
     1 -46.98445471   0.00026111
     2 -46.86712312   2.00033477
     3 -46.84697554   2.00025070
     4 -46.84696134   2.00023194
     5 -46.82568745   0.00299986
     6 -46.82335204   2.00011974
     7 -46.82078060   2.00038537
     8 -46.82074308   2.00039569
     9 -46.80789331   2.00031943
    10 -46.80756706   2.00033946
    11 -46.80747514   2.00031961
    12 -46.80508115   0.00178435
    13 -46.80497379   0.00189398
    14 -46.80226818   2.00022490
    15 -46.80226224   2.00028014
    16 -46.80137342   0.00184058
    17 -46.80020895   2.00021374
 ==================================================================|
 Diagonalization time:                             504.402445 seconds
 Compute <0|H0|0>:                                   0.215462 seconds (1.03 M allocations: 195.737 MiB, 35.92% gc time)
  Root      <0|H|0>      <0|F|0>
     1 -46.98445471 -25.76271398
     2 -46.86712312 -25.52839657
     3 -46.84697554 -25.54018391
     4 -46.84696134 -25.54011584
     5 -46.82568745 -25.47378899
     6 -46.82335204 -25.59988564
     7 -46.82078060 -25.52497734
     8 -46.82074308 -25.52485964
     9 -46.80789331 -25.53994216
    10 -46.80756706 -25.54543266
    11 -46.80747514 -25.54611477
    12 -46.80508115 -25.53436394
    13 -46.80497379 -25.53490790
    14 -46.80226818 -25.54427710
    15 -46.80226224 -25.54415213
    16 -46.80137342 -25.53365129
    17 -46.80020895 -25.56783033
 Number of jobs:    4385
 Number of threads: 2
 |----------------------------------------------------------------------------------------------------|
 |0%                                                                                              100%|
 |----------------------------------------------------------------------------------------------------|
 Time spent computing E2:                           39435.8 s Allocated:    4.0e+04 GB
 State   1: E(PT2) corr:                          -0.00041547
 State   2: E(PT2) corr:                          -0.00146784
 State   3: E(PT2) corr:                          -0.00150529
 State   4: E(PT2) corr:                          -0.00148207
 State   5: E(PT2) corr:                          -0.00247617
 State   6: E(PT2) corr:                          -0.00096345
 State   7: E(PT2) corr:                          -0.00186679
 State   8: E(PT2) corr:                          -0.00188215
 State   9: E(PT2) corr:                          -0.00132397
 State  10: E(PT2) corr:                          -0.00133560
 State  11: E(PT2) corr:                          -0.00133386
 State  12: E(PT2) corr:                          -0.00132248
 State  13: E(PT2) corr:                          -0.00133167
 State  14: E(PT2) corr:                          -0.00147223
 State  15: E(PT2) corr:                          -0.00150688
 State  16: E(PT2) corr:                          -0.00129459
 State  17: E(PT2) corr:                          -0.00124775
  Root         E(0)         E(2)
     1 -46.98445471 -46.98487019
     2 -46.86712312 -46.86859096
     3 -46.84697554 -46.84848084
     4 -46.84696134 -46.84844341
     5 -46.82568745 -46.82816361
     6 -46.82335204 -46.82431549
     7 -46.82078060 -46.82264739
     8 -46.82074308 -46.82262524
     9 -46.80789331 -46.80921729
    10 -46.80756706 -46.80890266
    11 -46.80747514 -46.80880900
    12 -46.80508115 -46.80640363
    13 -46.80497379 -46.80630546
    14 -46.80226818 -46.80374041
    15 -46.80226224 -46.80376913
    16 -46.80137342 -46.80266800
    17 -46.80020895 -46.80145670
 ......................................................................................|
39940.446144 seconds (1.87 G allocations: 36.199 TiB, 69.04% gc time, 0.00% compilation time)

 --------------------------------------------------
 ---------- # Fockspaces -------------------:   115  
 ---------- # Configs    -------------------: 13604  
 ---------- Root ---------------------------:     1  
 --------------------------------------------------
 Printing contributions greater than: 0.010000
 Weight              # configs (full)    (α,β)...            
 -------             --------- --------- ----------          
 0.989                                   ( 3,3 )( 3,3 )( 3,3 )( 3,3 )
     0.986           1         1             1:1    1:1    1:1    1:1
     0.010           11        99          2:100    1:1    1:1    1:1
     0.046           483       9801        2:100    1:1  2:100    1:1
     0.046           483       9801        2:100  2:100    1:1    1:1
     0.046           504       9801        2:100    1:1    1:1  2:100
 ---------                               ----------          
 0.021                                   ( 4,2 )( 2,4 )( 3,3 )( 3,3 )
     0.021           25        3721         1:61   1:61    1:1    1:1
 ---------                               ----------          
 0.021                                   ( 4,2 )( 3,3 )( 2,4 )( 3,3 )
     0.021           25        3721         1:61    1:1   1:61    1:1
 ---------                               ----------          
 0.021                                   ( 2,4 )( 4,2 )( 3,3 )( 3,3 )
     0.021           25        3721         1:61   1:61    1:1    1:1
 ---------                               ----------          
 0.021                                   ( 2,4 )( 3,3 )( 4,2 )( 3,3 )
     0.021           25        3721         1:61    1:1   1:61    1:1
 ---------                               ----------          
 0.038                                   ( 4,3 )( 2,3 )( 3,3 )( 3,3 )
     0.037           169       10000       1:100  1:100    1:1    1:1
 ---------                               ----------          
 0.038                                   ( 4,3 )( 3,3 )( 2,3 )( 3,3 )
     0.037           169       10000       1:100    1:1  1:100    1:1
 ---------                               ----------          
 0.038                                   ( 4,3 )( 3,3 )( 3,3 )( 2,3 )
     0.037           169       10000       1:100    1:1    1:1  1:100
 ---------                               ----------          
 0.038                                   ( 2,3 )( 4,3 )( 3,3 )( 3,3 )
     0.038           195       10000       1:100  1:100    1:1    1:1
 ---------                               ----------          
 0.038                                   ( 2,3 )( 3,3 )( 4,3 )( 3,3 )
     0.038           195       10000       1:100    1:1  1:100    1:1
 ---------                               ----------          
 0.038                                   ( 2,3 )( 3,3 )( 3,3 )( 4,3 )
     0.038           195       10000       1:100    1:1    1:1  1:100
 ---------                               ----------          
 0.038                                   ( 3,4 )( 3,2 )( 3,3 )( 3,3 )
     0.037           169       10000       1:100  1:100    1:1    1:1
 ---------                               ----------          
 0.038                                   ( 3,4 )( 3,3 )( 3,2 )( 3,3 )
     0.037           169       10000       1:100    1:1  1:100    1:1
 ---------                               ----------          
 0.038                                   ( 3,4 )( 3,3 )( 3,3 )( 3,2 )
     0.037           169       10000       1:100    1:1    1:1  1:100
 ---------                               ----------          
 0.038                                   ( 3,2 )( 3,4 )( 3,3 )( 3,3 )
     0.038           195       10000       1:100  1:100    1:1    1:1
 ---------                               ----------          
 0.038                                   ( 3,2 )( 3,3 )( 3,4 )( 3,3 )
     0.038           195       10000       1:100    1:1  1:100    1:1
 ---------                               ----------          
 0.038                                   ( 3,2 )( 3,3 )( 3,3 )( 3,4 )
     0.038           195       10000       1:100    1:1    1:1  1:100
 ---------                               ----------          
 0.021                                   ( 4,2 )( 3,3 )( 3,3 )( 2,4 )
     0.021           25        3721         1:61    1:1    1:1   1:61
 ---------                               ----------          
 0.021                                   ( 2,4 )( 3,3 )( 3,3 )( 4,2 )
     0.021           25        3721         1:61    1:1    1:1   1:61
 ---------                               ----------          
 --------------------------------------------------


 |...................................BST-PT2............................................
 H0          : Hcmf
 nbody       : 4
 thresh_foi  : 0.0001
 max_number  : nothing
 opt_ref     : true
 ci_tol      : 1.0e-6
 verbose     : 2

 Length of Reference:                                   13604
 Solve zeroth-order problem:                       
 |== BST CI ========================================================
 Solve CI with # variables:                             13604
 Cache Hamiltonian:                                 48.672399 seconds (9.86 M allocations: 3.731 GiB, 16.92% gc time)
 Iter:   1 SS: 17   E:  -46.98453853   -46.86734984   -46.84715514   -46.84712374   -46.82584000   -46.82351326   -46.82101415   -46.82099171   -46.80802634   -46.80772039   -46.80764439   -46.80520267   -46.80509679   -46.80249357   -46.80247678   -46.80147848   -46.80041571   R: 1.1e-03  2.1e-03  1.7e-03  1.7e-03  1.8e-03  1.2e-03  1.6e-03  1.6e-03  1.5e-03  1.6e-03  1.6e-03  1.6e-03  1.6e-03  1.7e-03  1.6e-03  1.5e-03  1.7e-03   LinDep: 2.6e-15* 
 Iter:   2 SS: 34   E:  -46.98454006   -46.86735590   -46.84715912   -46.84712766   -46.82584450   -46.82351532   -46.82101771   -46.82099539   -46.80802957   -46.80772373   -46.80764773   -46.80520598   -46.80510011   -46.80249743   -46.80248058   -46.80148167   -46.80041984   R: 3.3e-04  8.5e-04  5.5e-04  5.5e-04  6.9e-04  3.7e-04  6.0e-04  5.9e-04  4.2e-04  4.5e-04  4.5e-04  4.4e-04  4.4e-04  5.8e-04  5.8e-04  4.5e-04  5.6e-04   LinDep: 2.3e-15* 
 Iter:   3 SS: 51   E:  -46.98454017   -46.86735715   -46.84715964   -46.84712820   -46.82584555   -46.82351553   -46.82101841   -46.82099611   -46.80802986   -46.80772408   -46.80764808   -46.80520633   -46.80510045   -46.80249810   -46.80248121   -46.80148204   -46.80042037   R: 1.2e-04  4.5e-04  3.0e-04  3.2e-04  4.8e-04  1.7e-04  4.1e-04  4.1e-04  2.6e-04  2.8e-04  2.8e-04  2.9e-04  2.8e-04  4.1e-04  4.0e-04  2.9e-04  3.0e-04   LinDep: 1.4e-15* 
 Iter:   4 SS: 68   E:  -46.98454019   -46.86735746   -46.84715980   -46.84712839   -46.82584599   -46.82351558   -46.82101877   -46.82099645   -46.80803000   -46.80772425   -46.80764824   -46.80520653   -46.80510063   -46.80249848   -46.80248160   -46.80148223   -46.80042053   R: 5.6e-05  2.1e-04  1.6e-04  1.9e-04  2.9e-04  9.7e-05  2.7e-04  2.7e-04  1.9e-04  2.1e-04  2.0e-04  2.2e-04  2.1e-04  3.1e-04  3.2e-04  2.1e-04  1.6e-04   LinDep: 2.1e-15* 
 Iter:   5 SS: 85   E:  -46.98454020   -46.86735753   -46.84715984   -46.84712846   -46.82584611   -46.82351560   -46.82101889   -46.82099657   -46.80803007   -46.80772433   -46.80764831   -46.80520662   -46.80510071   -46.80249869   -46.80248182   -46.80148230   -46.80042057   R: 2.5e-05  1.1e-04  1.0e-04  1.1e-04  1.5e-04  5.8e-05  1.7e-04  1.7e-04  1.3e-04  1.5e-04  1.4e-04  1.4e-04  1.4e-04  2.5e-04  2.5e-04  1.3e-04  9.8e-05   LinDep: 1.1e-15* 
 Iter:   6 SS: 102  E:  -46.98454020   -46.86735754   -46.84715986   -46.84712848   -46.82584614   -46.82351561   -46.82101894   -46.82099661   -46.80803010   -46.80772437   -46.80764835   -46.80520665   -46.80510074   -46.80249882   -46.80248194   -46.80148233   -46.80042059   R: 1.1e-05  6.2e-05  6.3e-05  6.8e-05  8.5e-05  3.5e-05  1.1e-04  1.1e-04  8.1e-05  9.2e-05  9.0e-05  7.9e-05  7.4e-05  1.8e-04  1.8e-04  6.7e-05  6.2e-05   LinDep: 6.7e-16* 
 Iter:   7 SS: 119  E:  -46.98454020   -46.86735755   -46.84715987   -46.84712849   -46.82584615   -46.82351561   -46.82101895   -46.82099663   -46.80803011   -46.80772439   -46.80764837   -46.80520666   -46.80510075   -46.80249888   -46.80248200   -46.80148234   -46.80042060   R: 4.9e-06  3.2e-05  3.7e-05  3.7e-05  4.7e-05  1.9e-05  6.3e-05  6.3e-05  6.1e-05  5.8e-05  5.7e-05  5.1e-05  4.7e-05  1.2e-04  1.2e-04  3.5e-05  3.8e-05   LinDep: 4.0e-15* 
 Iter:   8 SS: 136  E:  -46.98454020   -46.86735755   -46.84715987   -46.84712849   -46.82584616   -46.82351561   -46.82101896   -46.82099664   -46.80803012   -46.80772439   -46.80764837   -46.80520667   -46.80510075   -46.80249890   -46.80248202   -46.80148234   -46.80042060   R: 2.3e-06  1.7e-05  1.9e-05  1.9e-05  2.2e-05  1.2e-05  3.5e-05  3.5e-05  5.5e-05  3.7e-05  3.4e-05  3.7e-05  3.4e-05  6.9e-05  7.3e-05  1.8e-05  2.3e-05   LinDep: 2.2e-15* 
 Iter:   9 SS: 153  E:  -46.98454020*  -46.86735755   -46.84715987   -46.84712849   -46.82584616   -46.82351561   -46.82101896   -46.82099664   -46.80803013   -46.80772440   -46.80764837   -46.80520667   -46.80510075   -46.80249891   -46.80248203   -46.80148234   -46.80042060   R: 9.8e-07* 7.8e-06  9.5e-06  1.1e-05  9.3e-06  5.9e-06  1.8e-05  1.8e-05  4.5e-05  2.5e-05  2.0e-05  2.5e-05  2.3e-05  4.0e-05  4.4e-05  8.4e-06  1.2e-05   LinDep: 4.4e-16* 
 Iter:  10 SS: 170  E:  -46.98454020*  -46.86735755   -46.84715987   -46.84712849   -46.82584616   -46.82351561   -46.82101896   -46.82099664   -46.80803013   -46.80772440   -46.80764837   -46.80520667   -46.80510075   -46.80249891   -46.80248204   -46.80148234   -46.80042060   R: 4.4e-07* 3.4e-06  5.8e-06  6.6e-06  4.3e-06  2.9e-06  1.1e-05  1.1e-05  3.5e-05  1.8e-05  1.5e-05  1.8e-05  1.8e-05  2.8e-05  3.1e-05  4.9e-06  6.7e-06   LinDep: 2.2e-15* 
 Iter:  11 SS: 187  E:  -46.98454020*  -46.86735755   -46.84715987   -46.84712849   -46.82584616   -46.82351561   -46.82101896   -46.82099664   -46.80803014   -46.80772440   -46.80764837   -46.80520667   -46.80510076   -46.80249891   -46.80248204   -46.80148234   -46.80042060   R: 2.0e-07* 1.5e-06  3.0e-06  3.5e-06  2.1e-06  1.7e-06  5.9e-06  6.1e-06  2.2e-05  1.1e-05  8.8e-06  1.1e-05  1.1e-05  1.7e-05  1.8e-05  2.6e-06  4.0e-06   LinDep: 4.2e-15* 
 Iter:  12 SS: 204  E:  -46.98454020*  -46.86735755*  -46.84715987   -46.84712849   -46.82584616   -46.82351561*  -46.82101896   -46.82099664   -46.80803014   -46.80772440   -46.80764837   -46.80520667   -46.80510076   -46.80249891   -46.80248204   -46.80148234   -46.80042060   R: 8.6e-08* 7.1e-07* 1.7e-06  1.9e-06  1.1e-06  9.3e-07* 3.4e-06  3.6e-06  1.5e-05  6.3e-06  5.0e-06  6.7e-06  6.5e-06  9.9e-06  1.0e-05  1.5e-06  2.0e-06   LinDep: 2.7e-15* 
 Iter:  13 SS: 204  E:  -46.98454020*  -46.86735755*  -46.84715987*  -46.84712849   -46.82584616*  -46.82351561*  -46.82101896   -46.82099664   -46.80803014   -46.80772440   -46.80764837   -46.80520667   -46.80510076   -46.80249891   -46.80248204   -46.80148234*  -46.80042060   R: 3.9e-08* 3.8e-07* 9.9e-07* 1.1e-06  5.3e-07* 5.6e-07* 1.8e-06  1.9e-06  9.5e-06  3.8e-06  2.8e-06  4.0e-06  3.8e-06  5.5e-06  5.3e-06  9.3e-07* 1.2e-06   LinDep: 3.3e-15* 
 Iter:  14 SS: 204  E:  -46.98454020*  -46.86735755*  -46.84715987*  -46.84712849*  -46.82584616*  -46.82351561*  -46.82101896*  -46.82099664   -46.80803014   -46.80772440   -46.80764837   -46.80520667   -46.80510076   -46.80249891   -46.80248204   -46.80148234*  -46.80042060*  R: 1.6e-08* 2.0e-07* 7.1e-07* 7.7e-07* 3.2e-07* 3.2e-07* 9.9e-07* 1.0e-06  6.4e-06  2.4e-06  1.5e-06  2.2e-06  2.1e-06  2.8e-06  2.9e-06  6.2e-07* 6.1e-07*  LinDep: 2.3e-12* 
 Iter:  15 SS: 204  E:  -46.98454020*  -46.86735755*  -46.84715987*  -46.84712849*  -46.82584616*  -46.82351561*  -46.82101896*  -46.82099664*  -46.80803014   -46.80772440   -46.80764837*  -46.80520667   -46.80510076   -46.80249891   -46.80248204   -46.80148234*  -46.80042060*  R: 7.5e-09* 1.0e-07* 6.1e-07* 6.3e-07* 2.1e-07* 1.8e-07* 7.5e-07* 7.7e-07* 4.3e-06  1.5e-06  8.2e-07* 1.4e-06  1.4e-06  1.6e-06  1.6e-06  4.0e-07* 3.3e-07*  LinDep: 4.0e-11* 
 Iter:  16 SS: 204  E:  -46.98454020*  -46.86735755*  -46.84715987*  -46.84712849*  -46.82584616*  -46.82351561*  -46.82101896*  -46.82099664*  -46.80803014   -46.80772440*  -46.80764837*  -46.80520667*  -46.80510076*  -46.80249891*  -46.80248204   -46.80148234*  -46.80042060*  R: 3.2e-09* 5.5e-08* 5.8e-07* 5.9e-07* 1.4e-07* 1.0e-07* 6.9e-07* 7.0e-07* 3.0e-06  1.0e-06* 5.3e-07* 9.9e-07* 9.7e-07* 9.9e-07* 1.0e-06  2.6e-07* 1.8e-07*  LinDep: 9.5e-12* 
 Iter:  17 SS: 204  E:  -46.98454020*  -46.86735755*  -46.84715987*  -46.84712849*  -46.82584616*  -46.82351561*  -46.82101896*  -46.82099664*  -46.80803014   -46.80772440*  -46.80764837*  -46.80520667*  -46.80510076*  -46.80249891*  -46.80248204*  -46.80148234*  -46.80042060*  R: 1.7e-09* 3.0e-08* 6.3e-07* 6.3e-07* 8.7e-08* 5.9e-08* 6.7e-07* 6.8e-07* 1.8e-06  6.8e-07* 4.4e-07* 7.5e-07* 7.5e-07* 7.8e-07* 7.9e-07* 1.7e-07* 1.0e-07*  LinDep: 4.1e-12* 
 Iter:  18 SS: 204  E:  -46.98454020*  -46.86735755*  -46.84715987*  -46.84712849*  -46.82584616*  -46.82351561*  -46.82101896*  -46.82099664*  -46.80803014   -46.80772440*  -46.80764837*  -46.80520667*  -46.80510076*  -46.80249891*  -46.80248204*  -46.80148234*  -46.80042060*  R: 8.5e-10* 1.7e-08* 6.9e-07* 6.9e-07* 5.8e-08* 3.8e-08* 6.6e-07* 6.6e-07* 1.1e-06  5.4e-07* 4.3e-07* 5.5e-07* 5.6e-07* 7.4e-07* 7.5e-07* 1.1e-07* 6.5e-08*  LinDep: 6.0e-12* 
 Iter:  19 SS: 204  E:  -46.98454020*  -46.86735755*  -46.84715987*  -46.84712849*  -46.82584616*  -46.82351561*  -46.82101896*  -46.82099664*  -46.80803014*  -46.80772440*  -46.80764837*  -46.80520667*  -46.80510076*  -46.80249891*  -46.80248204*  -46.80148234*  -46.80042060*  R: 4.2e-10* 8.3e-09* 7.7e-07* 7.8e-07* 3.7e-08* 2.3e-08* 6.5e-07* 6.5e-07* 6.9e-07* 4.9e-07* 4.4e-07* 4.0e-07* 4.2e-07* 8.1e-07* 8.1e-07* 7.7e-08* 3.8e-08*  LinDep: 7.6e-12* 
 Diagonalization time:                             271.839645 seconds
 Compute <S^2>:                                      1.810082 seconds (4.31 M allocations: 770.963 MiB, 60.78% gc time)
  Root       Energy           S2
     1 -46.98454020   0.00025175
     2 -46.86735755   2.00037451
     3 -46.84715987   2.00024365
     4 -46.84712849   2.00025032
     5 -46.82584616   0.00296363
     6 -46.82351561   2.00015664
     7 -46.82101896   2.00038176
     8 -46.82099664   2.00038238
     9 -46.80803014   2.00040001
    10 -46.80772440   2.00040386
    11 -46.80764837   2.00038116
    12 -46.80520667   0.00183840
    13 -46.80510076   0.00195216
    14 -46.80249891   2.00026199
    15 -46.80248204   2.00032839
    16 -46.80148234   0.00190582
    17 -46.80042060   2.00024403
 ==================================================================|
 Diagonalization time:                             322.616012 seconds
 Compute <0|H0|0>:                                   0.256227 seconds (1.14 M allocations: 238.226 MiB, 37.39% gc time)
  Root      <0|H|0>      <0|F|0>
     1 -46.98454020 -25.76251262
     2 -46.86735755 -25.52760979
     3 -46.84715987 -25.53955920
     4 -46.84712849 -25.53961971
     5 -46.82584616 -25.47350147
     6 -46.82351561 -25.59953483
     7 -46.82101896 -25.52441013
     8 -46.82099664 -25.52427427
     9 -46.80803014 -25.53930430
    10 -46.80772440 -25.54501784
    11 -46.80764837 -25.54559688
    12 -46.80520667 -25.53396539
    13 -46.80510076 -25.53450075
    14 -46.80249891 -25.54341242
    15 -46.80248204 -25.54332760
    16 -46.80148234 -25.53337048
    17 -46.80042060 -25.56725350
 Number of jobs:    5075
 Number of threads: 2
 |----------------------------------------------------------------------------------------------------|
 |0%                                                                                              100%|
 |----------------------------------------------------------------------------------------------------|
 Time spent computing E2:                           48672.9 s Allocated:    4.8e+04 GB
 State   1: E(PT2) corr:                          -0.00037392
 State   2: E(PT2) corr:                          -0.00128046
 State   3: E(PT2) corr:                          -0.00135175
 State   4: E(PT2) corr:                          -0.00134844
 State   5: E(PT2) corr:                          -0.00233863
 State   6: E(PT2) corr:                          -0.00084826
 State   7: E(PT2) corr:                          -0.00168444
 State   8: E(PT2) corr:                          -0.00168617
 State   9: E(PT2) corr:                          -0.00122913
 State  10: E(PT2) corr:                          -0.00123121
 State  11: E(PT2) corr:                          -0.00121820
 State  12: E(PT2) corr:                          -0.00123470
 State  13: E(PT2) corr:                          -0.00124287
 State  14: E(PT2) corr:                          -0.00131106
 State  15: E(PT2) corr:                          -0.00135553
 State  16: E(PT2) corr:                          -0.00121319
 State  17: E(PT2) corr:                          -0.00110372
  Root         E(0)         E(2)
     1 -46.98454020 -46.98491412
     2 -46.86735755 -46.86863801
     3 -46.84715987 -46.84851163
     4 -46.84712849 -46.84847693
     5 -46.82584616 -46.82818479
     6 -46.82351561 -46.82436386
     7 -46.82101896 -46.82270341
     8 -46.82099664 -46.82268281
     9 -46.80803014 -46.80925927
    10 -46.80772440 -46.80895561
    11 -46.80764837 -46.80886657
    12 -46.80520667 -46.80644137
    13 -46.80510076 -46.80634363
    14 -46.80249891 -46.80380998
    15 -46.80248204 -46.80383756
    16 -46.80148234 -46.80269553
    17 -46.80042060 -46.80152432
 ......................................................................................|
48995.821564 seconds (1.17 G allocations: 44.022 TiB, 68.94% gc time, 0.00% compilation time)

 --------------------------------------------------
 ---------- # Fockspaces -------------------:   157  
 ---------- # Configs    -------------------: 20131  
 ---------- Root ---------------------------:     1  
 --------------------------------------------------
 Printing contributions greater than: 0.010000
 Weight              # configs (full)    (α,β)...            
 -------             --------- --------- ----------          
 0.989                                   ( 3,3 )( 3,3 )( 3,3 )( 3,3 )
     0.986           1         1             1:1    1:1    1:1    1:1
     0.010           11        99          2:100    1:1    1:1    1:1
     0.046           528       9801        2:100    1:1  2:100    1:1
     0.046           528       9801        2:100  2:100    1:1    1:1
     0.046           528       9801        2:100    1:1    1:1  2:100
 ---------                               ----------          
 0.021                                   ( 4,2 )( 2,4 )( 3,3 )( 3,3 )
     0.021           25        3721         1:61   1:61    1:1    1:1
 ---------                               ----------          
 0.021                                   ( 4,2 )( 3,3 )( 2,4 )( 3,3 )
     0.021           25        3721         1:61    1:1   1:61    1:1
 ---------                               ----------          
 0.021                                   ( 2,4 )( 4,2 )( 3,3 )( 3,3 )
     0.021           25        3721         1:61   1:61    1:1    1:1
 ---------                               ----------          
 0.021                                   ( 2,4 )( 3,3 )( 4,2 )( 3,3 )
     0.021           25        3721         1:61    1:1   1:61    1:1
 ---------                               ----------          
 0.038                                   ( 4,3 )( 2,3 )( 3,3 )( 3,3 )
     0.037           240       10000       1:100  1:100    1:1    1:1
 ---------                               ----------          
 0.038                                   ( 4,3 )( 3,3 )( 2,3 )( 3,3 )
     0.037           240       10000       1:100    1:1  1:100    1:1
 ---------                               ----------          
 0.038                                   ( 4,3 )( 3,3 )( 3,3 )( 2,3 )
     0.037           240       10000       1:100    1:1    1:1  1:100
 ---------                               ----------          
 0.038                                   ( 2,3 )( 4,3 )( 3,3 )( 3,3 )
     0.038           224       10000       1:100  1:100    1:1    1:1
 ---------                               ----------          
 0.038                                   ( 2,3 )( 3,3 )( 4,3 )( 3,3 )
     0.038           224       10000       1:100    1:1  1:100    1:1
 ---------                               ----------          
 0.038                                   ( 2,3 )( 3,3 )( 3,3 )( 4,3 )
     0.038           224       10000       1:100    1:1    1:1  1:100
 ---------                               ----------          
 0.038                                   ( 3,4 )( 3,2 )( 3,3 )( 3,3 )
     0.037           240       10000       1:100  1:100    1:1    1:1
 ---------                               ----------          
 0.038                                   ( 3,4 )( 3,3 )( 3,2 )( 3,3 )
     0.037           240       10000       1:100    1:1  1:100    1:1
 ---------                               ----------          
 0.038                                   ( 3,4 )( 3,3 )( 3,3 )( 3,2 )
     0.037           240       10000       1:100    1:1    1:1  1:100
 ---------                               ----------          
 0.038                                   ( 3,2 )( 3,4 )( 3,3 )( 3,3 )
     0.038           224       10000       1:100  1:100    1:1    1:1
 ---------                               ----------          
 0.038                                   ( 3,2 )( 3,3 )( 3,4 )( 3,3 )
     0.038           224       10000       1:100    1:1  1:100    1:1
 ---------                               ----------          
 0.038                                   ( 3,2 )( 3,3 )( 3,3 )( 3,4 )
     0.038           224       10000       1:100    1:1    1:1  1:100
 ---------                               ----------          
 0.021                                   ( 4,2 )( 3,3 )( 3,3 )( 2,4 )
     0.021           25        3721         1:61    1:1    1:1   1:61
 ---------                               ----------          
 0.021                                   ( 2,4 )( 3,3 )( 3,3 )( 4,2 )
     0.021           25        3721         1:61    1:1    1:1   1:61
 ---------                               ----------          
 --------------------------------------------------


 |...................................BST-PT2............................................
 H0          : Hcmf
 nbody       : 4
 thresh_foi  : 0.0001
 max_number  : nothing
 opt_ref     : true
 ci_tol      : 1.0e-6
 verbose     : 2

 Length of Reference:                                   20131
 Solve zeroth-order problem:                       
 |== BST CI ========================================================
 Solve CI with # variables:                             20131
 Cache Hamiltonian:                                 63.735386 seconds (11.68 M allocations: 4.837 GiB, 17.95% gc time)
 Iter:   1 SS: 17   E:  -46.98466148   -46.86764998   -46.84743789   -46.84741911   -46.82628949   -46.82364294   -46.82130334   -46.82127720   -46.80827917   -46.80796865   -46.80787763   -46.80544300   -46.80533441   -46.80274666   -46.80273718   -46.80171218   -46.80062843   R: 4.7e-04  7.6e-04  6.0e-04  5.2e-04  6.5e-04  3.4e-04  5.8e-04  6.1e-04  4.6e-04  4.5e-04  4.7e-04  5.0e-04  5.0e-04  5.0e-04  4.6e-04  4.9e-04  4.0e-04   LinDep: 7.9e-15* 
 Iter:   2 SS: 34   E:  -46.98466170   -46.86765068   -46.84743835   -46.84741945   -46.82628996   -46.82364307   -46.82130371   -46.82127763   -46.80827943   -46.80796890   -46.80787791   -46.80544331   -46.80533474   -46.80274697   -46.80273743   -46.80171248   -46.80062862   R: 1.1e-04  2.5e-04  2.0e-04  1.7e-04  1.7e-04  9.1e-05  1.6e-04  1.8e-04  1.6e-04  1.6e-04  1.7e-04  1.8e-04  1.8e-04  1.6e-04  1.4e-04  1.7e-04  1.3e-04   LinDep: 6.2e-15* 
 Iter:   3 SS: 51   E:  -46.98466171   -46.86765077   -46.84743841   -46.84741950   -46.82629001   -46.82364309   -46.82130374   -46.82127768   -46.80827947   -46.80796894   -46.80787796   -46.80544337   -46.80533480   -46.80274701   -46.80273746   -46.80171253   -46.80062864   R: 3.9e-05  1.1e-04  8.8e-05  7.6e-05  9.1e-05  3.7e-05  8.0e-05  8.7e-05  1.1e-04  9.9e-05  1.0e-04  1.2e-04  1.2e-04  8.6e-05  7.7e-05  1.1e-04  5.9e-05   LinDep: 7.7e-15* 
 Iter:   4 SS: 68   E:  -46.98466171   -46.86765079   -46.84743842   -46.84741950   -46.82629002   -46.82364309   -46.82130375   -46.82127769   -46.80827949   -46.80796896   -46.80787798   -46.80544339   -46.80533483   -46.80274702   -46.80273747   -46.80171256   -46.80062865   R: 1.5e-05  5.3e-05  4.5e-05  3.9e-05  5.8e-05  1.8e-05  4.8e-05  4.8e-05  7.1e-05  6.4e-05  6.4e-05  8.0e-05  8.1e-05  5.1e-05  4.9e-05  7.3e-05  3.1e-05   LinDep: 1.4e-15* 
 Iter:   5 SS: 85   E:  -46.98466171   -46.86765079   -46.84743842   -46.84741951   -46.82629003   -46.82364309   -46.82130376   -46.82127769   -46.80827950   -46.80796897   -46.80787798   -46.80544340   -46.80533484   -46.80274703   -46.80273747   -46.80171257   -46.80062865   R: 6.9e-06  2.8e-05  2.7e-05  2.3e-05  3.4e-05  9.8e-06  3.2e-05  3.1e-05  4.3e-05  3.9e-05  3.9e-05  4.7e-05  4.8e-05  3.5e-05  3.3e-05  4.3e-05  1.8e-05   LinDep: 2.8e-15* 
 Iter:   6 SS: 102  E:  -46.98466171   -46.86765079   -46.84743843   -46.84741951   -46.82629003   -46.82364309   -46.82130376   -46.82127769   -46.80827951   -46.80796897   -46.80787799   -46.80544340   -46.80533484   -46.80274703   -46.80273747   -46.80171257   -46.80062865   R: 3.2e-06  1.4e-05  1.8e-05  1.4e-05  1.8e-05  5.3e-06  2.0e-05  1.9e-05  2.6e-05  2.5e-05  2.6e-05  2.8e-05  3.0e-05  2.7e-05  2.4e-05  2.7e-05  1.1e-05   LinDep: 4.0e-15* 
 Iter:   7 SS: 119  E:  -46.98466171   -46.86765080   -46.84743843   -46.84741951   -46.82629003   -46.82364309   -46.82130376   -46.82127769   -46.80827951   -46.80796897   -46.80787799   -46.80544341   -46.80533484   -46.80274704   -46.80273747   -46.80171257   -46.80062865   R: 1.5e-06  7.3e-06  1.2e-05  9.2e-06  9.6e-06  2.8e-06  1.3e-05  1.2e-05  1.6e-05  1.6e-05  1.7e-05  1.8e-05  1.9e-05  2.1e-05  1.9e-05  1.7e-05  6.8e-06   LinDep: 8.7e-15* 
 Iter:   8 SS: 136  E:  -46.98466171*  -46.86765080   -46.84743843   -46.84741951   -46.82629003   -46.82364309   -46.82130376   -46.82127769   -46.80827951   -46.80796897   -46.80787799   -46.80544341   -46.80533484   -46.80274704   -46.80273747   -46.80171257   -46.80062865   R: 7.4e-07* 4.0e-06  7.0e-06  5.7e-06  5.6e-06  1.4e-06  8.3e-06  8.0e-06  1.1e-05  1.0e-05  1.1e-05  1.1e-05  1.1e-05  1.5e-05  1.4e-05  9.6e-06  4.6e-06   LinDep: 2.9e-15* 
 Iter:   9 SS: 153  E:  -46.98466171*  -46.86765080   -46.84743843   -46.84741951   -46.82629003   -46.82364309*  -46.82130376   -46.82127769   -46.80827951   -46.80796897   -46.80787799   -46.80544341   -46.80533484   -46.80274704   -46.80273747   -46.80171257   -46.80062865   R: 3.8e-07* 2.2e-06  3.9e-06  3.3e-06  3.3e-06  8.2e-07* 5.3e-06  5.0e-06  6.4e-06  6.3e-06  6.4e-06  5.4e-06  5.5e-06  1.0e-05  9.7e-06  4.7e-06  3.0e-06   LinDep: 6.7e-16* 
 Iter:  10 SS: 170  E:  -46.98466171*  -46.86765080   -46.84743843   -46.84741951   -46.82629003   -46.82364309*  -46.82130376   -46.82127769   -46.80827951   -46.80796897   -46.80787799   -46.80544341   -46.80533484   -46.80274704   -46.80273747   -46.80171257   -46.80062865   R: 1.6e-07* 1.3e-06  2.4e-06  2.2e-06  1.8e-06  5.2e-07* 3.3e-06  3.0e-06  4.9e-06  4.5e-06  4.3e-06  3.1e-06  3.5e-06  6.8e-06  6.5e-06  2.4e-06  2.1e-06   LinDep: 3.9e-15* 
 Iter:  11 SS: 187  E:  -46.98466171*  -46.86765080*  -46.84743843   -46.84741951   -46.82629003   -46.82364309*  -46.82130376   -46.82127769   -46.80827951   -46.80796897   -46.80787799   -46.80544341   -46.80533484   -46.80274704   -46.80273747   -46.80171257   -46.80062865   R: 7.0e-08* 6.4e-07* 1.4e-06  1.4e-06  1.1e-06  3.1e-07* 2.0e-06  1.9e-06  4.3e-06  3.6e-06  3.2e-06  2.3e-06  2.8e-06  4.6e-06  4.3e-06  1.4e-06  1.2e-06   LinDep: 6.7e-15* 
 Iter:  12 SS: 204  E:  -46.98466171*  -46.86765080*  -46.84743843*  -46.84741951*  -46.82629003*  -46.82364309*  -46.82130376   -46.82127769   -46.80827951   -46.80796897   -46.80787799   -46.80544341   -46.80533484   -46.80274704   -46.80273747   -46.80171257*  -46.80062865*  R: 3.2e-08* 3.1e-07* 7.5e-07* 8.5e-07* 6.3e-07* 1.7e-07* 1.1e-06  1.0e-06  3.2e-06  2.4e-06  1.9e-06  1.7e-06  2.1e-06  2.8e-06  2.5e-06  7.2e-07* 6.2e-07*  LinDep: 1.3e-14* 
 Iter:  13 SS: 204  E:  -46.98466171*  -46.86765080*  -46.84743843*  -46.84741951*  -46.82629003*  -46.82364309*  -46.82130376*  -46.82127769*  -46.80827951   -46.80796897   -46.80787799   -46.80544341   -46.80533484   -46.80274704   -46.80273747   -46.80171257*  -46.80062865*  R: 1.5e-08* 1.5e-07* 4.1e-07* 4.9e-07* 3.9e-07* 9.4e-08* 6.8e-07* 6.8e-07* 2.1e-06  1.6e-06  1.2e-06  1.2e-06  1.5e-06  1.7e-06  1.6e-06  4.5e-07* 3.3e-07*  LinDep: 1.6e-14* 
 Iter:  14 SS: 204  E:  -46.98466171*  -46.86765080*  -46.84743843*  -46.84741951*  -46.82629003*  -46.82364309*  -46.82130376*  -46.82127769*  -46.80827951   -46.80796897*  -46.80787799*  -46.80544341*  -46.80533484*  -46.80274704   -46.80273747   -46.80171257*  -46.80062865*  R: 6.6e-09* 7.9e-08* 2.6e-07* 3.1e-07* 2.3e-07* 5.4e-08* 5.6e-07* 5.4e-07* 1.3e-06  9.8e-07* 6.8e-07* 8.1e-07* 9.4e-07* 1.2e-06  1.1e-06  3.1e-07* 1.9e-07*  LinDep: 1.9e-12* 
 Iter:  15 SS: 204  E:  -46.98466171*  -46.86765080*  -46.84743843*  -46.84741951*  -46.82629003*  -46.82364309*  -46.82130376*  -46.82127769*  -46.80827951*  -46.80796897*  -46.80787799*  -46.80544341*  -46.80533484*  -46.80274704*  -46.80273747*  -46.80171257*  -46.80062865*  R: 3.2e-09* 4.1e-08* 1.4e-07* 1.8e-07* 1.4e-07* 3.2e-08* 5.5e-07* 5.4e-07* 7.6e-07* 6.3e-07* 5.0e-07* 5.3e-07* 6.1e-07* 9.0e-07* 8.7e-07* 2.1e-07* 1.1e-07*  LinDep: 1.3e-11* 
 Diagonalization time:                             312.586168 seconds
 Compute <S^2>:                                      2.144980 seconds (4.85 M allocations: 1.037 GiB, 55.79% gc time)
  Root       Energy           S2
     1 -46.98466171   0.00019342
     2 -46.86765080   2.00020713
     3 -46.84743843   2.00020610
     4 -46.84741951   2.00021634
     5 -46.82629003   0.00277263
     6 -46.82364309   2.00015983
     7 -46.82130376   2.00037480
     8 -46.82127769   2.00038449
     9 -46.80827951   2.00040380
    10 -46.80796897   2.00040271
    11 -46.80787799   2.00037948
    12 -46.80544341   0.00178686
    13 -46.80533484   0.00190628
    14 -46.80274704   2.00026828
    15 -46.80273747   2.00033268
    16 -46.80171257   0.00188002
    17 -46.80062865   2.00023913
 ==================================================================|
 Diagonalization time:                             378.982806 seconds
 Compute <0|H0|0>:                                   0.661880 seconds (1.29 M allocations: 328.573 MiB, 67.18% gc time)
  Root      <0|H|0>      <0|F|0>
     1 -46.98466171 -25.76230284
     2 -46.86765080 -25.52661033
     3 -46.84743843 -25.53845283
     4 -46.84741951 -25.53840465
     5 -46.82629003 -25.47186700
     6 -46.82364309 -25.59927276
     7 -46.82130376 -25.52354620
     8 -46.82127769 -25.52337340
     9 -46.80827951 -25.53874211
    10 -46.80796897 -25.54438618
    11 -46.80787799 -25.54509852
    12 -46.80544341 -25.53328779
    13 -46.80533484 -25.53383763
    14 -46.80274704 -25.54258924
    15 -46.80273747 -25.54247815
    16 -46.80171257 -25.53275258
    17 -46.80062865 -25.56680358
 Number of jobs:    5981
 Number of threads: 2
 |----------------------------------------------------------------------------------------------------|
 |0%                                                                                              100%|
 |----------------------------------------------------------------------------------------------------|
 Time spent computing E2:                           59901.1 s Allocated:    6.4e+04 GB
 State   1: E(PT2) corr:                          -0.00026492
 State   2: E(PT2) corr:                          -0.00104550
 State   3: E(PT2) corr:                          -0.00113962
 State   4: E(PT2) corr:                          -0.00112069
 State   5: E(PT2) corr:                          -0.00204293
 State   6: E(PT2) corr:                          -0.00074990
 State   7: E(PT2) corr:                          -0.00147630
 State   8: E(PT2) corr:                          -0.00148252
 State   9: E(PT2) corr:                          -0.00104883
 State  10: E(PT2) corr:                          -0.00104984
 State  11: E(PT2) corr:                          -0.00105206
 State  12: E(PT2) corr:                          -0.00106627
 State  13: E(PT2) corr:                          -0.00107503
 State  14: E(PT2) corr:                          -0.00113696
 State  15: E(PT2) corr:                          -0.00117496
 State  16: E(PT2) corr:                          -0.00104824
 State  17: E(PT2) corr:                          -0.00094972
  Root         E(0)         E(2)
     1 -46.98466171 -46.98492663
     2 -46.86765080 -46.86869629
     3 -46.84743843 -46.84857805
     4 -46.84741951 -46.84854020
     5 -46.82629003 -46.82833296
     6 -46.82364309 -46.82439299
     7 -46.82130376 -46.82278006
     8 -46.82127769 -46.82276022
     9 -46.80827951 -46.80932833
    10 -46.80796897 -46.80901881
    11 -46.80787799 -46.80893005
    12 -46.80544341 -46.80650968
    13 -46.80533484 -46.80640987
    14 -46.80274704 -46.80388400
    15 -46.80273747 -46.80391243
    16 -46.80171257 -46.80276081
    17 -46.80062865 -46.80157837
 ......................................................................................|
60280.807233 seconds (1.18 G allocations: 58.122 TiB, 65.92% gc time, 0.00% compilation time)

 |...................................BST-PT2............................................
 H0          : Hcmf
 nbody       : 4
 thresh_foi  : 0.0001
 max_number  : nothing
 opt_ref     : true
 ci_tol      : 1.0e-6
 verbose     : 2

 Length of Reference:                                   22865
 Solve zeroth-order problem:                       
 |== BST CI ========================================================
 Solve CI with # variables:                             22865
 Cache Hamiltonian:                                 72.630098 seconds (12.97 M allocations: 5.558 GiB, 19.57% gc time)
 Iter:   1 SS: 17   E:  -46.98469098*  -46.86770963   -46.84747916   -46.84745542   -46.82634077   -46.82366337   -46.82134404   -46.82132206   -46.80831748   -46.80800435   -46.80791394   -46.80548759   -46.80537937   -46.80278130   -46.80276830   -46.80175464   -46.80065337   R: 1.5e-07* 1.3e-06  2.1e-06  1.4e-06  6.1e-06  1.4e-06  2.3e-06  6.3e-06  3.1e-06  2.3e-06  2.9e-06  3.4e-06  2.1e-06  7.8e-06  4.6e-06  4.0e-06  1.6e-06   LinDep: 6.7e-16* 
 Iter:   2 SS: 34   E:  -46.98469098*  -46.86770963*  -46.84747916   -46.84745542*  -46.82634077   -46.82366337*  -46.82134404   -46.82132206   -46.80831748   -46.80800435   -46.80791394   -46.80548759   -46.80537937   -46.80278130   -46.80276830   -46.80175464   -46.80065337*  R: 7.9e-08* 7.4e-07* 1.2e-06  8.2e-07* 3.7e-06  8.0e-07* 1.3e-06  3.8e-06  2.2e-06  1.4e-06  1.7e-06  2.2e-06  1.5e-06  4.6e-06  2.7e-06  2.5e-06  9.0e-07*  LinDep: 5.6e-16* 
 Iter:   3 SS: 51   E:  -46.98469098*  -46.86770963*  -46.84747916*  -46.84745542*  -46.82634077   -46.82366337*  -46.82134404*  -46.82132206   -46.80831748   -46.80800435*  -46.80791394   -46.80548759   -46.80537937   -46.80278130   -46.80276830   -46.80175464   -46.80065337*  R: 4.0e-08* 4.9e-07* 8.0e-07* 5.6e-07* 2.6e-06  5.7e-07* 9.0e-07* 2.8e-06  2.1e-06  9.9e-07* 1.2e-06  1.8e-06  1.2e-06  3.5e-06  2.0e-06  1.9e-06  5.8e-07*  LinDep: 4.4e-16* 
 Iter:   4 SS: 68   E:  -46.98469098*  -46.86770963*  -46.84747916*  -46.84745542*  -46.82634077   -46.82366337*  -46.82134404*  -46.82132206   -46.80831748   -46.80800435*  -46.80791394*  -46.80548759   -46.80537937*  -46.80278130   -46.80276830   -46.80175464   -46.80065337*  R: 2.0e-08* 2.7e-07* 4.9e-07* 3.7e-07* 1.6e-06  3.6e-07* 6.4e-07* 1.8e-06  1.9e-06  7.3e-07* 8.6e-07* 1.3e-06  9.6e-07* 2.4e-06  1.6e-06  1.3e-06  3.9e-07*  LinDep: 3.1e-15* 
 Iter:   5 SS: 85   E:  -46.98469098*  -46.86770963*  -46.84747916*  -46.84745542*  -46.82634077*  -46.82366337*  -46.82134404*  -46.82132206   -46.80831748   -46.80800435*  -46.80791394*  -46.80548759*  -46.80537937*  -46.80278130   -46.80276830   -46.80175464*  -46.80065337*  R: 9.8e-09* 1.5e-07* 3.2e-07* 2.3e-07* 9.8e-07* 2.2e-07* 4.1e-07* 1.1e-06  1.6e-06  5.4e-07* 6.2e-07* 9.4e-07* 7.1e-07* 1.7e-06  1.1e-06  8.5e-07* 2.7e-07*  LinDep: 6.4e-15* 
 Iter:   6 SS: 102  E:  -46.98469098*  -46.86770963*  -46.84747916*  -46.84745542*  -46.82634077*  -46.82366337*  -46.82134404*  -46.82132206*  -46.80831748   -46.80800435*  -46.80791394*  -46.80548759*  -46.80537937*  -46.80278130   -46.80276830*  -46.80175464*  -46.80065337*  R: 5.0e-09* 8.2e-08* 2.3e-07* 2.0e-07* 7.2e-07* 1.4e-07* 3.1e-07* 6.9e-07* 1.3e-06  4.2e-07* 4.5e-07* 7.1e-07* 5.5e-07* 1.2e-06  8.7e-07* 6.6e-07* 1.9e-07*  LinDep: 7.9e-15* 
 Iter:   7 SS: 119  E:  -46.98469098*  -46.86770963*  -46.84747916*  -46.84745542*  -46.82634077*  -46.82366337*  -46.82134404*  -46.82132206*  -46.80831748*  -46.80800435*  -46.80791394*  -46.80548759*  -46.80537937*  -46.80278130*  -46.80276830*  -46.80175464*  -46.80065337*  R: 2.5e-09* 4.4e-08* 2.3e-07* 2.1e-07* 4.0e-07* 8.1e-08* 2.3e-07* 4.5e-07* 7.3e-07* 3.1e-07* 3.3e-07* 4.5e-07* 3.4e-07* 9.0e-07* 6.6e-07* 4.0e-07* 1.4e-07*  LinDep: 5.3e-15* 
 Diagonalization time:                             169.014263 seconds
 Compute <S^2>:                                      2.630694 seconds (5.25 M allocations: 1.188 GiB, 61.68% gc time)
  Root       Energy           S2
     1 -46.98469098   0.00018675
     2 -46.86770963   2.00020118
     3 -46.84747916   2.00020087
     4 -46.84745542   2.00021368
     5 -46.82634077   0.00278939
     6 -46.82366337   2.00016146
     7 -46.82134404   2.00037397
     8 -46.82132206   2.00038590
     9 -46.80831748   2.00039899
    10 -46.80800435   2.00039795
    11 -46.80791394   2.00037251
    12 -46.80548759   0.00177420
    13 -46.80537937   0.00190272
    14 -46.80278130   2.00026989
    15 -46.80276830   2.00033424
    16 -46.80175464   0.00187773
    17 -46.80065337   2.00023788
 ==================================================================|
 Diagonalization time:                             244.494827 seconds
 Compute <0|H0|0>:                                   0.359194 seconds (1.41 M allocations: 374.569 MiB, 34.92% gc time)
  Root      <0|H|0>      <0|F|0>
     1 -46.98469098 -25.76224180
     2 -46.86770963 -25.52639377
     3 -46.84747916 -25.53829506
     4 -46.84745542 -25.53826712
     5 -46.82634077 -25.47169514
     6 -46.82366337 -25.59921466
     7 -46.82134404 -25.52339578
     8 -46.82132206 -25.52319308
     9 -46.80831748 -25.53857372
    10 -46.80800435 -25.54425953
    11 -46.80791394 -25.54496568
    12 -46.80548759 -25.53309460
    13 -46.80537937 -25.53364017
    14 -46.80278130 -25.54247173
    15 -46.80276830 -25.54236907
    16 -46.80175464 -25.53256753
    17 -46.80065337 -25.56673450
 Number of jobs:    5981
 Number of threads: 2
 |----------------------------------------------------------------------------------------------------|
 |0%                                                                                              100%|
 |----------------------------------------------------------------------------------------------------|
┌ Warning: Linear dependency detected. Restarting.
└ @ BlockDavidson ~/.julia/packages/BlockDavidson/HYzYU/src/BlockDavidson.jl:229
 Time spent computing E2:                           67494.7 s Allocated:    7.0e+04 GB
 State   1: E(PT2) corr:                          -0.00023842
 State   2: E(PT2) corr:                          -0.00099914
 State   3: E(PT2) corr:                          -0.00111161
 State   4: E(PT2) corr:                          -0.00109433
 State   5: E(PT2) corr:                          -0.00200224
 State   6: E(PT2) corr:                          -0.00073333
 State   7: E(PT2) corr:                          -0.00144484
 State   8: E(PT2) corr:                          -0.00144853
 State   9: E(PT2) corr:                          -0.00101339
 State  10: E(PT2) corr:                          -0.00101803
 State  11: E(PT2) corr:                          -0.00102009
 State  12: E(PT2) corr:                          -0.00102355
 State  13: E(PT2) corr:                          -0.00103219
 State  14: E(PT2) corr:                          -0.00111010
 State  15: E(PT2) corr:                          -0.00115082
 State  16: E(PT2) corr:                          -0.00100971
 State  17: E(PT2) corr:                          -0.00092960
  Root         E(0)         E(2)
     1 -46.98469098 -46.98492940
     2 -46.86770963 -46.86870877
     3 -46.84747916 -46.84859078
     4 -46.84745542 -46.84854975
     5 -46.82634077 -46.82834301
     6 -46.82366337 -46.82439669
     7 -46.82134404 -46.82278888
     8 -46.82132206 -46.82277060
     9 -46.80831748 -46.80933087
    10 -46.80800435 -46.80902238
    11 -46.80791394 -46.80893403
    12 -46.80548759 -46.80651114
    13 -46.80537937 -46.80641156
    14 -46.80278130 -46.80389141
    15 -46.80276830 -46.80391912
    16 -46.80175464 -46.80276435
    17 -46.80065337 -46.80158297
 ......................................................................................|
67739.613234 seconds (815.09 M allocations: 63.845 TiB, 66.61% gc time, 0.00% compilation time)
