IDX001:DIM1048576:001|002|003|004|005|006|007|008|009|010|
IDX002:DIM1048576:011|012|013|014|015|016|017|018|019|020|
IDX003:DIM1048576:021|022|023|024|025|026|027|028|029|030|
IDX004:DIM1048576:031|032|033|034|035|036|037|038|039|040|
4-element Vector{Tuple{Int64, Int64}}:
 (5, 5)
 (5, 5)
 (5, 5)
 (5, 5) Remove duplicates
 Number of terms reduced from  1036 to   472
IDX001:DIM1048576:001|002|003|004|005|006|007|008|009|010|
IDX002:DIM1048576:011|012|013|014|015|016|017|018|019|020|
IDX003:DIM1048576:021|022|023|024|025|026|027|028|029|030|
IDX004:DIM1048576:031|032|033|034|035|036|037|038|039|040|

 --------------------------------------------------
 ---------- # Fockspaces -------------------:   229  
 ---------- # Configs    -------------------: 98423  
 ---------- Root ---------------------------:     1  
 --------------------------------------------------
 Printing contributions greater than: 0.010000
 Weight              # configs (full)    (α,β)...            
 -------             --------- --------- ----------          
 0.999                                   ( 5,5 )( 5,5 )( 5,5 )( 5,5 )
     0.997           1         1             1:1    1:1    1:1    1:1
     0.036           342       9801        2:100  2:100    1:1    1:1
     0.029           240       9801        2:100    1:1  2:100    1:1
     0.035           342       9801        2:100    1:1    1:1  2:100
     0.034           306       9801          1:1  2:100  2:100    1:1
     0.028           225       9801          1:1  2:100    1:1  2:100
 ---------                               ----------          
 0.010                                   ( 6,5 )( 5,5 )( 5,5 )( 4,5 )
     0.010           675       10000       1:100    1:1    1:1  1:100
 ---------                               ----------          
 0.010                                   ( 4,5 )( 6,5 )( 5,5 )( 5,5 )
     0.010           624       10000       1:100  1:100    1:1    1:1
 ---------                               ----------          
 0.011                                   ( 5,5 )( 6,5 )( 4,5 )( 5,5 )
     0.011           576       10000         1:1  1:100  1:100    1:1
 ---------                               ----------          
 0.010                                   ( 5,5 )( 4,5 )( 6,5 )( 5,5 )
     0.010           650       10000         1:1  1:100  1:100    1:1
 ---------                               ----------          
 0.011                                   ( 4,5 )( 5,5 )( 5,5 )( 6,5 )
     0.011           676       10000       1:100    1:1    1:1  1:100
 ---------                               ----------          
 0.010                                   ( 5,6 )( 5,5 )( 5,5 )( 5,4 )
     0.010           675       10000       1:100    1:1    1:1  1:100
 ---------                               ----------          
 0.010                                   ( 5,4 )( 5,6 )( 5,5 )( 5,5 )
     0.010           624       10000       1:100  1:100    1:1    1:1
 ---------                               ----------          
 0.011                                   ( 5,5 )( 5,6 )( 5,4 )( 5,5 )
     0.011           576       10000         1:1  1:100  1:100    1:1
 ---------                               ----------          
 0.010                                   ( 5,5 )( 5,4 )( 5,6 )( 5,5 )
     0.010           650       10000         1:1  1:100  1:100    1:1
 ---------                               ----------          
 0.011                                   ( 5,4 )( 5,5 )( 5,5 )( 5,6 )
     0.011           676       10000       1:100    1:1    1:1  1:100
 ---------                               ----------          
 --------------------------------------------------


 --------------------------------------------------
 ---------- # Fockspaces -------------------:   207  
 ---------- # Configs    -------------------: 59462  
 ---------- Root ---------------------------:     1  
 --------------------------------------------------
 Printing contributions greater than: 0.010000
 Weight              # configs (full)    (α,β)...            
 -------             --------- --------- ----------          
 0.999                                   ( 5,5 )( 5,5 )( 5,5 )( 5,5 )
     0.997           1         1             1:1    1:1    1:1    1:1
     0.036           324       9801        2:100  2:100    1:1    1:1
     0.029           240       9801        2:100    1:1  2:100    1:1
     0.035           289       9801        2:100    1:1    1:1  2:100
     0.034           306       9801          1:1  2:100  2:100    1:1
     0.028           225       9801          1:1  2:100    1:1  2:100
 ---------                               ----------          
 0.010                                   ( 6,5 )( 5,5 )( 5,5 )( 4,5 )
     0.010           598       10000       1:100    1:1    1:1  1:100
 ---------                               ----------          
 0.010                                   ( 4,5 )( 6,5 )( 5,5 )( 5,5 )
     0.010           575       10000       1:100  1:100    1:1    1:1
 ---------                               ----------          
 0.011                                   ( 5,5 )( 6,5 )( 4,5 )( 5,5 )
     0.011           552       10000         1:1  1:100  1:100    1:1
 ---------                               ----------          
 0.010                                   ( 5,5 )( 4,5 )( 6,5 )( 5,5 )
     0.010           575       10000         1:1  1:100  1:100    1:1
 ---------                               ----------          
 0.011                                   ( 4,5 )( 5,5 )( 5,5 )( 6,5 )
     0.011           600       10000       1:100    1:1    1:1  1:100
 ---------                               ----------          
 0.010                                   ( 5,6 )( 5,5 )( 5,5 )( 5,4 )
     0.010           598       10000       1:100    1:1    1:1  1:100
 ---------                               ----------          
 0.010                                   ( 5,4 )( 5,6 )( 5,5 )( 5,5 )
     0.010           575       10000       1:100  1:100    1:1    1:1
 ---------                               ----------          
 0.011                                   ( 5,5 )( 5,6 )( 5,4 )( 5,5 )
     0.011           552       10000         1:1  1:100  1:100    1:1
 ---------                               ----------          
 0.010                                   ( 5,5 )( 5,4 )( 5,6 )( 5,5 )
     0.010           575       10000         1:1  1:100  1:100    1:1
 ---------                               ----------          
 0.011                                   ( 5,4 )( 5,5 )( 5,5 )( 5,6 )
     0.011           600       10000       1:100    1:1    1:1  1:100
 ---------                               ----------          
 --------------------------------------------------


 |...................................BST-PT2............................................
 H0          : Hcmf
 nbody       : 4
 thresh_foi  : 0.0001
 max_number  : nothing
 opt_ref     : true
 ci_tol      : 1.0e-6
 verbose     : 2

 Length of Reference:                                   59462
 Solve zeroth-order problem:                       
 |== BST CI ========================================================
 Solve CI with # variables:                             59462
 Cache Hamiltonian:                                342.082520 seconds (104.38 M allocations: 54.430 GiB, 16.97% gc time, 11.79% compilation time)
 Iter:   1 SS: 31   E:  -90.57545400   -90.50852315   -90.50794249   -90.50723098   -90.50687292   -90.44124517   -90.44095565   -90.44085502   -90.44077048   -90.44065940   -90.44052942   -90.44030929   -90.44019077   -90.43992301   -90.43962154   -90.43939480   -90.43926461   -90.43923555   -90.43919889   -90.43914340   -90.43866011   -90.43859034   -90.43843222   -90.43535693   -90.43257728   -90.43225325   -90.43165406   -90.43135796   -90.43133095   -90.43121064   -90.43016905   R: 2.0e-04  2.3e-04  2.3e-04  2.2e-04  2.6e-04  3.1e-04  3.1e-04  2.7e-04  3.3e-04  2.5e-04  2.2e-04  2.9e-04  2.0e-04  2.2e-04  3.2e-04  3.3e-04  3.1e-04  3.1e-04  1.9e-04  2.8e-04  2.9e-04  2.1e-04  2.8e-04  3.1e-04  2.8e-04  2.6e-04  2.4e-04  2.6e-04  2.9e-04  2.6e-04  2.7e-04   LinDep: 3.6e-15* 
 Iter:   2 SS: 62   E:  -90.57545408   -90.50852324   -90.50794259   -90.50723106   -90.50687304   -90.44124537   -90.44095584   -90.44085517   -90.44077070   -90.44065953   -90.44052952   -90.44030947   -90.44019086   -90.43992311   -90.43962175   -90.43939501   -90.43926481   -90.43923574   -90.43919898   -90.43914356   -90.43866028   -90.43859043   -90.43843238   -90.43535712   -90.43257745   -90.43225337   -90.43165418   -90.43135810   -90.43133112   -90.43121077   -90.43016920   R: 5.9e-05  5.6e-05  5.7e-05  5.4e-05  6.4e-05  9.3e-05  9.6e-05  8.9e-05  1.0e-04  7.8e-05  6.8e-05  9.2e-05  7.6e-05  7.2e-05  9.0e-05  9.3e-05  8.7e-05  1.0e-04  8.0e-05  8.9e-05  8.8e-05  7.1e-05  7.7e-05  1.0e-04  1.2e-04  8.5e-05  7.6e-05  1.1e-04  9.5e-05  8.0e-05  9.2e-05   LinDep: 3.8e-15* 
 Iter:   3 SS: 93   E:  -90.57545408   -90.50852325   -90.50794259   -90.50723107   -90.50687305   -90.44124539   -90.44095587   -90.44085520   -90.44077073   -90.44065954   -90.44052953   -90.44030949   -90.44019087   -90.43992313   -90.43962177   -90.43939503   -90.43926483   -90.43923578   -90.43919900   -90.43914359   -90.43866031   -90.43859044   -90.43843240   -90.43535715   -90.43257749   -90.43225340   -90.43165419   -90.43135813   -90.43133114   -90.43121078   -90.43016922   R: 2.3e-05  2.4e-05  2.6e-05  2.4e-05  2.7e-05  5.9e-05  6.5e-05  6.6e-05  6.5e-05  4.8e-05  4.2e-05  7.3e-05  5.2e-05  6.1e-05  5.1e-05  5.2e-05  4.9e-05  6.4e-05  5.3e-05  5.1e-05  5.5e-05  4.9e-05  3.7e-05  7.8e-05  1.1e-04  7.0e-05  6.1e-05  9.4e-05  7.0e-05  4.9e-05  7.3e-05   LinDep: 5.6e-16* 
 Iter:   4 SS: 124  E:  -90.57545409   -90.50852325   -90.50794259   -90.50723107   -90.50687305   -90.44124540   -90.44095588   -90.44085521   -90.44077074   -90.44065955   -90.44052954   -90.44030951   -90.44019088   -90.43992314   -90.43962178   -90.43939504   -90.43926483   -90.43923579   -90.43919901   -90.43914359   -90.43866032   -90.43859045   -90.43843240   -90.43535717   -90.43257753   -90.43225341   -90.43165421   -90.43135817   -90.43133116   -90.43121079   -90.43016924   R: 9.2e-06  1.3e-05  1.4e-05  1.4e-05  1.5e-05  4.3e-05  5.1e-05  4.5e-05  3.8e-05  3.3e-05  2.9e-05  6.7e-05  3.1e-05  5.2e-05  2.9e-05  2.9e-05  2.9e-05  3.5e-05  2.3e-05  2.6e-05  4.7e-05  4.2e-05  2.1e-05  7.1e-05  1.2e-04  6.9e-05  6.1e-05  9.7e-05  7.0e-05  4.2e-05  6.9e-05   LinDep: 1.3e-15* 
 Iter:   5 SS: 155  E:  -90.57545409   -90.50852325   -90.50794259   -90.50723107   -90.50687305   -90.44124540   -90.44095589   -90.44085522   -90.44077074   -90.44065955   -90.44052954   -90.44030952   -90.44019088   -90.43992315   -90.43962178   -90.43939504   -90.43926484   -90.43923579   -90.43919901   -90.43914359   -90.43866032   -90.43859045   -90.43843240   -90.43535718   -90.43257757   -90.43225342   -90.43165422   -90.43135819   -90.43133117   -90.43121079   -90.43016925   R: 3.6e-06  6.9e-06  7.7e-06  7.9e-06  7.5e-06  3.0e-05  3.4e-05  2.5e-05  2.0e-05  2.4e-05  2.0e-05  4.8e-05  1.9e-05  3.2e-05  1.5e-05  1.6e-05  1.6e-05  2.0e-05  1.5e-05  1.5e-05  3.7e-05  3.0e-05  1.2e-05  5.9e-05  9.5e-05  5.3e-05  4.1e-05  7.5e-05  6.5e-05  3.5e-05  5.8e-05   LinDep: 4.1e-15* 
 Iter:   6 SS: 186  E:  -90.57545409   -90.50852325   -90.50794259   -90.50723107   -90.50687305   -90.44124540   -90.44095589   -90.44085522   -90.44077075   -90.44065955   -90.44052954   -90.44030953   -90.44019088   -90.43992315   -90.43962178   -90.43939504   -90.43926484   -90.43923579   -90.43919902   -90.43914359   -90.43866032   -90.43859046   -90.43843240   -90.43535719   -90.43257759   -90.43225343   -90.43165422   -90.43135820   -90.43133118   -90.43121080   -90.43016926   R: 1.5e-06  3.7e-06  4.1e-06  4.5e-06  3.6e-06  1.9e-05  2.2e-05  1.3e-05  9.9e-06  1.6e-05  1.5e-05  3.2e-05  1.2e-05  2.0e-05  7.6e-06  8.0e-06  8.7e-06  1.1e-05  8.3e-06  7.9e-06  2.6e-05  2.1e-05  6.3e-06  4.5e-05  6.2e-05  3.7e-05  2.4e-05  5.0e-05  5.1e-05  2.8e-05  4.1e-05   LinDep: 1.7e-14* 
 Iter:   7 SS: 217  E:  -90.57545409*  -90.50852325   -90.50794259   -90.50723107   -90.50687305   -90.44124541   -90.44095589   -90.44085522   -90.44077075   -90.44065955   -90.44052954   -90.44030953   -90.44019088   -90.43992315   -90.43962178   -90.43939504   -90.43926484   -90.43923579   -90.43919902   -90.43914359   -90.43866033   -90.43859046   -90.43843240   -90.43535719   -90.43257760   -90.43225343   -90.43165422   -90.43135821   -90.43133119   -90.43121080   -90.43016926   R: 6.8e-07* 2.0e-06  2.2e-06  2.5e-06  1.8e-06  1.2e-05  1.5e-05  8.7e-06  5.4e-06  1.0e-05  1.0e-05  2.3e-05  8.3e-06  1.4e-05  3.9e-06  4.1e-06  4.5e-06  6.1e-06  4.8e-06  4.3e-06  1.7e-05  1.4e-05  3.7e-06  3.2e-05  3.7e-05  2.5e-05  1.7e-05  3.5e-05  3.6e-05  2.0e-05  2.6e-05   LinDep: 1.4e-14* 
 Iter:   8 SS: 248  E:  -90.57545409*  -90.50852325   -90.50794259   -90.50723107   -90.50687305*  -90.44124541   -90.44095589   -90.44085522   -90.44077075   -90.44065955   -90.44052954   -90.44030953   -90.44019088   -90.43992315   -90.43962178   -90.43939504   -90.43926484   -90.43923579   -90.43919902   -90.43914358   -90.43866033   -90.43859046   -90.43843240   -90.43535720   -90.43257760   -90.43225344   -90.43165422   -90.43135821   -90.43133119   -90.43121080   -90.43016926   R: 3.4e-07* 1.1e-06  1.2e-06  1.4e-06  9.6e-07* 7.8e-06  1.0e-05  6.3e-06  3.0e-06  6.5e-06  6.9e-06  1.5e-05  6.0e-06  1.0e-05  2.3e-06  2.3e-06  2.6e-06  3.9e-06  3.5e-06  3.0e-06  1.2e-05  9.7e-06  2.4e-06  2.1e-05  2.3e-05  1.7e-05  1.3e-05  2.6e-05  2.4e-05  1.4e-05  1.8e-05   LinDep: 8.9e-15* 
 Iter:   9 SS: 279  E:  -90.57545409*  -90.50852325*  -90.50794259*  -90.50723107*  -90.50687305*  -90.44124541   -90.44095589   -90.44085522   -90.44077075   -90.44065955   -90.44052954   -90.44030953   -90.44019088   -90.43992315   -90.43962178   -90.43939504   -90.43926484   -90.43923578   -90.43919902   -90.43914358   -90.43866033   -90.43859046   -90.43843240   -90.43535720   -90.43257760   -90.43225344   -90.43165422   -90.43135822   -90.43133119   -90.43121080   -90.43016926   R: 1.7e-07* 6.4e-07* 6.5e-07* 7.8e-07* 5.6e-07* 6.0e-06  7.7e-06  5.0e-06  2.1e-06  4.2e-06  5.2e-06  1.1e-05  4.9e-06  7.9e-06  1.7e-06  1.5e-06  1.8e-06  2.7e-06  3.1e-06  2.7e-06  8.3e-06  7.4e-06  2.0e-06  1.4e-05  1.7e-05  1.3e-05  1.1e-05  2.2e-05  1.6e-05  1.0e-05  1.4e-05   LinDep: 1.2e-14* 
 Iter:  10 SS: 310  E:  -90.57545409*  -90.50852325*  -90.50794259*  -90.50723107*  -90.50687305*  -90.44124541   -90.44095589   -90.44085522   -90.44077075   -90.44065955   -90.44052954   -90.44030953   -90.44019088   -90.43992315   -90.43962178   -90.43939504   -90.43926485   -90.43923579   -90.43919902   -90.43914358   -90.43866033   -90.43859046   -90.43843240   -90.43535720   -90.43257760   -90.43225344   -90.43165422   -90.43135822   -90.43133119   -90.43121080   -90.43016926   R: 8.3e-08* 3.8e-07* 3.6e-07* 4.5e-07* 3.3e-07* 4.7e-06  5.8e-06  3.7e-06  1.5e-06  2.9e-06  3.7e-06  7.9e-06  4.0e-06  5.2e-06  1.4e-06  1.1e-06  1.8e-06  2.3e-06  3.4e-06  3.2e-06  6.4e-06  5.5e-06  1.9e-06  1.1e-05  1.5e-05  1.1e-05  7.8e-06  1.7e-05  1.2e-05  8.0e-06  1.3e-05   LinDep: 1.8e-15* 
 Iter:  11 SS: 341  E:  -90.57545409*  -90.50852325*  -90.50794259*  -90.50723107*  -90.50687305*  -90.44124541   -90.44095589   -90.44085522   -90.44077075   -90.44065955   -90.44052954   -90.44030953   -90.44019088   -90.43992315   -90.43962178   -90.43939504*  -90.43926485   -90.43923579   -90.43919903   -90.43914357   -90.43866033   -90.43859046   -90.43843240   -90.43535720   -90.43257760   -90.43225344   -90.43165422   -90.43135822   -90.43133119   -90.43121080   -90.43016926   R: 4.1e-08* 2.4e-07* 2.3e-07* 2.8e-07* 2.1e-07* 3.3e-06  4.2e-06  2.8e-06  1.1e-06  2.0e-06  2.6e-06  5.7e-06  3.1e-06  3.2e-06  1.1e-06  8.5e-07* 1.9e-06  2.3e-06  3.8e-06  3.7e-06  4.7e-06  4.0e-06  1.6e-06  8.3e-06  1.3e-05  8.8e-06  5.2e-06  1.3e-05  9.2e-06  7.5e-06  1.1e-05   LinDep: 2.0e-14* 
 Iter:  12 SS: 372  E:  -90.57545409*  -90.50852325*  -90.50794259*  -90.50723107*  -90.50687305*  -90.44124541   -90.44095589   -90.44085522   -90.44077074*  -90.44065955   -90.44052954   -90.44030953   -90.44019088   -90.43992315   -90.43962178*  -90.43939504*  -90.43926485   -90.43923579   -90.43919903   -90.43914356   -90.43866033   -90.43859045   -90.43843240   -90.43535720   -90.43257761   -90.43225344   -90.43165422   -90.43135822   -90.43133119   -90.43121080   -90.43016926   R: 2.1e-08* 1.9e-07* 1.8e-07* 2.3e-07* 1.8e-07* 2.2e-06  2.9e-06  2.1e-06  9.8e-07* 1.4e-06  2.0e-06  4.3e-06  2.0e-06  1.9e-06  7.5e-07* 6.5e-07* 2.0e-06  2.6e-06  4.4e-06  4.2e-06  3.2e-06  3.3e-06  1.2e-06  6.3e-06  1.0e-05  7.2e-06  3.4e-06  1.0e-05  6.8e-06  6.4e-06  7.8e-06   LinDep: 3.2e-14* 
 Iter:  13 SS: 372  E:  -90.57545409*  -90.50852325*  -90.50794259*  -90.50723107*  -90.50687305*  -90.44124541   -90.44095589   -90.44085522   -90.44077074*  -90.44065955   -90.44052954   -90.44030953   -90.44019088   -90.43992315   -90.43962178*  -90.43939504*  -90.43926485   -90.43923579   -90.43919904   -90.43914355   -90.43866033   -90.43859045   -90.43843240*  -90.43535720   -90.43257761   -90.43225344   -90.43165422   -90.43135822   -90.43133119   -90.43121080   -90.43016926   R: 9.4e-09* 2.1e-07* 1.9e-07* 2.2e-07* 1.9e-07* 1.5e-06  2.3e-06  1.7e-06  9.2e-07* 1.0e-06  1.6e-06  3.3e-06  1.3e-06  1.2e-06  5.5e-07* 6.1e-07* 2.3e-06  2.8e-06  4.9e-06  4.8e-06  2.4e-06  2.8e-06  9.8e-07* 4.8e-06  8.2e-06  5.8e-06  2.3e-06  8.4e-06  5.2e-06  5.1e-06  5.4e-06   LinDep: 1.7e-14* 
 Iter:  14 SS: 372  E:  -90.57545409*  -90.50852325*  -90.50794259*  -90.50723107*  -90.50687305*  -90.44124541   -90.44095590   -90.44085522   -90.44077074*  -90.44065955*  -90.44052954   -90.44030953   -90.44019088*  -90.43992315*  -90.43962178*  -90.43939504*  -90.43926486   -90.43923579   -90.43919904   -90.43914355   -90.43866033   -90.43859045   -90.43843240*  -90.43535720   -90.43257761   -90.43225344   -90.43165422   -90.43135822   -90.43133119   -90.43121080   -90.43016926   R: 4.1e-09* 2.4e-07* 2.2e-07* 2.3e-07* 2.0e-07* 1.0e-06  2.0e-06  1.7e-06  9.5e-07* 7.3e-07* 1.2e-06  2.2e-06  9.0e-07* 8.8e-07* 4.1e-07* 6.0e-07* 2.3e-06  2.9e-06  5.5e-06  5.3e-06  2.1e-06  2.4e-06  8.7e-07* 3.5e-06  6.4e-06  4.5e-06  1.7e-06  6.7e-06  3.8e-06  3.9e-06  3.9e-06   LinDep: 2.3e-11* 
 Iter:  15 SS: 372  E:  -90.57545409*  -90.50852325*  -90.50794259*  -90.50723107*  -90.50687305*  -90.44124541*  -90.44095590   -90.44085522   -90.44077074*  -90.44065955*  -90.44052954*  -90.44030953   -90.44019088*  -90.43992315*  -90.43962178*  -90.43939504*  -90.43926486   -90.43923579   -90.43919905   -90.43914354   -90.43866033   -90.43859045   -90.43843240*  -90.43535720   -90.43257761   -90.43225344   -90.43165422   -90.43135822   -90.43133119   -90.43121080   -90.43016926   R: 1.7e-09* 2.8e-07* 2.5e-07* 2.4e-07* 2.0e-07* 7.7e-07* 1.9e-06  1.7e-06  9.8e-07* 4.9e-07* 8.2e-07* 1.4e-06  5.7e-07* 6.9e-07* 3.6e-07* 6.3e-07* 2.3e-06  3.0e-06  6.2e-06  5.9e-06  2.0e-06  2.2e-06  8.4e-07* 2.4e-06  4.3e-06  3.0e-06  1.2e-06  4.5e-06  2.5e-06  2.5e-06  2.4e-06   LinDep: 2.1e-11* 
 Iter:  16 SS: 372  E:  -90.57545409*  -90.50852325*  -90.50794259*  -90.50723107*  -90.50687305*  -90.44124541*  -90.44095590   -90.44085522   -90.44077074   -90.44065955*  -90.44052954*  -90.44030953*  -90.44019088*  -90.43992315*  -90.43962178*  -90.43939504*  -90.43926486   -90.43923579   -90.43919905   -90.43914353   -90.43866033   -90.43859045   -90.43843240*  -90.43535720   -90.43257761   -90.43225344   -90.43165422*  -90.43135822   -90.43133119   -90.43121080   -90.43016926   R: 8.1e-10* 3.2e-07* 2.9e-07* 2.6e-07* 2.2e-07* 6.9e-07* 2.0e-06  1.9e-06  1.1e-06  3.8e-07* 5.9e-07* 8.8e-07* 3.9e-07* 5.9e-07* 3.7e-07* 6.5e-07* 2.6e-06  3.3e-06  6.9e-06  6.6e-06  2.1e-06  2.2e-06  9.7e-07* 1.5e-06  2.9e-06  1.9e-06  8.8e-07* 3.1e-06  1.7e-06  1.6e-06  1.5e-06   LinDep: 1.2e-11* 
 Iter:  17 SS: 372  E:  -90.57545409*  -90.50852325*  -90.50794259*  -90.50723107*  -90.50687305*  -90.44124541*  -90.44095590   -90.44085522   -90.44077074   -90.44065955*  -90.44052954*  -90.44030953*  -90.44019088*  -90.43992315*  -90.43962178*  -90.43939504*  -90.43926486   -90.43923579   -90.43919906   -90.43914353   -90.43866033   -90.43859045   -90.43843240   -90.43535720   -90.43257761   -90.43225344   -90.43165422*  -90.43135822   -90.43133119   -90.43121080   -90.43016926   R: 4.5e-10* 3.6e-07* 3.3e-07* 2.9e-07* 2.5e-07* 7.3e-07* 2.2e-06  2.2e-06  1.3e-06  3.4e-07* 4.7e-07* 6.3e-07* 3.0e-07* 5.1e-07* 4.1e-07* 7.3e-07* 2.4e-06  3.4e-06  7.5e-06  7.2e-06  2.3e-06  2.4e-06  1.1e-06  1.0e-06  2.0e-06  1.4e-06  7.0e-07* 2.4e-06  1.2e-06  1.2e-06  1.0e-06   LinDep: 2.2e-11* 
 Iter:  18 SS: 372  E:  -90.57545409*  -90.50852325*  -90.50794259*  -90.50723107*  -90.50687305*  -90.44124541*  -90.44095590   -90.44085522   -90.44077074   -90.44065955*  -90.44052954*  -90.44030953*  -90.44019088*  -90.43992315*  -90.43962178*  -90.43939504*  -90.43926486   -90.43923579   -90.43919906   -90.43914352   -90.43866033   -90.43859045   -90.43843240   -90.43535720*  -90.43257761   -90.43225344   -90.43165422*  -90.43135822   -90.43133119*  -90.43121080   -90.43016926*  R: 3.3e-10* 4.0e-07* 3.7e-07* 3.2e-07* 2.8e-07* 8.0e-07* 2.4e-06  2.4e-06  1.5e-06  3.4e-07* 4.2e-07* 4.9e-07* 2.7e-07* 4.5e-07* 4.3e-07* 7.9e-07* 2.3e-06  3.4e-06  8.1e-06  7.8e-06  2.5e-06  2.6e-06  1.2e-06  6.6e-07* 1.4e-06  1.1e-06  5.8e-07* 1.9e-06  9.0e-07* 1.0e-06  7.2e-07*  LinDep: 3.6e-11* 
 Iter:  19 SS: 372  E:  -90.57545409*  -90.50852325*  -90.50794259*  -90.50723107*  -90.50687305*  -90.44124541*  -90.44095590   -90.44085522   -90.44077074   -90.44065955*  -90.44052954*  -90.44030953*  -90.44019088*  -90.43992315*  -90.43962178*  -90.43939504*  -90.43926486   -90.43923579   -90.43919907   -90.43914351   -90.43866034   -90.43859045   -90.43843240   -90.43535720*  -90.43257761*  -90.43225344*  -90.43165422*  -90.43135822   -90.43133119*  -90.43121080*  -90.43016926*  R: 3.0e-10* 4.5e-07* 4.1e-07* 3.6e-07* 3.1e-07* 8.9e-07* 2.6e-06  2.8e-06  1.9e-06  3.9e-07* 4.1e-07* 4.2e-07* 2.8e-07* 4.2e-07* 4.8e-07* 8.4e-07* 2.1e-06  3.5e-06  8.8e-06  8.4e-06  2.8e-06  2.8e-06  1.4e-06  4.4e-07* 9.8e-07* 9.1e-07* 5.0e-07* 1.6e-06  8.1e-07* 9.7e-07* 5.1e-07*  LinDep: 3.0e-12* 
 Iter:  20 SS: 372  E:  -90.57545409*  -90.50852325*  -90.50794259*  -90.50723107*  -90.50687305*  -90.44124541*  -90.44095590   -90.44085522   -90.44077074   -90.44065955*  -90.44052954*  -90.44030953*  -90.44019088*  -90.43992315*  -90.43962178*  -90.43939504*  -90.43926486   -90.43923580   -90.43919907   -90.43914351   -90.43866034   -90.43859045   -90.43843240   -90.43535720*  -90.43257761*  -90.43225344*  -90.43165422*  -90.43135822   -90.43133119*  -90.43121080*  -90.43016926*  R: 2.9e-10* 4.9e-07* 4.5e-07* 3.8e-07* 3.3e-07* 9.9e-07* 2.9e-06  3.1e-06  2.2e-06  4.3e-07* 4.1e-07* 4.1e-07* 3.0e-07* 4.1e-07* 5.4e-07* 8.8e-07* 2.0e-06  3.7e-06  9.4e-06  8.9e-06  3.2e-06  3.2e-06  1.6e-06  3.0e-07* 6.7e-07* 6.8e-07* 4.5e-07* 1.4e-06  7.1e-07* 9.5e-07* 3.6e-07*  LinDep: 1.7e-11* 
 Iter:  21 SS: 372  E:  -90.57545409*  -90.50852325*  -90.50794259*  -90.50723107*  -90.50687305*  -90.44124541   -90.44095590   -90.44085522   -90.44077074   -90.44065955*  -90.44052954*  -90.44030953*  -90.44019088*  -90.43992315*  -90.43962178*  -90.43939504*  -90.43926486   -90.43923580   -90.43919907   -90.43914350   -90.43866034   -90.43859045   -90.43843240   -90.43535720*  -90.43257761*  -90.43225344*  -90.43165422*  -90.43135823   -90.43133119*  -90.43121080   -90.43016926*  R: 3.0e-10* 5.5e-07* 5.1e-07* 4.2e-07* 3.7e-07* 1.1e-06  3.1e-06  3.5e-06  2.5e-06  4.9e-07* 4.3e-07* 4.2e-07* 3.2e-07* 4.1e-07* 6.1e-07* 9.3e-07* 1.9e-06  3.7e-06  9.8e-06  9.4e-06  3.6e-06  3.6e-06  1.7e-06  2.4e-07* 4.9e-07* 4.8e-07* 4.1e-07* 1.3e-06  7.1e-07* 1.0e-06  2.7e-07*  LinDep: 3.6e-11* 
 Iter:  22 SS: 372  E:  -90.57545409*  -90.50852325*  -90.50794259*  -90.50723107*  -90.50687305*  -90.44124541   -90.44095590   -90.44085522   -90.44077074   -90.44065955*  -90.44052954*  -90.44030953*  -90.44019088*  -90.43992315*  -90.43962178*  -90.43939504*  -90.43926486   -90.43923580   -90.43919908   -90.43914350   -90.43866034   -90.43859044   -90.43843240   -90.43535720*  -90.43257761*  -90.43225344*  -90.43165422*  -90.43135823   -90.43133119*  -90.43121080   -90.43016926*  R: 3.0e-10* 6.1e-07* 5.7e-07* 4.6e-07* 4.0e-07* 1.1e-06  3.3e-06  3.8e-06  2.7e-06  5.3e-07* 4.6e-07* 4.4e-07* 3.5e-07* 4.4e-07* 6.7e-07* 9.5e-07* 1.9e-06  4.1e-06  1.1e-05  1.0e-05  4.0e-06  4.0e-06  1.9e-06  2.1e-07* 3.8e-07* 3.3e-07* 4.0e-07* 1.5e-06  8.6e-07* 1.1e-06  2.3e-07*  LinDep: 4.7e-11* 
 Iter:  23 SS: 372  E:  -90.57545409*  -90.50852325*  -90.50794259*  -90.50723107*  -90.50687305*  -90.44124541   -90.44095590   -90.44085522   -90.44077074   -90.44065955*  -90.44052954*  -90.44030953*  -90.44019088*  -90.43992315*  -90.43962178*  -90.43939504*  -90.43926486   -90.43923580   -90.43919908   -90.43914349   -90.43866034   -90.43859044   -90.43843240   -90.43535720*  -90.43257761*  -90.43225344*  -90.43165422*  -90.43135823   -90.43133119*  -90.43121080   -90.43016926*  R: 3.0e-10* 6.7e-07* 6.2e-07* 5.0e-07* 4.3e-07* 1.2e-06  3.5e-06  4.1e-06  2.9e-06  5.7e-07* 4.6e-07* 4.5e-07* 3.7e-07* 4.6e-07* 7.4e-07* 9.6e-07* 1.9e-06  4.4e-06  1.1e-05  1.1e-05  4.3e-06  4.3e-06  2.1e-06  2.1e-07* 3.4e-07* 2.4e-07* 4.1e-07* 1.6e-06  9.4e-07* 1.3e-06  2.3e-07*  LinDep: 2.8e-11* 
 Iter:  24 SS: 372  E:  -90.57545409*  -90.50852325*  -90.50794259*  -90.50723107*  -90.50687305*  -90.44124541   -90.44095590   -90.44085522   -90.44077074   -90.44065955*  -90.44052954*  -90.44030953*  -90.44019088*  -90.43992315*  -90.43962178*  -90.43939504*  -90.43926486   -90.43923580   -90.43919909   -90.43914348   -90.43866034   -90.43859044   -90.43843240   -90.43535720*  -90.43257761*  -90.43225344*  -90.43165422*  -90.43135823   -90.43133119*  -90.43121080   -90.43016926*  R: 3.1e-10* 7.3e-07* 6.8e-07* 5.3e-07* 4.7e-07* 1.3e-06  3.8e-06  4.4e-06  3.1e-06  6.1e-07* 4.4e-07* 4.5e-07* 4.3e-07* 4.8e-07* 8.0e-07* 9.7e-07* 1.9e-06  4.6e-06  1.2e-05  1.1e-05  4.5e-06  4.5e-06  2.2e-06  2.2e-07* 3.3e-07* 1.9e-07* 4.2e-07* 1.7e-06  8.3e-07* 1.4e-06  2.3e-07*  LinDep: 2.2e-11* 
 Iter:  25 SS: 372  E:  -90.57545409*  -90.50852325*  -90.50794259*  -90.50723107*  -90.50687305*  -90.44124541   -90.44095590   -90.44085522   -90.44077074   -90.44065955*  -90.44052954*  -90.44030953*  -90.44019088*  -90.43992315*  -90.43962178*  -90.43939504   -90.43926486   -90.43923581   -90.43919909   -90.43914347   -90.43866034   -90.43859044   -90.43843240   -90.43535720*  -90.43257761*  -90.43225344*  -90.43165422*  -90.43135823   -90.43133119*  -90.43121080   -90.43016926*  R: 3.1e-10* 7.9e-07* 7.4e-07* 5.7e-07* 5.0e-07* 1.3e-06  4.0e-06  4.7e-06  3.2e-06  6.5e-07* 4.3e-07* 4.5e-07* 4.5e-07* 5.1e-07* 8.7e-07* 1.0e-06  2.0e-06  5.2e-06  1.3e-05  1.2e-05  4.8e-06  4.8e-06  2.3e-06  2.3e-07* 3.4e-07* 1.6e-07* 4.3e-07* 1.7e-06  7.8e-07* 1.5e-06  2.4e-07*  LinDep: 8.4e-12* 
 Iter:  26 SS: 372  E:  -90.57545409*  -90.50852325*  -90.50794259*  -90.50723107*  -90.50687305*  -90.44124541   -90.44095590   -90.44085522   -90.44077074   -90.44065955*  -90.44052954*  -90.44030953*  -90.44019088*  -90.43992315*  -90.43962178*  -90.43939504   -90.43926487   -90.43923582   -90.43919909   -90.43914347   -90.43866035   -90.43859044   -90.43843240   -90.43535720*  -90.43257761*  -90.43225344*  -90.43165422*  -90.43135823   -90.43133119*  -90.43121080   -90.43016926*  R: 3.2e-10* 8.5e-07* 7.9e-07* 6.2e-07* 5.4e-07* 1.4e-06  4.3e-06  5.0e-06  3.4e-06  7.0e-07* 4.4e-07* 4.5e-07* 4.8e-07* 5.3e-07* 9.7e-07* 1.1e-06  2.1e-06  5.8e-06  1.3e-05  1.2e-05  5.1e-06  5.1e-06  2.5e-06  2.5e-07* 3.6e-07* 1.3e-07* 4.3e-07* 1.9e-06  9.0e-07* 1.6e-06  2.5e-07*  LinDep: 2.9e-11* 
 Iter:  27 SS: 372  E:  -90.57545409*  -90.50852325*  -90.50794259*  -90.50723107*  -90.50687305*  -90.44124541   -90.44095590   -90.44085522   -90.44077074   -90.44065955*  -90.44052954*  -90.44030953*  -90.44019088*  -90.43992315*  -90.43962178   -90.43939504   -90.43926487   -90.43923582   -90.43919909   -90.43914346   -90.43866035   -90.43859044   -90.43843240   -90.43535720*  -90.43257761*  -90.43225344*  -90.43165422*  -90.43135823   -90.43133119   -90.43121080   -90.43016926*  R: 3.2e-10* 9.0e-07* 8.4e-07* 6.6e-07* 5.7e-07* 1.5e-06  4.6e-06  5.3e-06  3.6e-06  7.8e-07* 4.8e-07* 4.7e-07* 5.4e-07* 5.8e-07* 1.1e-06  1.2e-06  2.2e-06  6.2e-06  1.4e-05  1.3e-05  5.4e-06  5.4e-06  2.6e-06  2.6e-07* 3.7e-07* 1.2e-07* 4.1e-07* 2.1e-06  1.0e-06  1.8e-06  2.6e-07*  LinDep: 8.8e-12* 
 Iter:  28 SS: 372  E:  -90.57545409*  -90.50852325*  -90.50794259*  -90.50723107*  -90.50687305*  -90.44124541   -90.44095590   -90.44085522   -90.44077074   -90.44065955*  -90.44052954*  -90.44030953*  -90.44019088*  -90.43992315*  -90.43962178   -90.43939504   -90.43926487   -90.43923583   -90.43919909   -90.43914345   -90.43866035   -90.43859044   -90.43843240   -90.43535720*  -90.43257761*  -90.43225344*  -90.43165422*  -90.43135823   -90.43133119   -90.43121080   -90.43016926*  R: 3.3e-10* 9.6e-07* 8.9e-07* 6.9e-07* 6.0e-07* 1.5e-06  5.0e-06  5.6e-06  3.8e-06  8.5e-07* 5.1e-07* 4.9e-07* 5.8e-07* 6.2e-07* 1.2e-06  1.3e-06  2.2e-06  6.9e-06  1.5e-05  1.4e-05  5.7e-06  5.6e-06  2.8e-06  2.8e-07* 3.9e-07* 1.2e-07* 4.1e-07* 2.2e-06  1.1e-06  1.9e-06  2.6e-07*  LinDep: 4.2e-11* 
 Iter:  29 SS: 372  E:  -90.57545409*  -90.50852325   -90.50794259*  -90.50723107*  -90.50687305*  -90.44124541   -90.44095590   -90.44085522   -90.44077074   -90.44065955*  -90.44052954*  -90.44030953*  -90.44019088*  -90.43992315*  -90.43962178   -90.43939504   -90.43926487   -90.43923584   -90.43919908   -90.43914344   -90.43866035   -90.43859044   -90.43843240   -90.43535720*  -90.43257761*  -90.43225344*  -90.43165422*  -90.43135823   -90.43133119   -90.43121080   -90.43016926*  R: 3.3e-10* 1.0e-06  9.3e-07* 7.3e-07* 6.2e-07* 1.6e-06  5.3e-06  6.0e-06  4.0e-06  9.2e-07* 5.5e-07* 5.1e-07* 6.2e-07* 6.7e-07* 1.3e-06  1.5e-06  2.3e-06  7.5e-06  1.6e-05  1.4e-05  6.0e-06  5.9e-06  3.0e-06  2.9e-07* 4.0e-07* 1.2e-07* 4.1e-07* 2.3e-06  1.1e-06  2.0e-06  2.7e-07*  LinDep: 2.6e-12* 
 Iter:  30 SS: 372  E:  -90.57545409*  -90.50852325   -90.50794259*  -90.50723107*  -90.50687305*  -90.44124541   -90.44095590   -90.44085522   -90.44077074   -90.44065955*  -90.44052954*  -90.44030953*  -90.44019088*  -90.43992315*  -90.43962178   -90.43939504   -90.43926488   -90.43923584   -90.43919908   -90.43914344   -90.43866035   -90.43859043   -90.43843240   -90.43535720*  -90.43257761*  -90.43225344*  -90.43165422*  -90.43135823   -90.43133119   -90.43121080   -90.43016926*  R: 3.4e-10* 1.0e-06  9.6e-07* 7.6e-07* 6.4e-07* 1.6e-06  5.5e-06  6.3e-06  4.3e-06  9.9e-07* 5.8e-07* 5.4e-07* 6.7e-07* 7.1e-07* 1.4e-06  1.5e-06  2.4e-06  8.2e-06  1.6e-05  1.5e-05  6.4e-06  6.3e-06  3.1e-06  3.1e-07* 4.2e-07* 1.3e-07* 4.1e-07* 2.5e-06  1.1e-06  2.2e-06  2.7e-07*  LinDep: 3.0e-11* 
 Iter:  31 SS: 372  E:  -90.57545409*  -90.50852325   -90.50794259   -90.50723107*  -90.50687305*  -90.44124541   -90.44095591   -90.44085522   -90.44077074   -90.44065955   -90.44052954*  -90.44030953*  -90.44019088*  -90.43992315*  -90.43962178   -90.43939504   -90.43926489   -90.43923584   -90.43919908   -90.43914343   -90.43866036   -90.43859043   -90.43843240   -90.43535720*  -90.43257761*  -90.43225344*  -90.43165422*  -90.43135823   -90.43133118   -90.43121080   -90.43016926*  R: 3.5e-10* 1.1e-06  1.0e-06  7.8e-07* 6.6e-07* 1.7e-06  5.8e-06  6.6e-06  4.4e-06  1.1e-06  6.2e-07* 5.9e-07* 7.2e-07* 7.6e-07* 1.5e-06  1.6e-06  2.7e-06  8.6e-06  1.7e-05  1.6e-05  6.9e-06  6.8e-06  3.3e-06  3.2e-07* 4.3e-07* 1.4e-07* 4.2e-07* 2.8e-06  1.4e-06  2.4e-06  2.8e-07*  LinDep: 3.3e-11* 
 Iter:  32 SS: 372  E:  -90.57545409*  -90.50852325   -90.50794259   -90.50723107*  -90.50687305*  -90.44124541   -90.44095591   -90.44085522   -90.44077074   -90.44065955   -90.44052954*  -90.44030953*  -90.44019088*  -90.43992315*  -90.43962178   -90.43939504   -90.43926489   -90.43923584   -90.43919909   -90.43914342   -90.43866036   -90.43859043   -90.43843240   -90.43535720*  -90.43257761*  -90.43225344*  -90.43165422*  -90.43135824   -90.43133118   -90.43121080   -90.43016926*  R: 3.6e-10* 1.1e-06  1.0e-06  8.1e-07* 6.7e-07* 1.8e-06  6.0e-06  6.9e-06  4.6e-06  1.1e-06  6.9e-07* 6.3e-07* 7.5e-07* 8.2e-07* 1.6e-06  1.7e-06  2.8e-06  8.9e-06  1.7e-05  1.6e-05  7.3e-06  7.2e-06  3.4e-06  3.4e-07* 4.4e-07* 1.6e-07* 4.4e-07* 3.2e-06  1.7e-06  2.7e-06  2.8e-07*  LinDep: 2.0e-11* 
 Iter:  33 SS: 372  E:  -90.57545409*  -90.50852325   -90.50794259   -90.50723107*  -90.50687305*  -90.44124541   -90.44095591   -90.44085522   -90.44077073   -90.44065955   -90.44052954*  -90.44030953*  -90.44019088*  -90.43992315*  -90.43962178   -90.43939504   -90.43926489   -90.43923583   -90.43919909   -90.43914342   -90.43866036   -90.43859043   -90.43843240   -90.43535720*  -90.43257761*  -90.43225344*  -90.43165422*  -90.43135824   -90.43133118   -90.43121080   -90.43016926*  R: 3.7e-10* 1.2e-06  1.1e-06  8.2e-07* 6.7e-07* 1.8e-06  6.2e-06  7.1e-06  4.8e-06  1.2e-06  7.1e-07* 6.7e-07* 7.8e-07* 8.6e-07* 1.7e-06  1.9e-06  3.2e-06  9.0e-06  1.8e-05  1.7e-05  7.7e-06  7.7e-06  3.6e-06  3.5e-07* 4.7e-07* 1.9e-07* 4.4e-07* 3.4e-06  1.8e-06  2.9e-06  2.9e-07*  LinDep: 4.4e-11* 
 Iter:  34 SS: 372  E:  -90.57545409*  -90.50852325   -90.50794259   -90.50723107*  -90.50687305*  -90.44124541   -90.44095591   -90.44085522   -90.44077073   -90.44065955   -90.44052954*  -90.44030953*  -90.44019088*  -90.43992315*  -90.43962178   -90.43939504   -90.43926490   -90.43923583   -90.43919909   -90.43914342   -90.43866036   -90.43859043   -90.43843240   -90.43535720*  -90.43257761*  -90.43225344*  -90.43165422*  -90.43135824   -90.43133118   -90.43121080   -90.43016926*  R: 3.8e-10* 1.3e-06  1.2e-06  8.3e-07* 6.6e-07* 1.9e-06  6.5e-06  7.4e-06  5.0e-06  1.2e-06  7.5e-07* 7.3e-07* 8.4e-07* 8.9e-07* 1.7e-06  1.9e-06  3.5e-06  9.1e-06  1.8e-05  1.7e-05  8.1e-06  8.0e-06  3.9e-06  3.7e-07* 4.8e-07* 2.1e-07* 4.3e-07* 3.7e-06  1.9e-06  3.1e-06  3.0e-07*  LinDep: 1.4e-11* 
 Iter:  35 SS: 372  E:  -90.57545409*  -90.50852325   -90.50794259   -90.50723107*  -90.50687305*  -90.44124541   -90.44095591   -90.44085522   -90.44077073   -90.44065955   -90.44052954*  -90.44030953*  -90.44019088*  -90.43992315*  -90.43962178   -90.43939504   -90.43926490   -90.43923583   -90.43919910   -90.43914341   -90.43866036   -90.43859042   -90.43843240   -90.43535720*  -90.43257761*  -90.43225344*  -90.43165422*  -90.43135824   -90.43133118   -90.43121080   -90.43016926*  R: 3.8e-10* 1.3e-06  1.2e-06  8.6e-07* 6.8e-07* 1.9e-06  6.7e-06  7.7e-06  5.2e-06  1.3e-06  7.9e-07* 7.8e-07* 8.7e-07* 9.3e-07* 1.8e-06  2.0e-06  3.9e-06  9.1e-06  1.9e-05  1.8e-05  8.5e-06  8.4e-06  4.1e-06  3.8e-07* 5.0e-07* 2.4e-07* 4.2e-07* 3.9e-06  2.0e-06  3.3e-06  3.0e-07*  LinDep: 4.9e-11* 
 Iter:  36 SS: 372  E:  -90.57545409*  -90.50852325   -90.50794259   -90.50723107*  -90.50687305*  -90.44124541   -90.44095591   -90.44085522   -90.44077073   -90.44065955   -90.44052954*  -90.44030953*  -90.44019088*  -90.43992315*  -90.43962178   -90.43939504   -90.43926491   -90.43923582   -90.43919910   -90.43914341   -90.43866037   -90.43859042   -90.43843240   -90.43535720*  -90.43257761*  -90.43225344*  -90.43165422*  -90.43135824   -90.43133118   -90.43121080   -90.43016926*  R: 3.9e-10* 1.4e-06  1.3e-06  8.9e-07* 6.9e-07* 2.0e-06  6.9e-06  7.9e-06  5.5e-06  1.4e-06  8.3e-07* 8.6e-07* 9.2e-07* 9.8e-07* 1.8e-06  2.1e-06  4.3e-06  9.1e-06  1.9e-05  1.8e-05  8.9e-06  8.7e-06  4.3e-06  3.9e-07* 5.2e-07* 2.8e-07* 4.3e-07* 4.1e-06  2.2e-06  3.5e-06  3.1e-07*  LinDep: 6.0e-11* 
 Iter:  37 SS: 372  E:  -90.57545409*  -90.50852325   -90.50794259   -90.50723107*  -90.50687305*  -90.44124541   -90.44095591   -90.44085522   -90.44077073   -90.44065955   -90.44052954*  -90.44030953*  -90.44019088*  -90.43992315   -90.43962178   -90.43939505   -90.43926491   -90.43923582   -90.43919910   -90.43914341   -90.43866037   -90.43859042   -90.43843240   -90.43535720*  -90.43257761*  -90.43225344*  -90.43165422*  -90.43135824   -90.43133118   -90.43121080   -90.43016926*  R: 4.0e-10* 1.5e-06  1.4e-06  9.1e-07* 7.0e-07* 2.1e-06  7.1e-06  8.2e-06  5.6e-06  1.4e-06  8.7e-07* 9.3e-07* 9.8e-07* 1.0e-06  1.8e-06  2.2e-06  4.7e-06  9.0e-06  1.9e-05  1.8e-05  9.2e-06  9.1e-06  4.5e-06  4.0e-07* 5.4e-07* 3.3e-07* 4.4e-07* 4.4e-06  2.4e-06  3.7e-06  3.2e-07*  LinDep: 5.5e-11* 
 Iter:  38 SS: 372  E:  -90.57545409*  -90.50852325   -90.50794259   -90.50723107*  -90.50687305*  -90.44124541   -90.44095591   -90.44085522   -90.44077073   -90.44065955   -90.44052954*  -90.44030953   -90.44019088   -90.43992315   -90.43962178   -90.43939505   -90.43926491   -90.43923582   -90.43919910   -90.43914340   -90.43866037   -90.43859042   -90.43843240   -90.43535720*  -90.43257761*  -90.43225344*  -90.43165422*  -90.43135824   -90.43133118   -90.43121080   -90.43016926*  R: 4.1e-10* 1.6e-06  1.4e-06  9.4e-07* 7.1e-07* 2.2e-06  7.3e-06  8.4e-06  5.8e-06  1.5e-06  9.3e-07* 1.0e-06  1.1e-06  1.1e-06  1.8e-06  2.2e-06  5.1e-06  8.8e-06  1.9e-05  1.9e-05  9.5e-06  9.4e-06  4.8e-06  4.1e-07* 5.5e-07* 3.9e-07* 4.3e-07* 4.6e-06  2.5e-06  3.9e-06  3.3e-07*  LinDep: 1.2e-10* 
 Iter:  39 SS: 31   E:  -90.57545409*  -90.50852325*  -90.50794259*  -90.50723107*  -90.50687305*  -90.44124541*  -90.44095589*  -90.44085522*  -90.44077075*  -90.44065955*  -90.44052954*  -90.44030953*  -90.44019088*  -90.43992315*  -90.43962178*  -90.43939504*  -90.43926484*  -90.43923579*  -90.43919901*  -90.43914360*  -90.43866033*  -90.43859046*  -90.43843240*  -90.43535720*  -90.43257761*  -90.43225344*  -90.43165422*  -90.43135822*  -90.43133120*  -90.43121080*  -90.43016926*  R: 2.8e-10* 1.0e-09* 1.1e-09* 1.0e-09* 6.3e-10* 4.8e-09* 7.1e-09* 6.2e-09* 4.7e-09* 4.6e-09* 4.7e-09* 3.1e-09* 6.2e-09* 4.7e-09* 6.4e-09* 3.1e-09* 4.5e-09* 7.4e-09* 1.9e-08* 1.6e-08* 7.4e-09* 6.8e-09* 4.8e-09* 1.2e-08* 2.3e-08* 6.3e-09* 4.2e-09* 7.6e-09* 1.2e-08* 6.2e-09* 1.1e-08*  LinDep: 1.6e-15* 
 Diagonalization time:                             4374.713048 seconds
 Compute <S^2>:                                      7.806028 seconds (14.59 M allocations: 5.554 GiB, 52.57% gc time, 0.08% compilation time)
  Root       Energy           S2
     1 -90.57545409   0.00003889
     2 -90.50852325   2.00002747
     3 -90.50794259   2.00005124
     4 -90.50723107   2.00002876
     5 -90.50687305   2.00004904
     6 -90.44124541   0.06047398
     7 -90.44095589   0.25892062
     8 -90.44085522   2.00038640
     9 -90.44077075   5.67608118
    10 -90.44065955   0.00735989
    11 -90.44052954   2.00024275
    12 -90.44030953   0.01791823
    13 -90.44019088   2.00025643
    14 -90.43992315   2.00013614
    15 -90.43962178   5.98351026
    16 -90.43939504   5.94009567
    17 -90.43926484   5.60073400
    18 -90.43923579   0.88231652
    19 -90.43919901   2.00021959
    20 -90.43914360   5.56767064
    21 -90.43866033   0.08255407
    22 -90.43859046   2.00025143
    23 -90.43843240   5.92400838
    24 -90.43535720   0.00042271
    25 -90.43257761   0.00024820
    26 -90.43225344   2.00002501
    27 -90.43165422   2.00005120
    28 -90.43135822   2.00002968
    29 -90.43133120   0.00044803
    30 -90.43121080   2.00004665
    31 -90.43016926   0.00025762
 ==================================================================|
 Diagonalization time:                             4731.740434 seconds
 Compute <0|H0|0>:                                   1.516579 seconds (3.19 M allocations: 1.376 GiB, 52.96% gc time, 0.96% compilation time)
  Root      <0|H|0>      <0|F|0>
     1 -90.57545409 -42.40030848
     2 -90.50852325 -42.32987183
     3 -90.50794259 -42.33170797
     4 -90.50723107 -42.33108657
     5 -90.50687305 -42.33130947
     6 -90.44124541 -42.25777929
     7 -90.44095589 -42.25936276
     8 -90.44085522 -42.26143077
     9 -90.44077075 -42.26194025
    10 -90.44065955 -42.25739568
    11 -90.44052954 -42.25917082
    12 -90.44030953 -42.26059716
    13 -90.44019088 -42.25917125
    14 -90.43992315 -42.26132645
    15 -90.43962178 -42.26159415
    16 -90.43939504 -42.26277699
    17 -90.43926484 -42.26322169
    18 -90.43923579 -42.26293576
    19 -90.43919901 -42.26291797
    20 -90.43914360 -42.26329923
    21 -90.43866033 -42.26159911
    22 -90.43859046 -42.26186928
    23 -90.43843240 -42.26289931
    24 -90.43535720 -42.23866478
    25 -90.43257761 -42.24937573
    26 -90.43225344 -42.25297942
    27 -90.43165422 -42.25464110
    28 -90.43135822 -42.25341807
    29 -90.43133120 -42.24482750
    30 -90.43121080 -42.25293171
    31 -90.43016926 -42.24605995
 Number of jobs:    7811
 Number of threads: 2
 |----------------------------------------------------------------------------------------------------|
 |0%                                                                                              100%|
 |----------------------------------------------------------------------------------------------------|
 Time spent computing E2:                          172453.3 s Allocated:    1.8e+05 GB
 State   1: E(PT2) corr:                          -0.00005748
 State   2: E(PT2) corr:                          -0.00009139
 State   3: E(PT2) corr:                          -0.00007487
 State   4: E(PT2) corr:                          -0.00007710
 State   5: E(PT2) corr:                          -0.00008092
 State   6: E(PT2) corr:                          -0.00034539
 State   7: E(PT2) corr:                          -0.00030962
 State   8: E(PT2) corr:                          -0.00032976
 State   9: E(PT2) corr:                          -0.00028786
 State  10: E(PT2) corr:                          -0.00030747
 State  11: E(PT2) corr:                          -0.00033179
 State  12: E(PT2) corr:                          -0.00026790
 State  13: E(PT2) corr:                          -0.00029907
 State  14: E(PT2) corr:                          -0.00026224
 State  15: E(PT2) corr:                          -0.00025197
 State  16: E(PT2) corr:                          -0.00022104
 State  17: E(PT2) corr:                          -0.00020840
 State  18: E(PT2) corr:                          -0.00022585
 State  19: E(PT2) corr:                          -0.00023413
 State  20: E(PT2) corr:                          -0.00020948
 State  21: E(PT2) corr:                          -0.00023985
 State  22: E(PT2) corr:                          -0.00024164
 State  23: E(PT2) corr:                          -0.00020348
 State  24: E(PT2) corr:                          -0.00031000
 State  25: E(PT2) corr:                          -0.00022137
 State  26: E(PT2) corr:                          -0.00017128
 State  27: E(PT2) corr:                          -0.00013102
 State  28: E(PT2) corr:                          -0.00015433
 State  29: E(PT2) corr:                          -0.00024525
 State  30: E(PT2) corr:                          -0.00013908
 State  31: E(PT2) corr:                          -0.00021748
  Root         E(0)         E(2)
     1 -90.57545409 -90.57551157
     2 -90.50852325 -90.50861464
     3 -90.50794259 -90.50801747
     4 -90.50723107 -90.50730818
     5 -90.50687305 -90.50695396
     6 -90.44124541 -90.44159080
     7 -90.44095589 -90.44126551
     8 -90.44085522 -90.44118498
     9 -90.44077075 -90.44105860
    10 -90.44065955 -90.44096702
    11 -90.44052954 -90.44086133
    12 -90.44030953 -90.44057744
    13 -90.44019088 -90.44048995
    14 -90.43992315 -90.44018539
    15 -90.43962178 -90.43987375
    16 -90.43939504 -90.43961608
    17 -90.43926484 -90.43947323
    18 -90.43923579 -90.43946164
    19 -90.43919901 -90.43943315
    20 -90.43914360 -90.43935308
    21 -90.43866033 -90.43890018
    22 -90.43859046 -90.43883210
    23 -90.43843240 -90.43863589
    24 -90.43535720 -90.43566720
    25 -90.43257761 -90.43279898
    26 -90.43225344 -90.43242472
    27 -90.43165422 -90.43178525
    28 -90.43135822 -90.43151255
    29 -90.43133120 -90.43157645
    30 -90.43121080 -90.43134988
    31 -90.43016926 -90.43038675
 ......................................................................................|
177197.877100 seconds (6.23 G allocations: 168.320 TiB, 50.93% gc time, 0.08% compilation time)

 --------------------------------------------------
 ---------- # Fockspaces -------------------:   225  
 ---------- # Configs    -------------------: 81504  
 ---------- Root ---------------------------:     1  
 --------------------------------------------------
 Printing contributions greater than: 0.010000
 Weight              # configs (full)    (α,β)...            
 -------             --------- --------- ----------          
 0.999                                   ( 5,5 )( 5,5 )( 5,5 )( 5,5 )
     0.997           1         1             1:1    1:1    1:1    1:1
     0.036           342       9801        2:100  2:100    1:1    1:1
     0.029           240       9801        2:100    1:1  2:100    1:1
     0.035           342       9801        2:100    1:1    1:1  2:100
     0.034           306       9801          1:1  2:100  2:100    1:1
     0.028           225       9801          1:1  2:100    1:1  2:100
 ---------                               ----------          
 0.010                                   ( 6,5 )( 5,5 )( 5,5 )( 4,5 )
     0.010           675       10000       1:100    1:1    1:1  1:100
 ---------                               ----------          
 0.010                                   ( 4,5 )( 6,5 )( 5,5 )( 5,5 )
     0.010           624       10000       1:100  1:100    1:1    1:1
 ---------                               ----------          
 0.011                                   ( 5,5 )( 6,5 )( 4,5 )( 5,5 )
     0.011           576       10000         1:1  1:100  1:100    1:1
 ---------                               ----------          
 0.010                                   ( 5,5 )( 4,5 )( 6,5 )( 5,5 )
     0.010           650       10000         1:1  1:100  1:100    1:1
 ---------                               ----------          
 0.011                                   ( 4,5 )( 5,5 )( 5,5 )( 6,5 )
     0.011           676       10000       1:100    1:1    1:1  1:100
 ---------                               ----------          
 0.010                                   ( 5,6 )( 5,5 )( 5,5 )( 5,4 )
     0.010           675       10000       1:100    1:1    1:1  1:100
 ---------                               ----------          
 0.010                                   ( 5,4 )( 5,6 )( 5,5 )( 5,5 )
     0.010           624       10000       1:100  1:100    1:1    1:1
 ---------                               ----------          
 0.011                                   ( 5,5 )( 5,6 )( 5,4 )( 5,5 )
     0.011           576       10000         1:1  1:100  1:100    1:1
 ---------                               ----------          
 0.010                                   ( 5,5 )( 5,4 )( 5,6 )( 5,5 )
     0.010           650       10000         1:1  1:100  1:100    1:1
 ---------                               ----------          
 0.011                                   ( 5,4 )( 5,5 )( 5,5 )( 5,6 )
     0.011           676       10000       1:100    1:1    1:1  1:100
 ---------                               ----------          
 --------------------------------------------------


 |...................................BST-PT2............................................
 H0          : Hcmf
 nbody       : 4
 thresh_foi  : 0.0001
 max_number  : nothing
 opt_ref     : true
 ci_tol      : 1.0e-6
 verbose     : 2

 Length of Reference:                                   81504
 Solve zeroth-order problem:                       
 |== BST CI ========================================================
 Solve CI with # variables:                             81504
 Cache Hamiltonian:                                445.183127 seconds (19.33 M allocations: 70.852 GiB, 32.22% gc time)
 Iter:   1 SS: 31   E:  -90.57547205   -90.50853786   -90.50795918   -90.50724480   -90.50689192   -90.44128084   -90.44099196   -90.44089020   -90.44080647   -90.44069063   -90.44056286   -90.44034176   -90.44021729   -90.43995466   -90.43965548   -90.43942654   -90.43929623   -90.43927047   -90.43923360   -90.43917641   -90.43869372   -90.43862161   -90.43846317   -90.43538681   -90.43260192   -90.43227389   -90.43167041   -90.43137884   -90.43135403   -90.43122840   -90.43019062   R: 3.0e-05  8.5e-05  9.8e-05  7.7e-05  7.8e-05  1.2e-04  1.2e-04  1.0e-04  1.4e-04  1.2e-04  8.1e-05  1.3e-04  8.9e-05  9.4e-05  1.3e-04  1.3e-04  1.3e-04  1.3e-04  9.9e-05  1.2e-04  1.1e-04  9.7e-05  1.2e-04  1.2e-04  1.1e-04  1.1e-04  1.1e-04  1.0e-04  1.2e-04  8.0e-05  9.2e-05   LinDep: 3.3e-16* 
 Iter:   2 SS: 62   E:  -90.57547205   -90.50853787   -90.50795920   -90.50724481   -90.50689193   -90.44128086   -90.44099199   -90.44089022   -90.44080651   -90.44069066   -90.44056287   -90.44034179   -90.44021730   -90.43995468   -90.43965551   -90.43942657   -90.43929627   -90.43927050   -90.43923362   -90.43917644   -90.43869375   -90.43862162   -90.43846320   -90.43538684   -90.43260194   -90.43227391   -90.43167043   -90.43137886   -90.43135406   -90.43122841   -90.43019063   R: 9.5e-06  2.3e-05  2.7e-05  2.1e-05  2.6e-05  4.0e-05  3.9e-05  3.6e-05  4.5e-05  3.5e-05  2.6e-05  4.4e-05  3.3e-05  3.2e-05  4.3e-05  3.9e-05  3.9e-05  4.1e-05  3.2e-05  3.7e-05  4.1e-05  2.9e-05  3.8e-05  5.0e-05  4.5e-05  3.7e-05  3.4e-05  4.0e-05  3.9e-05  3.1e-05  4.0e-05   LinDep: 4.9e-15* 
 Iter:   3 SS: 93   E:  -90.57547205   -90.50853787   -90.50795920   -90.50724481   -90.50689193   -90.44128087   -90.44099199   -90.44089023   -90.44080651   -90.44069066   -90.44056287   -90.44034180   -90.44021731   -90.43995468   -90.43965552   -90.43942658   -90.43929627   -90.43927051   -90.43923362   -90.43917644   -90.43869375   -90.43862163   -90.43846321   -90.43538684   -90.43260195   -90.43227391   -90.43167043   -90.43137887   -90.43135406   -90.43122841   -90.43019064   R: 4.4e-06  1.1e-05  1.2e-05  1.0e-05  1.2e-05  2.7e-05  2.8e-05  2.6e-05  3.1e-05  2.0e-05  1.9e-05  3.5e-05  2.0e-05  2.4e-05  2.5e-05  2.6e-05  2.5e-05  2.8e-05  2.1e-05  2.3e-05  2.5e-05  2.0e-05  1.9e-05  3.4e-05  4.2e-05  2.7e-05  2.7e-05  3.0e-05  2.1e-05  1.9e-05  3.1e-05   LinDep: 2.7e-15* 
 Iter:   4 SS: 124  E:  -90.57547205   -90.50853787   -90.50795920   -90.50724481   -90.50689193   -90.44128087   -90.44099199   -90.44089023   -90.44080651   -90.44069066   -90.44056287   -90.44034180   -90.44021731   -90.43995468   -90.43965552   -90.43942658   -90.43929627   -90.43927051   -90.43923362   -90.43917645   -90.43869375   -90.43862163   -90.43846321   -90.43538684   -90.43260195   -90.43227392   -90.43167044   -90.43137887   -90.43135406   -90.43122842   -90.43019064   R: 2.0e-06  6.4e-06  6.1e-06  5.8e-06  6.5e-06  1.7e-05  2.0e-05  2.1e-05  1.9e-05  1.1e-05  1.1e-05  2.9e-05  1.3e-05  2.2e-05  1.4e-05  1.5e-05  1.4e-05  1.7e-05  1.3e-05  1.3e-05  1.6e-05  1.4e-05  1.0e-05  2.5e-05  3.8e-05  2.5e-05  2.6e-05  2.5e-05  1.5e-05  1.3e-05  2.5e-05   LinDep: 8.9e-16* 
 Iter:   5 SS: 155  E:  -90.57547205*  -90.50853787   -90.50795920   -90.50724481   -90.50689193   -90.44128087   -90.44099199   -90.44089023   -90.44080651   -90.44069067   -90.44056287   -90.44034181   -90.44021731   -90.43995469   -90.43965552   -90.43942658   -90.43929627   -90.43927051   -90.43923362   -90.43917645   -90.43869375   -90.43862163   -90.43846321   -90.43538684   -90.43260196   -90.43227392   -90.43167044   -90.43137887   -90.43135406   -90.43122842   -90.43019064   R: 9.7e-07* 3.3e-06  3.4e-06  3.0e-06  3.4e-06  9.5e-06  1.3e-05  1.2e-05  1.0e-05  6.9e-06  6.5e-06  1.8e-05  9.4e-06  1.3e-05  7.5e-06  6.9e-06  7.0e-06  7.7e-06  6.6e-06  6.3e-06  1.1e-05  8.9e-06  6.1e-06  2.0e-05  2.9e-05  1.8e-05  1.9e-05  2.0e-05  1.3e-05  9.8e-06  2.0e-05   LinDep: 2.7e-15* 
 Iter:   6 SS: 186  E:  -90.57547205*  -90.50853787   -90.50795920   -90.50724481   -90.50689193   -90.44128087   -90.44099199   -90.44089023   -90.44080651   -90.44069067   -90.44056287   -90.44034181   -90.44021731   -90.43995469   -90.43965552   -90.43942658   -90.43929628   -90.43927050   -90.43923362   -90.43917645   -90.43869375   -90.43862163   -90.43846321   -90.43538685   -90.43260196   -90.43227392   -90.43167044   -90.43137887   -90.43135406   -90.43122842   -90.43019064   R: 4.8e-07* 1.7e-06  1.8e-06  1.7e-06  1.8e-06  5.3e-06  8.4e-06  6.9e-06  6.1e-06  4.2e-06  3.8e-06  1.3e-05  6.6e-06  8.1e-06  4.2e-06  3.7e-06  3.9e-06  4.2e-06  3.1e-06  3.3e-06  7.7e-06  6.4e-06  3.5e-06  1.6e-05  1.9e-05  1.1e-05  1.2e-05  1.6e-05  1.2e-05  1.0e-05  1.7e-05   LinDep: 1.7e-14* 
 Iter:   7 SS: 217  E:  -90.57547205*  -90.50853787*  -90.50795920   -90.50724481*  -90.50689193*  -90.44128087   -90.44099199   -90.44089023   -90.44080651   -90.44069067   -90.44056287   -90.44034181   -90.44021731   -90.43995469   -90.43965552   -90.43942658   -90.43929628   -90.43927050   -90.43923362   -90.43917645   -90.43869375   -90.43862163   -90.43846321   -90.43538685   -90.43260196   -90.43227392   -90.43167044   -90.43137887   -90.43135406   -90.43122842   -90.43019064   R: 2.4e-07* 8.8e-07* 1.0e-06  9.9e-07* 8.6e-07* 3.6e-06  5.6e-06  4.4e-06  3.2e-06  3.1e-06  2.7e-06  8.5e-06  5.1e-06  5.2e-06  2.1e-06  2.1e-06  2.2e-06  2.5e-06  1.8e-06  1.8e-06  5.4e-06  4.3e-06  1.8e-06  1.3e-05  1.4e-05  7.5e-06  7.3e-06  1.2e-05  1.1e-05  1.1e-05  1.4e-05   LinDep: 1.2e-14* 
 Iter:   8 SS: 248  E:  -90.57547205*  -90.50853787*  -90.50795920*  -90.50724481*  -90.50689193*  -90.44128087   -90.44099199   -90.44089023   -90.44080651   -90.44069067   -90.44056287   -90.44034181   -90.44021731   -90.43995469   -90.43965552   -90.43942658   -90.43929630   -90.43927049   -90.43923362   -90.43917644   -90.43869375   -90.43862163   -90.43846321   -90.43538685   -90.43260196   -90.43227392   -90.43167044   -90.43137887   -90.43135406   -90.43122842   -90.43019064   R: 1.2e-07* 4.8e-07* 5.8e-07* 6.1e-07* 4.5e-07* 2.8e-06  3.7e-06  2.9e-06  1.7e-06  2.4e-06  1.8e-06  5.6e-06  3.4e-06  3.4e-06  1.1e-06  1.2e-06  1.5e-06  1.9e-06  1.3e-06  1.2e-06  4.2e-06  3.0e-06  1.0e-06  1.0e-05  9.6e-06  5.4e-06  4.7e-06  8.2e-06  8.6e-06  9.3e-06  1.1e-05   LinDep: 3.7e-14* 
 Iter:   9 SS: 279  E:  -90.57547205*  -90.50853787*  -90.50795920*  -90.50724481*  -90.50689193*  -90.44128087   -90.44099199   -90.44089023   -90.44080651   -90.44069067   -90.44056287   -90.44034181   -90.44021731   -90.43995469   -90.43965552*  -90.43942658*  -90.43929632   -90.43927046   -90.43923362   -90.43917644   -90.43869375   -90.43862163   -90.43846321*  -90.43538685   -90.43260196   -90.43227392   -90.43167044   -90.43137888   -90.43135406   -90.43122842   -90.43019064   R: 5.2e-08* 2.9e-07* 3.6e-07* 3.7e-07* 2.7e-07* 2.3e-06  2.8e-06  2.3e-06  1.2e-06  1.7e-06  1.5e-06  4.3e-06  2.4e-06  2.8e-06  7.0e-07* 7.8e-07* 1.8e-06  2.1e-06  1.1e-06  1.1e-06  3.2e-06  2.3e-06  6.9e-07* 8.2e-06  7.6e-06  4.3e-06  3.9e-06  7.0e-06  6.5e-06  7.5e-06  8.2e-06   LinDep: 3.1e-14* 
 Iter:  10 SS: 310  E:  -90.57547205*  -90.50853787*  -90.50795920*  -90.50724481*  -90.50689193*  -90.44128087   -90.44099199   -90.44089023   -90.44080651   -90.44069067   -90.44056287   -90.44034181   -90.44021731   -90.43995469   -90.43965552*  -90.43942658*  -90.43929632   -90.43927046   -90.43923362*  -90.43917644   -90.43869375   -90.43862163   -90.43846321*  -90.43538685   -90.43260196   -90.43227392   -90.43167044   -90.43137888   -90.43135406   -90.43122842   -90.43019064   R: 2.2e-08* 1.9e-07* 2.2e-07* 2.1e-07* 1.6e-07* 1.9e-06  2.3e-06  2.2e-06  1.1e-06  1.4e-06  1.2e-06  3.4e-06  1.8e-06  2.4e-06  4.7e-07* 6.5e-07* 2.0e-06  2.1e-06  9.6e-07* 1.1e-06  2.2e-06  1.8e-06  5.7e-07* 6.7e-06  6.1e-06  3.6e-06  3.5e-06  5.8e-06  4.6e-06  5.8e-06  6.0e-06   LinDep: 3.5e-14* 
 Iter:  11 SS: 341  E:  -90.57547205*  -90.50853787*  -90.50795920*  -90.50724481*  -90.50689193*  -90.44128087   -90.44099199   -90.44089023   -90.44080651*  -90.44069067*  -90.44056287*  -90.44034181   -90.44021731   -90.43995469   -90.43965552*  -90.43942658*  -90.43929633   -90.43927046   -90.43923361*  -90.43917644   -90.43869375   -90.43862163   -90.43846321*  -90.43538685   -90.43260196   -90.43227392   -90.43167044   -90.43137888   -90.43135406   -90.43122842   -90.43019064   R: 1.1e-08* 1.2e-07* 1.2e-07* 1.2e-07* 9.2e-08* 1.3e-06  1.6e-06  1.8e-06  9.2e-07* 9.9e-07* 8.9e-07* 2.2e-06  1.3e-06  1.7e-06  3.4e-07* 6.8e-07* 2.4e-06  2.4e-06  6.3e-07* 1.2e-06  1.4e-06  1.3e-06  5.4e-07* 4.3e-06  4.3e-06  2.7e-06  3.0e-06  4.4e-06  3.1e-06  4.3e-06  4.4e-06   LinDep: 2.4e-14* 
 Iter:  12 SS: 372  E:  -90.57547205*  -90.50853787*  -90.50795920*  -90.50724481*  -90.50689193*  -90.44128087*  -90.44099199   -90.44089023   -90.44080651*  -90.44069067*  -90.44056287*  -90.44034181   -90.44021731   -90.43995469   -90.43965552*  -90.43942658*  -90.43929634   -90.43927045   -90.43923361*  -90.43917644   -90.43869375*  -90.43862163*  -90.43846321*  -90.43538685   -90.43260196   -90.43227392   -90.43167044   -90.43137888   -90.43135406   -90.43122842   -90.43019064   R: 4.8e-09* 8.4e-08* 7.9e-08* 6.4e-08* 5.5e-08* 7.5e-07* 1.1e-06  1.3e-06  9.3e-07* 6.9e-07* 6.0e-07* 1.3e-06  1.0e-06  1.1e-06  2.8e-07* 7.6e-07* 2.8e-06  2.8e-06  4.7e-07* 1.2e-06  9.4e-07* 8.7e-07* 5.5e-07* 2.8e-06  2.6e-06  1.9e-06  2.1e-06  3.6e-06  2.1e-06  3.8e-06  3.6e-06   LinDep: 3.6e-14* 
 Iter:  13 SS: 372  E:  -90.57547205*  -90.50853787*  -90.50795920*  -90.50724481*  -90.50689193*  -90.44128087*  -90.44099199*  -90.44089023   -90.44080651*  -90.44069067*  -90.44056287*  -90.44034181*  -90.44021731*  -90.43995469*  -90.43965552*  -90.43942658*  -90.43929636   -90.43927043   -90.43923361*  -90.43917644   -90.43869375*  -90.43862163*  -90.43846321*  -90.43538685   -90.43260196   -90.43227392   -90.43167044   -90.43137888   -90.43135405   -90.43122842   -90.43019064   R: 2.3e-09* 8.7e-08* 8.2e-08* 3.5e-08* 3.7e-08* 5.2e-07* 8.7e-07* 1.0e-06  9.5e-07* 5.1e-07* 4.9e-07* 9.5e-07* 8.7e-07* 7.4e-07* 2.7e-07* 8.7e-07* 3.5e-06  3.5e-06  4.1e-07* 1.3e-06  7.3e-07* 6.7e-07* 5.5e-07* 1.9e-06  1.6e-06  1.4e-06  1.5e-06  3.1e-06  1.5e-06  3.4e-06  3.1e-06   LinDep: 1.8e-14* 
 Iter:  14 SS: 372  E:  -90.57547205*  -90.50853787*  -90.50795920*  -90.50724481*  -90.50689193*  -90.44128087*  -90.44099199*  -90.44089023*  -90.44080651*  -90.44069067*  -90.44056287*  -90.44034181*  -90.44021731*  -90.43995469*  -90.43965552*  -90.43942658*  -90.43929637   -90.43927042   -90.43923361*  -90.43917644   -90.43869376*  -90.43862163*  -90.43846321*  -90.43538685   -90.43260196   -90.43227392   -90.43167044   -90.43137888   -90.43135405   -90.43122842   -90.43019064   R: 1.1e-09* 1.1e-07* 1.1e-07* 3.7e-08* 4.5e-08* 4.4e-07* 8.0e-07* 9.0e-07* 9.7e-07* 4.0e-07* 4.7e-07* 7.6e-07* 6.3e-07* 5.7e-07* 2.8e-07* 9.8e-07* 4.1e-06  4.1e-06  4.3e-07* 1.4e-06  6.8e-07* 6.1e-07* 5.7e-07* 1.2e-06  1.1e-06  1.1e-06  1.1e-06  2.6e-06  1.1e-06  2.7e-06  2.4e-06   LinDep: 1.5e-11* 
 Iter:  15 SS: 372  E:  -90.57547205*  -90.50853787*  -90.50795920*  -90.50724481*  -90.50689193*  -90.44128087*  -90.44099199*  -90.44089023*  -90.44080651   -90.44069067*  -90.44056287*  -90.44034181*  -90.44021731*  -90.43995469*  -90.43965552*  -90.43942658   -90.43929639   -90.43927040   -90.43923361*  -90.43917644   -90.43869376*  -90.43862162*  -90.43846321*  -90.43538685*  -90.43260196*  -90.43227392*  -90.43167044*  -90.43137888   -90.43135405*  -90.43122842   -90.43019064   R: 5.7e-10* 1.4e-07* 1.3e-07* 6.4e-08* 6.9e-08* 4.4e-07* 8.6e-07* 1.0e-06* 1.1e-06  3.5e-07* 4.8e-07* 6.4e-07* 4.6e-07* 5.1e-07* 3.2e-07* 1.1e-06  4.7e-06  4.7e-06  5.3e-07* 1.4e-06  7.7e-07* 7.2e-07* 5.7e-07* 7.3e-07* 7.5e-07* 7.8e-07* 8.1e-07* 2.0e-06  7.5e-07* 2.1e-06  1.4e-06   LinDep: 1.9e-11* 
 Iter:  16 SS: 372  E:  -90.57547205*  -90.50853787*  -90.50795920*  -90.50724481*  -90.50689193*  -90.44128087*  -90.44099199*  -90.44089023   -90.44080651   -90.44069067*  -90.44056287*  -90.44034181*  -90.44021731*  -90.43995469*  -90.43965552*  -90.43942658   -90.43929640   -90.43927039   -90.43923361*  -90.43917644   -90.43869376   -90.43862162*  -90.43846321*  -90.43538685*  -90.43260196*  -90.43227392*  -90.43167044*  -90.43137888   -90.43135405*  -90.43122842   -90.43019064*  R: 3.7e-10* 1.6e-07* 1.6e-07* 9.5e-08* 9.7e-08* 4.6e-07* 9.7e-07* 1.0e-06  1.2e-06  3.5e-07* 5.0e-07* 5.6e-07* 4.0e-07* 5.0e-07* 3.7e-07* 1.2e-06  5.3e-06  5.2e-06  6.3e-07* 1.6e-06  1.0e-06  9.9e-07* 6.4e-07* 4.7e-07* 5.3e-07* 5.3e-07* 6.0e-07* 1.7e-06  5.3e-07* 1.8e-06  8.6e-07*  LinDep: 1.3e-11* 
 Iter:  17 SS: 372  E:  -90.57547205*  -90.50853787*  -90.50795920*  -90.50724481*  -90.50689193*  -90.44128087*  -90.44099199   -90.44089023   -90.44080651   -90.44069067*  -90.44056287*  -90.44034181*  -90.44021731*  -90.43995469*  -90.43965552*  -90.43942658   -90.43929641   -90.43927038   -90.43923361*  -90.43917644   -90.43869376   -90.43862162   -90.43846321*  -90.43538685*  -90.43260196*  -90.43227392*  -90.43167044*  -90.43137888   -90.43135405*  -90.43122842   -90.43019064*  R: 3.2e-10* 1.9e-07* 1.9e-07* 1.2e-07* 1.2e-07* 5.1e-07* 1.1e-06  1.0e-06  1.3e-06  3.8e-07* 5.5e-07* 5.5e-07* 3.8e-07* 5.2e-07* 4.4e-07* 1.4e-06  5.9e-06  5.8e-06  7.8e-07* 1.7e-06  1.5e-06  1.4e-06  6.8e-07* 3.0e-07* 3.6e-07* 3.7e-07* 4.6e-07* 1.6e-06  3.6e-07* 1.6e-06  5.6e-07*  LinDep: 5.0e-12* 
 Iter:  18 SS: 372  E:  -90.57547205*  -90.50853787*  -90.50795920*  -90.50724481*  -90.50689193*  -90.44128087*  -90.44099199   -90.44089023   -90.44080651   -90.44069067*  -90.44056287*  -90.44034181*  -90.44021731*  -90.43995469*  -90.43965552*  -90.43942658   -90.43929642   -90.43927037   -90.43923361*  -90.43917644   -90.43869376   -90.43862162   -90.43846321*  -90.43538685*  -90.43260196*  -90.43227392*  -90.43167044*  -90.43137888   -90.43135405*  -90.43122842   -90.43019064*  R: 3.1e-10* 2.3e-07* 2.3e-07* 1.5e-07* 1.5e-07* 5.6e-07* 1.2e-06  1.1e-06  1.4e-06  4.7e-07* 6.3e-07* 6.0e-07* 3.9e-07* 5.7e-07* 5.1e-07* 1.5e-06  6.4e-06  6.3e-06  9.6e-07* 1.8e-06  1.8e-06  1.8e-06  6.8e-07* 1.9e-07* 2.5e-07* 2.8e-07* 4.0e-07* 1.5e-06  2.3e-07* 1.6e-06  3.5e-07*  LinDep: 2.5e-12* 
 Iter:  19 SS: 372  E:  -90.57547205*  -90.50853787*  -90.50795920*  -90.50724481*  -90.50689193*  -90.44128087*  -90.44099199   -90.44089023*  -90.44080651   -90.44069067*  -90.44056287*  -90.44034181*  -90.44021731*  -90.43995469*  -90.43965552*  -90.43942658   -90.43929642   -90.43927037   -90.43923361   -90.43917644   -90.43869376   -90.43862162   -90.43846321*  -90.43538685*  -90.43260196*  -90.43227392*  -90.43167044*  -90.43137888   -90.43135405*  -90.43122842   -90.43019064*  R: 3.1e-10* 2.6e-07* 2.7e-07* 1.7e-07* 1.7e-07* 6.0e-07* 1.3e-06  1.0e-06* 1.4e-06  5.3e-07* 6.9e-07* 6.4e-07* 4.1e-07* 6.1e-07* 5.9e-07* 1.7e-06  6.5e-06  6.5e-06  1.1e-06  2.0e-06  2.2e-06  2.1e-06  6.9e-07* 1.3e-07* 1.9e-07* 2.2e-07* 3.8e-07* 1.6e-06  1.8e-07* 1.6e-06  2.2e-07*  LinDep: 4.3e-12* 
 Iter:  20 SS: 372  E:  -90.57547205*  -90.50853787*  -90.50795920*  -90.50724481*  -90.50689193*  -90.44128087*  -90.44099199   -90.44089023*  -90.44080651   -90.44069067*  -90.44056287*  -90.44034181*  -90.44021731*  -90.43995469*  -90.43965552*  -90.43942658   -90.43929642   -90.43927037   -90.43923360   -90.43917644   -90.43869377   -90.43862161   -90.43846321*  -90.43538685*  -90.43260196*  -90.43227392*  -90.43167044*  -90.43137888   -90.43135405*  -90.43122842   -90.43019064*  R: 3.1e-10* 3.1e-07* 3.1e-07* 2.0e-07* 2.0e-07* 6.6e-07* 1.4e-06  9.2e-07* 1.4e-06  6.0e-07* 7.6e-07* 6.9e-07* 4.3e-07* 6.7e-07* 6.8e-07* 1.8e-06  6.7e-06  6.7e-06  1.4e-06  2.1e-06  2.6e-06  2.5e-06  7.0e-07* 1.0e-07* 1.6e-07* 1.8e-07* 3.9e-07* 1.7e-06  1.9e-07* 1.7e-06  1.6e-07*  LinDep: 1.5e-11* 
 Iter:  21 SS: 372  E:  -90.57547205*  -90.50853787*  -90.50795920*  -90.50724481*  -90.50689193*  -90.44128087*  -90.44099199   -90.44089023*  -90.44080651   -90.44069067*  -90.44056287*  -90.44034181*  -90.44021731*  -90.43995469*  -90.43965552*  -90.43942658   -90.43929643   -90.43927037   -90.43923360   -90.43917644   -90.43869377   -90.43862161   -90.43846321*  -90.43538685*  -90.43260196*  -90.43227392*  -90.43167044*  -90.43137889   -90.43135405*  -90.43122842   -90.43019064*  R: 3.2e-10* 3.4e-07* 3.5e-07* 2.3e-07* 2.2e-07* 7.3e-07* 1.5e-06  8.5e-07* 1.4e-06  6.6e-07* 8.3e-07* 7.5e-07* 4.7e-07* 7.3e-07* 7.8e-07* 2.0e-06  7.1e-06  7.2e-06  1.7e-06  2.2e-06  2.9e-06  2.9e-06  7.6e-07* 9.4e-08* 1.5e-07* 1.5e-07* 4.2e-07* 1.9e-06  3.2e-07* 1.9e-06  1.4e-07*  LinDep: 1.2e-11* 
 Iter:  22 SS: 372  E:  -90.57547205*  -90.50853787*  -90.50795920*  -90.50724481*  -90.50689193*  -90.44128087*  -90.44099199   -90.44089023*  -90.44080651   -90.44069067*  -90.44056287*  -90.44034181*  -90.44021731*  -90.43995469*  -90.43965552*  -90.43942658   -90.43929643   -90.43927037   -90.43923360   -90.43917644   -90.43869377   -90.43862161   -90.43846321*  -90.43538685*  -90.43260196*  -90.43227392*  -90.43167044*  -90.43137889   -90.43135405*  -90.43122842   -90.43019064*  R: 3.2e-10* 3.7e-07* 3.7e-07* 2.4e-07* 2.4e-07* 7.8e-07* 1.6e-06  8.2e-07* 1.5e-06  7.1e-07* 9.0e-07* 8.1e-07* 5.2e-07* 7.9e-07* 8.7e-07* 2.1e-06  7.4e-06  7.5e-06  1.9e-06  2.3e-06  3.3e-06  3.2e-06  7.9e-07* 9.7e-08* 1.6e-07* 1.3e-07* 4.5e-07* 2.1e-06  3.7e-07* 2.0e-06  1.3e-07*  LinDep: 3.4e-11* 
 Iter:  23 SS: 372  E:  -90.57547205*  -90.50853787*  -90.50795920*  -90.50724481*  -90.50689193*  -90.44128087*  -90.44099199   -90.44089023*  -90.44080651   -90.44069067*  -90.44056287*  -90.44034181*  -90.44021731*  -90.43995469*  -90.43965552*  -90.43942658   -90.43929643   -90.43927037   -90.43923360   -90.43917644   -90.43869377   -90.43862161   -90.43846321*  -90.43538685*  -90.43260196*  -90.43227392*  -90.43167044*  -90.43137889   -90.43135405*  -90.43122842   -90.43019064*  R: 3.2e-10* 4.0e-07* 4.0e-07* 2.6e-07* 2.6e-07* 8.2e-07* 1.7e-06  8.5e-07* 1.6e-06  7.9e-07* 9.7e-07* 8.7e-07* 5.8e-07* 8.4e-07* 9.8e-07* 2.3e-06  7.6e-06  7.7e-06  2.2e-06  2.4e-06  3.6e-06  3.5e-06  8.2e-07* 9.9e-08* 1.6e-07* 1.3e-07* 4.8e-07* 2.2e-06  3.3e-07* 2.1e-06  1.3e-07*  LinDep: 3.4e-11* 
 Iter:  24 SS: 372  E:  -90.57547205*  -90.50853787*  -90.50795920*  -90.50724481*  -90.50689193*  -90.44128087*  -90.44099199   -90.44089023*  -90.44080651   -90.44069067*  -90.44056287   -90.44034181*  -90.44021731*  -90.43995469*  -90.43965552   -90.43942658   -90.43929644   -90.43927037   -90.43923360   -90.43917644   -90.43869377   -90.43862161   -90.43846321*  -90.43538685*  -90.43260196*  -90.43227392*  -90.43167044*  -90.43137889   -90.43135405*  -90.43122842   -90.43019064*  R: 3.3e-10* 4.3e-07* 4.3e-07* 2.8e-07* 2.7e-07* 8.6e-07* 1.8e-06  8.3e-07* 1.7e-06  8.4e-07* 1.0e-06  9.1e-07* 6.2e-07* 8.9e-07* 1.1e-06  2.4e-06  7.9e-06  8.0e-06  2.4e-06  2.5e-06  4.0e-06  3.9e-06  8.9e-07* 1.0e-07* 1.7e-07* 1.4e-07* 5.1e-07* 2.4e-06  4.3e-07* 2.3e-06  1.4e-07*  LinDep: 1.1e-11* 
 Iter:  25 SS: 372  E:  -90.57547205*  -90.50853787*  -90.50795920*  -90.50724481*  -90.50689193*  -90.44128087*  -90.44099199   -90.44089023*  -90.44080651   -90.44069067*  -90.44056287   -90.44034181*  -90.44021731*  -90.43995469*  -90.43965552   -90.43942658   -90.43929644   -90.43927037   -90.43923360   -90.43917644   -90.43869378   -90.43862160   -90.43846321*  -90.43538685*  -90.43260196*  -90.43227392*  -90.43167044*  -90.43137889   -90.43135405*  -90.43122841   -90.43019064*  R: 3.3e-10* 4.6e-07* 4.6e-07* 2.8e-07* 2.7e-07* 9.0e-07* 1.9e-06  8.2e-07* 1.8e-06  9.0e-07* 1.1e-06  9.6e-07* 6.9e-07* 9.4e-07* 1.2e-06  2.6e-06  8.0e-06  8.3e-06  2.7e-06  2.6e-06  4.6e-06  4.5e-06  9.4e-07* 1.1e-07* 1.8e-07* 1.6e-07* 5.4e-07* 2.6e-06  4.0e-07* 2.5e-06  1.5e-07*  LinDep: 1.8e-10* 
 Iter:  26 SS: 31   E:  -90.57547205*  -90.50853787*  -90.50795920*  -90.50724481*  -90.50689193*  -90.44128087*  -90.44099199*  -90.44089023*  -90.44080652*  -90.44069067*  -90.44056287*  -90.44034181*  -90.44021731*  -90.43995469*  -90.43965552*  -90.43942658*  -90.43929627*  -90.43927051*  -90.43923362*  -90.43917645*  -90.43869375*  -90.43862163*  -90.43846321*  -90.43538685*  -90.43260196*  -90.43227392*  -90.43167044*  -90.43137887*  -90.43135406*  -90.43122842*  -90.43019064*  R: 1.4e-10* 5.6e-10* 4.1e-10* 3.2e-10* 3.4e-10* 2.7e-09* 3.2e-09* 4.7e-09* 2.1e-09* 3.0e-09* 5.5e-09* 3.8e-09* 6.9e-09* 6.3e-09* 2.2e-09* 2.9e-09* 8.1e-09* 6.1e-09* 3.3e-09* 2.6e-09* 4.5e-09* 6.5e-09* 1.9e-09* 7.6e-09* 1.2e-08* 3.0e-08* 2.2e-08* 3.5e-08* 1.2e-08* 4.9e-08* 1.7e-08*  LinDep: 2.4e-15* 
 Diagonalization time:                             4855.276899 seconds
 Compute <S^2>:                                     10.374266 seconds (16.05 M allocations: 7.345 GiB, 55.90% gc time)
  Root       Energy           S2
     1 -90.57547205   0.00003158
     2 -90.50853787   2.00002493
     3 -90.50795920   2.00004150
     4 -90.50724481   2.00002181
     5 -90.50689193   2.00004126
     6 -90.44128087   0.06319537
     7 -90.44099199   0.26501414
     8 -90.44089023   2.00037988
     9 -90.44080652   5.66316513
    10 -90.44069067   0.00885888
    11 -90.44056287   2.00023860
    12 -90.44034181   0.02159095
    13 -90.44021731   2.00025643
    14 -90.43995469   2.00013126
    15 -90.43965552   5.98260416
    16 -90.43942658   5.93571650
    17 -90.43929627   5.39859981
    18 -90.43927051   1.08272304
    19 -90.43923362   2.00021325
    20 -90.43917645   5.57433855
    21 -90.43869375   0.08962808
    22 -90.43862163   2.00024871
    23 -90.43846321   5.91617458
    24 -90.43538685   0.00041571
    25 -90.43260196   0.00024542
    26 -90.43227392   2.00002379
    27 -90.43167044   2.00004223
    28 -90.43137887   2.00002478
    29 -90.43135406   0.00043454
    30 -90.43122842   2.00003931
    31 -90.43019064   0.00024659
 ==================================================================|
 Diagonalization time:                             5312.036665 seconds
 Compute <0|H0|0>:                                   2.017324 seconds (3.47 M allocations: 1.828 GiB, 57.03% gc time)
  Root      <0|H|0>      <0|F|0>
     1 -90.57547205 -42.40028799
     2 -90.50853787 -42.32985134
     3 -90.50795920 -42.33168703
     4 -90.50724481 -42.33106401
     5 -90.50689193 -42.33128875
     6 -90.44128087 -42.25772952
     7 -90.44099199 -42.25927925
     8 -90.44089023 -42.26135679
     9 -90.44080652 -42.26186379
    10 -90.44069067 -42.25734620
    11 -90.44056287 -42.25911770
    12 -90.44034181 -42.26053875
    13 -90.44021731 -42.25912579
    14 -90.43995469 -42.26128066
    15 -90.43965552 -42.26153514
    16 -90.43942658 -42.26273404
    17 -90.43929627 -42.26313490
    18 -90.43927051 -42.26291078
    19 -90.43923362 -42.26286340
    20 -90.43917645 -42.26326467
    21 -90.43869375 -42.26154738
    22 -90.43862163 -42.26181939
    23 -90.43846321 -42.26285925
    24 -90.43538685 -42.23857266
    25 -90.43260196 -42.24927974
    26 -90.43227392 -42.25293596
    27 -90.43167044 -42.25460436
    28 -90.43137887 -42.25336429
    29 -90.43135406 -42.24477295
    30 -90.43122842 -42.25290321
    31 -90.43019064 -42.24600307
 Number of jobs:    8029
 Number of threads: 2
 |----------------------------------------------------------------------------------------------------|
 |0%                                                                                              100%|
 |----------------------