IDX001:DIM1048576:001|002|003|004|005|006|007|008|009|010|
IDX002:DIM1048576:011|012|013|014|015|016|017|018|019|020|
IDX003:DIM1048576:021|022|023|024|025|026|027|028|029|030|
IDX004:DIM1048576:031|032|033|034|035|036|037|038|039|040|
4-element Vector{Tuple{Int64, Int64}}:
 (5, 5)
 (5, 5)
 (5, 5)
 (5, 5) Remove duplicates
 Number of terms reduced from  1036 to   472
IDX001:DIM1048576:001|002|003|004|005|006|007|008|009|010|
IDX002:DIM1048576:011|012|013|014|015|016|017|018|019|020|
IDX003:DIM1048576:021|022|023|024|025|026|027|028|029|030|
IDX004:DIM1048576:031|032|033|034|035|036|037|038|039|040|

 --------------------------------------------------
 ---------- # Fockspaces -------------------:   215  
 ---------- # Configs    -------------------: 61787  
 ---------- Root ---------------------------:     1  
 --------------------------------------------------
 Printing contributions greater than: 0.010000
 Weight              # configs (full)    (α,β)...            
 -------             --------- --------- ----------          
 0.999                                   ( 5,5 )( 5,5 )( 5,5 )( 5,5 )
     0.997           1         1             1:1    1:1    1:1    1:1
     0.034           210       5476         2:75   2:75    1:1    1:1
     0.026           182       5476         2:75    1:1   2:75    1:1
     0.033           225       5476         2:75    1:1    1:1   2:75
     0.032           210       5476          1:1   2:75   2:75    1:1
     0.026           169       5476          1:1   2:75    1:1   2:75
 ---------                               ----------          
 0.010                                   ( 4,5 )( 6,5 )( 5,5 )( 5,5 )
 ---------                               ----------          
 0.010                                   ( 5,5 )( 6,5 )( 4,5 )( 5,5 )
 ---------                               ----------          
 0.011                                   ( 4,5 )( 5,5 )( 5,5 )( 6,5 )
     0.011           462       5625         1:75    1:1    1:1   1:75
 ---------                               ----------          
 0.010                                   ( 5,4 )( 5,6 )( 5,5 )( 5,5 )
 ---------                               ----------          
 0.010                                   ( 5,5 )( 5,6 )( 5,4 )( 5,5 )
 ---------                               ----------          
 0.011                                   ( 5,4 )( 5,5 )( 5,5 )( 5,6 )
     0.011           462       5625         1:75    1:1    1:1   1:75
 ---------                               ----------          
 --------------------------------------------------


 --------------------------------------------------
 ---------- # Fockspaces -------------------:   215  
 ---------- # Configs    -------------------: 61787  
 ---------- Root ---------------------------:     1  
 --------------------------------------------------
 Printing contributions greater than: 0.010000
 Weight              # configs (full)    (α,β)...            
 -------             --------- --------- ----------          
 0.999                                   ( 5,5 )( 5,5 )( 5,5 )( 5,5 )
     0.997           1         1             1:1    1:1    1:1    1:1
     0.034           210       5476         2:75   2:75    1:1    1:1
     0.026           182       5476         2:75    1:1   2:75    1:1
     0.033           225       5476         2:75    1:1    1:1   2:75
     0.032           210       5476          1:1   2:75   2:75    1:1
     0.026           169       5476          1:1   2:75    1:1   2:75
 ---------                               ----------          
 0.010                                   ( 4,5 )( 6,5 )( 5,5 )( 5,5 )
 ---------                               ----------          
 0.010                                   ( 5,5 )( 6,5 )( 4,5 )( 5,5 )
 ---------                               ----------          
 0.011                                   ( 4,5 )( 5,5 )( 5,5 )( 6,5 )
     0.011           462       5625         1:75    1:1    1:1   1:75
 ---------                               ----------          
 0.010                                   ( 5,4 )( 5,6 )( 5,5 )( 5,5 )
 ---------                               ----------          
 0.010                                   ( 5,5 )( 5,6 )( 5,4 )( 5,5 )
 ---------                               ----------          
 0.011                                   ( 5,4 )( 5,5 )( 5,5 )( 5,6 )
     0.011           462       5625         1:75    1:1    1:1   1:75
 ---------                               ----------          
 --------------------------------------------------


 |...................................BST-PT2............................................
 H0          : Hcmf
 nbody       : 4
 thresh_foi  : 5.0e-5
 max_number  : nothing
 opt_ref     : true
 ci_tol      : 1.0e-6
 verbose     : 2

 Length of Reference:                                   61787
 Solve zeroth-order problem:                       
 |== BST CI ========================================================
 Solve CI with # variables:                             61787
 Cache Hamiltonian:                                139.840113 seconds (114.34 M allocations: 63.060 GiB, 30.21% gc time, 27.16% compilation time)
 Iter:   1 SS: 31   E:  -90.57490580*  -90.50804823*  -90.50747730*  -90.50678413*  -90.50638960*  -90.44084638   -90.44056677   -90.44050528   -90.44041977   -90.44019102   -90.44017571   -90.43991997   -90.43974900   -90.43954560   -90.43926945   -90.43905588   -90.43891226   -90.43886747   -90.43883430   -90.43877906   -90.43830521   -90.43823908   -90.43808167   -90.43474577   -90.43210115   -90.43122516   -90.43085101   -90.43079026   -90.43040356   -90.43027440   -90.42961146   R: 4.0e-08* 4.5e-07* 3.6e-07* 4.5e-07* 2.7e-07* 6.4e-06  5.6e-06  2.3e-06  1.6e-06  1.3e-05  4.4e-06  7.8e-06  1.2e-05  4.4e-06  1.5e-06  1.0e-06  1.0e-06  2.2e-06  2.6e-06  1.1e-06  5.3e-06  4.8e-06  1.1e-06  4.6e-05  2.6e-05  1.8e-05  1.7e-05  1.9e-05  2.7e-05  2.7e-05  4.0e-05   LinDep: 8.4e-15* 
 Iter:   2 SS: 62   E:  -90.57490580*  -90.50804823*  -90.50747730*  -90.50678413*  -90.50638960*  -90.44084638   -90.44056677   -90.44050528   -90.44041977   -90.44019102   -90.44017571   -90.43991997   -90.43974900   -90.43954560   -90.43926945*  -90.43905588*  -90.43891226*  -90.43886747   -90.43883430   -90.43877906*  -90.43830521   -90.43823908   -90.43808167*  -90.43474578   -90.43210115   -90.43122516   -90.43085101   -90.43079026   -90.43040356   -90.43027440   -90.42961146   R: 2.0e-08* 2.6e-07* 1.9e-07* 2.5e-07* 1.5e-07* 4.0e-06  3.4e-06  1.4e-06  1.0e-06  7.7e-06  2.9e-06  5.1e-06  7.3e-06  2.7e-06  8.9e-07* 6.4e-07* 6.3e-07* 1.3e-06  1.6e-06  6.7e-07* 3.2e-06  3.0e-06  6.8e-07* 3.2e-05  1.7e-05  1.1e-05  1.1e-05  1.3e-05  2.0e-05  1.7e-05  2.6e-05   LinDep: 8.9e-16* 
 Iter:   3 SS: 93   E:  -90.57490580*  -90.50804823*  -90.50747730*  -90.50678413*  -90.50638960*  -90.44084638   -90.44056677   -90.44050528   -90.44041977*  -90.44019102   -90.44017571   -90.43991997   -90.43974900   -90.43954560   -90.43926945*  -90.43905588*  -90.43891227*  -90.43886747*  -90.43883430   -90.43877906*  -90.43830521   -90.43823908   -90.43808167*  -90.43474578   -90.43210115   -90.43122516   -90.43085101   -90.43079026   -90.43040357   -90.43027440   -90.42961147   R: 1.1e-08* 1.7e-07* 1.2e-07* 1.6e-07* 9.8e-08* 3.0e-06  2.7e-06  1.1e-06  8.1e-07* 5.6e-06  2.2e-06  4.0e-06  5.8e-06  2.2e-06  7.1e-07* 5.1e-07* 5.1e-07* 9.9e-07* 1.3e-06  5.2e-07* 2.4e-06  2.4e-06  5.8e-07* 2.7e-05  1.5e-05  8.2e-06  9.5e-06  1.2e-05  2.0e-05  1.4e-05  2.2e-05   LinDep: 5.7e-15* 
 Iter:   4 SS: 124  E:  -90.57490580*  -90.50804823*  -90.50747730*  -90.50678413*  -90.50638960*  -90.44084638   -90.44056677   -90.44050528*  -90.44041977*  -90.44019102   -90.44017571   -90.43991997   -90.43974900   -90.43954560   -90.43926945*  -90.43905588*  -90.43891227*  -90.43886748*  -90.43883430   -90.43877906*  -90.43830521   -90.43823908   -90.43808167*  -90.43474578   -90.43210115   -90.43122516   -90.43085101   -90.43079026   -90.43040357   -90.43027440   -90.42961147   R: 5.2e-09* 9.5e-08* 7.1e-08* 9.7e-08* 5.6e-08* 2.4e-06  2.1e-06  8.2e-07* 6.6e-07* 3.7e-06  1.7e-06  3.2e-06  4.4e-06  1.7e-06  5.3e-07* 3.9e-07* 4.1e-07* 8.5e-07* 1.1e-06  3.8e-07* 1.7e-06  1.9e-06  5.0e-07* 2.2e-05  1.2e-05  6.3e-06  7.8e-06  9.9e-06  1.8e-05  1.2e-05  1.8e-05   LinDep: 9.3e-15* 
 Iter:   5 SS: 155  E:  -90.57490580*  -90.50804823*  -90.50747730*  -90.50678413*  -90.50638960*  -90.44084638   -90.44056677   -90.44050528*  -90.44041977*  -90.44019102   -90.44017571   -90.43991997   -90.43974900   -90.43954560   -90.43926945*  -90.43905588*  -90.43891227*  -90.43886748*  -90.43883430   -90.43877906*  -90.43830521   -90.43823908   -90.43808167*  -90.43474578   -90.43210115   -90.43122516   -90.43085101   -90.43079026   -90.43040357   -90.43027440   -90.42961147   R: 2.5e-09* 5.7e-08* 4.7e-08* 5.8e-08* 3.7e-08* 1.9e-06  1.6e-06  6.5e-07* 5.3e-07* 2.4e-06  1.3e-06  2.5e-06  3.2e-06  1.4e-06  3.9e-07* 3.0e-07* 3.2e-07* 8.3e-07* 1.0e-06  3.0e-07* 1.3e-06  1.5e-06  4.2e-07* 1.9e-05  9.5e-06  5.2e-06  5.7e-06  8.8e-06  1.5e-05  1.0e-05  1.5e-05   LinDep: 4.1e-15* 
 Iter:   6 SS: 186  E:  -90.57490580*  -90.50804823*  -90.50747730*  -90.50678413*  -90.50638960*  -90.44084638   -90.44056677   -90.44050528*  -90.44041977*  -90.44019103   -90.44017570*  -90.43991997   -90.43974900   -90.43954560   -90.43926945*  -90.43905588*  -90.43891227*  -90.43886748   -90.43883430   -90.43877905*  -90.43830521*  -90.43823908   -90.43808167*  -90.43474578   -90.43210115   -90.43122516   -90.43085101   -90.43079026   -90.43040357   -90.43027440   -90.42961147   R: 1.2e-09* 3.9e-08* 3.3e-08* 5.0e-08* 4.2e-08* 1.3e-06  1.2e-06  4.8e-07* 3.9e-07* 1.7e-06  9.8e-07* 1.8e-06  2.5e-06  1.1e-06  2.9e-07* 2.3e-07* 2.6e-07* 1.0e-06  1.2e-06  2.9e-07* 1.0e-06* 1.2e-06  3.3e-07* 1.6e-05  7.6e-06  4.5e-06  4.1e-06  7.3e-06  1.3e-05  9.0e-06  1.2e-05   LinDep: 1.3e-14* 
 Iter:   7 SS: 217  E:  -90.57490580*  -90.50804823*  -90.50747730*  -90.50678413*  -90.50638960*  -90.44084638*  -90.44056677*  -90.44050528*  -90.44041977*  -90.44019103   -90.44017570*  -90.43991997   -90.43974900   -90.43954560*  -90.43926945*  -90.43905588*  -90.43891227*  -90.43886748   -90.43883429   -90.43877905*  -90.43830521*  -90.43823908   -90.43808167*  -90.43474578   -90.43210115   -90.43122516   -90.43085101   -90.43079026   -90.43040357   -90.43027440   -90.42961147   R: 6.4e-10* 3.4e-08* 3.1e-08* 7.7e-08* 7.6e-08* 9.9e-07* 9.1e-07* 4.2e-07* 3.1e-07* 1.3e-06  8.1e-07* 1.4e-06  2.1e-06  8.1e-07* 2.3e-07* 2.1e-07* 2.4e-07* 1.4e-06  1.5e-06  3.4e-07* 8.2e-07* 1.0e-06  2.9e-07* 1.3e-05  6.2e-06  4.2e-06  3.0e-06  6.3e-06  1.1e-05  8.0e-06  9.8e-06   LinDep: 1.2e-14* 
 Iter:   8 SS: 248  E:  -90.57490580*  -90.50804823*  -90.50747730*  -90.50678413*  -90.50638960*  -90.44084638*  -90.44056677*  -90.44050528*  -90.44041977*  -90.44019103   -90.44017570*  -90.43991997   -90.43974900   -90.43954560*  -90.43926945*  -90.43905588*  -90.43891227*  -90.43886749   -90.43883428   -90.43877905*  -90.43830521*  -90.43823908*  -90.43808167*  -90.43474578   -90.43210115   -90.43122516   -90.43085101   -90.43079026   -90.43040357   -90.43027440   -90.42961147   R: 3.6e-10* 3.3e-08* 3.0e-08* 1.0e-07* 1.0e-07* 7.7e-07* 7.8e-07* 4.2e-07* 2.8e-07* 1.1e-06  6.8e-07* 1.0e-06  1.7e-06  6.1e-07* 2.0e-07* 2.5e-07* 2.5e-07* 1.9e-06  1.9e-06  3.8e-07* 7.4e-07* 8.3e-07* 3.2e-07* 1.0e-05  5.0e-06  3.7e-06  2.5e-06  5.4e-06  8.7e-06  6.9e-06  8.4e-06   LinDep: 2.0e-14* 
 Iter:   9 SS: 279  E:  -90.57490580*  -90.50804823*  -90.50747730*  -90.50678413*  -90.50638960*  -90.44084638*  -90.44056677*  -90.44050528*  -90.44041977*  -90.44019103*  -90.44017570*  -90.43991997*  -90.43974900   -90.43954560*  -90.43926945*  -90.43905588*  -90.43891227*  -90.43886749   -90.43883428   -90.43877905*  -90.43830521*  -90.43823908*  -90.43808167*  -90.43474578   -90.43210115   -90.43122516   -90.43085101   -90.43079026   -90.43040357   -90.43027440   -90.42961147   R: 2.5e-10* 3.6e-08* 3.2e-08* 1.2e-07* 1.2e-07* 6.0e-07* 6.9e-07* 4.6e-07* 3.1e-07* 8.5e-07* 4.8e-07* 8.2e-07* 1.2e-06  4.4e-07* 1.8e-07* 3.1e-07* 2.7e-07* 2.2e-06  2.2e-06  4.3e-07* 6.8e-07* 6.6e-07* 3.6e-07* 8.2e-06  3.9e-06  3.4e-06  2.4e-06  4.3e-06  7.3e-06  6.0e-06  6.9e-06   LinDep: 2.8e-14* 
 Iter:  10 SS: 310  E:  -90.57490580*  -90.50804823*  -90.50747730*  -90.50678413*  -90.50638960*  -90.44084638*  -90.44056677*  -90.44050528*  -90.44041977*  -90.44019103*  -90.44017570*  -90.43991997*  -90.43974900*  -90.43954560*  -90.43926945*  -90.43905588*  -90.43891227*  -90.43886749   -90.43883428   -90.43877905*  -90.43830521*  -90.43823908*  -90.43808167*  -90.43474578   -90.43210115   -90.43122516   -90.43085101   -90.43079026   -90.43040357   -90.43027440   -90.42961147   R: 2.2e-10* 4.5e-08* 4.2e-08* 1.3e-07* 1.3e-07* 4.4e-07* 6.7e-07* 5.3e-07* 3.8e-07* 6.8e-07* 3.6e-07* 6.5e-07* 9.0e-07* 3.3e-07* 1.8e-07* 3.6e-07* 4.2e-07* 2.2e-06  2.1e-06  5.3e-07* 5.8e-07* 5.2e-07* 4.2e-07* 6.8e-06  3.1e-06  3.1e-06  2.4e-06  3.2e-06  6.7e-06  5.3e-06  6.0e-06   LinDep: 1.7e-14* 
 Iter:  11 SS: 341  E:  -90.57490580*  -90.50804823*  -90.50747730*  -90.50678413*  -90.50638960*  -90.44084638*  -90.44056677*  -90.44050528*  -90.44041976*  -90.44019103*  -90.44017569*  -90.43991997*  -90.43974900*  -90.43954560*  -90.43926945*  -90.43905588*  -90.43891227*  -90.43886749   -90.43883428   -90.43877905*  -90.43830521*  -90.43823908*  -90.43808167*  -90.43474578   -90.43210115   -90.43122516   -90.43085101   -90.43079027   -90.43040357   -90.43027440   -90.42961147   R: 2.1e-10* 5.1e-08* 5.3e-08* 1.4e-07* 1.4e-07* 3.0e-07* 6.7e-07* 5.8e-07* 4.3e-07* 5.8e-07* 4.1e-07* 4.7e-07* 8.3e-07* 2.7e-07* 1.9e-07* 4.2e-07* 4.7e-07* 2.4e-06  2.3e-06  7.7e-07* 5.5e-07* 5.2e-07* 5.0e-07* 4.8e-06  2.3e-06  2.5e-06  2.1e-06  2.2e-06  6.5e-06  4.6e-06  4.7e-06   LinDep: 1.3e-14* 
 Iter:  12 SS: 372  E:  -90.57490580*  -90.50804823*  -90.50747730*  -90.50678413*  -90.50638960*  -90.44084638*  -90.44056677*  -90.44050528*  -90.44041976*  -90.44019103*  -90.44017569*  -90.43991997*  -90.43974900*  -90.43954560*  -90.43926945*  -90.43905588*  -90.43891227*  -90.43886750   -90.43883427   -90.43877905   -90.43830521*  -90.43823908*  -90.43808167*  -90.43474578   -90.43210115   -90.43122516   -90.43085101   -90.43079027   -90.43040357   -90.43027440   -90.42961147   R: 2.2e-10* 6.2e-08* 6.8e-08* 1.5e-07* 1.5e-07* 2.4e-07* 7.4e-07* 6.8e-07* 4.8e-07* 4.8e-07* 3.8e-07* 3.7e-07* 7.3e-07* 2.5e-07* 2.1e-07* 4.4e-07* 5.0e-07* 3.0e-06  2.7e-06  1.1e-06  5.8e-07* 4.9e-07* 6.2e-07* 3.4e-06  1.6e-06  1.8e-06  1.7e-06  1.6e-06  6.1e-06  3.8e-06  3.8e-06   LinDep: 2.1e-14* 
 Iter:  13 SS: 372  E:  -90.57490580*  -90.50804823*  -90.50747730*  -90.50678413*  -90.50638960*  -90.44084638*  -90.44056677*  -90.44050528*  -90.44041976*  -90.44019104*  -90.44017569*  -90.43991997*  -90.43974900*  -90.43954560*  -90.43926945*  -90.43905588*  -90.43891227*  -90.43886751   -90.43883426   -90.43877905   -90.43830521*  -90.43823908*  -90.43808167*  -90.43474578   -90.43210115   -90.43122516   -90.43085101   -90.43079027   -90.43040357   -90.43027440   -90.42961147   R: 2.3e-10* 9.0e-08* 9.5e-08* 1.4e-07* 1.3e-07* 2.4e-07* 9.5e-07* 9.0e-07* 4.8e-07* 5.9e-07* 5.5e-07* 3.4e-07* 5.1e-07* 2.5e-07* 2.4e-07* 5.1e-07* 6.8e-07* 3.6e-06  3.3e-06  1.3e-06  6.7e-07* 4.4e-07* 7.3e-07* 2.3e-06  1.1e-06  1.3e-06  1.1e-06  1.1e-06  4.5e-06  3.0e-06  2.6e-06   LinDep: 2.2e-16* 
 Iter:  14 SS: 372  E:  -90.57490580*  -90.50804823*  -90.50747730*  -90.50678413*  -90.50638960*  -90.44084638*  -90.44056677*  -90.44050528*  -90.44041976*  -90.44019104*  -90.44017569*  -90.43991997*  -90.43974900*  -90.43954560*  -90.43926945*  -90.43905588*  -90.43891227*  -90.43886751   -90.43883426   -90.43877905   -90.43830521*  -90.43823908*  -90.43808167*  -90.43474578   -90.43210115*  -90.43122516*  -90.43085101*  -90.43079027*  -90.43040357   -90.43027440   -90.42961147   R: 2.2e-10* 1.1e-07* 1.2e-07* 1.2e-07* 1.2e-07* 2.8e-07* 9.7e-07* 9.4e-07* 4.9e-07* 6.4e-07* 6.3e-07* 3.4e-07* 3.0e-07* 2.7e-07* 2.7e-07* 5.8e-07* 7.1e-07* 3.8e-06  3.5e-06  1.4e-06  8.3e-07* 3.8e-07* 8.9e-07* 1.3e-06  6.0e-07* 8.8e-07* 8.8e-07* 5.6e-07* 2.7e-06  2.3e-06  1.4e-06   LinDep: 1.5e-10* 
 Iter:  15 SS: 31   E:  -90.57490580*  -90.50804823*  -90.50747730*  -90.50678413*  -90.50638960*  -90.44084638*  -90.44056677*  -90.44050528*  -90.44041977*  -90.44019102*  -90.44017571*  -90.43991997*  -90.43974900*  -90.43954560*  -90.43926945*  -90.43905588*  -90.43891226*  -90.43886747*  -90.43883430*  -90.43877906*  -90.43830521*  -90.43823908*  -90.43808167*  -90.43474578   -90.43210115*  -90.43122516*  -90.43085101*  -90.43079027*  -90.43040357   -90.43027440   -90.42961147   R: 8.1e-11* 3.3e-10* 2.7e-10* 2.9e-10* 2.1e-10* 5.9e-08* 6.0e-08* 1.9e-08* 1.5e-08* 1.1e-07* 6.0e-08* 8.6e-08* 2.8e-07* 4.4e-08* 1.4e-08* 9.4e-09* 7.0e-09* 2.3e-08* 6.4e-08* 1.3e-08* 7.4e-08* 1.3e-07* 1.1e-08* 1.3e-06  5.9e-07* 8.8e-07* 8.8e-07* 5.4e-07* 2.5e-06  2.0e-06  1.4e-06   LinDep: 1.0e-14* 
 Iter:  16 SS: 62   E:  -90.57490580*  -90.50804823*  -90.50747730*  -90.50678413*  -90.50638960*  -90.44084638*  -90.44056677*  -90.44050528*  -90.44041977*  -90.44019102*  -90.44017571*  -90.43991997*  -90.43974900*  -90.43954560*  -90.43926945*  -90.43905588*  -90.43891226*  -90.43886747*  -90.43883430*  -90.43877906*  -90.43830521*  -90.43823908*  -90.43808167*  -90.43474578*  -90.43210115*  -90.43122516*  -90.43085101*  -90.43079027*  -90.43040357   -90.43027440   -90.42961147*  R: 3.7e-10* 1.2e-08* 9.2e-09* 9.5e-09* 5.3e-09* 4.5e-08* 5.6e-08* 5.4e-08* 4.3e-08* 1.2e-07* 1.1e-07* 5.5e-08* 1.8e-07* 3.0e-08* 5.0e-08* 5.4e-08* 3.3e-08* 1.8e-07* 1.9e-07* 6.5e-08* 8.1e-08* 1.2e-07* 4.0e-08* 7.7e-07* 3.5e-07* 5.5e-07* 5.5e-07* 3.4e-07* 1.6e-06  1.3e-06  8.8e-07*  LinDep: 1.8e-15* 
 Iter:  17 SS: 93   E:  -90.57490580*  -90.50804823*  -90.50747730*  -90.50678413*  -90.50638960*  -90.44084638*  -90.44056677*  -90.44050528*  -90.44041977*  -90.44019102*  -90.44017570*  -90.43991997*  -90.43974900*  -90.43954560*  -90.43926945*  -90.43905588*  -90.43891226*  -90.43886748*  -90.43883430*  -90.43877905*  -90.43830521*  -90.43823908*  -90.43808167*  -90.43474578*  -90.43210115*  -90.43122516*  -90.43085101*  -90.43079027*  -90.43040357   -90.43027440   -90.42961147*  R: 3.8e-10* 2.2e-08* 1.9e-08* 1.4e-08* 3.8e-09* 6.0e-08* 1.4e-07* 1.4e-07* 4.3e-08* 2.8e-07* 2.8e-07* 4.7e-08* 1.4e-07* 3.3e-08* 1.1e-07* 1.2e-07* 6.6e-08* 4.6e-07* 4.7e-07* 2.1e-07* 1.2e-07* 1.5e-07* 8.5e-08* 5.1e-07* 2.2e-07* 4.6e-07* 4.6e-07* 2.2e-07* 1.2e-06  1.1e-06  5.5e-07*  LinDep: 1.2e-14* 
 Iter:  18 SS: 124  E:  -90.57490580*  -90.50804823*  -90.50747730*  -90.50678413*  -90.50638960*  -90.44084638*  -90.44056677*  -90.44050528*  -90.44041977*  -90.44019103*  -90.44017570*  -90.43991997*  -90.43974900*  -90.43954560*  -90.43926945*  -90.43905588*  -90.43891226*  -90.43886748*  -90.43883430*  -90.43877905*  -90.43830521*  -90.43823908*  -90.43808167*  -90.43474578*  -90.43210115*  -90.43122516*  -90.43085101*  -90.43079027*  -90.43040357*  -90.43027440*  -90.42961147*  R: 3.8e-10* 3.5e-08* 2.8e-08* 2.4e-08* 9.1e-09* 8.1e-08* 1.8e-07* 1.8e-07* 8.0e-08* 1.6e-07* 1.7e-07* 5.3e-08* 9.7e-08* 3.2e-08* 1.6e-07* 1.7e-07* 7.0e-08* 6.1e-07* 7.2e-07* 4.4e-07* 2.5e-07* 2.7e-07* 1.2e-07* 3.1e-07* 1.3e-07* 3.4e-07* 3.3e-07* 1.4e-07* 9.4e-07* 8.7e-07* 3.4e-07*  LinDep: 1.0e-14* 
 Diagonalization time:                             1671.969484 seconds
 Compute <S^2>:                                      5.860540 seconds (16.41 M allocations: 5.818 GiB, 72.85% gc time, 0.09% compilation time)
  Root       Energy           S2
     1 -90.57490580   0.00002734
     2 -90.50804823   2.00002076
     3 -90.50747730   2.00004176
     4 -90.50678413   2.00001959
     5 -90.50638960   2.00004054
     6 -90.44084638   0.04296998
     7 -90.44056677   0.23384760
     8 -90.44050528   2.00034379
     9 -90.44041977   5.72609126
    10 -90.44019103   0.00712940
    11 -90.44017570   1.99999284
    12 -90.43991997   0.00810696
    13 -90.43974900   2.00020201
    14 -90.43954560   2.00011523
    15 -90.43926945   5.98984105
    16 -90.43905588   5.97271259
    17 -90.43891226   5.94884698
    18 -90.43886748   0.39458653
    19 -90.43883430   1.99953726
    20 -90.43877905   5.67367438
    21 -90.43830521   0.06839495
    22 -90.43823908   2.00016746
    23 -90.43808167   5.93604737
    24 -90.43474578   0.00038001
    25 -90.43210115   0.00022549
    26 -90.43122516   2.00001954
    27 -90.43085101   2.00004240
    28 -90.43079027   0.00039629
    29 -90.43040357   2.00003532
    30 -90.43027440   2.00002389
    31 -90.42961147   0.00024400
 ==================================================================|
 Diagonalization time:                             1825.211968 seconds
 Compute <0|H0|0>:                                   1.149650 seconds (3.58 M allocations: 1.418 GiB, 64.54% gc time, 1.14% compilation time)
  Root      <0|H|0>      <0|F|0>
     1 -90.57490580 -42.40084371
     2 -90.50804823 -42.33040659
     3 -90.50747730 -42.33219782
     4 -90.50678413 -42.33156902
     5 -90.50638960 -42.33177207
     6 -90.44084638 -42.25858599
     7 -90.44056677 -42.26001562
     8 -90.44050528 -42.26185435
     9 -90.44041977 -42.26234154
    10 -90.44019103 -42.25817826
    11 -90.44017570 -42.25972375
    12 -90.43991997 -42.26097527
    13 -90.43974900 -42.25986335
    14 -90.43954560 -42.26178906
    15 -90.43926945 -42.26209668
    16 -90.43905588 -42.26298105
    17 -90.43891226 -42.26371295
    18 -90.43886748 -42.26320110
    19 -90.43883430 -42.26326572
    20 -90.43877905 -42.26359354
    21 -90.43830521 -42.26199482
    22 -90.43823908 -42.26224801
    23 -90.43808167 -42.26326131
    24 -90.43474578 -42.23995517
    25 -90.43210115 -42.25004006
    26 -90.43122516 -42.25399323
    27 -90.43085101 -42.25543077
    28 -90.43079027 -42.24585376
    29 -90.43040357 -42.25372453
    30 -90.43027440 -42.25446628
    31 -90.42961147 -42.24696717
 Number of jobs:    7899
 Number of threads: 8
 |----------------------------------------------------------------------------------------------------|
 |0%                                                                                              100%|
 |----------------------------------------------------------------------------------------------------|
 Time spent computing E2:                          165038.2 s Allocated:    1.3e+05 GB
 State   1: E(PT2) corr:                          -0.00003888
 State   2: E(PT2) corr:                          -0.00007204
 State   3: E(PT2) corr:                          -0.00005645
 State   4: E(PT2) corr:                          -0.00006193
 State   5: E(PT2) corr:                          -0.00005836
 State   6: E(PT2) corr:                          -0.00029494
 State   7: E(PT2) corr:                          -0.00026217
 State   8: E(PT2) corr:                          -0.00028271
 State   9: E(PT2) corr:                          -0.00024096
 State  10: E(PT2) corr:                          -0.00025623
 State  11: E(PT2) corr:                          -0.00028113
 State  12: E(PT2) corr:                          -0.00022499
 State  13: E(PT2) corr:                          -0.00025601
 State  14: E(PT2) corr:                          -0.00022449
 State  15: E(PT2) corr:                          -0.00020265
 State  16: E(PT2) corr:                          -0.00018304
 State  17: E(PT2) corr:                          -0.00016524
 State  18: E(PT2) corr:                          -0.00018685
 State  19: E(PT2) corr:                          -0.00019583
 State  20: E(PT2) corr:                          -0.00017109
 State  21: E(PT2) corr:                          -0.00019869
 State  22: E(PT2) corr:                          -0.00020459
 State  23: E(PT2) corr:                          -0.00016113
 State  24: E(PT2) corr:                          -0.00028264
 State  25: E(PT2) corr:                          -0.00019682
 State  26: E(PT2) corr:                          -0.00016378
 State  27: E(PT2) corr:                          -0.00012193
 State  28: E(PT2) corr:                          -0.00021477
 State  29: E(PT2) corr:                          -0.00012435
 State  30: E(PT2) corr:                          -0.00013350
 State  31: E(PT2) corr:                          -0.00019084
  Root         E(0)         E(2)
     1 -90.57490580 -90.57494469
     2 -90.50804823 -90.50812026
     3 -90.50747730 -90.50753376
     4 -90.50678413 -90.50684605
     5 -90.50638960 -90.50644796
     6 -90.44084638 -90.44114132
     7 -90.44056677 -90.44082894
     8 -90.44050528 -90.44078799
     9 -90.44041977 -90.44066073
    10 -90.44019103 -90.44044726
    11 -90.44017570 -90.44045684
    12 -90.43991997 -90.44014496
    13 -90.43974900 -90.44000501
    14 -90.43954560 -90.43977008
    15 -90.43926945 -90.43947211
    16 -90.43905588 -90.43923892
    17 -90.43891226 -90.43907751
    18 -90.43886748 -90.43905433
    19 -90.43883430 -90.43903013
    20 -90.43877905 -90.43895015
    21 -90.43830521 -90.43850390
    22 -90.43823908 -90.43844367
    23 -90.43808167 -90.43824280
    24 -90.43474578 -90.43502842
    25 -90.43210115 -90.43229797
    26 -90.43122516 -90.43138894
    27 -90.43085101 -90.43097294
    28 -90.43079027 -90.43100503
    29 -90.43040357 -90.43052792
    30 -90.43027440 -90.43040790
    31 -90.42961147 -90.42980231
 ......................................................................................|
166875.070001 seconds (3.99 G allocations: 116.209 TiB, 61.84% gc time, 0.14% compilation time)
IDX001:DIM1048576:001|002|003|004|005|006|007|008|009|010|
IDX002:DIM1048576:011|012|013|014|015|016|017|018|019|020|
IDX003:DIM1048576:021|022|023|024|025|026|027|028|029|030|
IDX004:DIM1048576:031|032|033|034|035|036|037|038|039|040|
4-element Vector{Tuple{Int64, Int64}}:
 (5, 5)
 (5, 5)
 (5, 5)
 (5, 5) Remove duplicates
 Number of terms reduced from  1036 to   472
IDX001:DIM1048576:001|002|003|004|005|006|007|008|009|010|
IDX002:DIM1048576:011|012|013|014|015|016|017|018|019|020|
IDX003:DIM1048576:021|022|023|024|025|026|027|028|029|030|
IDX004:DIM1048576:031|032|033|034|035|036|037|038|039|040|

 --------------------------------------------------
 ---------- # Fockspaces -------------------:   229  
 ---------- # Configs    -------------------: 98423  
 ---------- Root ---------------------------:     1  
 --------------------------------------------------
 Printing contributions greater than: 0.010000
 Weight              # configs (full)    (α,β)...            
 -------             --------- --------- ----------          
 0.999                                   ( 5,5 )( 5,5 )( 5,5 )( 5,5 )
     0.997           1         1             1:1    1:1    1:1    1:1
     0.036           342       9801        2:100  2:100    1:1    1:1
     0.029           240       9801        2:100    1:1  2:100    1:1
     0.035           342       9801        2:100    1:1    1:1  2:100
     0.034           306       9801          1:1  2:100  2:100    1:1
     0.028           225       9801          1:1  2:100    1:1  2:100
 ---------                               ----------          
 0.010                                   ( 6,5 )( 5,5 )( 5,5 )( 4,5 )
     0.010           675       10000       1:100    1:1    1:1  1:100
 ---------                               ----------          
 0.010                                   ( 4,5 )( 6,5 )( 5,5 )( 5,5 )
     0.010           624       10000       1:100  1:100    1:1    1:1
 ---------                               ----------          
 0.011                                   ( 5,5 )( 6,5 )( 4,5 )( 5,5 )
     0.011           576       10000         1:1  1:100  1:100    1:1
 ---------                               ----------          
 0.010                                   ( 5,5 )( 4,5 )( 6,5 )( 5,5 )
     0.010           650       10000         1:1  1:100  1:100    1:1
 ---------                               ----------          
 0.011                                   ( 4,5 )( 5,5 )( 5,5 )( 6,5 )
     0.011           676       10000       1:100    1:1    1:1  1:100
 ---------                               ----------          
 0.010                                   ( 5,6 )( 5,5 )( 5,5 )( 5,4 )
     0.010           675       10000       1:100    1:1    1:1  1:100
 ---------                               ----------          
 0.010                                   ( 5,4 )( 5,6 )( 5,5 )( 5,5 )
     0.010           624       10000       1:100  1:100    1:1    1:1
 ---------                               ----------          
 0.011                                   ( 5,5 )( 5,6 )( 5,4 )( 5,5 )
     0.011           576       10000         1:1  1:100  1:100    1:1
 ---------                               ----------          
 0.010                                   ( 5,5 )( 5,4 )( 5,6 )( 5,5 )
     0.010           650       10000         1:1  1:100  1:100    1:1
 ---------                               ----------          
 0.011                                   ( 5,4 )( 5,5 )( 5,5 )( 5,6 )
     0.011           676       10000       1:100    1:1    1:1  1:100
 ---------                               ----------          
 --------------------------------------------------


 --------------------------------------------------
 ---------- # Fockspaces -------------------:   229  
 ---------- # Configs    -------------------: 98423  
 ---------- Root ---------------------------:     1  
 --------------------------------------------------
 Printing contributions greater than: 0.010000
 Weight              # configs (full)    (α,β)...            
 -------             --------- --------- ----------          
 0.999                                   ( 5,5 )( 5,5 )( 5,5 )( 5,5 )
     0.997           1         1             1:1    1:1    1:1    1:1
     0.036           342       9801        2:100  2:100    1:1    1:1
     0.029           240       9801        2:100    1:1  2:100    1:1
     0.035           342       9801        2:100    1:1    1:1  2:100
     0.034           306       9801          1:1  2:100  2:100    1:1
     0.028           225       9801          1:1  2:100    1:1  2:100
 ---------                               ----------          
 0.010                                   ( 6,5 )( 5,5 )( 5,5 )( 4,5 )
     0.010           675       10000       1:100    1:1    1:1  1:100
 ---------                               ----------          
 0.010                                   ( 4,5 )( 6,5 )( 5,5 )( 5,5 )
     0.010           624       10000       1:100  1:100    1:1    1:1
 ---------                               ----------          
 0.011                                   ( 5,5 )( 6,5 )( 4,5 )( 5,5 )
     0.011           576       10000         1:1  1:100  1:100    1:1
 ---------                               ----------          
 0.010                                   ( 5,5 )( 4,5 )( 6,5 )( 5,5 )
     0.010           650       10000         1:1  1:100  1:100    1:1
 ---------                               ----------          
 0.011                                   ( 4,5 )( 5,5 )( 5,5 )( 6,5 )
     0.011           676       10000       1:100    1:1    1:1  1:100
 ---------                               ----------          
 0.010                                   ( 5,6 )( 5,5 )( 5,5 )( 5,4 )
     0.010           675       10000       1:100    1:1    1:1  1:100
 ---------                               ----------          
 0.010                                   ( 5,4 )( 5,6 )( 5,5 )( 5,5 )
     0.010           624       10000       1:100  1:100    1:1    1:1
 ---------                               ----------          
 0.011                                   ( 5,5 )( 5,6 )( 5,4 )( 5,5 )
     0.011           576       10000         1:1  1:100  1:100    1:1
 ---------                               ----------          
 0.010                                   ( 5,5 )( 5,4 )( 5,6 )( 5,5 )
     0.010           650       10000         1:1  1:100  1:100    1:1
 ---------                               ----------          
 0.011                                   ( 5,4 )( 5,5 )( 5,5 )( 5,6 )
     0.011           676       10000       1:100    1:1    1:1  1:100
 ---------                               ----------          
 --------------------------------------------------


 |...................................BST-PT2............................................
 H0          : Hcmf
 nbody       : 4
 thresh_foi  : 5.0e-5
 max_number  : nothing
 opt_ref     : true
 ci_tol      : 1.0e-6
 verbose     : 2

 Length of Reference:                                   98423
 Solve zeroth-order problem:                       
 |== BST CI ========================================================
 Solve CI with # variables:                             98423
 Cache Hamiltonian:                                334.609920 seconds (32.23 M allocations: 129.490 GiB, 62.51% gc time)
 Iter:   1 SS: 31   E:  -90.57547251   -90.50854019   -90.50796321   -90.50724668   -90.50689519   -90.44128816   -90.44099877   -90.44089780   -90.44081514   -90.44069712   -90.44056808   -90.44034950   -90.44022241   -90.43996084   -90.43966387   -90.43943411   -90.43930290   -90.43927893   -90.43924161   -90.43918381   -90.43870031   -90.43862663   -90.43846940   -90.43539103   -90.43260622   -90.43227798   -90.43167450   -90.43138294   -90.43135743   -90.43123186   -90.43019362   R: 7.0e-06  9.6e-06  1.2e-05  1.3e-05  1.1e-05  2.8e-05  2.5e-05  1.3e-05  1.6e-05  2.4e-05  2.7e-05  1.5e-05  3.7e-05  1.3e-05  2.6e-05  1.2e-05  1.4e-05  1.0e-05  8.4e-06  1.0e-05  2.9e-05  2.0e-05  2.6e-05  4.0e-05  3.1e-05  2.8e-05  1.3e-05  2.4e-05  2.7e-05  3.1e-05  3.3e-05   LinDep: 4.2e-15* 
 Iter:   2 SS: 62   E:  -90.57547251   -90.50854019   -90.50796321   -90.50724668   -90.50689519   -90.44128816   -90.44099877   -90.44089780   -90.44081514   -90.44069712   -90.44056808   -90.44034950   -90.44022241   -90.43996084   -90.43966387   -90.43943411   -90.43930290   -90.43927893   -90.43924161   -90.43918381   -90.43870031   -90.43862663   -90.43846940   -90.43539104   -90.43260622   -90.43227798   -90.43167450   -90.43138294   -90.43135743   -90.43123186   -90.43019362   R: 3.5e-06  5.2e-06  5.1e-06  7.1e-06  5.9e-06  1.7e-05  1.4e-05  7.3e-06  8.4e-06  1.5e-05  1.6e-05  8.2e-06  2.2e-05  7.7e-06  1.6e-05  6.9e-06  7.2e-06  5.7e-06  5.1e-06  5.5e-06  1.8e-05  1.1e-05  1.6e-05  2.7e-05  2.0e-05  1.8e-05  7.3e-06  1.5e-05  1.6e-05  1.8e-05  2.3e-05   LinDep: 2.2e-15* 
 Iter:   3 SS: 93   E:  -90.57547251   -90.50854019   -90.50796321   -90.50724668   -90.50689519   -90.44128816   -90.44099877   -90.44089780   -90.44081514   -90.44069712   -90.44056808   -90.44034950   -90.44022242   -90.43996084   -90.43966387   -90.43943411   -90.43930290   -90.43927893   -90.43924161   -90.43918381   -90.43870031   -90.43862663   -90.43846940   -90.43539104   -90.43260622   -90.43227798   -90.43167450   -90.43138295   -90.43135743   -90.43123186   -90.43019362   R: 1.7e-06  2.6e-06  2.4e-06  3.7e-06  3.4e-06  9.8e-06  8.3e-06  4.7e-06  5.1e-06  9.5e-06  8.6e-06  5.6e-06  1.6e-05  5.2e-06  1.1e-05  4.2e-06  4.4e-06  3.7e-06  3.6e-06  3.3e-06  1.3e-05  7.6e-06  1.1e-05  2.0e-05  1.4e-05  1.4e-05  5.5e-06  1.1e-05  1.2e-05  1.2e-05  1.7e-05   LinDep: 1.2e-14* 
 Iter:   4 SS: 124  E:  -90.57547251*  -90.50854019   -90.50796321   -90.50724668   -90.50689519   -90.44128816   -90.44099877   -90.44089780   -90.44081514   -90.44069712   -90.44056808   -90.44034950   -90.44022242   -90.43996084   -90.43966387   -90.43943411   -90.43930290   -90.43927893   -90.43924161   -90.43918381   -90.43870031   -90.43862663   -90.43846940   -90.43539104   -90.43260622   -90.43227798   -90.43167450   -90.43138295   -90.43135743   -90.43123186   -90.43019363   R: 9.2e-07* 1.4e-06  1.1e-06  1.9e-06  1.8e-06  5.9e-06  5.1e-06  2.8e-06  2.9e-06  6.7e-06  5.1e-06  4.0e-06  1.2e-05  3.6e-06  5.9e-06  2.4e-06  2.5e-06  2.4e-06  2.5e-06  1.8e-06  7.1e-06  4.9e-06  5.9e-06  2.0e-05  1.1e-05  1.0e-05  4.5e-06  9.4e-06  1.2e-05  1.1e-05  1.7e-05   LinDep: 3.4e-15* 
 Iter:   5 SS: 155  E:  -90.57547251*  -90.50854019*  -90.50796321*  -90.50724668*  -90.50689519*  -90.44128816   -90.44099877   -90.44089780   -90.44081514   -90.44069712   -90.44056808   -90.44034950   -90.44022242   -90.43996084   -90.43966387   -90.43943411   -90.43930290   -90.43927893   -90.43924160   -90.43918381   -90.43870031   -90.43862663   -90.43846940   -90.43539104   -90.43260622   -90.43227798   -90.43167450   -90.43138295   -90.43135743   -90.43123186   -90.43019363   R: 4.9e-07* 7.7e-07* 5.1e-07* 9.4e-07* 9.4e-07* 4.0e-06  3.5e-06  1.7e-06  1.6e-06  5.4e-06  3.7e-06  3.3e-06  8.9e-06  2.8e-06  3.0e-06  1.4e-06  1.6e-06  1.9e-06  2.0e-06  1.0e-06  4.0e-06  3.5e-06  2.9e-06  2.0e-05  1.0e-05  6.9e-06  4.4e-06  9.5e-06  1.2e-05  1.2e-05  1.8e-05   LinDep: 1.4e-14* 
 Iter:   6 SS: 186  E:  -90.57547251*  -90.50854019*  -90.50796321*  -90.50724668*  -90.50689519*  -90.44128816   -90.44099877   -90.44089781   -90.44081514   -90.44069712   -90.44056808   -90.44034950   -90.44022242   -90.43996084   -90.43966387   -90.43943411*  -90.43930291   -90.43927892   -90.43924160   -90.43918381*  -90.43870031   -90.43862663   -90.43846940   -90.43539104   -90.43260622   -90.43227798   -90.43167450   -90.43138295   -90.43135743   -90.43123186   -90.43019363   R: 2.2e-07* 5.5e-07* 3.1e-07* 5.5e-07* 4.8e-07* 2.9e-06  2.5e-06  1.2e-06  1.1e-06  4.8e-06  2.3e-06  2.9e-06  7.3e-06  2.3e-06  1.6e-06  8.9e-07* 1.4e-06  1.8e-06  1.8e-06  6.9e-07* 2.8e-06  3.0e-06  1.5e-06  1.8e-05  9.4e-06  4.5e-06  4.0e-06  9.1e-06  1.2e-05  1.4e-05  1.7e-05   LinDep: 3.3e-15* 
 Iter:   7 SS: 217  E:  -90.57547251*  -90.50854019*  -90.50796321*  -90.50724668*  -90.50689519*  -90.44128816   -90.44099877   -90.44089781*  -90.44081514*  -90.44069712   -90.44056808   -90.44034950   -90.44022242   -90.43996084   -90.43966387*  -90.43943411*  -90.43930291   -90.43927892   -90.43924160   -90.43918381*  -90.43870031   -90.43862663   -90.43846940*  -90.43539104   -90.43260622   -90.43227798   -90.43167450   -90.43138295   -90.43135743   -90.43123186   -90.43019363   R: 8.6e-08* 3.4e-07* 1.9e-07* 3.6e-07* 2.9e-07* 2.5e-06  2.0e-06  9.1e-07* 8.0e-07* 3.5e-06  2.0e-06  2.6e-06  5.4e-06  2.0e-06  8.2e-07* 5.6e-07* 1.4e-06  1.8e-06  1.6e-06  5.0e-07* 1.8e-06  2.2e-06  8.1e-07* 1.2e-05  6.9e-06  3.7e-06  3.3e-06  8.1e-06  8.3e-06  1.3e-05  1.1e-05   LinDep: 7.3e-15* 
 Iter:   8 SS: 248  E:  -90.57547251*  -90.50854019*  -90.50796321*  -90.50724668*  -90.50689519*  -90.44128816   -90.44099877   -90.44089781*  -90.44081514*  -90.44069712   -90.44056808   -90.44034950   -90.44022242   -90.43996084   -90.43966387*  -90.43943411*  -90.43930291   -90.43927892   -90.43924160   -90.43918381*  -90.43870031   -90.43862663   -90.43846940*  -90.43539104   -90.43260622   -90.43227798   -90.43167450   -90.43138295   -90.43135743   -90.43123186   -90.43019363   R: 3.6e-08* 1.9e-07* 1.3e-07* 2.2e-07* 1.6e-07* 1.9e-06  1.6e-06  7.5e-07* 7.2e-07* 2.7e-06  1.5e-06  1.8e-06  3.5e-06  1.4e-06  4.8e-07* 3.4e-07* 1.4e-06  2.0e-06  1.6e-06  4.4e-07* 1.3e-06  1.6e-06  5.0e-07* 9.0e-06  5.3e-06  2.8e-06  2.7e-06  6.1e-06  6.6e-06  9.4e-06  9.3e-06   LinDep: 4.2e-15* 
 Iter:   9 SS: 279  E:  -90.57547251*  -90.50854019*  -90.50796321*  -90.50724668*  -90.50689519*  -90.44128816   -90.44099877   -90.44089781*  -90.44081514*  -90.44069712   -90.44056808   -90.44034950   -90.44022242   -90.43996084   -90.43966387*  -90.43943411*  -90.43930291   -90.43927892   -90.43924160   -90.43918381*  -90.43870031*  -90.43862663   -90.43846940*  -90.43539104   -90.43260622   -90.43227798   -90.43167450   -90.43138295   -90.43135743   -90.43123186   -90.43019363   R: 1.8e-08* 1.3e-07* 9.6e-08* 1.4e-07* 1.0e-07* 1.5e-06  1.2e-06  7.8e-07* 7.3e-07* 1.8e-06  1.2e-06  1.4e-06  2.3e-06  1.2e-06  3.1e-07* 2.9e-07* 1.5e-06  2.1e-06  1.6e-06  5.2e-07* 9.7e-07* 1.2e-06  3.3e-07* 6.6e-06  4.3e-06  2.8e-06  2.3e-06  4.4e-06  4.9e-06  6.6e-06  6.8e-06   LinDep: 5.3e-15* 
 Iter:  10 SS: 310  E:  -90.57547251*  -90.50854019*  -90.50796321*  -90.50724668*  -90.50689519*  -90.44128816   -90.44099877*  -90.44089781*  -90.44081514*  -90.44069712   -90.44056808*  -90.44034950*  -90.44022242   -90.43996084*  -90.43966387*  -90.43943411*  -90.43930291   -90.43927892   -90.43924160   -90.43918381*  -90.43870031*  -90.43862663*  -90.43846940*  -90.43539104   -90.43260622   -90.43227798   -90.43167450   -90.43138295   -90.43135743   -90.43123186   -90.43019363   R: 7.7e-09* 1.0e-07* 8.7e-08* 1.4e-07* 1.1e-07* 1.2e-06  9.8e-07* 1.0e-06* 9.5e-07* 1.2e-06  8.9e-07* 9.3e-07* 1.6e-06  7.6e-07* 2.9e-07* 2.8e-07* 1.6e-06  2.1e-06  1.5e-06  5.7e-07* 7.2e-07* 8.9e-07* 2.7e-07* 4.6e-06  3.0e-06  2.2e-06  1.6e-06  3.0e-06  3.1e-06  4.4e-06  4.7e-06   LinDep: 7.1e-15* 
 Iter:  11 SS: 341  E:  -90.57547251*  -90.50854019*  -90.50796321*  -90.50724668*  -90.50689519*  -90.44128816*  -90.44099877*  -90.44089781   -90.44081514   -90.44069712*  -90.44056808*  -90.44034950*  -90.44022242   -90.43996084*  -90.43966387*  -90.43943411*  -90.43930291   -90.43927892   -90.43924160   -90.43918381*  -90.43870031*  -90.43862663*  -90.43846940*  -90.43539104   -90.43260622   -90.43227798   -90.43167450   -90.43138295   -90.43135743   -90.43123186   -90.43019363   R: 3.1e-09* 8.5e-08* 7.3e-08* 1.4e-07* 1.4e-07* 7.3e-07* 7.9e-07* 1.1e-06  1.1e-06  8.3e-07* 6.3e-07* 7.2e-07* 1.3e-06  5.7e-07* 3.4e-07* 3.2e-07* 1.8e-06  2.3e-06  1.5e-06  6.7e-07* 5.3e-07* 7.3e-07* 2.4e-07* 3.4e-06  2.3e-06  1.8e-06  1.4e-06  2.5e-06  2.3e-06  3.7e-06  3.6e-06   LinDep: 1.0e-14* 
 Iter:  12 SS: 372  E:  -90.57547251*  -90.50854019*  -90.50796321*  -90.50724668*  -90.50689519*  -90.44128816*  -90.44099877*  -90.44089781   -90.44081514   -90.44069712*  -90.44056808*  -90.44034950*  -90.44022242   -90.43996084*  -90.43966387*  -90.43943411*  -90.43930291   -90.43927892   -90.43924160   -90.43918381*  -90.43870031*  -90.43862663*  -90.43846940*  -90.43539104   -90.43260622   -90.43227798   -90.43167450   -90.43138295   -90.43135743   -90.43123186   -90.43019363   R: 1.3e-09* 7.1e-08* 5.7e-08* 1.7e-07* 1.6e-07* 4.7e-07* 7.8e-07* 1.4e-06  1.4e-06  5.6e-07* 4.2e-07* 7.1e-07* 1.1e-06  5.5e-07* 3.8e-07* 3.3e-07* 2.0e-06  2.6e-06  1.5e-06  7.7e-07* 4.3e-07* 5.9e-07* 3.0e-07* 2.3e-06  1.7e-06  1.3e-06  1.1e-06  2.0e-06  1.6e-06  2.6e-06  2.5e-06   LinDep: 3.0e-14* 
 Iter:  13 SS: 372  E:  -90.57547251*  -90.50854019*  -90.50796321*  -90.50724668*  -90.50689519*  -90.44128816*  -90.44099877*  -90.44089781   -90.44081514   -90.44069712*  -90.44056808*  -90.44034950*  -90.44022242*  -90.43996084*  -90.43966387*  -90.43943411*  -90.43930291   -90.43927892   -90.43924160   -90.43918381*  -90.43870032*  -90.43862663*  -90.43846940*  -90.43539104   -90.43260622   -90.43227798*  -90.43167450*  -90.43138295   -90.43135743   -90.43123186   -90.43019363   R: 7.0e-10* 5.5e-08* 3.0e-08* 1.9e-07* 1.8e-07* 3.4e-07* 8.8e-07* 1.7e-06  1.7e-06  3.6e-07* 3.0e-07* 7.6e-07* 6.8e-07* 5.8e-07* 4.5e-07* 3.8e-07* 2.1e-06  2.7e-06  1.5e-06  8.2e-07* 3.5e-07* 4.5e-07* 3.8e-07* 1.5e-06  1.1e-06  8.9e-07* 8.4e-07* 1.5e-06  1.0e-06  1.7e-06  1.6e-06   LinDep: 1.4e-14* 
 Iter:  14 SS: 372  E:  -90.57547251*  -90.50854019*  -90.50796321*  -90.50724668*  -90.50689519*  -90.44128816*  -90.44099877*  -90.44089781   -90.44081514   -90.44069712*  -90.44056808*  -90.44034950*  -90.44022242*  -90.43996084*  -90.43966387*  -90.43943411*  -90.43930292   -90.43927891   -90.43924160   -90.43918381*  -90.43870032*  -90.43862663*  -90.43846940*  -90.43539104*  -90.43260622*  -90.43227798*  -90.43167450*  -90.43138295   -90.43135743*  -90.43123186   -90.43019363   R: 3.4e-10* 5.6e-08* 1.6e-08* 2.1e-07* 2.1e-07* 2.8e-07* 9.9e-07* 2.1e-06  2.0e-06  2.4e-07* 2.4e-07* 8.4e-07* 4.3e-07* 6.4e-07* 5.4e-07* 4.3e-07* 2.6e-06  3.1e-06  1.6e-06  8.3e-07* 3.5e-07* 4.7e-07* 5.1e-07* 9.3e-07* 6.4e-07* 6.5e-07* 6.0e-07* 1.1e-06  7.2e-07* 1.1e-06  1.0e-06   LinDep: 4.6e-11* 
 Iter:  15 SS: 372  E:  -90.57547251*  -90.50854019*  -90.50796321*  -90.50724668*  -90.50689519*  -90.44128816*  -90.44099877   -90.44089781   -90.44081514   -90.44069712*  -90.44056808*  -90.44034950*  -90.44022242*  -90.43996084*  -90.43966387*  -90.43943411*  -90.43930293   -90.43927891   -90.43924160   -90.43918381*  -90.43870032*  -90.43862663*  -90.43846940*  -90.43539104*  -90.43260622*  -90.43227798*  -90.43167450*  -90.43138295   -90.43135743*  -90.43123186*  -90.43019363*  R: 2.4e-10* 5.7e-08* 1.8e-08* 2.5e-07* 2.5e-07* 2.8e-07* 1.1e-06  2.5e-06  2.4e-06  1.8e-07* 2.3e-07* 9.1e-07* 3.2e-07* 7.0e-07* 6.5e-07* 5.3e-07* 3.0e-06  3.4e-06  1.6e-06  9.4e-07* 4.0e-07* 5.3e-07* 6.0e-07* 6.0e-07* 4.3e-07* 5.7e-07* 5.0e-07* 1.0e-06  6.2e-07* 9.0e-07* 7.0e-07*  LinDep: 3.3e-11* 
 Iter:  16 SS: 372  E:  -90.57547251*  -90.50854019*  -90.50796321*  -90.50724668*  -90.50689519*  -90.44128816*  -90.44099877   -90.44089781   -90.44081514   -90.44069712*  -90.44056808*  -90.44034950*  -90.44022242*  -90.43996084*  -90.43966387*  -90.43943411*  -90.43930293   -90.43927891   -90.43924160   -90.43918381   -90.43870032*  -90.43862663*  -90.43846940*  -90.43539104*  -90.43260622*  -90.43227798*  -90.43167450*  -90.43138295*  -90.43135743*  -90.43123186*  -90.43019363*  R: 2.1e-10* 6.2e-08* 2.4e-08* 3.0e-07* 3.0e-07* 2.9e-07* 1.3e-06  2.8e-06  2.7e-06  1.4e-07* 2.5e-07* 1.0e-06* 2.5e-07* 8.0e-07* 7.5e-07* 6.1e-07* 2.8e-06  3.3e-06  1.5e-06  1.2e-06  5.4e-07* 6.4e-07* 6.6e-07* 3.5e-07* 2.9e-07* 5.2e-07* 3.6e-07* 8.9e-07* 4.9e-07* 6.8e-07* 4.2e-07*  LinDep: 7.4e-11* 
 Iter:  17 SS: 372  E:  -90.57547251*  -90.50854019*  -90.50796321*  -90.50724668*  -90.50689519*  -90.44128816*  -90.44099877   -90.44089781   -90.44081514   -90.44069712*  -90.44056808*  -90.44034950   -90.44022242*  -90.43996084*  -90.43966387*  -90.43943411*  -90.43930293   -90.43927890   -90.43924160   -90.43918381   -90.43870032*  -90.43862662   -90.43846940*  -90.43539104*  -90.43260622*  -90.43227798*  -90.43167450*  -90.43138295*  -90.43135743*  -90.43123186*  -90.43019363*  R: 2.1e-10* 7.1e-08* 3.4e-08* 3.5e-07* 3.5e-07* 3.3e-07* 1.5e-06  3.1e-06  3.0e-06  1.4e-07* 2.8e-07* 1.1e-06  2.1e-07* 8.7e-07* 8.3e-07* 7.0e-07* 2.5e-06  3.1e-06  1.3e-06  1.4e-06  9.2e-07* 1.0e-06  7.7e-07* 2.2e-07* 2.0e-07* 5.2e-07* 2.7e-07* 8.6e-07* 4.7e-07* 5.9e-07* 2.8e-07*  LinDep: 2.8e-10* 
 Iter:  18 SS: 31   E:  -90.57547251*  -90.50854019*  -90.50796321*  -90.50724668*  -90.50689519*  -90.44128816*  -90.44099877*  -90.44089780*  -90.44081514*  -90.44069712*  -90.44056808*  -90.44034950*  -90.44022242*  -90.43996084*  -90.43966387*  -90.43943411*  -90.43930290*  -90.43927893*  -90.43924161*  -90.43918381*  -90.43870031*  -90.43862663*  -90.43846940*  -90.43539104*  -90.43260622*  -90.43227798*  -90.43167450*  -90.43138295*  -90.43135743*  -90.43123186*  -90.43019363*  R: 9.2e-11* 7.0e-10* 7.0e-10* 9.5e-10* 5.9e-10* 2.9e-08* 2.1e-08* 2.1e-08* 9.2e-09* 4.6e-08* 6.0e-08* 3.3e-08* 1.2e-07* 5.7e-08* 8.4e-09* 1.3e-08* 1.1e-08* 9.0e-09* 2.5e-08* 9.3e-09* 2.4e-08* 5.9e-08* 1.3e-08* 2.1e-07* 1.7e-07* 1.6e-07* 2.6e-07* 3.5e-07* 1.8e-07* 3.7e-07* 2.7e-07*  LinDep: 8.9e-16* 
 Diagonalization time:                             3042.836893 seconds
 Compute <S^2>:                                      8.898897 seconds (17.22 M allocations: 9.119 GiB, 77.01% gc time)
  Root       Energy           S2
     1 -90.57547251   0.00003165
     2 -90.50854019   2.00002438
     3 -90.50796321   2.00004230
     4 -90.50724668   2.00002131
     5 -90.50689519   2.00004140
     6 -90.44128816   0.06607124
     7 -90.44099877   0.27491586
     8 -90.44089780   2.00038019
     9 -90.44081514   5.65008352
    10 -90.44069712   0.00954515
    11 -90.44056808   2.00023821
    12 -90.44034950   0.02217709
    13 -90.44022242   2.00025659
    14 -90.43996084   2.00012939
    15 -90.43966387   5.98080299
    16 -90.43943411   5.92707391
    17 -90.43930290   5.15476280
    18 -90.43927893   1.34823722
    19 -90.43924161   2.00021206
    20 -90.43918381   5.56180265
    21 -90.43870031   0.09773018
    22 -90.43862663   2.00024873
    23 -90.43846940   5.90840183
    24 -90.43539104   0.00041764
    25 -90.43260622   0.00024627
    26 -90.43227798   2.00002311
    27 -90.43167450   2.00004277
    28 -90.43138295   2.00002430
    29 -90.43135743   0.00043483
    30 -90.43123186   2.00003924
    31 -90.43019363   0.00024691
 ==================================================================|
 Diagonalization time:                             3387.705566 seconds
 Compute <0|H0|0>:                                   1.781330 seconds (3.75 M allocations: 2.238 GiB, 72.60% gc time)
  Root      <0|H|0>      <0|F|0>
     1 -90.57547251 -42.40028718
     2 -90.50854019 -42.32984689
     3 -90.50796321 -42.33168048
     4 -90.50724668 -42.33105847
     5 -90.50689519 -42.33128310
     6 -90.44128816 -42.25771968
     7 -90.44099877 -42.25926046
     8 -90.44089780 -42.26133644
     9 -90.44081514 -42.26183106
    10 -90.44069712 -42.25732921
    11 -90.44056808 -42.25910312
    12 -90.44034950 -42.26050098
    13 -90.44022242 -42.25911093
    14 -90.43996084 -42.26125788
    15 -90.43966387 -42.26151060
    16 -90.43943411 -42.26271540
    17 -90.43930290 -42.26307434
    18 -90.43927893 -42.26292627
    19 -90.43924161 -42.26284374
    20 -90.43918381 -42.26325428
    21 -90.43870031 -42.26153081
    22 -90.43862663 -42.26180498
    23 -90.43846940 -42.26284443
    24 -90.43539104 -42.23855347
    25 -90.43260622 -42.24925080
    26 -90.43227798 -42.25292312
    27 -90.43167450 -42.25458938
    28 -90.43138295 -42.25334754
    29 -90.43135743 -42.24475804
    30 -90.43123186 -42.25288760
    31 -90.43019363 -42.24598966
 Number of jobs:    8067
 Number of threads: 8
 |----------------------------------------------------------------------------------------------------|
 |0%                                                                                              100%|
 |--------------------------------┌ Warning: Linear dependency detected. Restarting.
└ @ BlockDavidson ~/.julia/packages/BlockDavidson/HYzYU/src/BlockDavidson.jl:229
┌ Warning: Linear dependency detected. Restarting.
└ @ BlockDavidson ~/.julia/packages/BlockDavidson/HYzYU/src/BlockDavidson.jl:229
ERROR: LoadError: TaskFailedException
Stacktrace:
 [1] wait
   @ ./task.jl:334 [inlined]
 [2] threading_run(func::Function)
   @ Base.Threads ./threadingconstructs.jl:38
 [3] macro expansion
   @ ./threadingconstructs.jl:97 [inlined]
 [4] macro expansion
   @ ~/SPF-data/FermiCG/src/tucker_pt.jl:742 [inlined]
 [5] macro expansion
   @ ./timing.jl:299 [inlined]
 [6] compute_pt2_energy(ref::BSTstate{Float64, 4, 31}, cluster_ops::Vector{FermiCG.ClusterOps{Float64}}, clustered_ham::ClusteredOperator{4}; H0::String, nbody::Int64, thresh_foi::Float64, max_number::Nothing, opt_ref::Bool, ci_tol::Float64, verbose::Int64, prescreen::Bool, compress_twice::Bool)
   @ FermiCG ~/SPF-data/FermiCG/src/tucker_pt.jl:740
 [7] top-level scope
   @ ./timing.jl:220

    nested task error: OutOfMemoryError()
    Stacktrace:
     [1] Array
       @ ./boot.jl:469 [inlined]
     [2] similar
       @ ./array.jl:378 [inlined]
     [3] similar_from_structure
       @ ~/.julia/packages/TensorOperations/QcEK4/src/implementation/tensorcache.jl:11 [inlined]
     [4] similar_from_indices
       @ ~/.julia/packages/TensorOperations/QcEK4/src/implementation/tensorcache.jl:25 [inlined]
     [5] form_sigma_block_expand(term::FermiCG.ClusteredTerm4B{Float64}, cluster_ops::Vector{FermiCG.ClusterOps{Float64}}, fock_bra::FockConfig{4}, bra::TuckerConfig{4}, fock_ket::FockConfig{4}, ket::TuckerConfig{4}, coeffs_ket::FermiCG.Tucker{Float64, 4, 31}; precontract::Bool, max_number::Nothing, prescreen::Float64)
       @ FermiCG ~/SPF-data/FermiCG/src/tucker_form_sigma_block_expand.jl:640
     [6] _pt2_job(sig_fock::FockConfig{4}, job::Vector{Tuple}, ket::BSTstate{Float64, 4, 31}, cluster_ops::Vector{FermiCG.ClusterOps{Float64}}, clustered_ham::ClusteredOperator{4}, clustered_ham_0::ClusteredOperator{4}, nbody::Int64, verbose::Int64, thresh::Float64, max_number::Nothing, E0::Vector{Float64}, F0::Vector{Float64}, prescreen::Bool, compress_twice::Bool)
       @ FermiCG ~/SPF-data/FermiCG/src/tucker_pt.jl:866
     [7] macro expansion
       @ ~/SPF-data/FermiCG/src/tucker_pt.jl:746 [inlined]
     [8] (::FermiCG.var"#623#threadsfor_fun#305"{Int64, Float64, Nothing, Int64, Bool, Bool, Vector{FermiCG.ClusterOps{Float64}}, ClusteredOperator{4}, Vector{Vector{Float64}}, ClusteredOperator{4}, ReentrantLock, Vector{Tuple{Int64, Any}}})(onethread::Bool)
       @ FermiCG ./threadingconstructs.jl:85
     [9] (::FermiCG.var"#623#threadsfor_fun#305"{Int64, Float64, Nothing, Int64, Bool, Bool, Vector{FermiCG.ClusterOps{Float64}}, ClusteredOperator{4}, Vector{Vector{Float64}}, ClusteredOperator{4}, ReentrantLock, Vector{Tuple{Int64, Any}}})()
       @ FermiCG ./threadingconstructs.jl:52
in expression starting at /localscratch/2461877/spt_pt2.jl:41
