IDX001:DIM1048576:001|002|003|004|005|006|007|008|009|010|
IDX002:DIM1048576:011|012|013|014|015|016|017|018|019|020|
IDX003:DIM1048576:021|022|023|024|025|026|027|028|029|030|
IDX004:DIM1048576:031|032|033|034|035|036|037|038|039|040|
4-element Vector{Tuple{Int64, Int64}}:
 (5, 5)
 (5, 5)
 (5, 5)
 (5, 5) Remove duplicates
 Number of terms reduced from  1036 to   472
IDX001:DIM1048576:001|002|003|004|005|006|007|008|009|010|
IDX002:DIM1048576:011|012|013|014|015|016|017|018|019|020|
IDX003:DIM1048576:021|022|023|024|025|026|027|028|029|030|
IDX004:DIM1048576:031|032|033|034|035|036|037|038|039|040|

 --------------------------------------------------
 ---------- # Fockspaces -------------------:   199  
 ---------- # Configs    -------------------: 32034  
 ---------- Root ---------------------------:     1  
 --------------------------------------------------
 Printing contributions greater than: 0.010000
 Weight              # configs (full)    (α,β)...            
 -------             --------- --------- ----------          
 0.999                                   ( 5,5 )( 5,5 )( 5,5 )( 5,5 )
     0.998           1         1             1:1    1:1    1:1    1:1
     0.027           342       2401         2:50   2:50    1:1    1:1
     0.021           225       2401         2:50    1:1   2:50    1:1
     0.025           324       2401         2:50    1:1    1:1   2:50
     0.024           324       2401          1:1   2:50   2:50    1:1
     0.021           240       2401          1:1   2:50    1:1   2:50
 ---------                               ----------          
 --------------------------------------------------


 --------------------------------------------------
 ---------- # Fockspaces -------------------:   199  
 ---------- # Configs    -------------------: 32034  
 ---------- Root ---------------------------:     1  
 --------------------------------------------------
 Printing contributions greater than: 0.010000
 Weight              # configs (full)    (α,β)...            
 -------             --------- --------- ----------          
 0.999                                   ( 5,5 )( 5,5 )( 5,5 )( 5,5 )
     0.998           1         1             1:1    1:1    1:1    1:1
     0.027           342       2401         2:50   2:50    1:1    1:1
     0.021           225       2401         2:50    1:1   2:50    1:1
     0.025           324       2401         2:50    1:1    1:1   2:50
     0.024           324       2401          1:1   2:50   2:50    1:1
     0.021           240       2401          1:1   2:50    1:1   2:50
 ---------                               ----------          
 --------------------------------------------------


 |...................................BST-PT2............................................
 H0          : Hcmf
 nbody       : 4
 thresh_foi  : 0.0001
 max_number  : nothing
 opt_ref     : true
 ci_tol      : 1.0e-6
 verbose     : 2

 Length of Reference:                                   32034
 Solve zeroth-order problem:                       
 |== BST CI ========================================================
 Solve CI with # variables:                             32034
 Cache Hamiltonian:                                 72.657218 seconds (110.29 M allocations: 22.303 GiB, 14.52% gc time, 52.79% compilation time)
 Iter:   1 SS: 31   E:  -90.57355464*  -90.50719118*  -90.50638585*  -90.50593037*  -90.50534746*  -90.44028295*  -90.43996740*  -90.43990563*  -90.43981095*  -90.43964842*  -90.43957284   -90.43927810*  -90.43914925   -90.43891651*  -90.43872823*  -90.43847298*  -90.43827543*  -90.43808931*  -90.43805866*  -90.43801768*  -90.43772367*  -90.43766562*  -90.43750840*  -90.43350580   -90.43080695   -90.43044771*  -90.42984394   -90.42953878   -90.42951314   -90.42936793   -90.42831592   R: 5.7e-10* 1.5e-08* 8.0e-09* 9.8e-09* 5.6e-09* 4.9e-07* 3.5e-07* 1.4e-07* 1.5e-07* 2.9e-07* 1.7e-06  5.4e-07* 2.2e-06  4.2e-07* 2.6e-07* 2.8e-07* 9.4e-08* 3.6e-07* 5.2e-07* 2.0e-07* 6.0e-07* 6.9e-07* 1.0e-07* 4.3e-06  2.5e-06  8.5e-07* 1.6e-06  2.1e-06  2.9e-06  6.8e-06  7.8e-06   LinDep: 7.1e-15* 
 Iter:   2 SS: 62   E:  -90.57355464*  -90.50719118*  -90.50638585*  -90.50593037*  -90.50534746*  -90.44028295*  -90.43996740*  -90.43990563*  -90.43981095*  -90.43964842*  -90.43957284   -90.43927810*  -90.43914925   -90.43891651*  -90.43872823*  -90.43847298*  -90.43827543*  -90.43808932*  -90.43805866*  -90.43801768*  -90.43772367*  -90.43766562*  -90.43750840*  -90.43350580   -90.43080695   -90.43044771*  -90.42984394   -90.42953878   -90.42951314   -90.42936793   -90.42831592   R: 5.1e-10* 1.1e-08* 7.2e-09* 9.1e-09* 4.5e-09* 3.9e-07* 2.9e-07* 1.1e-07* 1.2e-07* 2.3e-07* 1.4e-06  4.2e-07* 1.7e-06  3.4e-07* 2.1e-07* 2.2e-07* 7.5e-08* 3.5e-07* 4.3e-07* 2.3e-07* 5.0e-07* 5.6e-07* 8.7e-08* 3.5e-06  2.0e-06  6.8e-07* 1.3e-06  1.8e-06  2.5e-06  5.5e-06  6.4e-06   LinDep: 5.6e-16* 
 Iter:   3 SS: 93   E:  -90.57355464*  -90.50719118*  -90.50638585*  -90.50593037*  -90.50534746*  -90.44028295*  -90.43996740*  -90.43990563*  -90.43981095*  -90.43964842*  -90.43957284*  -90.43927810*  -90.43914925   -90.43891651*  -90.43872823*  -90.43847298*  -90.43827543*  -90.43808932*  -90.43805866*  -90.43801768*  -90.43772367*  -90.43766562*  -90.43750840*  -90.43350580   -90.43080695   -90.43044771*  -90.42984394*  -90.42953878   -90.42951314   -90.42936793   -90.42831592   R: 3.9e-10* 9.8e-09* 1.2e-08* 1.5e-08* 5.0e-09* 2.6e-07* 2.0e-07* 8.2e-08* 1.1e-07* 1.4e-07* 9.5e-07* 2.4e-07* 1.1e-06  2.2e-07* 1.5e-07* 1.5e-07* 4.7e-08* 4.3e-07* 3.6e-07* 3.5e-07* 3.3e-07* 3.7e-07* 8.4e-08* 2.5e-06  1.2e-06  4.7e-07* 8.3e-07* 1.2e-06  1.9e-06  3.9e-06  4.6e-06   LinDep: 0.0e+00* 
 Iter:   4 SS: 124  E:  -90.57355464*  -90.50719118*  -90.50638585*  -90.50593037*  -90.50534746*  -90.44028295*  -90.43996740*  -90.43990563*  -90.43981095*  -90.43964842*  -90.43957284*  -90.43927810*  -90.43914925   -90.43891651*  -90.43872823*  -90.43847298*  -90.43827543*  -90.43808932*  -90.43805866*  -90.43801768*  -90.43772367*  -90.43766562*  -90.43750840*  -90.43350580   -90.43080695   -90.43044771*  -90.42984394*  -90.42953878   -90.42951314   -90.42936793   -90.42831592   R: 3.8e-10* 1.5e-08* 6.9e-09* 1.7e-08* 8.9e-09* 2.3e-07* 1.7e-07* 5.9e-08* 1.1e-07* 1.3e-07* 8.6e-07* 2.0e-07* 1.0e-06  2.1e-07* 1.4e-07* 1.4e-07* 4.4e-08* 5.3e-07* 3.2e-07* 4.7e-07* 3.0e-07* 3.5e-07* 1.0e-07* 2.4e-06  1.1e-06  4.4e-07* 7.6e-07* 1.2e-06  1.8e-06  3.9e-06  4.6e-06   LinDep: 1.0e-15* 
 Iter:   5 SS: 155  E:  -90.57355464*  -90.50719118*  -90.50638585*  -90.50593037*  -90.50534746*  -90.44028295*  -90.43996740*  -90.43990563*  -90.43981095*  -90.43964842*  -90.43957284*  -90.43927810*  -90.43914925*  -90.43891651*  -90.43872823*  -90.43847298*  -90.43827543*  -90.43808932*  -90.43805866*  -90.43801768*  -90.43772367*  -90.43766562*  -90.43750840*  -90.43350580   -90.43080695*  -90.43044771*  -90.42984394*  -90.42953878*  -90.42951314   -90.42936793   -90.42831592   R: 3.9e-10* 2.3e-08* 7.4e-09* 2.6e-08* 1.4e-08* 1.9e-07* 1.7e-07* 5.3e-08* 1.6e-07* 1.1e-07* 7.3e-07* 1.6e-07* 8.2e-07* 1.5e-07* 1.3e-07* 1.4e-07* 3.9e-08* 7.4e-07* 4.3e-07* 6.3e-07* 3.5e-07* 3.6e-07* 1.0e-07* 2.1e-06  9.4e-07* 3.4e-07* 6.0e-07* 9.8e-07* 1.6e-06  3.4e-06  4.4e-06   LinDep: 2.4e-15* 
 Iter:   6 SS: 186  E:  -90.57355464*  -90.50719118*  -90.50638585*  -90.50593037*  -90.50534746*  -90.44028295*  -90.43996740*  -90.43990563*  -90.43981095*  -90.43964842*  -90.43957284*  -90.43927810*  -90.43914925*  -90.43891651*  -90.43872823*  -90.43847298*  -90.43827543*  -90.43808932*  -90.43805866*  -90.43801768*  -90.43772367*  -90.43766562*  -90.43750840*  -90.43350580   -90.43080695*  -90.43044771*  -90.42984394*  -90.42953878*  -90.42951314   -90.42936793   -90.42831592   R: 3.9e-10* 3.4e-08* 1.4e-08* 3.5e-08* 1.8e-08* 1.7e-07* 2.0e-07* 4.4e-08* 2.1e-07* 1.4e-07* 6.0e-07* 1.7e-07* 7.1e-07* 1.3e-07* 1.5e-07* 1.6e-07* 6.9e-08* 8.5e-07* 6.0e-07* 6.4e-07* 4.7e-07* 4.8e-07* 8.9e-08* 1.9e-06  8.5e-07* 3.2e-07* 5.9e-07* 9.6e-07* 1.5e-06  3.3e-06  4.1e-06   LinDep: 3.0e-15* 
 Iter:   7 SS: 217  E:  -90.57355464*  -90.50719118*  -90.50638585*  -90.50593037*  -90.50534746*  -90.44028295*  -90.43996740*  -90.43990563*  -90.43981095*  -90.43964842*  -90.43957284*  -90.43927810*  -90.43914925*  -90.43891651*  -90.43872823*  -90.43847298*  -90.43827543*  -90.43808932   -90.43805866*  -90.43801768*  -90.43772367*  -90.43766562*  -90.43750840*  -90.43350580   -90.43080695*  -90.43044771*  -90.42984394*  -90.42953878*  -90.42951314   -90.42936793   -90.42831592   R: 4.0e-10* 4.5e-08* 3.4e-08* 5.0e-08* 1.2e-08* 1.3e-07* 2.3e-07* 1.0e-07* 2.4e-07* 1.3e-07* 4.0e-07* 1.8e-07* 5.4e-07* 1.0e-07* 1.4e-07* 1.5e-07* 8.3e-08* 1.0e-06  8.2e-07* 6.6e-07* 5.6e-07* 5.7e-07* 6.2e-08* 1.3e-06  6.7e-07* 2.8e-07* 4.7e-07* 9.2e-07* 1.1e-06  2.9e-06  3.1e-06   LinDep: 6.7e-15* 
 Iter:   8 SS: 248  E:  -90.57355464*  -90.50719118*  -90.50638585*  -90.50593037*  -90.50534746*  -90.44028295*  -90.43996740*  -90.43990563*  -90.43981095*  -90.43964842*  -90.43957284*  -90.43927810*  -90.43914925*  -90.43891651*  -90.43872823*  -90.43847298*  -90.43827543*  -90.43808933   -90.43805865   -90.43801768*  -90.43772367*  -90.43766562*  -90.43750840*  -90.43350580*  -90.43080695*  -90.43044771*  -90.42984394*  -90.42953878*  -90.42951314*  -90.42936793   -90.42831592   R: 4.1e-10* 5.8e-08* 3.4e-08* 5.8e-08* 1.9e-08* 1.2e-07* 2.6e-07* 1.7e-07* 2.9e-07* 1.6e-07* 2.1e-07* 2.1e-07* 3.8e-07* 9.7e-08* 1.4e-07* 1.4e-07* 9.9e-08* 1.4e-06  1.2e-06  6.4e-07* 5.6e-07* 5.6e-07* 5.5e-08* 7.1e-07* 4.6e-07* 2.4e-07* 3.9e-07* 8.5e-07* 7.5e-07* 2.3e-06  1.8e-06   LinDep: 3.6e-15* 
 Iter:   9 SS: 279  E:  -90.57355464*  -90.50719118*  -90.50638585*  -90.50593037*  -90.50534746*  -90.44028295*  -90.43996740*  -90.43990563*  -90.43981095*  -90.43964842*  -90.43957284*  -90.43927810*  -90.43914925*  -90.43891651*  -90.43872823*  -90.43847298*  -90.43827543*  -90.43808933   -90.43805865   -90.43801767*  -90.43772367*  -90.43766562*  -90.43750840*  -90.43350580*  -90.43080695*  -90.43044771*  -90.42984394*  -90.42953878*  -90.42951314*  -90.42936793   -90.42831592   R: 4.2e-10* 6.8e-08* 3.4e-08* 6.6e-08* 1.9e-08* 1.3e-07* 3.7e-07* 3.4e-07* 3.9e-07* 1.9e-07* 1.5e-07* 2.6e-07* 2.4e-07* 9.2e-08* 1.4e-07* 1.4e-07* 1.1e-07* 1.7e-06  1.7e-06  7.6e-07* 5.9e-07* 5.9e-07* 6.9e-08* 4.6e-07* 3.4e-07* 2.1e-07* 3.5e-07* 7.9e-07* 6.9e-07* 1.6e-06  1.2e-06   LinDep: 1.9e-14* 
 Iter:  10 SS: 310  E:  -90.57355464*  -90.50719118*  -90.50638585*  -90.50593037*  -90.50534746*  -90.44028295*  -90.43996740*  -90.43990563*  -90.43981095*  -90.43964842*  -90.43957284*  -90.43927810*  -90.43914925*  -90.43891651*  -90.43872823*  -90.43847298*  -90.43827543*  -90.43808934   -90.43805864   -90.43801767   -90.43772367*  -90.43766562*  -90.43750840*  -90.43350580*  -90.43080695*  -90.43044771*  -90.42984394*  -90.42953878*  -90.42951314*  -90.42936793   -90.42831592*  R: 4.3e-10* 7.6e-08* 4.0e-08* 7.5e-08* 3.3e-08* 1.5e-07* 4.9e-07* 5.0e-07* 5.2e-07* 2.3e-07* 1.2e-07* 3.1e-07* 1.7e-07* 1.2e-07* 1.5e-07* 1.3e-07* 1.4e-07* 2.2e-06  2.3e-06  1.0e-06  5.9e-07* 5.8e-07* 1.1e-07* 3.1e-07* 2.4e-07* 2.1e-07* 3.1e-07* 7.2e-07* 6.0e-07* 1.2e-06  9.0e-07*  LinDep: 8.4e-15* 
 Iter:  11 SS: 341  E:  -90.57355464*  -90.50719118*  -90.50638585*  -90.50593037*  -90.50534746*  -90.44028295*  -90.43996740*  -90.43990563*  -90.43981095*  -90.43964842*  -90.43957284*  -90.43927810*  -90.43914925*  -90.43891651*  -90.43872823*  -90.43847298*  -90.43827543*  -90.43808935   -90.43805864   -90.43801767   -90.43772367*  -90.43766562*  -90.43750840*  -90.43350580*  -90.43080695*  -90.43044771*  -90.42984394*  -90.42953878*  -90.42951314*  -90.42936793*  -90.42831592*  R: 4.4e-10* 8.2e-08* 4.4e-08* 8.1e-08* 4.4e-08* 1.8e-07* 6.4e-07* 7.0e-07* 6.3e-07* 2.9e-07* 1.2e-07* 3.6e-07* 1.2e-07* 1.3e-07* 1.6e-07* 1.4e-07* 1.7e-07* 2.7e-06  2.9e-06  1.2e-06  5.1e-07* 4.9e-07* 1.3e-07* 2.3e-07* 1.9e-07* 2.1e-07* 2.6e-07* 7.0e-07* 5.9e-07* 9.7e-07* 7.2e-07*  LinDep: 6.9e-15* 
 Iter:  12 SS: 372  E:  -90.57355464*  -90.50719118*  -90.50638585*  -90.50593037*  -90.50534746*  -90.44028295*  -90.43996740*  -90.43990563*  -90.43981095*  -90.43964842*  -90.43957284*  -90.43927810*  -90.43914925*  -90.43891651*  -90.43872823*  -90.43847298*  -90.43827543*  -90.43808936   -90.43805863   -90.43801767   -90.43772367*  -90.43766562*  -90.43750840*  -90.43350580*  -90.43080695*  -90.43044771*  -90.42984394*  -90.42953878*  -90.42951314*  -90.42936793*  -90.42831592*  R: 4.5e-10* 9.1e-08* 5.1e-08* 9.1e-08* 4.6e-08* 2.1e-07* 7.8e-07* 9.0e-07* 7.5e-07* 3.3e-07* 1.2e-07* 4.0e-07* 1.0e-07* 1.5e-07* 1.7e-07* 1.6e-07* 2.1e-07* 3.2e-06  3.4e-06  1.3e-06  4.0e-07* 3.6e-07* 1.6e-07* 1.6e-07* 1.5e-07* 2.2e-07* 2.0e-07* 8.0e-07* 7.0e-07* 7.5e-07* 5.3e-07*  LinDep: 1.3e-14* 
 Iter:  13 SS: 372  E:  -90.57355464*  -90.50719118*  -90.50638585*  -90.50593037*  -90.50534746*  -90.44028295*  -90.43996740*  -90.43990563   -90.43981095*  -90.43964842*  -90.43957284*  -90.43927810*  -90.43914925*  -90.43891651*  -90.43872823*  -90.43847298*  -90.43827543*  -90.43808937   -90.43805862   -90.43801767   -90.43772367*  -90.43766562*  -90.43750840*  -90.43350580*  -90.43080695*  -90.43044771*  -90.42984394*  -90.42953878*  -90.42951314*  -90.42936793*  -90.42831592*  R: 4.5e-10* 9.8e-08* 5.9e-08* 1.0e-07* 5.2e-08* 2.3e-07* 9.5e-07* 1.1e-06  8.6e-07* 3.7e-07* 1.6e-07* 4.7e-07* 1.1e-07* 1.8e-07* 1.9e-07* 1.8e-07* 2.6e-07* 3.8e-06  3.9e-06  1.4e-06  3.6e-07* 2.9e-07* 2.0e-07* 1.1e-07* 1.3e-07* 2.3e-07* 1.8e-07* 8.2e-07* 7.2e-07* 5.9e-07* 3.5e-07*  LinDep: 2.0e-15* 
 Iter:  14 SS: 372  E:  -90.57355464*  -90.50719118*  -90.50638585*  -90.50593037*  -90.50534746*  -90.44028295*  -90.43996740   -90.43990563   -90.43981095   -90.43964842*  -90.43957284*  -90.43927810*  -90.43914925*  -90.43891651*  -90.43872823*  -90.43847298*  -90.43827543*  -90.43808938   -90.43805861   -90.43801767   -90.43772367*  -90.43766562*  -90.43750840*  -90.43350580*  -90.43080695*  -90.43044771*  -90.42984394*  -90.42953878*  -90.42951314*  -90.42936793*  -90.42831592*  R: 4.6e-10* 1.1e-07* 6.6e-08* 1.1e-07* 5.7e-08* 2.6e-07* 1.1e-06  1.4e-06  1.0e-06  4.5e-07* 2.3e-07* 5.5e-07* 1.3e-07* 2.0e-07* 2.1e-07* 1.8e-07* 2.6e-07* 4.3e-06  4.6e-06  1.6e-06  3.1e-07* 1.7e-07* 2.5e-07* 8.0e-08* 1.2e-07* 2.4e-07* 1.8e-07* 9.1e-07* 8.1e-07* 4.8e-07* 2.3e-07*  LinDep: 5.6e-11* 
 Iter:  15 SS: 372  E:  -90.57355464*  -90.50719118*  -90.50638585*  -90.50593037*  -90.50534746*  -90.44028295*  -90.43996741   -90.43990563   -90.43981095   -90.43964842*  -90.43957284*  -90.43927810*  -90.43914925*  -90.43891651*  -90.43872823*  -90.43847298*  -90.43827543*  -90.43808938   -90.43805861   -90.43801767   -90.43772367*  -90.43766562*  -90.43750840*  -90.43350580*  -90.43080695*  -90.43044771*  -90.42984394*  -90.42953878*  -90.42951314*  -90.42936793*  -90.42831592*  R: 4.7e-10* 1.1e-07* 7.3e-08* 1.2e-07* 6.1e-08* 2.9e-07* 1.3e-06  1.6e-06  1.1e-06  4.6e-07* 2.6e-07* 6.0e-07* 1.5e-07* 2.2e-07* 2.2e-07* 1.9e-07* 3.0e-07* 4.7e-06  5.0e-06  1.7e-06  4.0e-07* 2.2e-07* 3.2e-07* 6.5e-08* 1.3e-07* 2.5e-07* 1.7e-07* 9.4e-07* 8.5e-07* 4.0e-07* 1.5e-07*  LinDep: 1.0e-10* 
 Iter:  16 SS: 31   E:  -90.57355464*  -90.50719118*  -90.50638585*  -90.50593037*  -90.50534746*  -90.44028295*  -90.43996740*  -90.43990563*  -90.43981095*  -90.43964842*  -90.43957284*  -90.43927810*  -90.43914925*  -90.43891651*  -90.43872823*  -90.43847298*  -90.43827543*  -90.43808931*  -90.43805866*  -90.43801768*  -90.43772367*  -90.43766562*  -90.43750840*  -90.43350580*  -90.43080695*  -90.43044771*  -90.42984394*  -90.42953878*  -90.42951314*  -90.42936793*  -90.42831592*  R: 1.3e-10* 2.6e-10* 2.0e-10* 2.5e-10* 1.8e-10* 1.8e-09* 1.7e-09* 1.2e-09* 1.1e-09* 2.0e-09* 7.5e-09* 2.4e-09* 1.8e-08* 3.7e-09* 1.6e-09* 1.6e-09* 8.9e-10* 3.1e-09* 5.8e-09* 1.8e-09* 3.1e-09* 6.4e-09* 1.2e-09* 3.8e-08* 3.0e-08* 1.5e-08* 3.3e-08* 6.0e-08* 4.2e-08* 2.1e-07* 1.4e-07*  LinDep: 4.2e-15* 
 Diagonalization time:                             870.036158 seconds
 Compute <S^2>:                                      4.956547 seconds (14.89 M allocations: 3.377 GiB, 72.14% gc time, 0.13% compilation time)
  Root       Energy           S2
     1 -90.57355464   0.00002231
     2 -90.50719118   2.00001688
     3 -90.50638585   2.00003396
     4 -90.50593037   2.00001859
     5 -90.50534746   2.00003227
     6 -90.44028295   0.01526492
     7 -90.43996740   0.11716497
     8 -90.43990563   2.00029353
     9 -90.43981095   5.87036437
    10 -90.43964842   2.00018342
    11 -90.43957284   0.00452506
    12 -90.43927810   0.00423474
    13 -90.43914925   2.00018229
    14 -90.43891651   2.00009674
    15 -90.43872823   5.99512710
    16 -90.43847298   5.99451655
    17 -90.43827543   5.99663719
    18 -90.43808931   0.26534974
    19 -90.43805866   2.00019253
    20 -90.43801768   5.73385168
    21 -90.43772367   0.05225863
    22 -90.43766562   2.00018279
    23 -90.43750840   5.95202694
    24 -90.43350580   0.00042141
    25 -90.43080695   0.00023841
    26 -90.43044771   2.00001636
    27 -90.42984394   2.00003491
    28 -90.42953878   2.00001954
    29 -90.42951314   0.00037007
    30 -90.42936793   2.00003062
    31 -90.42831592   0.00028265
 ==================================================================|
 Diagonalization time:                             954.999524 seconds
 Compute <0|H0|0>:                                   0.869116 seconds (3.26 M allocations: 823.096 MiB, 62.93% gc time, 1.84% compilation time)
  Root      <0|H|0>      <0|F|0>
     1 -90.57355464 -42.40215986
     2 -90.50719118 -42.33125551
     3 -90.50638585 -42.33319257
     4 -90.50593037 -42.33253536
     5 -90.50534746 -42.33274453
     6 -90.44028295 -42.25885532
     7 -90.43996740 -42.26105089
     8 -90.43990563 -42.26242028
     9 -90.43981095 -42.26296155
    10 -90.43964842 -42.26031518
    11 -90.43957284 -42.25885777
    12 -90.43927810 -42.26158796
    13 -90.43914925 -42.26048995
    14 -90.43891651 -42.26243306
    15 -90.43872823 -42.26283199
    16 -90.43847298 -42.26324763
    17 -90.43827543 -42.26451965
    18 -90.43808931 -42.26369346
    19 -90.43805866 -42.26384681
    20 -90.43801768 -42.26422084
    21 -90.43772367 -42.26280096
    22 -90.43766562 -42.26296363
    23 -90.43750840 -42.26387075
    24 -90.43350580 -42.24087949
    25 -90.43080695 -42.25113296
    26 -90.43044771 -42.25476261
    27 -90.42984394 -42.25639072
    28 -90.42953878 -42.25524495
    29 -90.42951314 -42.24736664
    30 -90.42936793 -42.25470221
    31 -90.42831592 -42.24759752
 Number of jobs:    7683
 Number of threads: 8
 |----------------------------------------------------------------------------------------------------|
 |0%                                                                                              100%|
 |----------------------------------------------------------------------------------------------------|
 Time spent computing E2:                           35449.0 s Allocated:    2.0e+04 GB
 State   1: E(PT2) corr:                          -0.00003487
 State   2: E(PT2) corr:                          -0.00005692
 State   3: E(PT2) corr:                          -0.00004783
 State   4: E(PT2) corr:                          -0.00005164
 State   5: E(PT2) corr:                          -0.00004669
 State   6: E(PT2) corr:                          -0.00024404
 State   7: E(PT2) corr:                          -0.00020786
 State   8: E(PT2) corr:                          -0.00020753
 State   9: E(PT2) corr:                          -0.00018279
 State  10: E(PT2) corr:                          -0.00023115
 State  11: E(PT2) corr:                          -0.00021258
 State  12: E(PT2) corr:                          -0.00018009
 State  13: E(PT2) corr:                          -0.00020690
 State  14: E(PT2) corr:                          -0.00017641
 State  15: E(PT2) corr:                          -0.00015995
 State  16: E(PT2) corr:                          -0.00015144
 State  17: E(PT2) corr:                          -0.00013224
 State  18: E(PT2) corr:                          -0.00015823
 State  19: E(PT2) corr:                          -0.00015639
 State  20: E(PT2) corr:                          -0.00014543
 State  21: E(PT2) corr:                          -0.00015404
 State  22: E(PT2) corr:                          -0.00015773
 State  23: E(PT2) corr:                          -0.00013010
 State  24: E(PT2) corr:                          -0.00028669
 State  25: E(PT2) corr:                          -0.00036423
 State  26: E(PT2) corr:                          -0.00012323
 State  27: E(PT2) corr:                          -0.00008851
 State  28: E(PT2) corr:                          -0.00011160
 State  29: E(PT2) corr:                          -0.00017706
 State  30: E(PT2) corr:                          -0.00008894
 State  31: E(PT2) corr:                          -0.00024931
  Root         E(0)         E(2)
     1 -90.57355464 -90.57358952
     2 -90.50719118 -90.50724811
     3 -90.50638585 -90.50643367
     4 -90.50593037 -90.50598201
     5 -90.50534746 -90.50539415
     6 -90.44028295 -90.44052699
     7 -90.43996740 -90.44017527
     8 -90.43990563 -90.44011316
     9 -90.43981095 -90.43999374
    10 -90.43964842 -90.43987957
    11 -90.43957284 -90.43978543
    12 -90.43927810 -90.43945818
    13 -90.43914925 -90.43935615
    14 -90.43891651 -90.43909291
    15 -90.43872823 -90.43888818
    16 -90.43847298 -90.43862443
    17 -90.43827543 -90.43840766
    18 -90.43808931 -90.43824754
    19 -90.43805866 -90.43821506
    20 -90.43801768 -90.43816311
    21 -90.43772367 -90.43787771
    22 -90.43766562 -90.43782335
    23 -90.43750840 -90.43763850
    24 -90.43350580 -90.43379249
    25 -90.43080695 -90.43117118
    26 -90.43044771 -90.43057094
    27 -90.42984394 -90.42993245
    28 -90.42953878 -90.42965038
    29 -90.42951314 -90.42969020
    30 -90.42936793 -90.42945687
    31 -90.42831592 -90.42856523
 ......................................................................................|
36415.256590 seconds (3.28 G allocations: 18.477 TiB, 82.10% gc time, 0.52% compilation time)

 |...................................BST-PT2............................................
 H0          : Hcmf
 nbody       : 4
 thresh_foi  : 5.0e-5
 max_number  : nothing
 opt_ref     : true
 ci_tol      : 1.0e-6
 verbose     : 2

 Length of Reference:                                   32034
 Solve zeroth-order problem:                       
 |== BST CI ========================================================
 Solve CI with # variables:                             32034
 Cache Hamiltonian:                                 56.939081 seconds (22.38 M allocations: 17.966 GiB, 48.59% gc time)
 Iter:   1 SS: 31   E:  -90.57355464*  -90.50719118*  -90.50638585*  -90.50593037*  -90.50534746*  -90.44028295*  -90.43996740*  -90.43990563*  -90.43981095*  -90.43964842*  -90.43957284   -90.43927810*  -90.43914925   -90.43891651*  -90.43872823*  -90.43847298*  -90.43827543*  -90.43808931*  -90.43805866*  -90.43801768*  -90.43772367*  -90.43766562*  -90.43750840*  -90.43350580   -90.43080695   -90.43044771*  -90.42984394   -90.42953878   -90.42951314   -90.42936793   -90.42831592   R: 5.7e-10* 1.5e-08* 8.0e-09* 9.8e-09* 5.6e-09* 4.9e-07* 3.5e-07* 1.4e-07* 1.5e-07* 2.9e-07* 1.7e-06  5.4e-07* 2.2e-06  4.2e-07* 2.6e-07* 2.8e-07* 9.4e-08* 3.6e-07* 5.2e-07* 2.0e-07* 6.0e-07* 6.9e-07* 1.0e-07* 4.3e-06  2.5e-06  8.5e-07* 1.6e-06  2.1e-06  2.9e-06  6.8e-06  7.8e-06   LinDep: 7.1e-15* 
 Iter:   2 SS: 62   E:  -90.57355464*  -90.50719118*  -90.50638585*  -90.50593037*  -90.50534746*  -90.44028295*  -90.43996740*  -90.43990563*  -90.43981095*  -90.43964842*  -90.43957284   -90.43927810*  -90.43914925   -90.43891651*  -90.43872823*  -90.43847298*  -90.43827543*  -90.43808932*  -90.43805866*  -90.43801768*  -90.43772367*  -90.43766562*  -90.43750840*  -90.43350580   -90.43080695   -90.43044771*  -90.42984394   -90.42953878   -90.42951314   -90.42936793   -90.42831592   R: 5.1e-10* 1.1e-08* 7.2e-09* 9.1e-09* 4.5e-09* 3.9e-07* 2.9e-07* 1.1e-07* 1.2e-07* 2.3e-07* 1.4e-06  4.2e-07* 1.7e-06  3.4e-07* 2.1e-07* 2.2e-07* 7.5e-08* 3.5e-07* 4.3e-07* 2.3e-07* 5.0e-07* 5.6e-07* 8.7e-08* 3.5e-06  2.0e-06  6.8e-07* 1.3e-06  1.8e-06  2.5e-06  5.5e-06  6.4e-06   LinDep: 5.6e-16* 
 Iter:   3 SS: 93   E:  -90.57355464*  -90.50719118*  -90.50638585*  -90.50593037*  -90.50534746*  -90.44028295*  -90.43996740*  -90.43990563*  -90.43981095*  -90.43964842*  -90.43957284*  -90.43927810*  -90.43914925   -90.43891651*  -90.43872823*  -90.43847298*  -90.43827543*  -90.43808932*  -90.43805866*  -90.43801768*  -90.43772367*  -90.43766562*  -90.43750840*  -90.43350580   -90.43080695   -90.43044771*  -90.42984394*  -90.42953878   -90.42951314   -90.42936793   -90.42831592   R: 3.9e-10* 9.8e-09* 1.2e-08* 1.5e-08* 5.0e-09* 2.6e-07* 2.0e-07* 8.2e-08* 1.1e-07* 1.4e-07* 9.5e-07* 2.4e-07* 1.1e-06  2.2e-07* 1.5e-07* 1.5e-07* 4.7e-08* 4.3e-07* 3.6e-07* 3.5e-07* 3.3e-07* 3.7e-07* 8.4e-08* 2.5e-06  1.2e-06  4.7e-07* 8.3e-07* 1.2e-06  1.9e-06  3.9e-06  4.6e-06   LinDep: 0.0e+00* 
 Iter:   4 SS: 124  E:  -90.57355464*  -90.50719118*  -90.50638585*  -90.50593037*  -90.50534746*  -90.44028295*  -90.43996740*  -90.43990563*  -90.43981095*  -90.43964842*  -90.43957284*  -90.43927810*  -90.43914925   -90.43891651*  -90.43872823*  -90.43847298*  -90.43827543*  -90.43808932*  -90.43805866*  -90.43801768*  -90.43772367*  -90.43766562*  -90.43750840*  -90.43350580   -90.43080695   -90.43044771*  -90.42984394*  -90.42953878   -90.42951314   -90.42936793   -90.42831592   R: 3.8e-10* 1.5e-08* 6.9e-09* 1.7e-08* 8.9e-09* 2.3e-07* 1.7e-07* 5.9e-08* 1.1e-07* 1.3e-07* 8.6e-07* 2.0e-07* 1.0e-06  2.1e-07* 1.4e-07* 1.4e-07* 4.4e-08* 5.3e-07* 3.2e-07* 4.7e-07* 3.0e-07* 3.5e-07* 1.0e-07* 2.4e-06  1.1e-06  4.4e-07* 7.6e-07* 1.2e-06  1.8e-06  3.9e-06  4.6e-06   LinDep: 1.0e-15* 
 Iter:   5 SS: 155  E:  -90.57355464*  -90.50719118*  -90.50638585*  -90.50593037*  -90.50534746*  -90.44028295*  -90.43996740*  -90.43990563*  -90.43981095*  -90.43964842*  -90.43957284*  -90.43927810*  -90.43914925*  -90.43891651*  -90.43872823*  -90.43847298*  -90.43827543*  -90.43808932*  -90.43805866*  -90.43801768*  -90.43772367*  -90.43766562*  -90.43750840*  -90.43350580   -90.43080695*  -90.43044771*  -90.42984394*  -90.42953878*  -90.42951314   -90.42936793   -90.42831592   R: 3.9e-10* 2.3e-08* 7.4e-09* 2.6e-08* 1.4e-08* 1.9e-07* 1.7e-07* 5.3e-08* 1.6e-07* 1.1e-07* 7.3e-07* 1.6e-07* 8.2e-07* 1.5e-07* 1.3e-07* 1.4e-07* 3.9e-08* 7.4e-07* 4.3e-07* 6.3e-07* 3.5e-07* 3.6e-07* 1.0e-07* 2.1e-06  9.4e-07* 3.4e-07* 6.0e-07* 9.8e-07* 1.6e-06  3.4e-06  4.4e-06   LinDep: 2.4e-15* 
 Iter:   6 SS: 186  E:  -90.57355464*  -90.50719118*  -90.50638585*  -90.50593037*  -90.50534746*  -90.44028295*  -90.43996740*  -90.43990563*  -90.43981095*  -90.43964842*  -90.43957284*  -90.43927810*  -90.43914925*  -90.43891651*  -90.43872823*  -90.43847298*  -90.43827543*  -90.43808932*  -90.43805866*  -90.43801768*  -90.43772367*  -90.43766562*  -90.43750840*  -90.43350580   -90.43080695*  -90.43044771*  -90.42984394*  -90.42953878*  -90.42951314   -90.42936793   -90.42831592   R: 3.9e-10* 3.4e-08* 1.4e-08* 3.5e-08* 1.8e-08* 1.7e-07* 2.0e-07* 4.4e-08* 2.1e-07* 1.4e-07* 6.0e-07* 1.7e-07* 7.1e-07* 1.3e-07* 1.5e-07* 1.6e-07* 6.9e-08* 8.5e-07* 6.0e-07* 6.4e-07* 4.7e-07* 4.8e-07* 8.9e-08* 1.9e-06  8.5e-07* 3.2e-07* 5.9e-07* 9.6e-07* 1.5e-06  3.3e-06  4.1e-06   LinDep: 3.0e-15* 
 Iter:   7 SS: 217  E:  -90.57355464*  -90.50719118*  -90.50638585*  -90.50593037*  -90.50534746*  -90.44028295*  -90.43996740*  -90.43990563*  -90.43981095*  -90.43964842*  -90.43957284*  -90.43927810*  -90.43914925*  -90.43891651*  -90.43872823*  -90.43847298*  -90.43827543*  -90.43808932   -90.43805866*  -90.43801768*  -90.43772367*  -90.43766562*  -90.43750840*  -90.43350580   -90.43080695*  -90.43044771*  -90.42984394*  -90.42953878*  -90.42951314   -90.42936793   -90.42831592   R: 4.0e-10* 4.5e-08* 3.4e-08* 5.0e-08* 1.2e-08* 1.3e-07* 2.3e-07* 1.0e-07* 2.4e-07* 1.3e-07* 4.0e-07* 1.8e-07* 5.4e-07* 1.0e-07* 1.4e-07* 1.5e-07* 8.3e-08* 1.0e-06  8.2e-07* 6.6e-07* 5.6e-07* 5.7e-07* 6.2e-08* 1.3e-06  6.7e-07* 2.8e-07* 4.7e-07* 9.2e-07* 1.1e-06  2.9e-06  3.1e-06   LinDep: 6.7e-15* 
 Iter:   8 SS: 248  E:  -90.57355464*  -90.50719118*  -90.50638585*  -90.50593037*  -90.50534746*  -90.44028295*  -90.43996740*  -90.43990563*  -90.43981095*  -90.43964842*  -90.43957284*  -90.43927810*  -90.43914925*  -90.43891651*  -90.43872823*  -90.43847298*  -90.43827543*  -90.43808933   -90.43805865   -90.43801768*  -90.43772367*  -90.43766562*  -90.43750840*  -90.43350580*  -90.43080695*  -90.43044771*  -90.42984394*  -90.42953878*  -90.42951314*  -90.42936793   -90.42831592   R: 4.1e-10* 5.8e-08* 3.4e-08* 5.8e-08* 1.9e-08* 1.2e-07* 2.6e-07* 1.7e-07* 2.9e-07* 1.6e-07* 2.1e-07* 2.1e-07* 3.8e-07* 9.7e-08* 1.4e-07* 1.4e-07* 9.9e-08* 1.4e-06  1.2e-06  6.4e-07* 5.6e-07* 5.6e-07* 5.5e-08* 7.1e-07* 4.6e-07* 2.4e-07* 3.9e-07* 8.5e-07* 7.5e-07* 2.3e-06  1.8e-06   LinDep: 3.6e-15* 
 Iter:   9 SS: 279  E:  -90.57355464*  -90.50719118*  -90.50638585*  -90.50593037*  -90.50534746*  -90.44028295*  -90.43996740*  -90.43990563*  -90.43981095*  -90.43964842*  -90.43957284*  -90.43927810*  -90.43914925*  -90.43891651*  -90.43872823*  -90.43847298*  -90.43827543*  -90.43808933   -90.43805865   -90.43801767*  -90.43772367*  -90.43766562*  -90.43750840*  -90.43350580*  -90.43080695*  -90.43044771*  -90.42984394*  -90.42953878*  -90.42951314*  -90.42936793   -90.42831592   R: 4.2e-10* 6.8e-08* 3.4e-08* 6.6e-08* 1.9e-08* 1.3e-07* 3.7e-07* 3.4e-07* 3.9e-07* 1.9e-07* 1.5e-07* 2.6e-07* 2.4e-07* 9.2e-08* 1.4e-07* 1.4e-07* 1.1e-07* 1.7e-06  1.7e-06  7.6e-07* 5.9e-07* 5.9e-07* 6.9e-08* 4.6e-07* 3.4e-07* 2.1e-07* 3.5e-07* 7.9e-07* 6.9e-07* 1.6e-06  1.2e-06   LinDep: 1.9e-14* 
 Iter:  10 SS: 310  E:  -90.57355464*  -90.50719118*  -90.50638585*  -90.50593037*  -90.50534746*  -90.44028295*  -90.43996740*  -90.43990563*  -90.43981095*  -90.43964842*  -90.43957284*  -90.43927810*  -90.43914925*  -90.43891651*  -90.43872823*  -90.43847298*  -90.43827543*  -90.43808934   -90.43805864   -90.43801767   -90.43772367*  -90.43766562*  -90.43750840*  -90.43350580*  -90.43080695*  -90.43044771*  -90.42984394*  -90.42953878*  -90.42951314*  -90.42936793   -90.42831592*  R: 4.3e-10* 7.6e-08* 4.0e-08* 7.5e-08* 3.3e-08* 1.5e-07* 4.9e-07* 5.0e-07* 5.2e-07* 2.3e-07* 1.2e-07* 3.1e-07* 1.7e-07* 1.2e-07* 1.5e-07* 1.3e-07* 1.4e-07* 2.2e-06  2.3e-06  1.0e-06  5.9e-07* 5.8e-07* 1.1e-07* 3.1e-07* 2.4e-07* 2.1e-07* 3.1e-07* 7.2e-07* 6.0e-07* 1.2e-06  9.0e-07*  LinDep: 8.4e-15* 
 Iter:  11 SS: 341  E:  -90.57355464*  -90.50719118*  -90.50638585*  -90.50593037*  -90.50534746*  -90.44028295*  -90.43996740*  -90.43990563*  -90.43981095*  -90.43964842*  -90.43957284*  -90.43927810*  -90.43914925*  -90.43891651*  -90.43872823*  -90.43847298*  -90.43827543*  -90.43808935   -90.43805864   -90.43801767   -90.43772367*  -90.43766562*  -90.43750840*  -90.43350580*  -90.43080695*  -90.43044771*  -90.42984394*  -90.42953878*  -90.42951314*  -90.42936793*  -90.42831592*  R: 4.4e-10* 8.2e-08* 4.4e-08* 8.1e-08* 4.4e-08* 1.8e-07* 6.4e-07* 7.0e-07* 6.3e-07* 2.9e-07* 1.2e-07* 3.6e-07* 1.2e-07* 1.3e-07* 1.6e-07* 1.4e-07* 1.7e-07* 2.7e-06  2.9e-06  1.2e-06  5.1e-07* 4.9e-07* 1.3e-07* 2.3e-07* 1.9e-07* 2.1e-07* 2.6e-07* 7.0e-07* 5.9e-07* 9.7e-07* 7.2e-07*  LinDep: 6.9e-15* 
 Iter:  12 SS: 372  E:  -90.57355464*  -90.50719118*  -90.50638585*  -90.50593037*  -90.50534746*  -90.44028295*  -90.43996740*  -90.43990563*  -90.43981095*  -90.43964842*  -90.43957284*  -90.43927810*  -90.43914925*  -90.43891651*  -90.43872823*  -90.43847298*  -90.43827543*  -90.43808936   -90.43805863   -90.43801767   -90.43772367*  -90.43766562*  -90.43750840*  -90.43350580*  -90.43080695*  -90.43044771*  -90.42984394*  -90.42953878*  -90.42951314*  -90.42936793*  -90.42831592*  R: 4.5e-10* 9.1e-08* 5.1e-08* 9.1e-08* 4.6e-08* 2.1e-07* 7.8e-07* 9.0e-07* 7.5e-07* 3.3e-07* 1.2e-07* 4.0e-07* 1.0e-07* 1.5e-07* 1.7e-07* 1.6e-07* 2.1e-07* 3.2e-06  3.4e-06  1.3e-06  4.0e-07* 3.6e-07* 1.6e-07* 1.6e-07* 1.5e-07* 2.2e-07* 2.0e-07* 8.0e-07* 7.0e-07* 7.5e-07* 5.3e-07*  LinDep: 1.3e-14* 
 Iter:  13 SS: 372  E:  -90.57355464*  -90.50719118*  -90.50638585*  -90.50593037*  -90.50534746*  -90.44028295*  -90.43996740*  -90.43990563   -90.43981095*  -90.43964842*  -90.43957284*  -90.43927810*  -90.43914925*  -90.43891651*  -90.43872823*  -90.43847298*  -90.43827543*  -90.43808937   -90.43805862   -90.43801767   -90.43772367*  -90.43766562*  -90.43750840*  -90.43350580*  -90.43080695*  -90.43044771*  -90.42984394*  -90.42953878*  -90.42951314*  -90.42936793*  -90.42831592*  R: 4.5e-10* 9.8e-08* 5.9e-08* 1.0e-07* 5.2e-08* 2.3e-07* 9.5e-07* 1.1e-06  8.6e-07* 3.7e-07* 1.6e-07* 4.7e-07* 1.1e-07* 1.8e-07* 1.9e-07* 1.8e-07* 2.6e-07* 3.8e-06  3.9e-06  1.4e-06  3.6e-07* 2.9e-07* 2.0e-07* 1.1e-07* 1.3e-07* 2.3e-07* 1.8e-07* 8.2e-07* 7.2e-07* 5.9e-07* 3.5e-07*  LinDep: 2.0e-15* 
 Iter:  14 SS: 372  E:  -90.57355464*  -90.50719118*  -90.50638585*  -90.50593037*  -90.50534746*  -90.44028295*  -90.43996740   -90.43990563   -90.43981095   -90.43964842*  -90.43957284*  -90.43927810*  -90.43914925*  -90.43891651*  -90.43872823*  -90.43847298*  -90.43827543*  -90.43808938   -90.43805861   -90.43801767   -90.43772367*  -90.43766562*  -90.43750840*  -90.43350580*  -90.43080695*  -90.43044771*  -90.42984394*  -90.42953878*  -90.42951314*  -90.42936793*  -90.42831592*  R: 4.6e-10* 1.1e-07* 6.6e-08* 1.1e-07* 5.7e-08* 2.6e-07* 1.1e-06  1.4e-06  1.0e-06  4.5e-07* 2.3e-07* 5.5e-07* 1.3e-07* 2.0e-07* 2.1e-07* 1.8e-07* 2.6e-07* 4.3e-06  4.6e-06  1.6e-06  3.1e-07* 1.7e-07* 2.5e-07* 8.0e-08* 1.2e-07* 2.4e-07* 1.8e-07* 9.1e-07* 8.1e-07* 4.8e-07* 2.3e-07*  LinDep: 5.6e-11* 
 Iter:  15 SS: 372  E:  -90.57355464*  -90.50719118*  -90.50638585*  -90.50593037*  -90.50534746*  -90.44028295*  -90.43996741   -90.43990563   -90.43981095   -90.43964842*  -90.43957284*  -90.43927810*  -90.43914925*  -90.43891651*  -90.43872823*  -90.43847298*  -90.43827543*  -90.43808938   -90.43805861   -90.43801767   -90.43772367*  -90.43766562*  -90.43750840*  -90.43350580*  -90.43080695*  -90.43044771*  -90.42984394*  -90.42953878*  -90.42951314*  -90.42936793*  -90.42831592*  R: 4.7e-10* 1.1e-07* 7.3e-08* 1.2e-07* 6.1e-08* 2.9e-07* 1.3e-06  1.6e-06  1.1e-06  4.6e-07* 2.6e-07* 6.0e-07* 1.5e-07* 2.2e-07* 2.2e-07* 1.9e-07* 3.0e-07* 4.7e-06  5.0e-06  1.7e-06  4.0e-07* 2.2e-07* 3.2e-07* 6.5e-08* 1.3e-07* 2.5e-07* 1.7e-07* 9.4e-07* 8.5e-07* 4.0e-07* 1.5e-07*  LinDep: 1.0e-10* 
 Iter:  16 SS: 31   E:  -90.57355464*  -90.50719118*  -90.50638585*  -90.50593037*  -90.50534746*  -90.44028295*  -90.43996740*  -90.43990563*  -90.43981095*  -90.43964842*  -90.43957284*  -90.43927810*  -90.43914925*  -90.43891651*  -90.43872823*  -90.43847298*  -90.43827543*  -90.43808931*  -90.43805866*  -90.43801768*  -90.43772367*  -90.43766562*  -90.43750840*  -90.43350580*  -90.43080695*  -90.43044771*  -90.42984394*  -90.42953878*  -90.42951314*  -90.42936793*  -90.42831592*  R: 1.3e-10* 2.6e-10* 2.0e-10* 2.5e-10* 1.8e-10* 1.8e-09* 1.7e-09* 1.2e-09* 1.1e-09* 2.0e-09* 7.5e-09* 2.4e-09* 1.8e-08* 3.7e-09* 1.6e-09* 1.6e-09* 8.9e-10* 3.1e-09* 5.8e-09* 1.8e-09* 3.1e-09* 6.4e-09* 1.2e-09* 3.8e-08* 3.0e-08* 1.5e-08* 3.3e-08* 6.0e-08* 4.2e-08* 2.1e-07* 1.4e-07*  LinDep: 4.2e-15* 
 Diagonalization time:                             832.067361 seconds
 Compute <S^2>:                                      4.999081 seconds (14.88 M allocations: 3.377 GiB, 72.84% gc time)
  Root       Energy           S2
     1 -90.57355464   0.00002231
     2 -90.50719118   2.00001688
     3 -90.50638585   2.00003396
     4 -90.50593037   2.00001859
     5 -90.50534746   2.00003227
     6 -90.44028295   0.01526492
     7 -90.43996740   0.11716497
     8 -90.43990563   2.00029353
     9 -90.43981095   5.87036437
    10 -90.43964842   2.00018342
    11 -90.43957284   0.00452506
    12 -90.43927810   0.00423474
    13 -90.43914925   2.00018229
    14 -90.43891651   2.00009674
    15 -90.43872823   5.99512710
    16 -90.43847298   5.99451655
    17 -90.43827543   5.99663719
    18 -90.43808931   0.26534974
    19 -90.43805866   2.00019253
    20 -90.43801768   5.73385168
    21 -90.43772367   0.05225863
    22 -90.43766562   2.00018279
    23 -90.43750840   5.95202694
    24 -90.43350580   0.00042141
    25 -90.43080695   0.00023841
    26 -90.43044771   2.00001636
    27 -90.42984394   2.00003491
    28 -90.42953878   2.00001954
    29 -90.42951314   0.00037007
    30 -90.42936793   2.00003062
    31 -90.42831592   0.00028265
 ==================================================================|
 Diagonalization time:                             894.393581 seconds
 Compute <0|H0|0>:                                   0.934304 seconds (3.25 M allocations: 822.577 MiB, 64.24% gc time)
  Root      <0|H|0>      <0|F|0>
     1 -90.57355464 -42.40215986
     2 -90.50719118 -42.33125551
     3 -90.50638585 -42.33319257
     4 -90.50593037 -42.33253536
     5 -90.50534746 -42.33274453
     6 -90.44028295 -42.25885532
     7 -90.43996740 -42.26105089
     8 -90.43990563 -42.26242028
     9 -90.43981095 -42.26296155
    10 -90.43964842 -42.26031518
    11 -90.43957284 -42.25885777
    12 -90.43927810 -42.26158796
    13 -90.43914925 -42.26048995
    14 -90.43891651 -42.26243306
    15 -90.43872823 -42.26283199
    16 -90.43847298 -42.26324763
    17 -90.43827543 -42.26451965
    18 -90.43808931 -42.26369346
    19 -90.43805866 -42.26384681
    20 -90.43801768 -42.26422084
    21 -90.43772367 -42.26280096
    22 -90.43766562 -42.26296363
    23 -90.43750840 -42.26387075
    24 -90.43350580 -42.24087949
    25 -90.43080695 -42.25113296
    26 -90.43044771 -42.25476261
    27 -90.42984394 -42.25639072
    28 -90.42953878 -42.25524495
    29 -90.42951314 -42.24736664
    30 -90.42936793 -42.25470221
    31 -90.42831592 -42.24759752
 Number of jobs:    7683
 Number of threads: 8
 |----------------------------------------------------------------------------------------------------|
 |0%                                                                                              100%|
 |------------------------------------------------------------------------┌ Warning: Linear dependency detected. Restarting.
└ @ BlockDavidson ~/.julia/packages/BlockDavidson/HYzYU/src/BlockDavidson.jl:229
┌ Warning: Linear dependency detected. Restarting.
└ @ BlockDavidson ~/.julia/packages/BlockDavidson/HYzYU/src/BlockDavidson.jl:229
ERROR: LoadError: TaskFailedException
Stacktrace:
 [1] wait
   @ ./task.jl:334 [inlined]
 [2] threading_run(func::Function)
   @ Base.Threads ./threadingconstructs.jl:38
 [3] macro expansion
   @ ./threadingconstructs.jl:97 [inlined]
 [4] macro expansion
   @ ~/SPF-data/FermiCG/src/tucker_pt.jl:1062 [inlined]
 [5] macro expansion
   @ ./timing.jl:299 [inlined]
 [6] compute_pt2_energy2(ref::BSTstate{Float64, 4, 31}, cluster_ops::Vector{FermiCG.ClusterOps{Float64}}, clustered_ham::ClusteredOperator{4}; H0::String, nbody::Int64, thresh_foi::Float64, max_number::Nothing, opt_ref::Bool, ci_tol::Float64, verbose::Int64, prescreen::Bool, compress_twice::Bool)
   @ FermiCG ~/SPF-data/FermiCG/src/tucker_pt.jl:1060
 [7] top-level scope
   @ ./timing.jl:220

    nested task error: DimensionMismatch("A has dimensions (1,1) but B has dimensions (49,49)")
    Stacktrace:
      [1] gemm_wrapper!(C::Matrix{Float64}, tA::Char, tB::Char, A::Matrix{Float64}, B::Matrix{Float64}, _add::LinearAlgebra.MulAddMul{true, true, Bool, Bool})
        @ LinearAlgebra /apps/easybuild/software/tinkercliffs-rome/Julia/1.7.2-linux-x86_64/share/julia/stdlib/v1.7/LinearAlgebra/src/matmul.jl:643
      [2] mul!
        @ /apps/easybuild/software/tinkercliffs-rome/Julia/1.7.2-linux-x86_64/share/julia/stdlib/v1.7/LinearAlgebra/src/matmul.jl:377 [inlined]
      [3] mul!
        @ /apps/easybuild/software/tinkercliffs-rome/Julia/1.7.2-linux-x86_64/share/julia/stdlib/v1.7/LinearAlgebra/src/matmul.jl:444 [inlined]
      [4] mul!
        @ /apps/easybuild/software/tinkercliffs-rome/Julia/1.7.2-linux-x86_64/share/julia/stdlib/v1.7/LinearAlgebra/src/matmul.jl:275 [inlined]
      [5] *
        @ /apps/easybuild/software/tinkercliffs-rome/Julia/1.7.2-linux-x86_64/share/julia/stdlib/v1.7/LinearAlgebra/src/matmul.jl:153 [inlined]
      [6] _tri_matmul(A::LinearAlgebra.Adjoint{Float64, Matrix{Float64}}, B::Matrix{Float64}, C::Matrix{Float64}, δ::Nothing)
        @ LinearAlgebra /apps/easybuild/software/tinkercliffs-rome/Julia/1.7.2-linux-x86_64/share/julia/stdlib/v1.7/LinearAlgebra/src/matmul.jl:1132
      [7] _tri_matmul
        @ /apps/easybuild/software/tinkercliffs-rome/Julia/1.7.2-linux-x86_64/share/julia/stdlib/v1.7/LinearAlgebra/src/matmul.jl:1124 [inlined]
      [8] *
        @ /apps/easybuild/software/tinkercliffs-rome/Julia/1.7.2-linux-x86_64/share/julia/stdlib/v1.7/LinearAlgebra/src/matmul.jl:1120 [inlined]
      [9] form_1body_operator_diagonal!(sig::BSTstate{Float64, 4, 31}, Fdiag::BSTstate{Float64, 4, 1}, cluster_ops::Vector{FermiCG.ClusterOps{Float64}}; H0::String, pseudo_canon::Bool)
        @ FermiCG ~/SPF-data/FermiCG/src/tucker_pt.jl:326
     [10] compute_pt1_wavefunction(σ_in::BSTstate{Float64, 4, 31}, ψ0::BSTstate{Float64, 4, 31}, cluster_ops::Vector{FermiCG.ClusterOps{Float64}}, clustered_ham::ClusteredOperator{4}, clustered_ham_0::ClusteredOperator{4}, E0::Vector{Float64}, F0::Vector{Float64}; H0::String, verbose::Int64)
        @ FermiCG ~/SPF-data/FermiCG/src/tucker_pt.jl:92
     [11] _pt2_job2(sig_fock::FockConfig{4}, job::Vector{Tuple}, ket::BSTstate{Float64, 4, 31}, cluster_ops::Vector{FermiCG.ClusterOps{Float64}}, clustered_ham::ClusteredOperator{4}, clustered_ham_0::ClusteredOperator{4}, nbody::Int64, verbose::Int64, thresh::Float64, max_number::Nothing, E0::Vector{Float64}, F0::Vector{Float64}, prescreen::Bool, compress_twice::Bool)
        @ FermiCG ~/SPF-data/FermiCG/src/tucker_pt.jl:1215
     [12] macro expansion
        @ ~/SPF-data/FermiCG/src/tucker_pt.jl:1066 [inlined]
     [13] (::FermiCG.var"#673#threadsfor_fun#315"{Int64, Float64, Nothing, Int64, Bool, Bool, Vector{FermiCG.ClusterOps{Float64}}, ClusteredOperator{4}, Vector{Vector{Float64}}, ClusteredOperator{4}, ReentrantLock, Vector{Tuple{Int64, Any}}})(onethread::Bool)
        @ FermiCG ./threadingconstructs.jl:85
     [14] (::FermiCG.var"#673#threadsfor_fun#315"{Int64, Float64, Nothing, Int64, Bool, Bool, Vector{FermiCG.ClusterOps{Float64}}, ClusteredOperator{4}, Vector{Vector{Float64}}, ClusteredOperator{4}, ReentrantLock, Vector{Tuple{Int64, Any}}})()
        @ FermiCG ./threadingconstructs.jl:52
in expression starting at /localscratch/2458850/spt_50_pt2.jl:25
