IDX001:DIM1048576:001|002|003|004|005|006|007|008|009|010|
IDX002:DIM1048576:011|012|013|014|015|016|017|018|019|020|
IDX003:DIM1048576:021|022|023|024|025|026|027|028|029|030|
IDX004:DIM1048576:031|032|033|034|035|036|037|038|039|040|
4-element Vector{Tuple{Int64, Int64}}:
 (5, 5)
 (5, 5)
 (5, 5)
 (5, 5) Remove duplicates
 Number of terms reduced from  1036 to   472
IDX001:DIM1048576:001|002|003|004|005|006|007|008|009|010|
IDX002:DIM1048576:011|012|013|014|015|016|017|018|019|020|
IDX003:DIM1048576:021|022|023|024|025|026|027|028|029|030|
IDX004:DIM1048576:031|032|033|034|035|036|037|038|039|040|

 --------------------------------------------------
 ---------- # Fockspaces -------------------:   229  
 ---------- # Configs    -------------------: 98423  
 ---------- Root ---------------------------:     1  
 --------------------------------------------------
 Printing contributions greater than: 0.010000
 Weight              # configs (full)    (α,β)...            
 -------             --------- --------- ----------          
 0.999                                   ( 5,5 )( 5,5 )( 5,5 )( 5,5 )
     0.997           1         1             1:1    1:1    1:1    1:1
     0.036           342       9801        2:100  2:100    1:1    1:1
     0.029           240       9801        2:100    1:1  2:100    1:1
     0.035           342       9801        2:100    1:1    1:1  2:100
     0.034           306       9801          1:1  2:100  2:100    1:1
     0.028           225       9801          1:1  2:100    1:1  2:100
 ---------                               ----------          
 0.010                                   ( 6,5 )( 5,5 )( 5,5 )( 4,5 )
     0.010           675       10000       1:100    1:1    1:1  1:100
 ---------                               ----------          
 0.010                                   ( 4,5 )( 6,5 )( 5,5 )( 5,5 )
     0.010           624       10000       1:100  1:100    1:1    1:1
 ---------                               ----------          
 0.011                                   ( 5,5 )( 6,5 )( 4,5 )( 5,5 )
     0.011           576       10000         1:1  1:100  1:100    1:1
 ---------                               ----------          
 0.010                                   ( 5,5 )( 4,5 )( 6,5 )( 5,5 )
     0.010           650       10000         1:1  1:100  1:100    1:1
 ---------                               ----------          
 0.011                                   ( 4,5 )( 5,5 )( 5,5 )( 6,5 )
     0.011           676       10000       1:100    1:1    1:1  1:100
 ---------                               ----------          
 0.010                                   ( 5,6 )( 5,5 )( 5,5 )( 5,4 )
     0.010           675       10000       1:100    1:1    1:1  1:100
 ---------                               ----------          
 0.010                                   ( 5,4 )( 5,6 )( 5,5 )( 5,5 )
     0.010           624       10000       1:100  1:100    1:1    1:1
 ---------                               ----------          
 0.011                                   ( 5,5 )( 5,6 )( 5,4 )( 5,5 )
     0.011           576       10000         1:1  1:100  1:100    1:1
 ---------                               ----------          
 0.010                                   ( 5,5 )( 5,4 )( 5,6 )( 5,5 )
     0.010           650       10000         1:1  1:100  1:100    1:1
 ---------                               ----------          
 0.011                                   ( 5,4 )( 5,5 )( 5,5 )( 5,6 )
     0.011           676       10000       1:100    1:1    1:1  1:100
 ---------                               ----------          
 --------------------------------------------------


 --------------------------------------------------
 ---------- # Fockspaces -------------------:   229  
 ---------- # Configs    -------------------: 98423  
 ---------- Root ---------------------------:     1  
 --------------------------------------------------
 Printing contributions greater than: 0.010000
 Weight              # configs (full)    (α,β)...            
 -------             --------- --------- ----------          
 0.999                                   ( 5,5 )( 5,5 )( 5,5 )( 5,5 )
     0.997           1         1             1:1    1:1    1:1    1:1
     0.036           342       9801        2:100  2:100    1:1    1:1
     0.029           240       9801        2:100    1:1  2:100    1:1
     0.035           342       9801        2:100    1:1    1:1  2:100
     0.034           306       9801          1:1  2:100  2:100    1:1
     0.028           225       9801          1:1  2:100    1:1  2:100
 ---------                               ----------          
 0.010                                   ( 6,5 )( 5,5 )( 5,5 )( 4,5 )
     0.010           675       10000       1:100    1:1    1:1  1:100
 ---------                               ----------          
 0.010                                   ( 4,5 )( 6,5 )( 5,5 )( 5,5 )
     0.010           624       10000       1:100  1:100    1:1    1:1
 ---------                               ----------          
 0.011                                   ( 5,5 )( 6,5 )( 4,5 )( 5,5 )
     0.011           576       10000         1:1  1:100  1:100    1:1
 ---------                               ----------          
 0.010                                   ( 5,5 )( 4,5 )( 6,5 )( 5,5 )
     0.010           650       10000         1:1  1:100  1:100    1:1
 ---------                               ----------          
 0.011                                   ( 4,5 )( 5,5 )( 5,5 )( 6,5 )
     0.011           676       10000       1:100    1:1    1:1  1:100
 ---------                               ----------          
 0.010                                   ( 5,6 )( 5,5 )( 5,5 )( 5,4 )
     0.010           675       10000       1:100    1:1    1:1  1:100
 ---------                               ----------          
 0.010                                   ( 5,4 )( 5,6 )( 5,5 )( 5,5 )
     0.010           624       10000       1:100  1:100    1:1    1:1
 ---------                               ----------          
 0.011                                   ( 5,5 )( 5,6 )( 5,4 )( 5,5 )
     0.011           576       10000         1:1  1:100  1:100    1:1
 ---------                               ----------          
 0.010                                   ( 5,5 )( 5,4 )( 5,6 )( 5,5 )
     0.010           650       10000         1:1  1:100  1:100    1:1
 ---------                               ----------          
 0.011                                   ( 5,4 )( 5,5 )( 5,5 )( 5,6 )
     0.011           676       10000       1:100    1:1    1:1  1:100
 ---------                               ----------          
 --------------------------------------------------


 |...................................BST-PT2............................................
 H0          : Hcmf
 nbody       : 4
 thresh_foi  : 0.0001
 max_number  : nothing
 opt_ref     : true
 ci_tol      : 1.0e-6
 verbose     : 2

 Length of Reference:                                   98423
 Solve zeroth-order problem:                       
 |== BST CI ========================================================
 Solve CI with # variables:                             98423
 Cache Hamiltonian:                                269.731664 seconds (121.69 M allocations: 135.029 GiB, 44.29% gc time, 14.25% compilation time)
 Iter:   1 SS: 31   E:  -90.57547251   -90.50854019   -90.50796321   -90.50724668   -90.50689519   -90.44128816   -90.44099877   -90.44089780   -90.44081514   -90.44069712   -90.44056808   -90.44034950   -90.44022241   -90.43996084   -90.43966387   -90.43943411   -90.43930290   -90.43927893   -90.43924161   -90.43918381   -90.43870031   -90.43862663   -90.43846940   -90.43539103   -90.43260622   -90.43227798   -90.43167450   -90.43138294   -90.43135743   -90.43123186   -90.43019362   R: 7.0e-06  9.6e-06  1.2e-05  1.3e-05  1.1e-05  2.8e-05  2.5e-05  1.3e-05  1.6e-05  2.4e-05  2.7e-05  1.5e-05  3.7e-05  1.3e-05  2.6e-05  1.2e-05  1.4e-05  1.0e-05  8.4e-06  1.0e-05  2.9e-05  2.0e-05  2.6e-05  4.0e-05  3.1e-05  2.8e-05  1.3e-05  2.4e-05  2.7e-05  3.1e-05  3.3e-05   LinDep: 4.2e-15* 
 Iter:   2 SS: 62   E:  -90.57547251   -90.50854019   -90.50796321   -90.50724668   -90.50689519   -90.44128816   -90.44099877   -90.44089780   -90.44081514   -90.44069712   -90.44056808   -90.44034950   -90.44022241   -90.43996084   -90.43966387   -90.43943411   -90.43930290   -90.43927893   -90.43924161   -90.43918381   -90.43870031   -90.43862663   -90.43846940   -90.43539104   -90.43260622   -90.43227798   -90.43167450   -90.43138294   -90.43135743   -90.43123186   -90.43019362   R: 3.5e-06  5.2e-06  5.1e-06  7.1e-06  5.9e-06  1.7e-05  1.4e-05  7.3e-06  8.4e-06  1.5e-05  1.6e-05  8.2e-06  2.2e-05  7.7e-06  1.6e-05  6.9e-06  7.2e-06  5.7e-06  5.1e-06  5.5e-06  1.8e-05  1.1e-05  1.6e-05  2.7e-05  2.0e-05  1.8e-05  7.3e-06  1.5e-05  1.6e-05  1.8e-05  2.3e-05   LinDep: 2.2e-15* 
 Iter:   3 SS: 93   E:  -90.57547251   -90.50854019   -90.50796321   -90.50724668   -90.50689519   -90.44128816   -90.44099877   -90.44089780   -90.44081514   -90.44069712   -90.44056808   -90.44034950   -90.44022242   -90.43996084   -90.43966387   -90.43943411   -90.43930290   -90.43927893   -90.43924161   -90.43918381   -90.43870031   -90.43862663   -90.43846940   -90.43539104   -90.43260622   -90.43227798   -90.43167450   -90.43138295   -90.43135743   -90.43123186   -90.43019362   R: 1.7e-06  2.6e-06  2.4e-06  3.7e-06  3.4e-06  9.8e-06  8.3e-06  4.7e-06  5.1e-06  9.5e-06  8.6e-06  5.6e-06  1.6e-05  5.2e-06  1.1e-05  4.2e-06  4.4e-06  3.7e-06  3.6e-06  3.3e-06  1.3e-05  7.6e-06  1.1e-05  2.0e-05  1.4e-05  1.4e-05  5.5e-06  1.1e-05  1.2e-05  1.2e-05  1.7e-05   LinDep: 1.2e-14* 
 Iter:   4 SS: 124  E:  -90.57547251*  -90.50854019   -90.50796321   -90.50724668   -90.50689519   -90.44128816   -90.44099877   -90.44089780   -90.44081514   -90.44069712   -90.44056808   -90.44034950   -90.44022242   -90.43996084   -90.43966387   -90.43943411   -90.43930290   -90.43927893   -90.43924161   -90.43918381   -90.43870031   -90.43862663   -90.43846940   -90.43539104   -90.43260622   -90.43227798   -90.43167450   -90.43138295   -90.43135743   -90.43123186   -90.43019363   R: 9.2e-07* 1.4e-06  1.1e-06  1.9e-06  1.8e-06  5.9e-06  5.1e-06  2.8e-06  2.9e-06  6.7e-06  5.1e-06  4.0e-06  1.2e-05  3.6e-06  5.9e-06  2.4e-06  2.5e-06  2.4e-06  2.5e-06  1.8e-06  7.1e-06  4.9e-06  5.9e-06  2.0e-05  1.1e-05  1.0e-05  4.5e-06  9.4e-06  1.2e-05  1.1e-05  1.7e-05   LinDep: 3.4e-15* 
 Iter:   5 SS: 155  E:  -90.57547251*  -90.50854019*  -90.50796321*  -90.50724668*  -90.50689519*  -90.44128816   -90.44099877   -90.44089780   -90.44081514   -90.44069712   -90.44056808   -90.44034950   -90.44022242   -90.43996084   -90.43966387   -90.43943411   -90.43930290   -90.43927893   -90.43924160   -90.43918381   -90.43870031   -90.43862663   -90.43846940   -90.43539104   -90.43260622   -90.43227798   -90.43167450   -90.43138295   -90.43135743   -90.43123186   -90.43019363   R: 4.9e-07* 7.7e-07* 5.1e-07* 9.4e-07* 9.4e-07* 4.0e-06  3.5e-06  1.7e-06  1.6e-06  5.4e-06  3.7e-06  3.3e-06  8.9e-06  2.8e-06  3.0e-06  1.4e-06  1.6e-06  1.9e-06  2.0e-06  1.0e-06  4.0e-06  3.5e-06  2.9e-06  2.0e-05  1.0e-05  6.9e-06  4.4e-06  9.5e-06  1.2e-05  1.2e-05  1.8e-05   LinDep: 1.4e-14* 
 Iter:   6 SS: 186  E:  -90.57547251*  -90.50854019*  -90.50796321*  -90.50724668*  -90.50689519*  -90.44128816   -90.44099877   -90.44089781   -90.44081514   -90.44069712   -90.44056808   -90.44034950   -90.44022242   -90.43996084   -90.43966387   -90.43943411*  -90.43930291   -90.43927892   -90.43924160   -90.43918381*  -90.43870031   -90.43862663   -90.43846940   -90.43539104   -90.43260622   -90.43227798   -90.43167450   -90.43138295   -90.43135743   -90.43123186   -90.43019363   R: 2.2e-07* 5.5e-07* 3.1e-07* 5.5e-07* 4.8e-07* 2.9e-06  2.5e-06  1.2e-06  1.1e-06  4.8e-06  2.3e-06  2.9e-06  7.3e-06  2.3e-06  1.6e-06  8.9e-07* 1.4e-06  1.8e-06  1.8e-06  6.9e-07* 2.8e-06  3.0e-06  1.5e-06  1.8e-05  9.4e-06  4.5e-06  4.0e-06  9.1e-06  1.2e-05  1.4e-05  1.7e-05   LinDep: 3.3e-15* 
 Iter:   7 SS: 217  E:  -90.57547251*  -90.50854019*  -90.50796321*  -90.50724668*  -90.50689519*  -90.44128816   -90.44099877   -90.44089781*  -90.44081514*  -90.44069712   -90.44056808   -90.44034950   -90.44022242   -90.43996084   -90.43966387*  -90.43943411*  -90.43930291   -90.43927892   -90.43924160   -90.43918381*  -90.43870031   -90.43862663   -90.43846940*  -90.43539104   -90.43260622   -90.43227798   -90.43167450   -90.43138295   -90.43135743   -90.43123186   -90.43019363   R: 8.6e-08* 3.4e-07* 1.9e-07* 3.6e-07* 2.9e-07* 2.5e-06  2.0e-06  9.1e-07* 8.0e-07* 3.5e-06  2.0e-06  2.6e-06  5.4e-06  2.0e-06  8.2e-07* 5.6e-07* 1.4e-06  1.8e-06  1.6e-06  5.0e-07* 1.8e-06  2.2e-06  8.1e-07* 1.2e-05  6.9e-06  3.7e-06  3.3e-06  8.1e-06  8.3e-06  1.3e-05  1.1e-05   LinDep: 7.3e-15* 
 Iter:   8 SS: 248  E:  -90.57547251*  -90.50854019*  -90.50796321*  -90.50724668*  -90.50689519*  -90.44128816   -90.44099877   -90.44089781*  -90.44081514*  -90.44069712   -90.44056808   -90.44034950   -90.44022242   -90.43996084   -90.43966387*  -90.43943411*  -90.43930291   -90.43927892   -90.43924160   -90.43918381*  -90.43870031   -90.43862663   -90.43846940*  -90.43539104   -90.43260622   -90.43227798   -90.43167450   -90.43138295   -90.43135743   -90.43123186   -90.43019363   R: 3.6e-08* 1.9e-07* 1.3e-07* 2.2e-07* 1.6e-07* 1.9e-06  1.6e-06  7.5e-07* 7.2e-07* 2.7e-06  1.5e-06  1.8e-06  3.5e-06  1.4e-06  4.8e-07* 3.4e-07* 1.4e-06  2.0e-06  1.6e-06  4.4e-07* 1.3e-06  1.6e-06  5.0e-07* 9.0e-06  5.3e-06  2.8e-06  2.7e-06  6.1e-06  6.6e-06  9.4e-06  9.3e-06   LinDep: 4.2e-15* 
 Iter:   9 SS: 279  E:  -90.57547251*  -90.50854019*  -90.50796321*  -90.50724668*  -90.50689519*  -90.44128816   -90.44099877   -90.44089781*  -90.44081514*  -90.44069712   -90.44056808   -90.44034950   -90.44022242   -90.43996084   -90.43966387*  -90.43943411*  -90.43930291   -90.43927892   -90.43924160   -90.43918381*  -90.43870031*  -90.43862663   -90.43846940*  -90.43539104   -90.43260622   -90.43227798   -90.43167450   -90.43138295   -90.43135743   -90.43123186   -90.43019363   R: 1.8e-08* 1.3e-07* 9.6e-08* 1.4e-07* 1.0e-07* 1.5e-06  1.2e-06  7.8e-07* 7.3e-07* 1.8e-06  1.2e-06  1.4e-06  2.3e-06  1.2e-06  3.1e-07* 2.9e-07* 1.5e-06  2.1e-06  1.6e-06  5.2e-07* 9.7e-07* 1.2e-06  3.3e-07* 6.6e-06  4.3e-06  2.8e-06  2.3e-06  4.4e-06  4.9e-06  6.6e-06  6.8e-06   LinDep: 5.3e-15* 
 Iter:  10 SS: 310  E:  -90.57547251*  -90.50854019*  -90.50796321*  -90.50724668*  -90.50689519*  -90.44128816   -90.44099877*  -90.44089781*  -90.44081514*  -90.44069712   -90.44056808*  -90.44034950*  -90.44022242   -90.43996084*  -90.43966387*  -90.43943411*  -90.43930291   -90.43927892   -90.43924160   -90.43918381*  -90.43870031*  -90.43862663*  -90.43846940*  -90.43539104   -90.43260622   -90.43227798   -90.43167450   -90.43138295   -90.43135743   -90.43123186   -90.43019363   R: 7.7e-09* 1.0e-07* 8.7e-08* 1.4e-07* 1.1e-07* 1.2e-06  9.8e-07* 1.0e-06* 9.5e-07* 1.2e-06  8.9e-07* 9.3e-07* 1.6e-06  7.6e-07* 2.9e-07* 2.8e-07* 1.6e-06  2.1e-06  1.5e-06  5.7e-07* 7.2e-07* 8.9e-07* 2.7e-07* 4.6e-06  3.0e-06  2.2e-06  1.6e-06  3.0e-06  3.1e-06  4.4e-06  4.7e-06   LinDep: 7.1e-15* 
 Iter:  11 SS: 341  E:  -90.57547251*  -90.50854019*  -90.50796321*  -90.50724668*  -90.50689519*  -90.44128816*  -90.44099877*  -90.44089781   -90.44081514   -90.44069712*  -90.44056808*  -90.44034950*  -90.44022242   -90.43996084*  -90.43966387*  -90.43943411*  -90.43930291   -90.43927892   -90.43924160   -90.43918381*  -90.43870031*  -90.43862663*  -90.43846940*  -90.43539104   -90.43260622   -90.43227798   -90.43167450   -90.43138295   -90.43135743   -90.43123186   -90.43019363   R: 3.1e-09* 8.5e-08* 7.3e-08* 1.4e-07* 1.4e-07* 7.3e-07* 7.9e-07* 1.1e-06  1.1e-06  8.3e-07* 6.3e-07* 7.2e-07* 1.3e-06  5.7e-07* 3.4e-07* 3.2e-07* 1.8e-06  2.3e-06  1.5e-06  6.7e-07* 5.3e-07* 7.3e-07* 2.4e-07* 3.4e-06  2.3e-06  1.8e-06  1.4e-06  2.5e-06  2.3e-06  3.7e-06  3.6e-06   LinDep: 1.0e-14* 
 Iter:  12 SS: 372  E:  -90.57547251*  -90.50854019*  -90.50796321*  -90.50724668*  -90.50689519*  -90.44128816*  -90.44099877*  -90.44089781   -90.44081514   -90.44069712*  -90.44056808*  -90.44034950*  -90.44022242   -90.43996084*  -90.43966387*  -90.43943411*  -90.43930291   -90.43927892   -90.43924160   -90.43918381*  -90.43870031*  -90.43862663*  -90.43846940*  -90.43539104   -90.43260622   -90.43227798   -90.43167450   -90.43138295   -90.43135743   -90.43123186   -90.43019363   R: 1.3e-09* 7.1e-08* 5.7e-08* 1.7e-07* 1.6e-07* 4.7e-07* 7.8e-07* 1.4e-06  1.4e-06  5.6e-07* 4.2e-07* 7.1e-07* 1.1e-06  5.5e-07* 3.8e-07* 3.3e-07* 2.0e-06  2.6e-06  1.5e-06  7.7e-07* 4.3e-07* 5.9e-07* 3.0e-07* 2.3e-06  1.7e-06  1.3e-06  1.1e-06  2.0e-06  1.6e-06  2.6e-06  2.5e-06   LinDep: 3.0e-14* 
 Iter:  13 SS: 372  E:  -90.57547251*  -90.50854019*  -90.50796321*  -90.50724668*  -90.50689519*  -90.44128816*  -90.44099877*  -90.44089781   -90.44081514   -90.44069712*  -90.44056808*  -90.44034950*  -90.44022242*  -90.43996084*  -90.43966387*  -90.43943411*  -90.43930291   -90.43927892   -90.43924160   -90.43918381*  -90.43870032*  -90.43862663*  -90.43846940*  -90.43539104   -90.43260622   -90.43227798*  -90.43167450*  -90.43138295   -90.43135743   -90.43123186   -90.43019363   R: 7.0e-10* 5.5e-08* 3.0e-08* 1.9e-07* 1.8e-07* 3.4e-07* 8.8e-07* 1.7e-06  1.7e-06  3.6e-07* 3.0e-07* 7.6e-07* 6.8e-07* 5.8e-07* 4.5e-07* 3.8e-07* 2.1e-06  2.7e-06  1.5e-06  8.2e-07* 3.5e-07* 4.5e-07* 3.8e-07* 1.5e-06  1.1e-06  8.9e-07* 8.4e-07* 1.5e-06  1.0e-06  1.7e-06  1.6e-06   LinDep: 1.4e-14* 
 Iter:  14 SS: 372  E:  -90.57547251*  -90.50854019*  -90.50796321*  -90.50724668*  -90.50689519*  -90.44128816*  -90.44099877*  -90.44089781   -90.44081514   -90.44069712*  -90.44056808*  -90.44034950*  -90.44022242*  -90.43996084*  -90.43966387*  -90.43943411*  -90.43930292   -90.43927891   -90.43924160   -90.43918381*  -90.43870032*  -90.43862663*  -90.43846940*  -90.43539104*  -90.43260622*  -90.43227798*  -90.43167450*  -90.43138295   -90.43135743*  -90.43123186   -90.43019363   R: 3.4e-10* 5.6e-08* 1.6e-08* 2.1e-07* 2.1e-07* 2.8e-07* 9.9e-07* 2.1e-06  2.0e-06  2.4e-07* 2.4e-07* 8.4e-07* 4.3e-07* 6.4e-07* 5.4e-07* 4.3e-07* 2.6e-06  3.1e-06  1.6e-06  8.3e-07* 3.5e-07* 4.7e-07* 5.1e-07* 9.3e-07* 6.4e-07* 6.5e-07* 6.0e-07* 1.1e-06  7.2e-07* 1.1e-06  1.0e-06   LinDep: 4.6e-11* 
 Iter:  15 SS: 372  E:  -90.57547251*  -90.50854019*  -90.50796321*  -90.50724668*  -90.50689519*  -90.44128816*  -90.44099877   -90.44089781   -90.44081514   -90.44069712*  -90.44056808*  -90.44034950*  -90.44022242*  -90.43996084*  -90.43966387*  -90.43943411*  -90.43930293   -90.43927891   -90.43924160   -90.43918381*  -90.43870032*  -90.43862663*  -90.43846940*  -90.43539104*  -90.43260622*  -90.43227798*  -90.43167450*  -90.43138295   -90.43135743*  -90.43123186*  -90.43019363*  R: 2.4e-10* 5.7e-08* 1.8e-08* 2.5e-07* 2.5e-07* 2.8e-07* 1.1e-06  2.5e-06  2.4e-06  1.8e-07* 2.3e-07* 9.1e-07* 3.2e-07* 7.0e-07* 6.5e-07* 5.3e-07* 3.0e-06  3.4e-06  1.6e-06  9.4e-07* 4.0e-07* 5.3e-07* 6.0e-07* 6.0e-07* 4.3e-07* 5.7e-07* 5.0e-07* 1.0e-06  6.2e-07* 9.0e-07* 7.0e-07*  LinDep: 3.3e-11* 
 Iter:  16 SS: 372  E:  -90.57547251*  -90.50854019*  -90.50796321*  -90.50724668*  -90.50689519*  -90.44128816*  -90.44099877   -90.44089781   -90.44081514   -90.44069712*  -90.44056808*  -90.44034950*  -90.44022242*  -90.43996084*  -90.43966387*  -90.43943411*  -90.43930293   -90.43927891   -90.43924160   -90.43918381   -90.43870032*  -90.43862663*  -90.43846940*  -90.43539104*  -90.43260622*  -90.43227798*  -90.43167450*  -90.43138295*  -90.43135743*  -90.43123186*  -90.43019363*  R: 2.1e-10* 6.2e-08* 2.4e-08* 3.0e-07* 3.0e-07* 2.9e-07* 1.3e-06  2.8e-06  2.7e-06  1.4e-07* 2.5e-07* 1.0e-06* 2.5e-07* 8.0e-07* 7.5e-07* 6.1e-07* 2.8e-06  3.3e-06  1.5e-06  1.2e-06  5.4e-07* 6.4e-07* 6.6e-07* 3.5e-07* 2.9e-07* 5.2e-07* 3.6e-07* 8.9e-07* 4.9e-07* 6.8e-07* 4.2e-07*  LinDep: 7.4e-11* 
 Iter:  17 SS: 372  E:  -90.57547251*  -90.50854019*  -90.50796321*  -90.50724668*  -90.50689519*  -90.44128816*  -90.44099877   -90.44089781   -90.44081514   -90.44069712*  -90.44056808*  -90.44034950   -90.44022242*  -90.43996084*  -90.43966387*  -90.43943411*  -90.43930293   -90.43927890   -90.43924160   -90.43918381   -90.43870032*  -90.43862662   -90.43846940*  -90.43539104*  -90.43260622*  -90.43227798*  -90.43167450*  -90.43138295*  -90.43135743*  -90.43123186*  -90.43019363*  R: 2.1e-10* 7.1e-08* 3.4e-08* 3.5e-07* 3.5e-07* 3.3e-07* 1.5e-06  3.1e-06  3.0e-06  1.4e-07* 2.8e-07* 1.1e-06  2.1e-07* 8.7e-07* 8.3e-07* 7.0e-07* 2.5e-06  3.1e-06  1.3e-06  1.4e-06  9.2e-07* 1.0e-06  7.7e-07* 2.2e-07* 2.0e-07* 5.2e-07* 2.7e-07* 8.6e-07* 4.7e-07* 5.9e-07* 2.8e-07*  LinDep: 2.8e-10* 
 Iter:  18 SS: 31   E:  -90.57547251*  -90.50854019*  -90.50796321*  -90.50724668*  -90.50689519*  -90.44128816*  -90.44099877*  -90.44089780*  -90.44081514*  -90.44069712*  -90.44056808*  -90.44034950*  -90.44022242*  -90.43996084*  -90.43966387*  -90.43943411*  -90.43930290*  -90.43927893*  -90.43924161*  -90.43918381*  -90.43870031*  -90.43862663*  -90.43846940*  -90.43539104*  -90.43260622*  -90.43227798*  -90.43167450*  -90.43138295*  -90.43135743*  -90.43123186*  -90.43019363*  R: 9.2e-11* 7.0e-10* 7.0e-10* 9.5e-10* 5.9e-10* 2.9e-08* 2.1e-08* 2.1e-08* 9.2e-09* 4.6e-08* 6.0e-08* 3.3e-08* 1.2e-07* 5.7e-08* 8.4e-09* 1.3e-08* 1.1e-08* 9.0e-09* 2.5e-08* 9.3e-09* 2.4e-08* 5.9e-08* 1.3e-08* 2.1e-07* 1.7e-07* 1.6e-07* 2.6e-07* 3.5e-07* 1.8e-07* 3.7e-07* 2.7e-07*  LinDep: 8.9e-16* 
 Diagonalization time:                             3017.878565 seconds
 Compute <S^2>:                                      8.763549 seconds (17.32 M allocations: 9.123 GiB, 75.47% gc time, 0.08% compilation time)
  Root       Energy           S2
     1 -90.57547251   0.00003165
     2 -90.50854019   2.00002438
     3 -90.50796321   2.00004230
     4 -90.50724668   2.00002131
     5 -90.50689519   2.00004140
     6 -90.44128816   0.06607124
     7 -90.44099877   0.27491586
     8 -90.44089780   2.00038019
     9 -90.44081514   5.65008352
    10 -90.44069712   0.00954515
    11 -90.44056808   2.00023821
    12 -90.44034950   0.02217709
    13 -90.44022242   2.00025659
    14 -90.43996084   2.00012939
    15 -90.43966387   5.98080299
    16 -90.43943411   5.92707391
    17 -90.43930290   5.15476280
    18 -90.43927893   1.34823722
    19 -90.43924161   2.00021206
    20 -90.43918381   5.56180265
    21 -90.43870031   0.09773018
    22 -90.43862663   2.00024873
    23 -90.43846940   5.90840183
    24 -90.43539104   0.00041764
    25 -90.43260622   0.00024627
    26 -90.43227798   2.00002311
    27 -90.43167450   2.00004277
    28 -90.43138295   2.00002430
    29 -90.43135743   0.00043483
    30 -90.43123186   2.00003924
    31 -90.43019363   0.00024691
 ==================================================================|
 Diagonalization time:                             3305.501454 seconds
 Compute <0|H0|0>:                                   1.779744 seconds (3.76 M allocations: 2.240 GiB, 70.48% gc time, 0.73% compilation time)
  Root      <0|H|0>      <0|F|0>
     1 -90.57547251 -42.40028718
     2 -90.50854019 -42.32984689
     3 -90.50796321 -42.33168048
     4 -90.50724668 -42.33105847
     5 -90.50689519 -42.33128310
     6 -90.44128816 -42.25771968
     7 -90.44099877 -42.25926046
     8 -90.44089780 -42.26133644
     9 -90.44081514 -42.26183106
    10 -90.44069712 -42.25732921
    11 -90.44056808 -42.25910312
    12 -90.44034950 -42.26050098
    13 -90.44022242 -42.25911093
    14 -90.43996084 -42.26125788
    15 -90.43966387 -42.26151060
    16 -90.43943411 -42.26271540
    17 -90.43930290 -42.26307434
    18 -90.43927893 -42.26292627
    19 -90.43924161 -42.26284374
    20 -90.43918381 -42.26325428
    21 -90.43870031 -42.26153081
    22 -90.43862663 -42.26180498
    23 -90.43846940 -42.26284443
    24 -90.43539104 -42.23855347
    25 -90.43260622 -42.24925080
    26 -90.43227798 -42.25292312
    27 -90.43167450 -42.25458938
    28 -90.43138295 -42.25334754
    29 -90.43135743 -42.24475804
    30 -90.43123186 -42.25288760
    31 -90.43019363 -42.24598966
 Number of jobs:    8067
 Number of threads: 8
 |----------------------------------------------------------------------------------------------------|
 |0%                                                                                              100%|
 |----------------------------------------------------------------------------------------------------|
┌ Warning: Linear dependency detected. Restarting.
└ @ BlockDavidson ~/.julia/packages/BlockDavidson/HYzYU/src/BlockDavidson.jl:229
 Time spent computing E2:                          233255.1 s Allocated:    2.3e+05 GB
 State   1: E(PT2) corr:                          -0.00004089
 State   2: E(PT2) corr:                          -0.00007627
 State   3: E(PT2) corr:                          -0.00005680
 State   4: E(PT2) corr:                          -0.00006323
 State   5: E(PT2) corr:                          -0.00006157
 State   6: E(PT2) corr:                          -0.00030828
 State   7: E(PT2) corr:                          -0.00027309
 State   8: E(PT2) corr:                          -0.00029549
 State   9: E(PT2) corr:                          -0.00025205
 State  10: E(PT2) corr:                          -0.00027457
 State  11: E(PT2) corr:                          -0.00029791
 State  12: E(PT2) corr:                          -0.00023470
 State  13: E(PT2) corr:                          -0.00027187
 State  14: E(PT2) corr:                          -0.00022971
 State  15: E(PT2) corr:                          -0.00021616
 State  16: E(PT2) corr:                          -0.00018727
 State  17: E(PT2) corr:                          -0.00017777
 State  18: E(PT2) corr:                          -0.00018746
 State  19: E(PT2) corr:                          -0.00019754
 State  20: E(PT2) corr:                          -0.00017406
 State  21: E(PT2) corr:                          -0.00020486
 State  22: E(PT2) corr:                          -0.00020991
 State  23: E(PT2) corr:                          -0.00017147
 State  24: E(PT2) corr:                          -0.00028020
 State  25: E(PT2) corr:                          -0.00019749
 State  26: E(PT2) corr:                          -0.00015001
 State  27: E(PT2) corr:                          -0.00011328
 State  28: E(PT2) corr:                          -0.00013286
 State  29: E(PT2) corr:                          -0.00022268
 State  30: E(PT2) corr:                          -0.00012040
 State  31: E(PT2) corr:                          -0.00019601
  Root         E(0)         E(2)
     1 -90.57547251 -90.57551340
     2 -90.50854019 -90.50861647
     3 -90.50796321 -90.50802001
     4 -90.50724668 -90.50730991
     5 -90.50689519 -90.50695676
     6 -90.44128816 -90.44159645
     7 -90.44099877 -90.44127186
     8 -90.44089780 -90.44119330
     9 -90.44081514 -90.44106719
    10 -90.44069712 -90.44097168
    11 -90.44056808 -90.44086599
    12 -90.44034950 -90.44058420
    13 -90.44022242 -90.44049429
    14 -90.43996084 -90.44019055
    15 -90.43966387 -90.43988003
    16 -90.43943411 -90.43962138
    17 -90.43930290 -90.43948066
    18 -90.43927893 -90.43946639
    19 -90.43924161 -90.43943915
    20 -90.43918381 -90.43935787
    21 -90.43870031 -90.43890518
    22 -90.43862663 -90.43883654
    23 -90.43846940 -90.43864087
    24 -90.43539104 -90.43567125
    25 -90.43260622 -90.43280371
    26 -90.43227798 -90.43242799
    27 -90.43167450 -90.43178778
    28 -90.43138295 -90.43151581
    29 -90.43135743 -90.43158011
    30 -90.43123186 -90.43135226
    31 -90.43019363 -90.43038964
 ......................................................................................|
236573.810158 seconds (4.05 G allocations: 209.784 TiB, 45.36% gc time, 0.10% compilation time)
