tc153
Resetting modules to system default. Reseting $MODULEPATH back to system default. All extra directories will be removed from $MODULEPATH.
Usage: sbatch submit.sh {input file} {data file} {data file}
benz-p1_spf2.jl
benz-p1_spf2.jl.out
/home/arnab22/SPF-data/P1/benz-p1_spf.jl.1913649.scr
/localscratch/1913666
sending incremental file list
benz-p1_spf2.jl.out

sent 123 bytes  received 35 bytes  316.00 bytes/sec
total size is 0  speedup is 0.00
sending incremental file list
benz-p1_spf2.jl.out

sent 605 bytes  received 35 bytes  1,280.00 bytes/sec
total size is 478  speedup is 0.75
sending incremental file list
benz-p1_spf2.jl.out

sent 1,513 bytes  received 35 bytes  3,096.00 bytes/sec
total size is 1,386  speedup is 0.90
sending incremental file list
benz-p1_spf2.jl.out

sent 3,111 bytes  received 35 bytes  2,097.33 bytes/sec
total size is 2,984  speedup is 0.95
sending incremental file list
benz-p1_spf2.jl.out

sent 11,526 bytes  received 35 bytes  23,122.00 bytes/sec
total size is 11,399  speedup is 0.99
rm: cannot remove ‘tmpfs’: Device or resource busy
