 Remove duplicates
 Number of terms reduced from   327 to   159
IDX001:DIM4194304:001|002|003|004|005|006|007|008|009|010|011|
IDX002:DIM16384:012|013|014|015|016|017|018|
IDX003:DIM4194304:019|020|021|022|023|024|025|026|027|028|029|

 --------------------------------------------------
 ---------- # Fockspaces -------------------:   140  
 ---------- # Configs    -------------------: 17680  
 ---------- Root ---------------------------:     1  
 --------------------------------------------------
 Printing contributions greater than: 0.010000
 Weight              # configs (full)    (α,β)...            
 -------             --------- --------- ----------          
 0.489                                   ( 3,6 )( 4,4 )( 6,3 )
     0.489           1         1             1:1    1:1    1:1
 ---------                               ----------          
 0.472                                   ( 4,5 )( 4,4 )( 5,4 )
     0.471           1         1             1:1    1:1    1:1
     0.011           144       39601         1:1  2:200  2:200
     0.011           144       39601       2:200  2:200    1:1
     0.019           64        39601       2:200    1:1  2:200
 ---------                               ----------          
 0.472                                   ( 5,4 )( 4,4 )( 4,5 )
     0.471           1         1             1:1    1:1    1:1
     0.011           144       39601         1:1  2:200  2:200
     0.011           144       39601       2:200  2:200    1:1
     0.019           64        39601       2:200    1:1  2:200
 ---------                               ----------          
 0.489                                   ( 6,3 )( 4,4 )( 3,6 )
     0.489           1         1             1:1    1:1    1:1
 ---------                               ----------          
 0.014                                   ( 4,7 )( 3,3 )( 6,3 )
     0.014           64        14800        1:74  1:200    1:1
 ---------                               ----------          
 0.014                                   ( 6,3 )( 3,3 )( 4,7 )
     0.014           64        14800         1:1  1:200   1:74
 ---------                               ----------          
 0.051                                   ( 6,4 )( 3,4 )( 4,5 )
     0.048           48        23000       1:115  1:200    1:1
     0.017           440       4577000     1:115  1:200  2:200
 ---------                               ----------          
 0.013                                   ( 4,6 )( 3,3 )( 6,4 )
     0.013           1573      2645000     1:115  1:200  1:115
 ---------                               ----------          
 0.014                                   ( 3,6 )( 5,4 )( 5,3 )
     0.014           25        24200         1:1  1:200  1:121
 ---------                               ----------          
 0.015                                   ( 5,6 )( 3,3 )( 5,4 )
     0.015           81        40000       1:200  1:200    1:1
 ---------                               ----------          
 0.027                                   ( 6,3 )( 4,3 )( 3,7 )
     0.026           9         3800          1:1  1:200   1:19
 ---------                               ----------          
 0.051                                   ( 4,5 )( 3,4 )( 6,4 )
     0.048           48        23000         1:1  1:200  1:115
     0.017           440       4577000     2:200  1:200  1:115
 ---------                               ----------          
 0.052                                   ( 6,4 )( 4,4 )( 3,5 )
     0.051           72        13915       1:115    1:1  1:121
 ---------                               ----------          
 0.011                                   ( 4,5 )( 5,4 )( 4,4 )
     0.011           36        40000         1:1  1:200  1:200
 ---------                               ----------          
 0.064                                   ( 5,5 )( 3,4 )( 5,4 )
     0.063           110       40000       1:200  1:200    1:1
     0.014           216       7960000     1:200  1:200  2:200
 ---------                               ----------          
 0.050                                   ( 4,4 )( 4,4 )( 5,5 )
     0.050           72        40000       1:200    1:1  1:200
 ---------                               ----------          
 0.015                                   ( 4,5 )( 3,3 )( 6,5 )
     0.015           81        40000         1:1  1:200  1:200
 ---------                               ----------          
 0.013                                   ( 6,5 )( 4,2 )( 3,6 )
     0.013           9         22000       1:200  1:110    1:1
 ---------                               ----------          
 0.013                                   ( 5,5 )( 3,3 )( 5,5 )
     0.013           1872      8000000     1:200  1:200  1:200
 ---------                               ----------          
 0.014                                   ( 3,5 )( 4,5 )( 6,3 )
     0.014           25        24200       1:121  1:200    1:1
 ---------                               ----------          
 0.013                                   ( 5,6 )( 2,4 )( 6,3 )
     0.013           9         22000       1:200  1:110    1:1
 ---------                               ----------          
 0.052                                   ( 4,6 )( 4,4 )( 5,3 )
     0.051           72        13915       1:115    1:1  1:121
 ---------                               ----------          
 0.027                                   ( 3,6 )( 3,4 )( 7,3 )
     0.026           9         3800          1:1  1:200   1:19
 ---------                               ----------          
 0.015                                   ( 5,4 )( 3,3 )( 5,6 )
     0.015           81        40000         1:1  1:200  1:200
 ---------                               ----------          
 0.014                                   ( 7,4 )( 3,3 )( 3,6 )
     0.014           64        14800        1:74  1:200    1:1
 ---------                               ----------          
 0.027                                   ( 7,3 )( 3,4 )( 3,6 )
     0.026           9         3800         1:19  1:200    1:1
 ---------                               ----------          
 0.013                                   ( 6,3 )( 2,4 )( 5,6 )
     0.013           9         22000         1:1  1:110  1:200
 ---------                               ----------          
 0.050                                   ( 5,5 )( 4,4 )( 4,4 )
     0.050           72        40000       1:200    1:1  1:200
 ---------                               ----------          
 0.013                                   ( 3,6 )( 4,2 )( 6,5 )
     0.013           9         22000         1:1  1:110  1:200
 ---------                               ----------          
 0.051                                   ( 4,6 )( 4,3 )( 5,4 )
     0.048           48        23000       1:115  1:200    1:1
     0.017           440       4577000     1:115  1:200  2:200
 ---------                               ----------          
 0.064                                   ( 5,5 )( 4,3 )( 4,5 )
     0.063           110       40000       1:200  1:200    1:1
     0.014           216       7960000     1:200  1:200  2:200
 ---------                               ----------          
 0.014                                   ( 3,6 )( 3,3 )( 7,4 )
     0.014           64        14800         1:1  1:200   1:74
 ---------                               ----------          
 0.011                                   ( 4,4 )( 5,4 )( 4,5 )
     0.011           36        40000       1:200  1:200    1:1
 ---------                               ----------          
 0.064                                   ( 5,4 )( 3,4 )( 5,5 )
     0.063           110       40000         1:1  1:200  1:200
     0.014           216       7960000     2:200  1:200  1:200
 ---------                               ----------          
 0.027                                   ( 3,7 )( 4,3 )( 6,3 )
     0.026           9         3800         1:19  1:200    1:1
 ---------                               ----------          
 0.015                                   ( 6,5 )( 3,3 )( 4,5 )
     0.015           81        40000       1:200  1:200    1:1
 ---------                               ----------          
 0.011                                   ( 5,4 )( 4,5 )( 4,4 )
     0.011           36        40000         1:1  1:200  1:200
 ---------                               ----------          
 0.079                                   ( 3,6 )( 4,3 )( 6,4 )
     0.078           108       23000         1:1  1:200  1:115
     0.012           54        1449000      2:64  1:200  1:115
 ---------                               ----------          
 0.051                                   ( 5,4 )( 4,3 )( 4,6 )
     0.048           48        23000         1:1  1:200  1:115
     0.017           440       4577000     2:200  1:200  1:115
 ---------                               ----------          
 0.013                                   ( 6,4 )( 3,3 )( 4,6 )
     0.013           1573      2645000     1:115  1:200  1:115
 ---------                               ----------          
 0.052                                   ( 5,3 )( 4,4 )( 4,6 )
     0.051           72        13915       1:121    1:1  1:115
 ---------                               ----------          
 0.079                                   ( 4,6 )( 3,4 )( 6,3 )
     0.078           88        23000       1:115  1:200    1:1
     0.012           54        1449000     1:115  1:200   2:64
 ---------                               ----------          
 0.079                                   ( 6,3 )( 3,4 )( 4,6 )
     0.078           108       23000         1:1  1:200  1:115
     0.012           54        1449000      2:64  1:200  1:115
 ---------                               ----------          
 0.052                                   ( 3,5 )( 4,4 )( 6,4 )
     0.051           72        13915       1:121    1:1  1:115
 ---------                               ----------          
 0.064                                   ( 4,5 )( 4,3 )( 5,5 )
     0.063           110       40000         1:1  1:200  1:200
     0.014           216       7960000     2:200  1:200  1:200
 ---------                               ----------          
 0.079                                   ( 6,4 )( 4,3 )( 3,6 )
     0.078           88        23000       1:115  1:200    1:1
     0.012           54        1449000     1:115  1:200   2:64
 ---------                               ----------          
 0.011                                   ( 4,4 )( 4,5 )( 5,4 )
     0.011           36        40000       1:200  1:200    1:1
 ---------                               ----------          
 0.014                                   ( 5,3 )( 5,4 )( 3,6 )
     0.014           25        24200       1:121  1:200    1:1
 ---------                               ----------          
 0.014                                   ( 6,3 )( 4,5 )( 3,5 )
     0.014           25        24200         1:1  1:200  1:121
 ---------                               ----------          
 --------------------------------------------------


 |...................................BST-PT2............................................
 H0          : Hcmf
 nbody       : 4
 thresh_foi  : 1.0e-6
 max_number  : nothing
 opt_ref     : true
 ci_tol      : 1.0e-6
 verbose     : 2

 Length of Reference:                                    7124
 Solve zeroth-order problem:                       
 |== BST CI ========================================================
 Solve CI with # variables:                              7124
 Cache Hamiltonian:                                348.539708 seconds (52.57 M allocations: 209.571 GiB, 38.66% gc time, 5.76% compilation time)
 Iter:   1 SS: 4    E: -130.73190871  -130.73096261  -130.72861462  -130.72534606   R: 2.4e-03  2.0e-03  2.5e-03  2.4e-03   LinDep: 1.3e-15* 
 Iter:   2 SS: 8    E: -130.73191212  -130.73096462  -130.72861844  -130.72534951   R: 1.0e-03  8.6e-04  1.2e-03  9.0e-04   LinDep: 1.1e-16* 
 Iter:   3 SS: 12   E: -130.73191292  -130.73096512  -130.72861940  -130.72535005   R: 5.7e-04  4.2e-04  6.3e-04  4.5e-04   LinDep: 1.6e-15* 
 Iter:   4 SS: 16   E: -130.73191320  -130.73096528  -130.72861977  -130.72535024   R: 3.8e-04  2.9e-04  4.4e-04  3.0e-04   LinDep: 1.1e-15* 
 Iter:   5 SS: 20   E: -130.73191330  -130.73096534  -130.72861990  -130.72535031   R: 2.4e-04  1.8e-04  2.8e-04  2.1e-04   LinDep: 1.1e-15* 
 Iter:   6 SS: 24   E: -130.73191334  -130.73096536  -130.72861995  -130.72535034   R: 1.6e-04  1.2e-04  1.7e-04  1.4e-04   LinDep: 0.0e+00* 
 Iter:   7 SS: 28   E: -130.73191336  -130.73096537  -130.72861997  -130.72535035   R: 1.0e-04  8.6e-05  1.0e-04  7.0e-05   LinDep: 1.6e-15* 
 Iter:   8 SS: 32   E: -130.73191336  -130.73096538  -130.72861998  -130.72535035   R: 7.3e-05  5.8e-05  7.4e-05  4.0e-05   LinDep: 2.9e-15* 
 Iter:   9 SS: 36   E: -130.73191337  -130.73096538  -130.72861998  -130.72535035   R: 3.8e-05  2.8e-05  3.9e-05  2.3e-05   LinDep: 1.3e-15* 
 Iter:  10 SS: 40   E: -130.73191337  -130.73096538  -130.72861998  -130.72535035   R: 2.4e-05  2.0e-05  2.4e-05  1.5e-05   LinDep: 1.6e-15* 
 Iter:  11 SS: 44   E: -130.73191337  -130.73096538  -130.72861998  -130.72535035   R: 1.3e-05  1.0e-05  1.4e-05  8.7e-06   LinDep: 4.9e-15* 
 Iter:  12 SS: 48   E: -130.73191337  -130.73096538  -130.72861998  -130.72535035   R: 8.9e-06  5.9e-06  9.1e-06  5.2e-06   LinDep: 6.0e-15* 
 Iter:  13 SS: 48   E: -130.73191337  -130.73096538  -130.72861998  -130.72535035   R: 6.4e-06  4.1e-06  5.6e-06  2.9e-06   LinDep: 2.2e-15* 
 Iter:  14 SS: 48   E: -130.73191337  -130.73096538  -130.72861998  -130.72535035   R: 4.3e-06  3.0e-06  3.6e-06  2.3e-06   LinDep: 9.7e-14* 
 Iter:  15 SS: 48   E: -130.73191337  -130.73096538  -130.72861998  -130.72535035   R: 2.7e-06  1.8e-06  2.1e-06  1.5e-06   LinDep: 6.5e-13* 
 Iter:  16 SS: 48   E: -130.73191337  -130.73096538  -130.72861998  -130.72535035*  R: 1.6e-06  1.2e-06  1.3e-06  9.4e-07*  LinDep: 5.4e-13* 
 Iter:  17 SS: 48   E: -130.73191337  -130.73096538* -130.72861998* -130.72535035*  R: 1.0e-06  7.6e-07* 8.4e-07* 5.9e-07*  LinDep: 9.5e-13* 
 Iter:  18 SS: 48   E: -130.73191337* -130.73096538* -130.72861998* -130.72535035*  R: 6.7e-07* 6.0e-07* 5.6e-07* 3.7e-07*  LinDep: 6.7e-13* 
 Diagonalization time:                              67.690009 seconds
 Compute <S^2>:                                      0.353348 seconds (831.72 k allocations: 391.598 MiB, 11.63% gc time, 1.34% compilation time)
  Root       Energy           S2
     1 -130.73191337   0.01944353
     2 -130.73096538   2.00240775
     3 -130.72861998   5.98110479
     4 -130.72535035  11.99734992
 ==================================================================|
 Diagonalization time:                             422.259058 seconds
 Compute <0|H0|0>:                                   0.134736 seconds (169.25 k allocations: 94.613 MiB, 69.12% gc time, 10.80% compilation time)
  Root      <0|H|0>      <0|F|0>
     1 -130.73191337 -83.92538766
     2 -130.73096538 -83.92818951
     3 -130.72861998 -83.93551341
     4 -130.72535035 -83.94568835
 Number of jobs:    1086
 Number of threads: 4
 |----------------------------------------------------------------------------------------------------|
 |0%                                                                                              100%|
 |----------------------------------------------------------------------------------------------------|
 Time spent computing E2:                           23476.3 s Allocated:    2.6e+04 GB
 State   1: E(PT2) corr:                          -0.00113904
 State   2: E(PT2) corr:                          -0.00098838
 State   3: E(PT2) corr:                          -0.00106468
 State   4: E(PT2) corr:                          -0.00096285
  Root         E(0)         E(2)
     1 -130.73191337 -130.73305241
     2 -130.73096538 -130.73195376
     3 -130.72861998 -130.72968466
     4 -130.72535035 -130.72631320
 ......................................................................................|
23908.833649 seconds (373.17 M allocations: 24.069 TiB, 48.09% gc time, 0.48% compilation time)

 |...................................BST-PT2............................................
 H0          : Hcmf
 nbody       : 4
 thresh_foi  : 1.0e-6
 max_number  : nothing
 opt_ref     : true
 ci_tol      : 1.0e-6
 verbose     : 2

 Length of Reference:                                    9761
 Solve zeroth-order problem:                       
 |== BST CI ========================================================
 Solve CI with # variables:                              9761
 Cache Hamiltonian:                                358.803842 seconds (7.90 M allocations: 226.943 GiB, 38.96% gc time)
 Iter:   1 SS: 4    E: -130.73213515  -130.73113166  -130.72887920  -130.72555026   R: 1.7e-03  1.5e-03  1.8e-03  1.8e-03   LinDep: 2.7e-15* 
 Iter:   2 SS: 8    E: -130.73213680  -130.73113288  -130.72888111  -130.72555230   R: 6.9e-04  5.8e-04  7.8e-04  7.9e-04   LinDep: 2.2e-15* 
 Iter:   3 SS: 12   E: -130.73213705  -130.73113307  -130.72888143  -130.72555261   R: 3.1e-04  2.5e-04  3.4e-04  3.6e-04   LinDep: 4.4e-16* 
 Iter:   4 SS: 16   E: -130.73213712  -130.73113312  -130.72888150  -130.72555270   R: 1.9e-04  1.8e-04  2.0e-04  2.2e-04   LinDep: 2.4e-15* 
 Iter:   5 SS: 20   E: -130.73213714  -130.73113314  -130.72888153  -130.72555273   R: 1.5e-04  1.3e-04  1.4e-04  1.5e-04   LinDep: 2.0e-15* 
 Iter:   6 SS: 24   E: -130.73213716  -130.73113315  -130.72888155  -130.72555274   R: 9.1e-05  8.0e-05  7.9e-05  8.7e-05   LinDep: 3.1e-15* 
 Iter:   7 SS: 28   E: -130.73213716  -130.73113316  -130.72888155  -130.72555275   R: 6.3e-05  5.0e-05  4.8e-05  5.4e-05   LinDep: 3.6e-15* 
 Iter:   8 SS: 32   E: -130.73213717  -130.73113316  -130.72888155  -130.72555275   R: 4.1e-05  3.5e-05  3.1e-05  3.1e-05   LinDep: 3.6e-15* 
 Iter:   9 SS: 36   E: -130.73213717  -130.73113316  -130.72888155  -130.72555275   R: 2.4e-05  1.8e-05  2.2e-05  1.9e-05   LinDep: 2.4e-15* 
 Iter:  10 SS: 40   E: -130.73213717  -130.73113316  -130.72888155  -130.72555275   R: 1.4e-05  1.1e-05  1.2e-05  9.6e-06   LinDep: 1.6e-15* 
 Iter:  11 SS: 44   E: -130.73213717  -130.73113316  -130.72888155  -130.72555275   R: 8.4e-06  6.5e-06  6.6e-06  5.9e-06   LinDep: 2.7e-15* 
 Iter:  12 SS: 48   E: -130.73213717  -130.73113316  -130.72888155  -130.72555275   R: 5.7e-06  4.2e-06  4.1e-06  3.6e-06   LinDep: 6.7e-16* 
 Iter:  13 SS: 48   E: -130.73213717  -130.73113316  -130.72888155  -130.72555275   R: 3.9e-06  2.9e-06  2.7e-06  1.8e-06   LinDep: 2.2e-16* 
 Iter:  14 SS: 48   E: -130.73213717  -130.73113316  -130.72888155  -130.72555275   R: 2.5e-06  1.8e-06  1.7e-06  1.2e-06   LinDep: 8.4e-13* 
 Iter:  15 SS: 48   E: -130.73213717  -130.73113316  -130.72888155  -130.72555275*  R: 1.8e-06  1.2e-06  1.2e-06  8.1e-07*  LinDep: 4.2e-13* 
 Iter:  16 SS: 48   E: -130.73213717  -130.73113316* -130.72888155* -130.72555275*  R: 1.2e-06  7.4e-07* 8.3e-07* 6.3e-07*  LinDep: 3.3e-13* 
 Iter:  17 SS: 48   E: -130.73213717* -130.73113316* -130.72888155* -130.72555275*  R: 6.8e-07* 4.8e-07* 5.5e-07* 4.2e-07*  LinDep: 4.0e-13* 
 Diagonalization time:                              15.571565 seconds
 Compute <S^2>:                                      0.686523 seconds (943.40 k allocations: 443.905 MiB, 45.13% gc time)
  Root       Energy           S2
     1 -130.73213717   0.00705880
     2 -130.73113316   2.00193634
     3 -130.72888155   5.99342647
     4 -130.72555275  11.99789789
 ==================================================================|
 Diagonalization time:                             375.138957 seconds
 Compute <0|H0|0>:                                   0.116650 seconds (182.21 k allocations: 112.077 MiB, 74.07% gc time)
  Root      <0|H|0>      <0|F|0>
     1 -130.73213717 -83.92480841
     2 -130.73113316 -83.92788158
     3 -130.72888155 -83.93488426
     4 -130.72555275 -83.94533038
 Number of jobs:    1202
 Number of threads: 4
 |----------------------------------------------------------------------------------------------------|
 |0%                                                                                              100%|
 |----------------------------------------------------------------------------------------------------|
 Time spent computing E2:                           29878.1 s Allocated:    3.5e+04 GB
 State   1: E(PT2) corr:                          -0.00093713
 State   2: E(PT2) corr:                          -0.00083060
 State   3: E(PT2) corr:                          -0.00082627
 State   4: E(PT2) corr:                          -0.00077991
  Root         E(0)         E(2)
     1 -130.73213717 -130.73307430
     2 -130.73113316 -130.73196376
     3 -130.72888155 -130.72970782
     4 -130.72555275 -130.72633266
 ......................................................................................|
30253.354834 seconds (181.38 M allocations: 32.189 TiB, 44.00% gc time, 0.03% compilation time)

 |...................................BST-PT2............................................
 H0          : Hcmf
 nbody       : 4
 thresh_foi  : 1.0e-6
 max_number  : nothing
 opt_ref     : true
 ci_tol      : 1.0e-6
 verbose     : 2

 Length of Reference:                                   16140
 Solve zeroth-order problem:                       
 |== BST CI ========================================================
 Solve CI with # variables:                             16140
 Cache Hamiltonian:                                379.764402 seconds (8.66 M allocations: 239.434 GiB, 39.10% gc time)
 Iter:   1 SS: 4    E: -130.73233110  -130.73129532  -130.72905098  -130.72575183   R: 7.9e-04  7.2e-04  8.0e-04  8.2e-04   LinDep: 2.4e-15* 
 Iter:   2 SS: 8    E: -130.73233148  -130.73129564  -130.72905138  -130.72575224   R: 2.8e-04  2.1e-04  3.0e-04  3.5e-04   LinDep: 2.4e-15* 
 Iter:   3 SS: 12   E: -130.73233152  -130.73129567  -130.72905143  -130.72575230   R: 1.1e-04  7.6e-05  1.3e-04  1.5e-04   LinDep: 4.4e-16* 
 Iter:   4 SS: 16   E: -130.73233153  -130.73129567  -130.72905144  -130.72575231   R: 7.5e-05  4.9e-05  1.0e-04  7.8e-05   LinDep: 2.0e-15* 
 Iter:   5 SS: 20   E: -130.73233153  -130.73129567  -130.72905145  -130.72575232   R: 4.6e-05  3.3e-05  7.0e-05  5.3e-05   LinDep: 2.4e-15* 
 Iter:   6 SS: 24   E: -130.73233153  -130.73129567  -130.72905145  -130.72575232   R: 3.4e-05  2.4e-05  5.3e-05  3.2e-05   LinDep: 4.4e-16* 
 Iter:   7 SS: 28   E: -130.73233153  -130.73129567  -130.72905145  -130.72575232   R: 2.2e-05  1.5e-05  3.3e-05  2.1e-05   LinDep: 1.6e-15* 
 Iter:   8 SS: 32   E: -130.73233154  -130.73129567  -130.72905145  -130.72575232   R: 1.3e-05  7.9e-06  1.9e-05  1.1e-05   LinDep: 6.7e-16* 
 Iter:   9 SS: 36   E: -130.73233154  -130.73129567  -130.72905145  -130.72575232   R: 9.1e-06  5.3e-06  1.4e-05  7.1e-06   LinDep: 4.0e-15* 
 Iter:  10 SS: 40   E: -130.73233154  -130.73129567  -130.72905145  -130.72575232   R: 6.3e-06  3.8e-06  9.2e-06  4.6e-06   LinDep: 3.0e-15* 
 Iter:  11 SS: 44   E: -130.73233154  -130.73129567  -130.72905145  -130.72575232   R: 3.9e-06  2.0e-06  5.6e-06  2.7e-06   LinDep: 2.1e-15* 
 Iter:  12 SS: 48   E: -130.73233154  -130.73129567  -130.72905145  -130.72575232   R: 2.4e-06  1.1e-06  3.5e-06  1.7e-06   LinDep: 2.8e-15* 
 Iter:  13 SS: 48   E: -130.73233154  -130.73129567* -130.72905145  -130.72575232*  R: 1.2e-06  6.0e-07* 1.9e-06  9.6e-07*  LinDep: 3.3e-15* 
 Iter:  14 SS: 48   E: -130.73233154* -130.73129567* -130.72905145  -130.72575232*  R: 7.7e-07* 4.1e-07* 1.2e-06  5.4e-07*  LinDep: 1.2e-13* 
 Iter:  15 SS: 48   E: -130.73233154* -130.73129567* -130.72905145* -130.72575232*  R: 6.0e-07* 3.3e-07* 8.9e-07* 3.3e-07*  LinDep: 2.0e-13* 
 Diagonalization time:                              20.113880 seconds
 Compute <S^2>:                                      0.777617 seconds (1.06 M allocations: 495.775 MiB, 48.47% gc time)
  Root       Energy           S2
     1 -130.73233154   0.00323307
     2 -130.73129567   2.00067002
     3 -130.72905145   5.99717188
     4 -130.72575232  11.99924931
 ==================================================================|
 Diagonalization time:                             400.873851 seconds
 Compute <0|H0|0>:                                   0.195517 seconds (198.54 k allocations: 124.003 MiB, 82.56% gc time)
  Root      <0|H|0>      <0|F|0>
     1 -130.73233154 -83.92443529
     2 -130.73129567 -83.92752483
     3 -130.72905145 -83.93456537
     4 -130.72575232 -83.94499885
 Number of jobs:    1214
 Number of threads: 4
 |----------------------------------------------------------------------------------------------------|
 |0%                                                                                              100%|
 |-----------------------------------------------------------------------------------------------------|
 Time spent computing E2:                           42003.7 s Allocated:    5.6e+04 GB
 State   1: E(PT2) corr:                          -0.00076658
 State   2: E(PT2) corr:                          -0.00069055
 State   3: E(PT2) corr:                          -0.00067268
 State   4: E(PT2) corr:                          -0.00059350
  Root         E(0)         E(2)
     1 -130.73233154 -130.73309811
     2 -130.73129567 -130.73198622
     3 -130.72905145 -130.72972413
     4 -130.72575232 -130.72634582
 ......................................................................................|
42404.823317 seconds (183.59 M allocations: 51.461 TiB, 33.88% gc time, 0.01% compilation time)

 |...................................BST-PT2............................................
 H0          : Hcmf
 nbody       : 4
 thresh_foi  : 1.0e-6
 max_number  : nothing
 opt_ref     : true
 ci_tol      : 1.0e-6
 verbose     : 2

 Length of Reference:                                   17680
 Solve zeroth-order problem:                       
 |== BST CI ========================================================
 Solve CI with # variables:                             17680
 Cache Hamiltonian:                                408.098963 seconds (9.07 M allocations: 266.031 GiB, 39.61% gc time)
 Iter:   1 SS: 4    E: -130.73236214  -130.73132032  -130.72908559  -130.72578168   R: 9.9e-06  8.2e-06  7.4e-06  8.1e-06   LinDep: 1.3e-15* 
 Iter:   2 SS: 8    E: -130.73236214  -130.73132032  -130.72908559  -130.72578168   R: 6.3e-06  5.4e-06  5.1e-06  5.3e-06   LinDep: 3.1e-15* 
 Iter:   3 SS: 12   E: -130.73236214  -130.73132032  -130.72908559  -130.72578168   R: 5.0e-06  4.5e-06  4.3e-06  4.1e-06   LinDep: 2.2e-15* 
 Iter:   4 SS: 16   E: -130.73236214  -130.73132032  -130.72908559  -130.72578168   R: 3.4e-06  3.2e-06  2.6e-06  2.7e-06   LinDep: 3.1e-15* 
 Iter:   5 SS: 20   E: -130.73236214  -130.73132032  -130.72908559  -130.72578168   R: 1.9e-06  1.8e-06  1.4e-06  1.6e-06   LinDep: 5.6e-15* 
 Iter:   6 SS: 24   E: -130.73236214* -130.73132032* -130.72908559* -130.72578168*  R: 9.5e-07* 9.2e-07* 7.7e-07* 9.2e-07*  LinDep: 4.2e-15* 
 Diagonalization time:                               8.923250 seconds
 Compute <S^2>:                                      0.798380 seconds (1.05 M allocations: 513.712 MiB, 46.94% gc time)
  Root       Energy           S2
     1 -130.73236214   0.00255593
     2 -130.73132032   2.00059619
     3 -130.72908559   5.99782333
     4 -130.72578168  11.99929491
 ==================================================================|
 Diagonalization time:                             418.114091 seconds
 Compute <0|H0|0>:                                   0.033699 seconds (202.54 k allocations: 130.483 MiB)
  Root      <0|H|0>      <0|F|0>
     1 -130.73236214 -83.92434262
     2 -130.73132032 -83.92747772
     3 -130.72908559 -83.93446115
     4 -130.72578168 -83.94492590
 Number of jobs:    1214
 Number of threads: 4
 |----------------------------------------------------------------------------------------------------|
 |0%                                                                                              100%|
 |-----------------------------------------------------------------------------------------------------|
 Time spent computing E2:                           45432.2 s Allocated:    6.1e+04 GB
 State   1: E(PT2) corr:                          -0.00074065
 State   2: E(PT2) corr:                          -0.00066676
 State   3: E(PT2) corr:                          -0.00064226
 State   4: E(PT2) corr:                          -0.00056978
  Root         E(0)         E(2)
     1 -130.73236214 -130.73310278
     2 -130.73132032 -130.73198708
     3 -130.72908559 -130.72972784
     4 -130.72578168 -130.72635145
 ......................................................................................|
45850.404855 seconds (128.13 M allocations: 55.889 TiB, 32.44% gc time, 0.00% compilation time)
