/home/arnab22/.conda/envs/bst/lib/python3.11/site-packages/pyscf/dft/libxc.py:771: UserWarning: Since PySCF-2.3, B3LYP (and B3P86) are changed to the VWN-RPA variant, corresponding to the original definition by Stephens et al. (issue 1480) and the same as the B3LYP functional in Gaussian. To restore the VWN5 definition, you can put the setting "B3LYP_WITH_VWN5 = True" in pyscf_conf.py
  warnings.warn('Since PySCF-2.3, B3LYP (and B3P86) are changed to the VWN-RPA variant, '
IDX001:DIM4096:001|002|003|004|005|006|
IDX002:DIM4096:007|008|009|010|011|012|
IDX003:DIM4096:013|014|015|016|017|018|
IDX004:DIM4096:019|020|021|022|023|024|
 Solve OO-CMF with newton
Overwritten attributes  conv_tol_residual  of <class 'pyscf.fci.direct_spin1.FCISolver'>
 Step:    1 E: -919.546261023109 G:     4.63e-01  
 Step:    2 E: -919.616606527079 G:     5.36e-03  
 Step:    3 E: -919.616620595137 G:     1.42e-04  
 Step:    4 E: -919.616620612362 G:     1.29e-05  
 Step:    5 E: -919.616620612530 G:     1.33e-06  
 Step:    6 E: -919.616620612532 G:     1.41e-07  
 Step:    7 E: -919.616620612532 G:     1.53e-08  
 Step:    8 E: -919.616620612532 G:     1.67e-09   
 Remove duplicates
 Number of terms reduced from  1036 to   472
IDX001:DIM4096:001|002|003|004|005|006|
IDX002:DIM4096:007|008|009|010|011|012|
IDX003:DIM4096:013|014|015|016|017|018|
IDX004:DIM4096:019|020|021|022|023|024|
 max_iter         : 20
 nbody            : 4
 H0               : Hcmf
 thresh_var       : 0.01
 thresh_foi       : 0.001
 thresh_pt        : 0.0031622776601683794
 thresh_spin      : nothing
 ci_conv          : 1.0e-5
 ci_max_iter      : 50
 ci_max_ss_vecs   : 12
 ci_lindep_thresh : 1.0e-10
 resolve_ss       : true
 do_pt            : true
 tol_tucker       : 0.0001



 ===================================================================
     BST Iteration:    1 epsilon:   0.01000000
 ===================================================================
 Ref state compressed from:                                 1 → 1          (thresh_var  =  1.0e-02)
 Get eigenstate for compressed reference space:    
 |== BST CI ========================================================
 Solve CI with # variables:                                 1
 Cache Hamiltonian:                                  3.646923 seconds (6.91 M allocations: 336.889 MiB, 99.94% compilation time: 1% of which was recompilation)
 Iter:   1 SS: 1    E:  -46.07189951*  R: 0.0e+00*  LinDep: 0.0e+00* 
 Diagonalization time:                               6.330007 seconds
 Compute <S^2>:                                      0.003373 seconds (855 allocations: 130.281 KiB, 91.23% compilation time)
  Root       Energy           S2
     1 -46.07189951   0.00000000
 ==================================================================|
 Compute <S^2>:                                      0.005841 seconds (1.06 k allocations: 151.031 KiB, 91.48% compilation time)
  Root       Energy           S2
     1 -46.07189951   0.00000000

 Compute PT1 wavefunction. Reference space dim:             1
 In build_compressed_1st_order_state
 Setup threaded jobs:                                0.000152 seconds (768 allocations: 85.031 KiB)
 Number of tasks:                                         253
 Compute matrix-vector:                             44.249630 seconds (90.71 M allocations: 5.226 GiB, 98.62% compilation time)
 Now collect thread results :                        0.020786 seconds (1.32 k allocations: 87.047 KiB, 99.41% compilation time)
 Compressing final σ vector:
   Iter:    1          537 →          537
 Compute Compressed FOIS:                           45.416127 seconds   5.77e+00 Gb

 |...................................BST-PT2............................................
 Length of input      FOIS:                               537
 Compute <X|H|0>:                                    4.292890 seconds   2.47e-01 Gb
 Compute <X|F|0>:                                    0.000232 seconds   1.62e-04 Gb
 State   1: E(PT2) corr:                          -0.01176698
  Root         E(0)         E(2)
     1 -46.07189951 -46.08366649
 ......................................................................................|
 Total time spent building FOIS:                    50.152414 seconds
 FOIS compressed from:                                    537 → 492        (thresh_foi  =  1.0e-03)

 Variational space increased from:                          1 → 171        (thresh_pt   =  3.2e-03)
 Add new space to variational space:                 0.002075 seconds
 |== BST CI ========================================================
 Solve CI with # variables:                               171
 Cache Hamiltonian:                                 10.799055 seconds (8.56 M allocations: 600.085 MiB, 77.10% compilation time)
 Iter:   1 SS: 1    E:  -46.07189951   R: 1.0e-01   LinDep: 0.0e+00* 
 Iter:   2 SS: 2    E:  -46.08446425   R: 1.8e-02   LinDep: 3.3e-16* 
 Iter:   3 SS: 3    E:  -46.08511018   R: 8.7e-03   LinDep: 0.0e+00* 
 Iter:   4 SS: 4    E:  -46.08521373   R: 1.8e-03   LinDep: 3.3e-16* 
 Iter:   5 SS: 5    E:  -46.08521738   R: 2.9e-04   LinDep: 1.3e-15* 
 Iter:   6 SS: 6    E:  -46.08521750   R: 4.8e-05   LinDep: 2.2e-16* 
 Iter:   7 SS: 7    E:  -46.08521751   R: 1.2e-05   LinDep: 8.9e-16* 
 Iter:   8 SS: 8    E:  -46.08521751*  R: 5.1e-06*  LinDep: 1.0e-15* 
 Diagonalization time:                               1.083149 seconds
 Compute <S^2>:                                      0.017884 seconds (39.75 k allocations: 10.002 MiB)
  Root       Energy           S2
     1 -46.08521751   0.00004329
 ==================================================================|
 E(Reference):       -46.07189951 
 E(PT2):             -46.08366649 
 E(BST):             -46.08521751 




 ===================================================================
     BST Iteration:    2 epsilon:   0.01000000
 ===================================================================
 Ref state compressed from:                               171 → 82         (thresh_var  =  1.0e-02)
 Get eigenstate for compressed reference space:    
 |== BST CI ========================================================
 Solve CI with # variables:                                82
 Cache Hamiltonian:                                  1.748167 seconds (203.87 k allocations: 206.533 MiB, 0.62% compilation time)
 Iter:   1 SS: 1    E:  -46.08450851   R: 1.5e-03   LinDep: 8.9e-16* 
 Iter:   2 SS: 2    E:  -46.08451258   R: 6.4e-04   LinDep: 1.3e-15* 
 Iter:   3 SS: 3    E:  -46.08451313   R: 2.2e-04   LinDep: 4.4e-16* 
 Iter:   4 SS: 4    E:  -46.08451320   R: 4.4e-05   LinDep: 6.7e-16* 
 Iter:   5 SS: 5    E:  -46.08451320*  R: 2.2e-06*  LinDep: 0.0e+00* 
 Diagonalization time:                               0.107263 seconds
 Compute <S^2>:                                      0.014790 seconds (31.24 k allocations: 8.153 MiB)
  Root       Energy           S2
     1 -46.08451320   0.00004289
 ==================================================================|
 Compute <S^2>:                                      0.015013 seconds (31.77 k allocations: 8.282 MiB)
  Root       Energy           S2
     1 -46.08451320   0.00004289

 Compute PT1 wavefunction. Reference space dim:            82
 In build_compressed_1st_order_state
 Setup threaded jobs:                                0.001775 seconds (9.48 k allocations: 737.250 KiB)
 Number of tasks:                                        1801
 Compute matrix-vector:                             20.100588 seconds (6.95 M allocations: 13.747 GiB, 6.56% gc time, 2.21% compilation time)
 Now collect thread results :                        0.000548 seconds (3.62 k allocations: 199.359 KiB)
 Compressing final σ vector:
   Iter:    1          920 →          820
   Iter:    2          820 →          820
 Compute Compressed FOIS:                           20.110450 seconds   1.48e+01 Gb

 |...................................BST-PT2............................................
 Length of input      FOIS:                               820
 Compute <X|H|0>:                                    4.533792 seconds   4.90e-01 Gb
 Compute <X|F|0>:                                    0.003286 seconds   4.61e-03 Gb
 State   1: E(PT2) corr:                          -0.00108667
  Root         E(0)         E(2)
     1 -46.08451320 -46.08559987
 ......................................................................................|
 Total time spent building FOIS:                    26.323401 seconds
 FOIS compressed from:                                    820 → 507        (thresh_foi  =  1.0e-03)

 Variational space increased from:                         82 → 179        (thresh_pt   =  3.2e-03)
 Add new space to variational space:                 0.003674 seconds
 |== BST CI ========================================================
 Solve CI with # variables:                               179
 Cache Hamiltonian:                                  2.810777 seconds (299.81 k allocations: 267.255 MiB, 0.26% compilation time)
 Iter:   1 SS: 1    E:  -46.08534291   R: 5.8e-03   LinDep: 2.2e-16* 
 Iter:   2 SS: 2    E:  -46.08539329   R: 1.4e-03   LinDep: 0.0e+00* 
 Iter:   3 SS: 3    E:  -46.08539598   R: 5.1e-04   LinDep: 1.0e-15* 
 Iter:   4 SS: 4    E:  -46.08539637   R: 1.7e-04   LinDep: 1.4e-15* 
 Iter:   5 SS: 5    E:  -46.08539642   R: 3.9e-05   LinDep: 8.9e-16* 
 Iter:   6 SS: 6    E:  -46.08539642   R: 1.2e-05   LinDep: 1.1e-15* 
 Iter:   7 SS: 7    E:  -46.08539642*  R: 2.7e-06*  LinDep: 1.1e-15* 
 Diagonalization time:                               0.246342 seconds
 Compute <S^2>:                                      0.018590 seconds (51.03 k allocations: 11.794 MiB)
  Root       Energy           S2
     1 -46.08539642   0.00011562
 ==================================================================|
 E(Reference):       -46.08451320 
 E(PT2):             -46.08559987 
 E(BST):             -46.08539642 




 ===================================================================
     BST Iteration:    3 epsilon:   0.01000000
 ===================================================================
 Ref state compressed from:                               179 → 82         (thresh_var  =  1.0e-02)
 Get eigenstate for compressed reference space:    
 |== BST CI ========================================================
 Solve CI with # variables:                                82
 Cache Hamiltonian:                                  1.695556 seconds (191.95 k allocations: 206.036 MiB, 0.42% compilation time)
 Iter:   1 SS: 1    E:  -46.08461646   R: 1.7e-03   LinDep: 3.3e-16* 
 Iter:   2 SS: 2    E:  -46.08462159   R: 7.0e-04   LinDep: 2.2e-16* 
 Iter:   3 SS: 3    E:  -46.08462232   R: 2.7e-04   LinDep: 0.0e+00* 
 Iter:   4 SS: 4    E:  -46.08462242   R: 6.3e-05   LinDep: 2.2e-16* 
 Iter:   5 SS: 5    E:  -46.08462242*  R: 6.5e-06*  LinDep: 2.2e-16* 
 Diagonalization time:                               0.097121 seconds
 Compute <S^2>:                                      0.012546 seconds (31.38 k allocations: 8.162 MiB)
  Root       Energy           S2
     1 -46.08462242   0.00011407
 ==================================================================|
 Compute <S^2>:                                      0.012860 seconds (32.95 k allocations: 8.354 MiB)
  Root       Energy           S2
     1 -46.08462242   0.00011407

 Compute PT1 wavefunction. Reference space dim:            82
 In build_compressed_1st_order_state
 Setup threaded jobs:                                0.001479 seconds (9.48 k allocations: 737.250 KiB)
 Number of tasks:                                        1801
 Compute matrix-vector:                             19.096129 seconds (5.90 M allocations: 13.693 GiB, 6.26% gc time, 0.14% compilation time)
 Now collect thread results :                        0.000529 seconds (3.62 k allocations: 199.359 KiB)
 Compressing final σ vector:
   Iter:    1          914 →          822
   Iter:    2          822 →          822
 Compute Compressed FOIS:                           19.106017 seconds   1.47e+01 Gb

 |...................................BST-PT2............................................
 Length of input      FOIS:                               822
 Compute <X|H|0>:                                    4.639709 seconds   5.00e-01 Gb
 Compute <X|F|0>:                                    0.003840 seconds   4.61e-03 Gb
 State   1: E(PT2) corr:                          -0.00097297
  Root         E(0)         E(2)
     1 -46.08462242 -46.08559539
 ......................................................................................|
 Total time spent building FOIS:                    25.441372 seconds
 FOIS compressed from:                                    822 → 507        (thresh_foi  =  1.0e-03)

 Variational space increased from:                         82 → 179        (thresh_pt   =  3.2e-03)
 Add new space to variational space:                 0.003682 seconds
 |== BST CI ========================================================
 Solve CI with # variables:                               179
 Cache Hamiltonian:                                  2.842467 seconds (285.63 k allocations: 266.245 MiB)
 Iter:   1 SS: 1    E:  -46.08542351   R: 5.3e-04   LinDep: 8.9e-16* 
 Iter:   2 SS: 2    E:  -46.08542394   R: 2.1e-04   LinDep: 8.9e-16* 
 Iter:   3 SS: 3    E:  -46.08542401   R: 7.9e-05   LinDep: 6.7e-16* 
 Iter:   4 SS: 4    E:  -46.08542402   R: 2.1e-05   LinDep: 1.0e-15* 
 Iter:   5 SS: 5    E:  -46.08542402*  R: 4.4e-06*  LinDep: 4.4e-16* 
 Diagonalization time:                               0.176737 seconds
 Compute <S^2>:                                      0.019645 seconds (50.35 k allocations: 11.752 MiB)
  Root       Energy           S2
     1 -46.08542402   0.00016372
 ==================================================================|
 E(Reference):       -46.08462242 
 E(PT2):             -46.08559539 
 E(BST):             -46.08542402 

*Converged E(Ref):             -46.08462242 
*Converged E(BST):             -46.08542402 

 Energies per BST iteration:
   Projected Energies: 
   Iter:   1   -46.07189951 Dim:         1
   Iter:   2   -46.08451320 Dim:        82
   Iter:   3   -46.08462242 Dim:        82

   Variational Energies: 
   Iter:   1   -46.08521751 Dim:       171
   Iter:   2   -46.08539642 Dim:       179
   Iter:   3   -46.08542402 Dim:       179
 ─────────────────────────────────────────────────────────────────────────
                                 Time                    Allocations      
                        ───────────────────────   ────────────────────────
    Tot / % measured:         136s /  98.9%           38.1GiB /  99.9%    

 Section        ncalls     time    %tot     avg     alloc    %tot      avg
 ─────────────────────────────────────────────────────────────────────────
 FOIS                3     102s   76.0%   34.0s   34.5GiB   90.7%  11.5GiB
 CI big              3    18.0s   13.4%   6.01s   1.60GiB    4.2%   545MiB
 CI small            3    14.2s   10.6%   4.73s   1.91GiB    5.0%   652MiB
 S2                  3   33.7ms    0.0%  11.2ms   16.8MiB    0.0%  5.59MiB
 compress            6   14.5ms    0.0%  2.41ms   7.91MiB    0.0%  1.32MiB
 add                 3   3.73ms    0.0%  1.24ms   3.21MiB    0.0%  1.07MiB
 project             3   1.38ms    0.0%   459μs    691KiB    0.0%   230KiB
 s2 extension        3   2.82μs    0.0%   940ns     0.00B    0.0%    0.00B
 ─────────────────────────────────────────────────────────────────────────
 ==================================================================|

 |...................................BST-PT2............................................
 H0          : Hcmf
 nbody       : 4
 thresh_foi  : 0.001
 max_number  : nothing
 opt_ref     : true
 ci_tol      : 1.0e-6
 verbose     : 1

 Length of Reference:                                       1
 Solve zeroth-order problem:                       
 |== BST CI ========================================================
 Solve CI with # variables:                                 1
 Cache Hamiltonian:                                  0.001133 seconds (1.71 k allocations: 7.723 MiB)
 Iter:   1 SS: 1    E:  -46.07189951*  R: 0.0e+00*  LinDep: 0.0e+00* 
 Diagonalization time:                               0.000628 seconds
 Compute <S^2>:                                      0.000176 seconds (838 allocations: 129.391 KiB)
  Root       Energy           S2
     1 -46.07189951   0.00000000
 ==================================================================|
 Diagonalization time:                               0.008699 seconds
 Compute <0|H0|0>:                                   0.000165 seconds (478 allocations: 116.156 KiB)
  Root      <0|H|0>      <0|F|0>
     1 -46.07189951 -25.77582220
 Number of jobs:    253
 Number of threads: 1
 Time spent computing E2:                               1.3 s Allocated:    6.7e-01 GB
 State   1: E(PT2) corr:                          -0.01197580
  Root         E(0)         E(2)
     1 -46.07189951 -46.08387531
 ......................................................................................|
 |== Solve for BST PT1 Wavefunction ================================
 H0          : Hcmf
 max_iter    : 50
 nbody       : 4
 thresh_foi  : 0.001
 tol         : 1.0e-8
 opt_ref     : true
 verbose     : true

 Length of Reference:                                       1
 Solve zeroth-order problem:                       
 |== BST CI ========================================================
 Solve CI with # variables:                                 1
 Cache Hamiltonian:                                  0.001157 seconds (1.71 k allocations: 7.723 MiB)
 Iter:   1 SS: 1    E:  -46.07189951*  R: 0.0e+00*  LinDep: 0.0e+00* 
 Diagonalization time:                               0.000556 seconds
 Compute <S^2>:                                      0.000164 seconds (838 allocations: 129.391 KiB)
  Root       Energy           S2
     1 -46.07189951   0.00000000
 ==================================================================|
 Diagonalization time:                               0.002687 seconds

 Compute compressed FOIS:                          
 In build_compressed_1st_order_state
 Setup threaded jobs:                                0.000125 seconds (768 allocations: 85.031 KiB)
 Number of tasks:                                         253
 Compute matrix-vector:                              0.480680 seconds (273.73 k allocations: 467.103 MiB)
 Now collect thread results :                        0.000088 seconds (518 allocations: 43.672 KiB)
 Compressing final σ vector:
   Iter:    1          537 →          537
 Time spent building compressed FOIS:                0.483041 seconds
 FOIS Compressed from:                                    537 → 536        (thresh =  1.0e-03)
 Overlap between <1|0>:                              0.000000 
 Compute PT vector. Reference space dim:                    1
 Length of input      FOIS:                               536
 Compute <X|V|0>:                                    0.008497 seconds   1.91e-03 Gb
  Root      <0|H|0>      <0|F|0>
     1 -46.07189951 -25.77582220
 Compute <X|F|0>:                                    0.000128 seconds   1.45e-04 Gb
 Cache zeroth-order Hamiltonian:                     0.004749 seconds   2.33e-02 Gb
  1	2.61e-02
  2	9.11e-03
  3	3.39e-03
  4	1.11e-03
  5	2.99e-04
  6	9.09e-05
  7	2.91e-05
  8	1.08e-05
  9	4.41e-06
 10	1.31e-06
 11	2.86e-07

 Time to solve for PT1 with conjugate gradient:      0.588502 seconds   6.82e-02 Gb
Parsing fcidump_4mer
 Compute <0|H|1>:                                    0.015857 seconds   4.81e-03 Gb
 SxC[r]   0.00000000 SxSx   0.00000000
 State   1: E(PT2) corr:                          -0.01176698
 State   1: E(PT2):                              -46.08366649
 ==================================================================|
