IDX001:DIM4096:001|002|003|004|005|006|
IDX002:DIM4096:007|008|009|010|011|012|
IDX003:DIM4096:013|014|015|016|017|018|
IDX004:DIM4096:019|020|021|022|023|024|
IDX005:DIM0016:025|026|
IDX006:DIM65536:027|028|029|030|031|032|033|034|
6-element Vector{Tuple{Int64, Int64}}:
 (3, 3)
 (3, 3)
 (3, 3)
 (3, 3)
 (1, 1)
 (4, 4)IDX001:DIM4096:001|002|003|004|005|006|
IDX002:DIM4096:007|008|009|010|011|012|
IDX003:DIM4096:013|014|015|016|017|018|
IDX004:DIM4096:019|020|021|022|023|024|
IDX005:DIM0016:025|026|
IDX006:DIM65536:027|028|029|030|031|032|033|034|
 Remove duplicates
 Number of terms reduced from  5226 to  2226
 |== BST CI ========================================================
 Solve CI with # variables:                            102237
 Cache Hamiltonian:                                 99.688612 seconds (425.14 M allocations: 42.692 GiB, 19.83% gc time, 37.88% compilation time)
 Iter:   1 SS: 3    E: -105.92118467* -105.84035415* -105.83956403*  R: 1.0e-06* 7.0e-06* 4.3e-06*  LinDep: 2.1e-15* 
 Diagonalization time:                             247.934485 seconds
 Compute <S^2>:                                      9.800530 seconds (28.60 M allocations: 3.251 GiB, 58.70% gc time, 0.07% compilation time)
  Root       Energy           S2
     1 -105.92118467   2.00004051
     2 -105.84035415   0.00030457
     3 -105.83956403   0.00019119
 ==================================================================|

 |...................................BST-PT2............................................
 H0          : Hcmf
 nbody       : 4
 thresh_foi  : 1.0e-5
 max_number  : nothing
 opt_ref     : true
 ci_tol      : 1.0e-6
 verbose     : 2

 Length of Reference:                                  102237
 Solve zeroth-order problem:                       
 |== BST CI ========================================================
 Solve CI with # variables:                            102237
 Cache Hamiltonian:                                 84.472095 seconds (343.85 M allocations: 38.788 GiB, 47.28% gc time)
 Iter:   1 SS: 3    E: -105.92118467  -105.84035415  -105.83956403   R: 1.0e-06  7.0e-06  4.3e-06   LinDep: 0.0e+00* 
 Iter:   2 SS: 6    E: -105.92118467* -105.84035415  -105.83956403   R: 6.3e-07* 4.3e-06  2.8e-06   LinDep: 1.8e-15* 
 Iter:   3 SS: 9    E: -105.92118467* -105.84035415  -105.83956403   R: 4.2e-07* 3.0e-06  2.1e-06   LinDep: 2.2e-15* 
 Iter:   4 SS: 12   E: -105.92118467* -105.84035415  -105.83956403   R: 2.8e-07* 2.2e-06  1.6e-06   LinDep: 8.9e-16* 
 Iter:   5 SS: 15   E: -105.92118467* -105.84035415  -105.83956403   R: 1.8e-07* 1.7e-06  1.3e-06   LinDep: 4.4e-16* 
 Iter:   6 SS: 18   E: -105.92118467* -105.84035415  -105.83956403*  R: 1.2e-07* 1.2e-06  9.8e-07*  LinDep: 1.3e-15* 
 Iter:   7 SS: 21   E: -105.92118467* -105.84035415* -105.83956403*  R: 7.9e-08* 8.9e-07* 7.2e-07*  LinDep: 2.2e-16* 
 Diagonalization time:                             1253.969857 seconds
 Compute <S^2>:                                      9.470944 seconds (28.62 M allocations: 3.252 GiB, 56.45% gc time)
  Root       Energy           S2
     1 -105.92118467   2.00004051
     2 -105.84035415   0.00030466
     3 -105.83956403   0.00019123
 ==================================================================|
 Diagonalization time:                             1352.456903 seconds
 Compute <0|H0|0>:                                   1.740798 seconds (4.93 M allocations: 634.089 MiB, 56.60% gc time, 0.84% compilation time)
  Root      <0|H|0>      <0|F|0>
     1 -105.92118467 -41.47326974
     2 -105.84035415 -41.39157107
     3 -105.83956403 -41.39247427
 Number of jobs:    194333
 Number of threads: 8
 |----------------------------------------------------------------------------------------------------|
 |0%                                                                                              100%|
 |----------------------------------------------------------------------------------------------------|
 Time spent computing E2:                           17796.8 s Allocated:    1.2e+04 GB
 State   1: E(PT2) corr:                          -0.00004791
 State   2: E(PT2) corr:                          -0.00007622
 State   3: E(PT2) corr:                          -0.00007666
  Root         E(0)         E(2)
     1 -105.92118467 -105.92123257
     2 -105.84035415 -105.84043036
     3 -105.83956403 -105.83964069
 ......................................................................................|
19163.559332 seconds (8.40 G allocations: 10.924 TiB, 91.33% gc time, 0.71% compilation time)
