IDX001:DIM4096:001|002|003|004|005|006|
IDX002:DIM4096:007|008|009|010|011|012|
IDX003:DIM4096:013|014|015|016|017|018|
IDX004:DIM4096:019|020|021|022|023|024|
IDX005:DIM1048576:025|026|027|028|029|030|031|032|033|034|
5-element Vector{Tuple{Int64, Int64}}:
 (3, 3)
 (3, 3)
 (3, 3)
 (3, 3)
 (5, 5)IDX001:DIM4096:001|002|003|004|005|006|
IDX002:DIM4096:007|008|009|010|011|012|
IDX003:DIM4096:013|014|015|016|017|018|
IDX004:DIM4096:019|020|021|022|023|024|
IDX005:DIM1048576:025|026|027|028|029|030|031|032|033|034|
 Remove duplicates
 Number of terms reduced from  2525 to  1105

 |...................................BST-PT2............................................
 H0          : Hcmf
 nbody       : 4
 thresh_foi  : 5.0e-5
 max_number  : nothing
 opt_ref     : true
 ci_tol      : 1.0e-6
 verbose     : 2

 Length of Reference:                                   47463
 Solve zeroth-order problem:                       
 |== BST CI ========================================================
 Solve CI with # variables:                             47463
 Cache Hamiltonian:                                660.418800 seconds (150.79 M allocations: 26.607 GiB, 3.12% gc time, 5.80% compilation time)
 Iter:   1 SS: 6    E: -105.94189414* -105.83254093* -105.81815680* -105.81411015* -105.80110853  -105.79840516   R: 3.6e-10* 8.5e-09* 2.6e-08* 1.3e-07* 1.9e-06  9.7e-06   LinDep: 7.8e-16* 
 Iter:   2 SS: 12   E: -105.94189414* -105.83254093* -105.81815680* -105.81411015* -105.80110853  -105.79840516   R: 1.2e-10* 6.4e-09* 2.0e-08* 9.7e-08* 1.4e-06  6.7e-06   LinDep: 5.3e-15* 
 Iter:   3 SS: 18   E: -105.94189414* -105.83254093* -105.81815680* -105.81411015* -105.80110853  -105.79840516   R: 1.0e-10* 4.5e-09* 1.3e-08* 7.5e-08* 1.0e-06  3.9e-06   LinDep: 6.7e-16* 
 Iter:   4 SS: 24   E: -105.94189414* -105.83254093* -105.81815680* -105.81411015* -105.80110853  -105.79840516   R: 9.9e-11* 2.7e-09* 8.4e-09* 7.8e-08* 1.2e-06  2.9e-06   LinDep: 8.9e-16* 
 Iter:   5 SS: 30   E: -105.94189414* -105.83254093* -105.81815680* -105.81411015* -105.80110853  -105.79840516   R: 1.1e-10* 2.8e-09* 7.9e-09* 8.9e-08* 1.6e-06  3.6e-06   LinDep: 2.2e-16* 
 Iter:   6 SS: 36   E: -105.94189414* -105.83254093* -105.81815680* -105.81411015* -105.80110853  -105.79840516   R: 1.3e-10* 1.7e-09* 6.4e-09* 7.2e-08* 1.6e-06  3.5e-06   LinDep: 6.7e-16* 
 Iter:   7 SS: 42   E: -105.94189414* -105.83254093* -105.81815680* -105.81411015* -105.80110853  -105.79840516   R: 1.5e-10* 1.3e-09* 4.4e-09* 4.1e-08* 1.1e-06  2.8e-06   LinDep: 3.1e-15* 
 Iter:   8 SS: 48   E: -105.94189414* -105.83254093* -105.81815680* -105.81411015* -105.80110853* -105.79840516   R: 1.7e-10* 1.4e-09* 4.0e-09* 2.7e-08* 9.8e-07* 2.5e-06   LinDep: 4.4e-16* 
 Iter:   9 SS: 54   E: -105.94189414* -105.83254093* -105.81815680* -105.81411015* -105.80110853* -105.79840516   R: 1.9e-10* 1.8e-09* 4.1e-09* 2.4e-08* 9.8e-07* 2.7e-06   LinDep: 1.1e-16* 
 Iter:  10 SS: 60   E: -105.94189414* -105.83254093* -105.81815680* -105.81411015* -105.80110853* -105.79840516   R: 2.1e-10* 1.8e-09* 3.8e-09* 1.4e-08* 7.1e-07* 2.3e-06   LinDep: 6.7e-16* 
 Iter:  11 SS: 66   E: -105.94189414* -105.83254093* -105.81815680* -105.81411015* -105.80110853* -105.79840516   R: 2.4e-10* 2.1e-09* 4.2e-09* 9.2e-09* 5.3e-07* 2.1e-06   LinDep: 2.7e-15* 
 Iter:  12 SS: 72   E: -105.94189414* -105.83254093* -105.81815680* -105.81411015* -105.80110853* -105.79840516   R: 2.6e-10* 2.0e-09* 4.1e-09* 8.0e-09* 4.6e-07* 2.2e-06   LinDep: 0.0e+00* 
 Iter:  13 SS: 72   E: -105.94189414* -105.83254093* -105.81815680* -105.81411015* -105.80110853* -105.79840516   R: 2.8e-10* 2.1e-09* 4.5e-09* 7.2e-09* 3.4e-07* 1.9e-06   LinDep: 9.2e-15* 
 Iter:  14 SS: 72   E: -105.94189414* -105.83254093* -105.81815680* -105.81411015* -105.80110853* -105.79840516   R: 3.0e-10* 2.2e-09* 6.0e-09* 7.7e-09* 2.4e-07* 1.4e-06   LinDep: 2.4e-11* 
 Iter:  15 SS: 72   E: -105.94189414* -105.83254093* -105.81815680* -105.81411015* -105.80110853* -105.79840516   R: 3.2e-10* 2.4e-09* 6.4e-09* 8.0e-09* 1.8e-07* 1.1e-06   LinDep: 1.1e-12* 
 Iter:  16 SS: 72   E: -105.94189414* -105.83254093* -105.81815680* -105.81411015* -105.80110853* -105.79840516*  R: 3.4e-10* 2.8e-09* 6.7e-09* 8.4e-09* 1.6e-07* 8.9e-07*  LinDep: 5.1e-13* 
 Diagonalization time:                             792.621818 seconds
 Compute <S^2>:                                      4.717553 seconds (13.05 M allocations: 1.940 GiB, 23.80% gc time, 0.11% compilation time)
  Root       Energy           S2
     1 -105.94189414   2.00011237
     2 -105.83254093   0.00064198
     3 -105.81815680   2.00021065
     4 -105.81411015   0.00432112
     5 -105.80110853   1.99869621
     6 -105.79840516   1.98855168
 ==================================================================|
 Diagonalization time:                             1465.552473 seconds
 Compute <0|H0|0>:                                   0.874168 seconds (2.51 M allocations: 562.688 MiB, 37.36% gc time, 3.67% compilation time)
  Root      <0|H|0>      <0|F|0>
     1 -105.94189414 -46.33747536
     2 -105.83254093 -46.22223172
     3 -105.81815680 -46.14756072
     4 -105.81411015 -46.14389396
     5 -105.80110853 -46.13322538
     6 -105.79840516 -46.15171881
 Number of jobs:    48933
 Number of threads: 1
 |----------------------------------------------------------------------------------------------------|
 |0%                                                                                              100%|
 |----------------------------------------------------------------------------------------------------|
 Time spent computing E2:                          170663.6 s Allocated:    2.3e+05 GB
 State   1: E(PT2) corr:                          -0.00024686
 State   2: E(PT2) corr:                          -0.00045817
 State   3: E(PT2) corr:                          -0.00062623
 State   4: E(PT2) corr:                          -0.00089447
 State   5: E(PT2) corr:                          -0.00109429
 State   6: E(PT2) corr:                          -0.00089229
  Root         E(0)         E(2)
     1 -105.94189414 -105.94214100
     2 -105.83254093 -105.83299911
     3 -105.81815680 -105.81878302
     4 -105.81411015 -105.81500462
     5 -105.80110853 -105.80220282
     6 -105.79840516 -105.79929745
 ......................................................................................|
172141.210619 seconds (4.08 G allocations: 207.950 TiB, 38.40% gc time, 0.08% compilation time)

 |...................................BST-PT2............................................
 H0          : Hcmf
 nbody       : 4
 thresh_foi  : 5.0e-5
 max_number  : nothing
 opt_ref     : true
 ci_tol      : 1.0e-6
 verbose     : 2

 Length of Reference:                                   32427
 Solve zeroth-order problem:                       
 |== BST CI ========================================================
 Solve CI with # variables:                             32427
 Cache Hamiltonian:                                532.547818 seconds (53.64 M allocations: 14.052 GiB, 4.15% gc time)
 Iter:   1 SS: 6    E: -105.94183986  -105.83249741  -105.81807954  -105.81402422  -105.80100328  -105.79831508   R: 5.1e-04  4.9e-04  6.4e-04  7.2e-04  6.9e-04  6.4e-04   LinDep: 3.1e-15* 
 Iter:   2 SS: 12   E: -105.94184016  -105.83249773  -105.81808009  -105.81402495  -105.80100395  -105.79831564   R: 1.3e-04  1.6e-04  1.9e-04  2.3e-04  2.2e-04  2.0e-04   LinDep: 2.0e-15* 
 Iter:   3 SS: 18   E: -105.94184018  -105.83249776  -105.81808015  -105.81402504  -105.80100403  -105.79831571   R: 4.6e-05  7.7e-05  1.0e-04  1.2e-04  1.1e-04  1.0e-04   LinDep: 8.9e-16* 
 Iter:   4 SS: 24   E: -105.94184018  -105.83249777  -105.81808017  -105.81402507  -105.80100406  -105.79831573   R: 2.2e-05  4.4e-05  6.5e-05  1.0e-04  7.2e-05  6.2e-05   LinDep: 2.7e-15* 
 Iter:   5 SS: 30   E: -105.94184018  -105.83249778  -105.81808018  -105.81402510  -105.80100407  -105.79831573   R: 9.8e-06  3.2e-05  4.7e-05  9.3e-05  5.0e-05  4.5e-05   LinDep: 1.3e-15* 
 Iter:   6 SS: 36   E: -105.94184018  -105.83249778  -105.81808019  -105.81402512  -105.80100407  -105.79831574   R: 5.0e-06  2.5e-05  3.6e-05  9.3e-05  3.7e-05  3.9e-05   LinDep: 2.2e-16* 
 Iter:   7 SS: 42   E: -105.94184018  -105.83249778  -105.81808019  -105.81402514  -105.80100407  -105.79831574   R: 2.6e-06  2.0e-05  3.0e-05  8.7e-05  3.1e-05  3.8e-05   LinDep: 5.8e-15* 
 Iter:   8 SS: 48   E: -105.94184018  -105.83249778  -105.81808019  -105.81402516  -105.80100408  -105.79831575   R: 1.3e-06  1.6e-05  2.7e-05  7.1e-05  2.8e-05  4.0e-05   LinDep: 5.3e-15* 
 Iter:   9 SS: 54   E: -105.94184018* -105.83249778  -105.81808019  -105.81402517  -105.80100408  -105.79831575   R: 6.6e-07* 1.3e-05  2.3e-05  4.9e-05  3.1e-05  4.4e-05   LinDep: 7.1e-15* 
 Iter:  10 SS: 60   E: -105.94184018* -105.83249778  -105.81808020  -105.81402518  -105.80100408  -105.79831576   R: 3.7e-07* 9.7e-06  1.9e-05  3.2e-05  3.2e-05  4.6e-05   LinDep: 4.9e-15* 
 Iter:  11 SS: 66   E: -105.94184018* -105.83249778  -105.81808020  -105.81402518  -105.80100408  -105.79831576   R: 2.0e-07* 5.8e-06  1.4e-05  2.1e-05  3.0e-05  4.1e-05   LinDep: 7.8e-15* 
 Iter:  12 SS: 72   E: -105.94184018* -105.83249778  -105.81808020  -105.81402518  -105.80100409  -105.79831577   R: 1.1e-07* 3.4e-06  9.2e-06  1.5e-05  2.8e-05  3.4e-05   LinDep: 5.3e-15* 
 Iter:  13 SS: 72   E: -105.94184018* -105.83249778  -105.81808020  -105.81402518  -105.80100409  -105.79831577   R: 5.4e-08* 2.2e-06  5.8e-06  1.1e-05  2.4e-05  2.9e-05   LinDep: 2.4e-15* 
 Iter:  14 SS: 72   E: -105.94184018* -105.83249778  -105.81808020  -105.81402518  -105.80100409  -105.79831577   R: 2.8e-08* 1.4e-06  3.7e-06  8.5e-06  2.1e-05  2.7e-05   LinDep: 8.0e-13* 
 Iter:  15 SS: 72   E: -105.94184018* -105.83249778* -105.81808020  -105.81402518  -105.80100409  -105.79831577   R: 1.5e-08* 9.4e-07* 2.4e-06  6.7e-06  1.7e-05  2.5e-05   LinDep: 5.6e-14* 
 Iter:  16 SS: 72   E: -105.94184018* -105.83249778* -105.81808020  -105.81402518  -105.80100409  -105.79831578   R: 8.0e-09* 6.8e-07* 1.6e-06  5.7e-06  1.3e-05  2.4e-05   LinDep: 2.0e-12* 
 Iter:  17 SS: 72   E: -105.94184018* -105.83249778* -105.81808020  -105.81402518  -105.80100409  -105.79831578   R: 4.5e-09* 4.6e-07* 1.1e-06  5.3e-06  1.1e-05  2.4e-05   LinDep: 8.3e-13* 
 Iter:  18 SS: 72   E: -105.94184018* -105.83249778* -105.81808020* -105.81402518  -105.80100409  -105.79831578   R: 2.3e-09* 3.3e-07* 8.1e-07* 5.1e-06  9.0e-06  2.1e-05   LinDep: 7.5e-13* 
 Iter:  19 SS: 72   E: -105.94184018* -105.83249778* -105.81808020* -105.81402518  -105.80100409  -105.79831578   R: 1.3e-09* 2.4e-07* 6.1e-07* 4.7e-06  8.0e-06  1.9e-05   LinDep: 8.8e-13* 
 Iter:  20 SS: 72   E: -105.94184018* -105.83249778* -105.81808020* -105.81402518  -105.80100409  -105.79831578   R: 8.0e-10* 1.8e-07* 4.8e-07* 4.2e-06  7.2e-06  1.7e-05   LinDep: 3.4e-14* 
 Iter:  21 SS: 72   E: -105.94184018* -105.83249778* -105.81808020* -105.81402518  -105.80100409  -105.79831578   R: 5.8e-10* 1.3e-07* 3.8e-07* 3.3e-06  6.6e-06  1.6e-05   LinDep: 7.3e-13* 
 Iter:  22 SS: 72   E: -105.94184018* -105.83249778* -105.81808020* -105.81402518  -105.80100409  -105.79831578   R: 5.1e-10* 1.0e-07* 3.2e-07* 2.5e-06  5.9e-06  1.3e-05   LinDep: 1.2e-12* 
 Iter:  23 SS: 72   E: -105.94184018* -105.83249778* -105.81808020* -105.81402518  -105.80100409  -105.79831578   R: 5.1e-10* 7.6e-08* 2.7e-07* 1.7e-06  5.3e-06  1.1e-05   LinDep: 9.6e-13* 
 Iter:  24 SS: 72   E: -105.94184018* -105.83249778* -105.81808020* -105.81402518  -105.80100409  -105.79831578   R: 5.2e-10* 6.0e-08* 2.2e-07* 1.2e-06  4.9e-06  9.4e-06   LinDep: 1.8e-12* 
 Iter:  25 SS: 72   E: -105.94184018* -105.83249778* -105.81808020* -105.81402518* -105.80100409  -105.79831578   R: 5.4e-10* 4.6e-08* 1.9e-07* 8.9e-07* 4.6e-06  8.0e-06   LinDep: 2.2e-12* 
 Iter:  26 SS: 72   E: -105.94184018* -105.83249778* -105.81808020* -105.81402518* -105.80100409  -105.79831578   R: 5.6e-10* 3.7e-08* 1.7e-07* 6.7e-07* 4.3e-06  6.7e-06   LinDep: 1.4e-12* 
 Iter:  27 SS: 72   E: -105.94184018* -105.83249778* -105.81808020* -105.81402518* -105.80100409  -105.79831578   R: 5.8e-10* 2.8e-08* 1.4e-07* 5.2e-07* 4.1e-06  6.1e-06   LinDep: 2.8e-12* 
 Iter:  28 SS: 72   E: -105.94184018* -105.83249778* -105.81808020* -105.81402518* -105.80100409  -105.79831578   R: 6.0e-10* 2.2e-08* 1.1e-07* 4.2e-07* 3.6e-06  5.7e-06   LinDep: 3.3e-12* 
 Iter:  29 SS: 72   E: -105.94184018* -105.83249778* -105.81808020* -105.81402518* -105.80100409  -105.79831578   R: 6.2e-10* 1.7e-08* 9.0e-08* 3.3e-07* 3.1e-06  5.7e-06   LinDep: 3.3e-12* 
 Iter:  30 SS: 72   E: -105.94184018* -105.83249778* -105.81808020* -105.81402518* -105.80100409  -105.79831578   R: 6.4e-10* 1.3e-08* 6.8e-08* 2.7e-07* 2.7e-06  5.9e-06   LinDep: 1.3e-12* 
 Iter:  31 SS: 72   E: -105.94184018* -105.83249778* -105.81808020* -105.81402518* -105.80100409  -105.79831578   R: 6.7e-10* 1.0e-08* 5.2e-08* 2.1e-07* 2.2e-06  6.3e-06   LinDep: 4.3e-12* 
 Iter:  32 SS: 72   E: -105.94184018* -105.83249778* -105.81808020* -105.81402518* -105.80100409  -105.79831578   R: 6.9e-10* 8.2e-09* 3.8e-08* 1.6e-07* 1.8e-06  6.3e-06   LinDep: 1.3e-11* 
 Iter:  33 SS: 72   E: -105.94184018* -105.83249778* -105.81808020* -105.81402518* -105.80100409  -105.79831578   R: 7.1e-10* 6.7e-09* 2.7e-08* 1.2e-07* 1.4e-06  6.2e-06   LinDep: 1.9e-11* 
 Iter:  34 SS: 72   E: -105.94184018* -105.83249778* -105.81808020* -105.81402518* -105.80100409  -105.79831578   R: 7.4e-10* 5.9e-09* 2.1e-08* 9.3e-08* 1.1e-06  5.7e-06   LinDep: 6.6e-12* 
 Iter:  35 SS: 72   E: -105.94184018* -105.83249778* -105.81808020* -105.81402518* -105.80100409* -105.79831578   R: 7.6e-10* 5.3e-09* 1.6e-08* 6.9e-08* 8.4e-07* 5.0e-06   LinDep: 1.3e-11* 
 Iter:  36 SS: 72   E: -105.94184018* -105.83249778* -105.81808020* -105.81402518* -105.80100409* -105.79831578   R: 7.8e-10* 5.3e-09* 1.5e-08* 5.2e-08* 6.3e-07* 4.1e-06   LinDep: 2.6e-11* 
 Iter:  37 SS: 72   E: -105.94184018* -105.83249778* -105.81808020* -105.81402518* -105.80100409* -105.79831578   R: 8.1e-10* 5.3e-09* 1.5e-08* 4.1e-08* 4.9e-07* 3.4e-06   LinDep: 1.9e-11* 
 Iter:  38 SS: 72   E: -105.94184018* -105.83249778* -105.81808020* -105.81402518* -105.80100409* -105.79831578   R: 8.3e-10* 5.4e-09* 1.5e-08* 3.3e-08* 3.7e-07* 2.7e-06   LinDep: 1.1e-11* 
 Iter:  39 SS: 72   E: -105.94184018* -105.83249778* -105.81808020* -105.81402518* -105.80100409* -105.79831578   R: 8.5e-10* 5.3e-09* 1.5e-08* 2.9e-08* 3.0e-07* 2.2e-06   LinDep: 1.1e-11* 
 Iter:  40 SS: 72   E: -105.94184018* -105.83249778* -105.81808020* -105.81402518* -105.80100409* -105.79831578   R: 8.8e-10* 5.6e-09* 1.6e-08* 2.6e-08* 2.3e-07* 1.7e-06   LinDep: 2.2e-11* 
 Diagonalization time:                             1357.716119 seconds
 Compute <S^2>:                                      3.884939 seconds (11.60 M allocations: 1.505 GiB, 21.69% gc time)
  Root       Energy           S2
     1 -105.94184018   2.00011977
     2 -105.83249778   0.00066040
     3 -105.81808020   2.00021344
     4 -105.81402518   0.00465592
     5 -105.80100409   1.99872464
     6 -105.79831578   1.98886801
 ==================================================================|
 Diagonalization time:                             1895.243411 seconds
 Compute <0|H0|0>:                                   0.758030 seconds (2.23 M allocations: 457.556 MiB, 40.20% gc time)
  Root      <0|H|0>      <0|F|0>
     1 -105.94184018 -46.33757944
     2 -105.83249778 -46.22235584
     3 -105.81808020 -46.14779728
     4 -105.81402518 -46.14411996
     5 -105.80100409 -46.13343317
     6 -105.79831578 -46.15192762
 Number of jobs:    47246
 Number of threads: 1
 |----------------------------------------------------------------------------------------------------|
 |0%                                                                                              100%|
 |----------------------------------------------------------------------------------------------------|
 Time spent computing E2:                          136371.0 s Allocated:    1.8e+05 GB
 State   1: E(PT2) corr:                          -0.00029815
 State   2: E(PT2) corr:                          -0.00048915
 State   3: E(PT2) corr:                          -0.00068450
 State   4: E(PT2) corr:                          -0.00096220
 State   5: E(PT2) corr:                          -0.00117955
 State   6: E(PT2) corr:                          -0.00096627
  Root         E(0)         E(2)
     1 -105.94184018 -105.94213834
     2 -105.83249778 -105.83298693
     3 -105.81808020 -105.81876470
     4 -105.81402518 -105.81498738
     5 -105.80100409 -105.80218364
     6 -105.79831578 -105.79928205
 ......................................................................................|
138267.497174 seconds (6.29 G allocations: 166.706 TiB, 48.09% gc time, 0.00% compilation time)

 |...................................BST-PT2............................................
 H0          : Hcmf
 nbody       : 4
 thresh_foi  : 5.0e-5
 max_number  : nothing
 opt_ref     : true
 ci_tol      : 1.0e-6
 verbose     : 2

 Length of Reference:                                   17900
 Solve zeroth-order problem:                       
 |== BST CI ========================================================
 Solve CI with # variables:                             17900
 Cache Hamiltonian:                                382.030147 seconds (35.18 M allocations: 7.727 GiB, 3.11% gc time)
 Iter:   1 SS: 6    E: -105.94167136  -105.83232329  -105.81786652  -105.81370209  -105.80067798  -105.79803646   R: 1.2e-03  1.1e-03  1.2e-03  1.6e-03  1.4e-03  1.4e-03   LinDep: 2.2e-16* 
 Iter:   2 SS: 12   E: -105.94167306  -105.83232506  -105.81786881  -105.81370617  -105.80068129  -105.79803939   R: 3.4e-04  4.3e-04  4.4e-04  6.7e-04  5.1e-04  4.6e-04   LinDep: 0.0e+00* 
 Iter:   3 SS: 18   E: -105.94167321  -105.83232544  -105.81786923  -105.81370747  -105.80068178  -105.79803979   R: 1.3e-04  2.8e-04  2.9e-04  6.3e-04  3.0e-04  2.8e-04   LinDep: 2.6e-15* 
 Iter:   4 SS: 24   E: -105.94167323  -105.83232563  -105.81786943  -105.81370879  -105.80068198  -105.79803996   R: 6.5e-05  2.3e-04  2.2e-04  6.9e-04  2.3e-04  2.2e-04   LinDep: 2.2e-16* 
 Iter:   5 SS: 30   E: -105.94167323  -105.83232574  -105.81786954  -105.81371004  -105.80068210  -105.79804008   R: 2.9e-05  1.7e-04  1.7e-04  6.3e-04  1.8e-04  1.9e-04   LinDep: 1.1e-16* 
 Iter:   6 SS: 36   E: -105.94167324  -105.83232582  -105.81786962  -105.81371107  -105.80068219  -105.79804021   R: 1.3e-05  1.4e-04  1.5e-04  5.3e-04  1.8e-04  2.2e-04   LinDep: 2.7e-15* 
 Iter:   7 SS: 42   E: -105.94167324  -105.83232586  -105.81786968  -105.81371167  -105.80068229  -105.79804036   R: 5.9e-06  1.2e-04  1.3e-04  3.9e-04  1.9e-04  2.4e-04   LinDep: 2.2e-15* 
 Iter:   8 SS: 48   E: -105.94167324  -105.83232589  -105.81786972  -105.81371195  -105.80068238  -105.79804054   R: 2.6e-06  8.9e-05  1.0e-04  2.4e-04  1.8e-04  2.5e-04   LinDep: 1.8e-15* 
 Iter:   9 SS: 54   E: -105.94167324  -105.83232590  -105.81786974  -105.81371206  -105.80068246  -105.79804071   R: 1.3e-06  5.2e-05  7.0e-05  1.4e-04  1.5e-04  2.2e-04   LinDep: 0.0e+00* 
 Iter:  10 SS: 60   E: -105.94167324* -105.83232591  -105.81786975  -105.81371210  -105.80068251  -105.79804082   R: 6.6e-07* 2.9e-05  4.7e-05  1.0e-04  1.1e-04  1.7e-04   LinDep: 5.6e-16* 
 Iter:  11 SS: 66   E: -105.94167324* -105.83232591  -105.81786976  -105.81371212  -105.80068254  -105.79804088   R: 3.9e-07* 1.7e-05  3.0e-05  8.3e-05  8.5e-05  1.2e-04   LinDep: 2.2e-15* 
 Iter:  12 SS: 72   E: -105.94167324* -105.83232591  -105.81786976  -105.81371214  -105.80068256  -105.79804091   R: 2.2e-07* 1.0e-05  1.9e-05  6.8e-05  6.9e-05  1.1e-04   LinDep: 9.1e-15* 
 Iter:  13 SS: 72   E: -105.94167324* -105.83232591  -105.81786976  -105.81371215  -105.80068257  -105.79804094   R: 1.2e-07* 7.0e-06  1.2e-05  5.3e-05  6.1e-05  1.0e-04   LinDep: 5.6e-15* 
 Iter:  14 SS: 72   E: -105.94167324* -105.83232591  -105.81786976  -105.81371216  -105.80068258  -105.79804097   R: 5.7e-08* 4.7e-06  8.1e-06  4.0e-05  4.9e-05  1.1e-04   LinDep: 1.4e-12* 
 Iter:  15 SS: 72   E: -105.94167324* -105.83232591  -105.81786976  -105.81371216  -105.80068259  -105.79804100   R: 3.0e-08* 3.2e-06  5.8e-06  3.5e-05  4.0e-05  1.2e-04   LinDep: 1.3e-12* 
 Iter:  16 SS: 72   E: -105.94167324* -105.83232591  -105.81786976  -105.81371216  -105.80068259  -105.79804104   R: 1.6e-08* 2.3e-06  3.9e-06  3.0e-05  3.3e-05  1.3e-04   LinDep: 1.2e-13* 
 Iter:  17 SS: 72   E: -105.94167324* -105.83232591  -105.81786976  -105.81371216  -105.80068259  -105.79804108   R: 8.6e-09* 1.7e-06  2.7e-06  2.8e-05  2.7e-05  1.2e-04   LinDep: 6.8e-13* 
 Iter:  18 SS: 72   E: -105.94167324* -105.83232591  -105.81786976  -105.81371217  -105.80068259  -105.79804111   R: 4.5e-09* 1.2e-06  1.8e-06  2.5e-05  2.5e-05  1.0e-04   LinDep: 3.4e-13* 
 Iter:  19 SS: 72   E: -105.94167324* -105.83232591* -105.81786976  -105.81371217  -105.80068259  -105.79804113   R: 2.4e-09* 8.9e-07* 1.3e-06  2.0e-05  2.2e-05  8.7e-05   LinDep: 2.6e-14* 
 Iter:  20 SS: 72   E: -105.94167324* -105.83232591* -105.81786976* -105.81371217  -105.80068259  -105.79804115   R: 1.3e-09* 6.2e-07* 9.9e-07* 1.4e-05  1.9e-05  7.3e-05   LinDep: 3.9e-13* 
 Iter:  21 SS: 72   E: -105.94167324* -105.83232591* -105.81786976* -105.81371217  -105.80068260  -105.79804116   R: 8.4e-10* 4.8e-07* 7.9e-07* 9.1e-06  1.5e-05  6.1e-05   LinDep: 2.2e-13* 
 Iter:  22 SS: 72   E: -105.94167324* -105.83232591* -105.81786976* -105.81371217  -105.80068260  -105.79804116   R: 6.2e-10* 3.8e-07* 6.6e-07* 6.4e-06  1.2e-05  5.0e-05   LinDep: 1.1e-13* 
 Iter:  23 SS: 72   E: -105.94167324* -105.83232591* -105.81786976* -105.81371217  -105.80068260  -105.79804117   R: 5.4e-10* 3.1e-07* 6.0e-07* 4.8e-06  1.0e-05  4.3e-05   LinDep: 3.0e-13* 
 Iter:  24 SS: 72   E: -105.94167324* -105.83232591* -105.81786976* -105.81371217  -105.80068260  -105.79804117   R: 5.3e-10* 2.4e-07* 5.3e-07* 3.7e-06  9.6e-06  4.0e-05   LinDep: 9.7e-13* 
 Iter:  25 SS: 72   E: -105.94167324* -105.83232591* -105.81786976* -105.81371217  -105.80068260  -105.79804118   R: 5.4e-10* 1.9e-07* 4.4e-07* 2.9e-06  9.2e-06  3.9e-05   LinDep: 2.0e-12* 
 Iter:  26 SS: 72   E: -105.94167324* -105.83232591* -105.81786976* -105.81371217  -105.80068260  -105.79804118   R: 5.6e-10* 1.4e-07* 3.4e-07* 2.2e-06  8.8e-06  3.8e-05   LinDep: 3.1e-12* 
 Iter:  27 SS: 72   E: -105.94167324* -105.83232591* -105.81786976* -105.81371217  -105.80068260  -105.79804118   R: 5.8e-10* 1.0e-07* 2.5e-07* 1.7e-06  8.4e-06  3.5e-05   LinDep: 3.4e-12* 
 Iter:  28 SS: 72   E: -105.94167324* -105.83232591* -105.81786976* -105.81371217  -105.80068260  -105.79804118   R: 6.1e-10* 7.3e-08* 1.9e-07* 1.3e-06  7.8e-06  3.0e-05   LinDep: 1.9e-12* 
 Iter:  29 SS: 72   E: -105.94167324* -105.83232591* -105.81786976* -105.81371217  -105.80068260  -105.79804118   R: 6.3e-10* 5.3e-08* 1.5e-07* 1.0e-06  6.8e-06  2.6e-05   LinDep: 4.6e-13* 
 Iter:  30 SS: 72   E: -105.94167324* -105.83232591* -105.81786976* -105.81371217* -105.80068260  -105.79804119   R: 6.5e-10* 3.5e-08* 1.1e-07* 7.8e-07* 5.6e-06  2.0e-05   LinDep: 1.1e-13* 
 Iter:  31 SS: 72   E: -105.94167324* -105.83232591* -105.81786976* -105.81371217* -105.80068260  -105.79804119   R: 6.8e-10* 2.5e-08* 8.9e-08* 6.1e-07* 4.4e-06  1.5e-05   LinDep: 6.8e-12* 
 Iter:  32 SS: 72   E: -105.94167324* -105.83232591* -105.81786976* -105.81371217* -105.80068260  -105.79804119   R: 7.1e-10* 1.7e-08* 6.8e-08* 4.7e-07* 3.4e-06  1.1e-05   LinDep: 2.5e-12* 
 Iter:  33 SS: 72   E: -105.94167324* -105.83232591* -105.81786976* -105.81371217* -105.80068260  -105.79804119   R: 7.3e-10* 1.3e-08* 5.5e-08* 3.9e-07* 2.7e-06  8.8e-06   LinDep: 6.3e-12* 
 Iter:  34 SS: 72   E: -105.94167324* -105.83232591* -105.81786976* -105.81371217* -105.80068260  -105.79804119   R: 7.6e-10* 9.5e-09* 4.4e-08* 3.1e-07* 2.0e-06  6.9e-06   LinDep: 9.7e-12* 
 Iter:  35 SS: 72   E: -105.94167324* -105.83232591* -105.81786976* -105.81371217* -105.80068260  -105.79804119   R: 7.9e-10* 7.6e-09* 3.6e-08* 2.4e-07* 1.5e-06  5.7e-06   LinDep: 1.2e-11* 
 Iter:  36 SS: 72   E: -105.94167324* -105.83232591* -105.81786976* -105.81371217* -105.80068260  -105.79804119   R: 8.2e-10* 6.2e-09* 3.1e-08* 1.7e-07* 1.1e-06  4.4e-06   LinDep: 8.4e-12* 
 Iter:  37 SS: 72   E: -105.94167324* -105.83232591* -105.81786976* -105.81371217* -105.80068260* -105.79804119   R: 8.5e-10* 5.8e-09* 3.0e-08* 1.3e-07* 8.0e-07* 3.4e-06   LinDep: 1.5e-12* 
 Iter:  38 SS: 72   E: -105.94167324* -105.83232591* -105.81786976* -105.81371217* -105.80068260* -105.79804119   R: 8.7e-10* 5.7e-09* 3.1e-08* 9.5e-08* 6.1e-07* 2.6e-06   LinDep: 7.2e-12* 
 Iter:  39 SS: 72   E: -105.94167324* -105.83232591* -105.81786976* -105.81371217* -105.80068260* -105.79804119   R: 9.0e-10* 5.9e-09* 3.1e-08* 7.7e-08* 4.4e-07* 1.9e-06   LinDep: 7.0e-12* 
 Iter:  40 SS: 72   E: -105.94167324* -105.83232591* -105.81786976* -105.81371217* -105.80068260* -105.79804119   R: 9.3e-10* 6.1e-09* 3.3e-08* 6.3e-08* 3.3e-07* 1.4e-06   LinDep: 8.2e-12* 
 Diagonalization time:                             775.600284 seconds
 Compute <S^2>:                                      2.901115 seconds (8.48 M allocations: 995.976 MiB, 26.36% gc time)
  Root       Energy           S2
     1 -105.94167324   2.00014932
     2 -105.83232591   0.00087729
     3 -105.81786976   2.00026957
     4 -105.81371217   0.00725245
     5 -105.80068260   1.99889207
     6 -105.79804119   1.98978025
 ==================================================================|
 Diagonalization time:                             1161.056116 seconds
 Compute <0|H0|0>:                                   0.415127 seconds (1.65 M allocations: 304.223 MiB, 22.90% gc time)
  Root      <0|H|0>      <0|F|0>
     1 -105.94167324 -46.33791224
     2 -105.83232591 -46.22290134
     3 -105.81786976 -46.14848017
     4 -105.81371217 -46.14495496
     5 -105.80068260 -46.13414195
     6 -105.79804119 -46.15264205
 Number of jobs:    42436
 Number of threads: 1
 |----------------------------------------------------------------------------------------------------|
 |0%                                                                                              100%|
 |----