IDX001:DIM4096:001|002|003|004|005|006|
IDX002:DIM4096:007|008|009|010|011|012|
IDX003:DIM4096:013|014|015|016|017|018|
IDX004:DIM4096:019|020|021|022|023|024|
IDX005:DIM0016:025|026|
IDX006:DIM65536:027|028|029|030|031|032|033|034|
6-element Vector{Tuple{Int64, Int64}}:
 (3, 3)
 (3, 3)
 (3, 3)
 (3, 3)
 (1, 1)
 (4, 4)IDX001:DIM4096:001|002|003|004|005|006|
IDX002:DIM4096:007|008|009|010|011|012|
IDX003:DIM4096:013|014|015|016|017|018|
IDX004:DIM4096:019|020|021|022|023|024|
IDX005:DIM0016:025|026|
IDX006:DIM65536:027|028|029|030|031|032|033|034|
 Remove duplicates
 Number of terms reduced from  5226 to  2226
 Tucker Initialize:(19, 1, 1, 1, 1, 1)
 index dimension:     19
 index dimension:      1
 index dimension:      1
 index dimension:      1
 index dimension:      1
 index dimension:      1
 Tucker Initialize:(1, 19, 1, 1, 1, 1)
 index dimension:      1
 index dimension:     19
 index dimension:      1
 index dimension:      1
 index dimension:      1
 index dimension:      1
 Tucker Initialize:(1, 1, 19, 1, 1, 1)
 index dimension:      1
 index dimension:      1
 index dimension:     19
 index dimension:      1
 index dimension:      1
 index dimension:      1
 Tucker Initialize:(1, 1, 1, 19, 1, 1)
 index dimension:      1
 index dimension:      1
 index dimension:      1
 index dimension:     19
 index dimension:      1
 index dimension:      1
 Tucker Initialize:(1, 1, 1, 1, 3, 1)
 index dimension:      1
 index dimension:      1
 index dimension:      1
 index dimension:      1
 index dimension:      3
 index dimension:      1
 Tucker Initialize:(1, 1, 1, 1, 1, 19)
 index dimension:      1
 index dimension:      1
 index dimension:      1
 index dimension:      1
 index dimension:      1
 index dimension:     19
 |== BST CI ========================================================
 Solve CI with # variables:                                19
 Cache Hamiltonian:                                  6.692643 seconds (16.96 M allocations: 1.302 GiB, 1.89% gc time, 95.79% compilation time)
 Iter:   1 SS: 3    E: -105.74372863  -105.60499207  -105.43040713   R: 7.7e-02  2.8e-01  5.6e-01   LinDep: 3.3e-16* 
 Iter:   2 SS: 6    E: -105.89328834  -105.77725266  -105.72198168   R: 3.9e-02  5.8e-02  2.9e-02   LinDep: 2.2e-16* 
 Iter:   3 SS: 9    E: -105.89627130  -105.81598199  -105.75011162   R: 1.7e-02  2.1e-02  1.1e-02   LinDep: 5.6e-16* 
 Iter:   4 SS: 12   E: -105.89830814  -105.82121127  -105.81504489   R: 2.0e-03  3.6e-04  1.8e-02   LinDep: 6.7e-16* 
 Iter:   5 SS: 15   E: -105.89834037  -105.82124863  -105.82089003   R: 1.7e-05  1.1e-04  3.2e-04   LinDep: 1.1e-15* 
 Iter:   6 SS: 18   E: -105.89834038* -105.82124873* -105.82089089*  R: 3.9e-10* 3.6e-09* 6.7e-09*  LinDep: 2.4e-15* 
 Diagonalization time:                              60.628824 seconds
 Compute <S^2>:                                      0.047715 seconds (90.62 k allocations: 10.487 MiB, 88.48% compilation time)
  Root       Energy           S2
     1 -105.89834038   2.00000000
     2 -105.82124873   0.00102592
     3 -105.82089089   0.00036897
 ==================================================================|

 --------------------------------------------------
 ---------- # Fockspaces -------------------:     1  
 ---------- # Configs    -------------------:    19  
 ---------- Root ---------------------------:     2  
 --------------------------------------------------
 Printing contributions greater than: 0.010000
 Weight              # configs (full)    (α,β)...            
 -------             --------- --------- ----------          
 1.000                                   ( 3,3 )( 3,3 )( 3,3 )( 3,3 )( 1,1 )( 4,4 )
     1.000           3         19            1:1    1:1    1:1    1:1    1:1   2:20
 ---------                               ----------          
 --------------------------------------------------

     1 -2119.15817765   0.00000000 eV
     2 -2119.08108600   2.09779088 eV
     3 -2119.08072816   2.10752835 eV
 max_iter         : 40
 nbody            : 4
 H0               : Hcmf
 thresh_var       : 0.01
 thresh_foi       : 0.0001
 thresh_pt        : 0.001
 thresh_spin      : nothing
 ci_conv          : 1.0e-5
 ci_max_iter      : 50
 ci_max_ss_vecs   : 12
 ci_lindep_thresh : 1.0e-10
 resolve_ss       : false
 do_pt            : true
 tol_tucker       : 0.0001



 ===================================================================
     BST Iteration:    1 epsilon:   0.01000000
 ===================================================================
 Ref state compressed from:                                19 → 3          (thresh_var  =  1.0e-02)
 Compute zeroth-order energy:                        0.006513 seconds (37.21 k allocations: 7.610 MiB)
 Compute <S^2>:                                      0.122466 seconds (199.38 k allocations: 15.943 MiB, 97.83% compilation time)
  Root       Energy           S2
     1 -105.89833458   2.00000000
     2 -105.82122988   0.00000000
     3 -105.82088414   0.00000000

 In build_compressed_1st_order_state
 Setup threaded jobs:                                0.000803 seconds (4.01 k allocations: 446.734 KiB)
 Number of tasks:                                        1331
 Compute matrix-vector:                             41.807424 seconds (110.09 M allocations: 6.574 GiB, 13.95% gc time, 99.48% compilation time)
 Now collect thread results :                        0.011892 seconds (4.07 k allocations: 278.315 KiB, 92.04% compilation time)
 Compressing final σ vector:
   Iter:    1        30350 →        29838
   Iter:    2        29838 →        29814
   Iter:    3        29814 →        29814
 Compute Compressed FOIS:                           42.506038 seconds   7.27e+00 Gb
 Total time spent building FOIS:                    42.506038 seconds

 Compute PT1 wavefunction. Reference space dim:             3

 |...................................BST-PT2............................................
 Length of input      FOIS:                             29814
 Compute <X|H|0>:                                   14.993929 seconds   9.19e-01 Gb
 Compute <X|F|0>:                                    0.002487 seconds   7.22e-03 Gb
 State   1: E(PT2) corr:                          -0.02000411
 State   2: E(PT2) corr:                          -0.01182951
 State   3: E(PT2) corr:                          -0.01166752
  Root         E(0)         E(2)
     1 -105.89833458 -105.91833869
     2 -105.82122988 -105.83305939
     3 -105.82088414 -105.83255165
 ......................................................................................|
 Total time spent building PT1:                     15.595692 seconds
 FOIS compressed from:                                  29814 → 25925      (thresh_foi  =  1.0e-04)

 Variational space increased from:                          3 → 2212       (thresh_pt   =  1.0e-03)
 Add new space to variational space:                 0.511742 seconds
 |== BST CI ========================================================
 Solve CI with # variables:                              2212
 Cache Hamiltonian:                                  5.527218 seconds (28.09 M allocations: 3.076 GiB, 7.17% gc time, 30.30% compilation time)
 Iter:   1 SS: 3    E: -105.89834037  -105.82124780  -105.82089147   R: 1.3e-01  9.3e-02  9.3e-02   LinDep: 2.2e-16* 
 Iter:   2 SS: 6    E: -105.91670416  -105.83366254  -105.83318990   R: 4.0e-02  4.3e-02  4.2e-02   LinDep: 4.4e-16* 
 Iter:   3 SS: 9    E: -105.91939855  -105.83704910  -105.83650439   R: 1.9e-02  2.6e-02  2.6e-02   LinDep: 1.8e-15* 
 Iter:   4 SS: 12   E: -105.91997978  -105.83847280  -105.83784981   R: 9.4e-03  1.1e-02  1.0e-02   LinDep: 1.6e-15* 
 Iter:   5 SS: 15   E: -105.92008851  -105.83865849  -105.83799376   R: 3.7e-03  6.8e-03  5.5e-03   LinDep: 1.3e-15* 
 Iter:   6 SS: 18   E: -105.92010981  -105.83875730  -105.83805435   R: 1.9e-03  3.8e-03  2.9e-03   LinDep: 2.2e-15* 
 Iter:   7 SS: 21   E: -105.92011543  -105.83878942  -105.83807251   R: 9.2e-04  2.6e-03  1.7e-03   LinDep: 1.3e-15* 
 Iter:   8 SS: 24   E: -105.92011697  -105.83880156  -105.83807862   R: 5.1e-04  1.7e-03  1.3e-03   LinDep: 2.0e-15* 
 Iter:   9 SS: 27   E: -105.92011737  -105.83880756  -105.83808188   R: 2.5e-04  1.0e-03  8.7e-04   LinDep: 3.3e-15* 
 Iter:  10 SS: 30   E: -105.92011747  -105.83880971  -105.83808343   R: 1.0e-04  4.7e-04  4.2e-04   LinDep: 1.6e-15* 
 Iter:  11 SS: 33   E: -105.92011748  -105.83881007  -105.83808370   R: 4.5e-05  2.3e-04  2.0e-04   LinDep: 3.1e-15* 
 Iter:  12 SS: 36   E: -105.92011749  -105.83881015  -105.83808376   R: 1.8e-05  9.1e-05  8.6e-05   LinDep: 2.2e-16* 
 Iter:  13 SS: 36   E: -105.92011749* -105.83881017  -105.83808378   R: 8.2e-06* 4.5e-05  4.4e-05   LinDep: 3.6e-15* 
 Iter:  14 SS: 36   E: -105.92011749* -105.83881017  -105.83808378   R: 3.3e-06* 2.3e-05  2.2e-05   LinDep: 3.2e-13* 
 Iter:  15 SS: 36   E: -105.92011749* -105.83881017  -105.83808378*  R: 1.3e-06* 1.0e-05  8.7e-06*  LinDep: 1.4e-13* 
 Iter:  16 SS: 36   E: -105.92011749* -105.83881017* -105.83808378*  R: 4.4e-07* 7.0e-06* 5.2e-06*  LinDep: 3.7e-13* 
 Diagonalization time:                              49.073920 seconds
 Compute <S^2>:                                      0.381398 seconds (2.92 M allocations: 225.105 MiB)
  Root       Energy           S2
     1 -105.92011749   2.00019287
     2 -105.83881017   0.00069950
     3 -105.83808378   0.00064075
 ==================================================================|
 E(Reference):       -105.89833458 -105.82122988 -105.82088414 
 E(PT2):             -105.91833869 -105.83305939 -105.83255165 
 E(BST):             -105.92011749 -105.83881017 -105.83808378 




 ===================================================================
     BST Iteration:    2 epsilon:   0.01000000
 ===================================================================
 Ref state compressed from:                              2212 → 200        (thresh_var  =  1.0e-02)
 Compute zeroth-order energy:                        0.488308 seconds (4.39 M allocations: 479.598 MiB)
 Compute <S^2>:                                      0.071709 seconds (566.07 k allocations: 45.093 MiB)
  Root       Energy           S2
     1 -105.91642654   2.00132565
     2 -105.83561603   0.00153829
     3 -105.83461990   0.00110420

 In build_compressed_1st_order_state
 Setup threaded jobs:                                0.022179 seconds (81.21 k allocations: 7.903 MiB)
 Number of tasks:                                       16299
 Compute matrix-vector:                             56.745722 seconds (169.93 M allocations: 40.378 GiB, 19.84% gc time, 20.19% compilation time)
 Now collect thread results :                        0.017637 seconds (32.62 k allocations: 2.603 MiB)
 Compressing final σ vector:
   Iter:    1       128938 →       116572
   Iter:    2       116572 →       114836
   Iter:    3       114836 →       114492
   Iter:    4       114492 →       114492
 Compute Compressed FOIS:                           57.710747 seconds   4.39e+01 Gb
 Total time spent building FOIS:                    57.710747 seconds

 Compute PT1 wavefunction. Reference space dim:           200

 |...................................BST-PT2............................................
 Length of input      FOIS:                            114492
 Compute <X|H|0>:                                    4.370909 seconds   5.21e+00 Gb
 Compute <X|F|0>:                                    0.028957 seconds   3.37e-02 Gb
 State   1: E(PT2) corr:                          -0.00378784
 State   2: E(PT2) corr:                          -0.00362036
 State   3: E(PT2) corr:                          -0.00380727
  Root         E(0)         E(2)
     1 -105.91642654 -105.92021438
     2 -105.83561603 -105.83923639
     3 -105.83461990 -105.83842717
 ......................................................................................|
 Total time spent building PT1:                      5.296396 seconds
 FOIS compressed from:                                 114492 → 56158      (thresh_foi  =  1.0e-04)

 Variational space increased from:                        200 → 3513       (thresh_pt   =  1.0e-03)
 Add new space to variational space:                 0.153272 seconds
 |== BST CI ========================================================
 Solve CI with # variables:                              3513
 Cache Hamiltonian:                                  4.210709 seconds (29.11 M allocations: 3.301 GiB, 1.41% compilation time)
 Iter:   1 SS: 3    E: -105.92018908  -105.83899239  -105.83828222   R: 1.4e-02  1.7e-02  1.7e-02   LinDep: 6.7e-16* 
 Iter:   2 SS: 6    E: -105.92036946  -105.83934243  -105.83860862   R: 5.2e-03  6.6e-03  6.6e-03   LinDep: 8.9e-16* 
 Iter:   3 SS: 9    E: -105.92040629  -105.83940703  -105.83867298   R: 2.6e-03  3.2e-03  3.0e-03   LinDep: 3.3e-16* 
 Iter:   4 SS: 12   E: -105.92041519  -105.83942750  -105.83868967   R: 1.3e-03  2.1e-03  1.7e-03   LinDep: 1.4e-15* 
 Iter:   5 SS: 15   E: -105.92041791  -105.83943540  -105.83869473   R: 7.1e-04  1.3e-03  1.0e-03   LinDep: 4.4e-15* 
 Iter:   6 SS: 18   E: -105.92041877  -105.83943832  -105.83869637   R: 4.6e-04  8.5e-04  6.5e-04   LinDep: 1.0e-15* 
 Iter:   7 SS: 21   E: -105.92041920  -105.83943981  -105.83869708   R: 2.9e-04  6.8e-04  4.1e-04   LinDep: 1.4e-15* 
 Iter:   8 SS: 24   E: -105.92041933  -105.83944054  -105.83869744   R: 1.5e-04  4.1e-04  2.9e-04   LinDep: 8.9e-16* 
 Iter:   9 SS: 27   E: -105.92041937  -105.83944091  -105.83869766   R: 7.9e-05  2.4e-04  2.1e-04   LinDep: 7.8e-16* 
 Iter:  10 SS: 30   E: -105.92041937  -105.83944100  -105.83869773   R: 3.9e-05  1.3e-04  1.2e-04   LinDep: 8.9e-16* 
 Iter:  11 SS: 33   E: -105.92041938  -105.83944103  -105.83869775   R: 1.7e-05  7.2e-05  6.4e-05   LinDep: 1.8e-15* 
 Iter:  12 SS: 36   E: -105.92041938* -105.83944104  -105.83869776   R: 8.4e-06* 4.0e-05  3.5e-05   LinDep: 2.1e-15* 
 Iter:  13 SS: 36   E: -105.92041938* -105.83944104  -105.83869776   R: 4.5e-06* 1.9e-05  1.8e-05   LinDep: 3.3e-15* 
 Iter:  14 SS: 36   E: -105.92041938* -105.83944104* -105.83869776*  R: 2.8e-06* 8.3e-06* 8.5e-06*  LinDep: 4.5e-14* 
 Diagonalization time:                              65.623778 seconds
 Compute <S^2>:                                      0.463251 seconds (3.57 M allocations: 282.711 MiB)
  Root       Energy           S2
     1 -105.92041938   2.00026173
     2 -105.83944104   0.00073581
     3 -105.83869776   0.00050045
 ==================================================================|
 E(Reference):       -105.91642654 -105.83561603 -105.83461990 
 E(PT2):             -105.92021438 -105.83923639 -105.83842717 
 E(BST):             -105.92041938 -105.83944104 -105.83869776 




 ===================================================================
     BST Iteration:    3 epsilon:   0.01000000
 ===================================================================
 Ref state compressed from:                              3513 → 200        (thresh_var  =  1.0e-02)
 Compute zeroth-order energy:                        0.502733 seconds (4.43 M allocations: 481.040 MiB)
 Compute <S^2>:                                      0.074089 seconds (565.48 k allocations: 45.064 MiB)
  Root       Energy           S2
     1 -105.91641999   2.00140124
     2 -105.83562383   0.00185223
     3 -105.83458096   0.00125236

 In build_compressed_1st_order_state
 Setup threaded jobs:                                0.021682 seconds (81.21 k allocations: 7.903 MiB)
 Number of tasks:                                       16299
 Compute matrix-vector:                             27.455282 seconds (166.24 M allocations: 40.304 GiB, 0.85% compilation time)
 Now collect thread results :                        0.010389 seconds (32.62 k allocations: 2.603 MiB)
 Compressing final σ vector:
   Iter:    1       134166 →       122398
   Iter:    2       122398 →       120566
   Iter:    3       120566 →       120406
   Iter:    4       120406 →       120302
   Iter:    5       120302 →       120302
 Compute Compressed FOIS:                           28.667145 seconds   4.39e+01 Gb
 Total time spent building FOIS:                    28.667145 seconds

 Compute PT1 wavefunction. Reference space dim:           200

 |...................................BST-PT2............................................
 Length of input      FOIS:                            120302
 Compute <X|H|0>:                                    4.950911 seconds   5.41e+00 Gb
 Compute <X|F|0>:                                    0.033314 seconds   3.44e-02 Gb
 State   1: E(PT2) corr:                          -0.00382726
 State   2: E(PT2) corr:                          -0.00367574
 State   3: E(PT2) corr:                          -0.00391094
  Root         E(0)         E(2)
     1 -105.91641999 -105.92024725
     2 -105.83562383 -105.83929957
     3 -105.83458096 -105.83849190
 ......................................................................................|
 Total time spent building PT1:                      6.127980 seconds
 FOIS compressed from:                                 120302 → 61542      (thresh_foi  =  1.0e-04)

 Variational space increased from:                        200 → 3545       (thresh_pt   =  1.0e-03)
 Add new space to variational space:                 0.146091 seconds
 |== BST CI ========================================================
 Solve CI with # variables:                              3545
 Cache Hamiltonian:                                  4.676461 seconds (31.61 M allocations: 3.449 GiB)
 Iter:   1 SS: 3    E: -105.92042683  -105.83946141  -105.83871146   R: 3.9e-03  3.3e-03  2.8e-03   LinDep: 3.3e-16* 
 Iter:   2 SS: 6    E: -105.92044211  -105.83947359  -105.83871978   R: 3.3e-04  4.6e-04  3.8e-04   LinDep: 5.6e-16* 
 Iter:   3 SS: 9    E: -105.92044228  -105.83947413  -105.83872012   R: 1.7e-04  4.0e-04  2.8e-04   LinDep: 1.4e-15* 
 Iter:   4 SS: 12   E: -105.92044232  -105.83947438  -105.83872022   R: 8.9e-05  2.3e-04  1.4e-04   LinDep: 1.6e-15* 
 Iter:   5 SS: 15   E: -105.92044233  -105.83947447  -105.83872026   R: 5.1e-05  1.7e-04  1.0e-04   LinDep: 1.6e-15* 
 Iter:   6 SS: 18   E: -105.92044234  -105.83947453  -105.83872028   R: 3.6e-05  1.2e-04  7.9e-05   LinDep: 3.3e-15* 
 Iter:   7 SS: 21   E: -105.92044234  -105.83947456  -105.83872029   R: 1.9e-05  6.9e-05  4.7e-05   LinDep: 4.8e-15* 
 Iter:   8 SS: 24   E: -105.92044234* -105.83947457  -105.83872029   R: 8.3e-06* 4.7e-05  2.9e-05   LinDep: 2.7e-15* 
 Iter:   9 SS: 27   E: -105.92044234* -105.83947457  -105.83872030   R: 4.4e-06* 2.8e-05  1.9e-05   LinDep: 0.0e+00* 
 Iter:  10 SS: 30   E: -105.92044234* -105.83947457  -105.83872030*  R: 2.1e-06* 1.2e-05  8.7e-06*  LinDep: 2.0e-15* 
 Iter:  11 SS: 33   E: -105.92044234* -105.83947457* -105.83872030*  R: 1.6e-06* 6.9e-06* 5.6e-06*  LinDep: 2.3e-15* 
 Diagonalization time:                              52.998525 seconds
 Compute <S^2>:                                      0.512142 seconds (3.87 M allocations: 302.702 MiB)
  Root       Energy           S2
     1 -105.92044234   2.00025570
     2 -105.83947457   0.00071014
     3 -105.83872030   0.00052164
 ==================================================================|
 E(Reference):       -105.91641999 -105.83562383 -105.83458096 
 E(PT2):             -105.92024725 -105.83929957 -105.83849190 
 E(BST):             -105.92044234 -105.83947457 -105.83872030 

*Converged E(Ref):             -105.91641999 -105.83562383 -105.83458096 
*Converged E(BST):             -105.92044234 -105.83947457 -105.83872030 

 Energies per BST iteration:
   Projected Energies: 
   Iter:   1   -105.89833458 -105.82122988 -105.82088414 Dim:         3
   Iter:   2   -105.91642654 -105.83561603 -105.83461990 Dim:       200
   Iter:   3   -105.91641999 -105.83562383 -105.83458096 Dim:       200

   Variational Energies: 
   Iter:   1   -105.92011749 -105.83881017 -105.83808378 Dim:      2212
   Iter:   2   -105.92041938 -105.83944104 -105.83869776 Dim:      3513
   Iter:   3   -105.92044234 -105.83947457 -105.83872030 Dim:      3545
 ─────────────────────────────────────────────────────────────────────────
                                 Time                    Allocations      
                        ───────────────────────   ────────────────────────
    Tot / % measured:         349s /  99.3%            223GiB /  99.5%    

 Section        ncalls     time    %tot     avg     alloc    %tot      avg
 ─────────────────────────────────────────────────────────────────────────
 CI big              3     184s   53.1%   61.3s    121GiB   54.2%  40.2GiB
 FOIS                3     129s   37.2%   43.0s   88.6GiB   39.9%  29.5GiB
 PT1                 3    27.0s    7.8%   9.01s   12.6GiB    5.6%  4.18GiB
 compress            6    5.87s    1.7%   979ms    450MiB    0.2%  75.0MiB
 add                 3    475ms    0.1%   158ms   58.1MiB    0.0%  19.4MiB
 S2                  3    152ms    0.0%  50.6ms   95.9MiB    0.0%  32.0MiB
 project             3   19.9ms    0.0%  6.64ms   12.7MiB    0.0%  4.22MiB
 s2 extension        3   3.98μs    0.0%  1.33μs     0.00B    0.0%    0.00B
 ─────────────────────────────────────────────────────────────────────────
 ==================================================================|

 --------------------------------------------------
 ---------- # Fockspaces -------------------:   239  
 ---------- # Configs    -------------------:  3545  
 ---------- Root ---------------------------:     3  
 --------------------------------------------------
 Printing contributions greater than: 0.010000
 Weight              # configs (full)    (α,β)...            
 -------             --------- --------- ----------          
 0.972                                   ( 3,3 )( 3,3 )( 3,3 )( 3,3 )( 1,1 )( 4,4 )
     0.971           3         19            1:1    1:1    1:1    1:1    1:1   2:20
     0.013           2         19           2:20    1:1    1:1    1:1    1:1    1:1
     0.011           84        361          2:20    1:1    1:1    1:1    1:1   2:20
     0.014           2         19            1:1    1:1   2:20    1:1    1:1    1:1
     0.011           84        361           1:1    1:1   2:20    1:1    1:1   2:20
     0.011           8         6859         2:20    1:1   2:20    1:1    1:1   2:20
     0.014           2         19            1:1   2:20    1:1    1:1    1:1    1:1
     0.011           84        361           1:1   2:20    1:1    1:1    1:1   2:20
     0.013           2         19            1:1    1:1    1:1   2:20    1:1    1:1
     0.011           84        361           1:1    1:1    1:1   2:20    1:1   2:20
     0.011           8         6859          1:1   2:20   2:20    1:1    1:1   2:20
     0.011           8         6859         2:20    1:1    1:1   2:20    1:1   2:20
     0.011           8         6859          1:1   2:20    1:1   2:20    1:1   2:20
     0.011           8         6859          1:1    1:1   2:20   2:20    1:1   2:20
     0.011           8         6859         2:20   2:20    1:1    1:1    1:1   2:20
 ---------                               ----------          
 0.015                                   ( 3,3 )( 2,4 )( 3,3 )( 3,3 )( 1,1 )( 5,3 )
     0.015           12        132           1:1   1:12    1:1    1:1    1:1   1:11
 ---------                               ----------          
 0.034                                   ( 3,3 )( 3,4 )( 3,3 )( 3,3 )( 1,1 )( 4,3 )
     0.034           32        400           1:1   1:20    1:1    1:1    1:1   1:20
 ---------                               ----------          
 0.014                                   ( 3,3 )( 3,3 )( 3,3 )( 4,2 )( 1,1 )( 3,5 )
     0.014           12        132           1:1    1:1    1:1   1:12    1:1   1:11
 ---------                               ----------          
 0.066                                   ( 3,3 )( 3,3 )( 3,3 )( 3,2 )( 1,1 )( 4,5 )
     0.065           28        400           1:1    1:1    1:1   1:20    1:1   1:20
 ---------                               ----------          
 0.026                                   ( 3,3 )( 3,3 )( 3,3 )( 3,3 )( 1,2 )( 4,3 )
     0.013           12        760           1:1    1:1    1:1   2:20    1:2   1:20
     0.013           12        760          2:20    1:1    1:1    1:1    1:2   1:20
     0.013           12        760           1:1   2:20    1:1    1:1    1:2   1:20
     0.013           12        760           1:1    1:1   2:20    1:1    1:2   1:20
 ---------                               ----------          
 0.048                                   ( 3,3 )( 3,3 )( 3,3 )( 3,3 )( 1,0 )( 4,5 )
     0.024           12        760           1:1    1:1   2:20    1:1    1:2   1:20
     0.024           12        760          2:20    1:1    1:1    1:1    1:2   1:20
     0.024           12        760           1:1    1:1    1:1   2:20    1:2   1:20
     0.024           12        760           1:1   2:20    1:1    1:1    1:2   1:20
 ---------                               ----------          
 0.014                                   ( 2,4 )( 3,3 )( 3,3 )( 3,3 )( 1,1 )( 5,3 )
     0.014           12        132          1:12    1:1    1:1    1:1    1:1   1:11
 ---------                               ----------          
 0.066                                   ( 3,3 )( 3,3 )( 3,3 )( 2,3 )( 1,1 )( 5,4 )
     0.065           28        400           1:1    1:1    1:1   1:20    1:1   1:20
 ---------                               ----------          
 0.015                                   ( 3,3 )( 3,3 )( 2,4 )( 3,3 )( 1,1 )( 5,3 )
     0.015           12        132           1:1    1:1   1:12    1:1    1:1   1:11
 ---------                               ----------          
 0.014                                   ( 3,3 )( 3,3 )( 3,3 )( 2,4 )( 1,1 )( 5,3 )
     0.014           12        132           1:1    1:1    1:1   1:12    1:1   1:11
 ---------                               ----------          
 0.066                                   ( 3,3 )( 3,3 )( 2,3 )( 3,3 )( 1,1 )( 5,4 )
     0.065           28        400           1:1    1:1   1:20    1:1    1:1   1:20
 ---------                               ----------          
 0.034                                   ( 3,3 )( 3,3 )( 4,3 )( 3,3 )( 1,1 )( 3,4 )
     0.034           32        400           1:1    1:1   1:20    1:1    1:1   1:20
 ---------                               ----------          
 0.066                                   ( 2,3 )( 3,3 )( 3,3 )( 3,3 )( 1,1 )( 5,4 )
     0.065           28        400          1:20    1:1    1:1    1:1    1:1   1:20
 ---------                               ----------          
 0.015                                   ( 3,3 )( 3,3 )( 4,2 )( 3,3 )( 1,1 )( 3,5 )
     0.015           12        132           1:1    1:1   1:12    1:1    1:1   1:11
 ---------                               ----------          
 0.034                                   ( 3,4 )( 3,3 )( 3,3 )( 3,3 )( 1,1 )( 4,3 )
     0.033           32        400          1:20    1:1    1:1    1:1    1:1   1:20
 ---------                               ----------          
 0.048                                   ( 3,3 )( 3,3 )( 3,3 )( 3,3 )( 0,1 )( 5,4 )
     0.024           12        760          2:20    1:1    1:1    1:1    1:2   1:20
     0.024           12        760           1:1    1:1   2:20    1:1    1:2   1:20
     0.024           12        760           1:1   2:20    1:1    1:1    1:2   1:20
     0.024           12        760           1:1    1:1    1:1   2:20    1:2   1:20
 ---------                               ----------          
 0.026                                   ( 3,3 )( 3,3 )( 3,3 )( 3,3 )( 2,1 )( 3,4 )
     0.013           12        760           1:1   2:20    1:1    1:1    1:2   1:20
     0.013           12        760           1:1    1:1   2:20    1:1    1:2   1:20
     0.013           12        760          2:20    1:1    1:1    1:1    1:2   1:20
     0.013           12        760           1:1    1:1    1:1   2:20    1:2   1:20
 ---------                               ----------          
 0.066                                   ( 3,2 )( 3,3 )( 3,3 )( 3,3 )( 1,1 )( 4,5 )
     0.065           28        400          1:20    1:1    1:1    1:1    1:1   1:20
 ---------                               ----------          
 0.034                                   ( 3,3 )( 3,3 )( 3,4 )( 3,3 )( 1,1 )( 4,3 )
     0.034           32        400           1:1    1:1   1:20    1:1    1:1   1:20
 ---------                               ----------          
 0.014                                   ( 4,2 )( 3,3 )( 3,3 )( 3,3 )( 1,1 )( 3,5 )
     0.014           12        132          1:12    1:1    1:1    1:1    1:1   1:11
 ---------                               ----------          
 0.034                                   ( 3,3 )( 3,3 )( 3,3 )( 4,3 )( 1,1 )( 3,4 )
     0.033           32        400           1:1    1:1    1:1   1:20    1:1   1:20
 ---------                               ----------          
 0.066                                   ( 3,3 )( 2,3 )( 3,3 )( 3,3 )( 1,1 )( 5,4 )
     0.065           28        400           1:1   1:20    1:1    1:1    1:1   1:20
 ---------                               ----------          
 0.066                                   ( 3,3 )( 3,2 )( 3,3 )( 3,3 )( 1,1 )( 4,5 )
     0.065           28        400           1:1   1:20    1:1    1:1    1:1   1:20
 ---------                               ----------          
 0.066                                   ( 3,3 )( 3,3 )( 3,2 )( 3,3 )( 1,1 )( 4,5 )
     0.065           28        400           1:1    1:1   1:20    1:1    1:1   1:20
 ---------                               ----------          
 0.034                                   ( 3,3 )( 3,3 )( 3,3 )( 3,4 )( 1,1 )( 4,3 )
     0.033           32        400           1:1    1:1    1:1   1:20    1:1   1:20
 ---------                               ----------          
 0.034                                   ( 4,3 )( 3,3 )( 3,3 )( 3,3 )( 1,1 )( 3,4 )
     0.033           32        400          1:20    1:1    1:1    1:1    1:1   1:20
 ---------                               ----------          
 0.034                                   ( 3,3 )( 4,3 )( 3,3 )( 3,3 )( 1,1 )( 3,4 )
     0.034           32        400           1:1   1:20    1:1    1:1    1:1   1:20
 ---------                               ----------          
 0.015                                   ( 3,3 )( 4,2 )( 3,3 )( 3,3 )( 1,1 )( 3,5 )
     0.015           12        132           1:1   1:12    1:1    1:1    1:1   1:11
 ---------                               ----------          
 --------------------------------------------------

 max_iter         : 20
 nbody            : 4
 H0               : Hcmf
 thresh_var       : 0.01
 thresh_foi       : 1.0e-5
 thresh_pt        : 0.0005
 thresh_spin      : nothing
 ci_conv          : 1.0e-5
 ci_max_iter      : 50
 ci_max_ss_vecs   : 12
 ci_lindep_thresh : 1.0e-10
 resolve_ss       : false
 do_pt            : true
 tol_tucker       : 0.0001



 ===================================================================
     BST Iteration:    1 epsilon:   0.01000000
 ===================================================================
 Ref state compressed from:                              3545 → 200        (thresh_var  =  1.0e-02)
 Compute zeroth-order energy:                        0.513419 seconds (4.44 M allocations: 481.875 MiB)
 Compute <S^2>:                                      0.073536 seconds (568.98 k allocations: 45.262 MiB)
  Root       Energy           S2
     1 -105.91642579   2.00148357
     2 -105.83563426   0.00190829
     3 -105.83458655   0.00132492

 In build_compressed_1st_order_state
 Setup threaded jobs:                                0.021481 seconds (81.21 k allocations: 7.903 MiB)
 Number of tasks:                                       16299
 Compute matrix-vector:                             37.191057 seconds (179.45 M allocations: 57.328 GiB, 2.24% compilation time)
 Now collect thread results :                        0.010495 seconds (32.62 k allocations: 2.603 MiB)
 Compressing final σ vector:
   Iter:    1      2262007 →      2182939
   Iter:    2      2182939 →      2176791
   Iter:    3      2176791 →      2176279
   Iter:    4      2176279 →      2176183
   Iter:    5      2176183 →      2176183
 Compute Compressed FOIS:                           52.255638 seconds   6.55e+01 Gb
 Total time spent building FOIS:                    52.255638 seconds

 Compute PT1 wavefunction. Reference space dim:           200

 |...................................BST-PT2............................................
 Length of input      FOIS:                           2176183
 Compute <X|H|0>:                                    7.120238 seconds   1.88e+01 Gb
 Compute <X|F|0>:                                    0.053556 seconds   1.14e-01 Gb
 State   1: E(PT2) corr:                          -0.00391187
 State   2: E(PT2) corr:                          -0.00379234
 State   3: E(PT2) corr:                          -0.00400962
  Root         E(0)         E(2)
     1 -105.91642579 -105.92033766
     2 -105.83563426 -105.83942660
     3 -105.83458655 -105.83859616
 ......................................................................................|
 Total time spent building PT1:                     11.646999 seconds
 FOIS compressed from:                                2176183 → 1385765    (thresh_foi  =  1.0e-05)

 Variational space increased from:                        200 → 10965      (thresh_pt   =  5.0e-04)
 Add new space to variational space:                 0.785598 seconds
 |== BST CI ========================================================
 Solve CI with # variables:                             10965
 Cache Hamiltonian:                                 11.730940 seconds (81.76 M allocations: 7.567 GiB)
 Iter:   1 SS: 3    E: -105.92048340  -105.83952553  -105.83877020   R: 2.0e-02  2.0e-02  2.0e-02   LinDep: 1.1e-15* 
 Iter:   2 SS: 6    E: -105.92084306  -105.83992976  -105.83917424   R: 5.4e-03  5.5e-03  5.4e-03   LinDep: 6.7e-16* 
 Iter:   3 SS: 9    E: -105.92087373  -105.83996700  -105.83920793   R: 2.1e-03  2.6e-03  2.3e-03   LinDep: 0.0e+00* 
 Iter:   4 SS: 12   E: -105.92087917  -105.83997973  -105.83921715   R: 1.1e-03  1.7e-03  1.3e-03   LinDep: 1.8e-15* 
 Iter:   5 SS: 15   E: -105.92088068  -105.83998487  -105.83921991   R: 5.7e-04  1.2e-03  8.2e-04   LinDep: 5.6e-16* 
 Iter:   6 SS: 18   E: -105.92088114  -105.83998723  -105.83922097   R: 2.9e-04  7.8e-04  5.1e-04   LinDep: 4.4e-16* 
 Iter:   7 SS: 21   E: -105.92088126  -105.83998823  -105.83922140   R: 1.5e-04  4.8e-04  3.2e-04   LinDep: 6.7e-16* 
 Iter:   8 SS: 24   E: -105.92088129  -105.83998864  -105.83922156   R: 7.9e-05  3.1e-04  2.0e-04   LinDep: 2.0e-15* 
 Iter:   9 SS: 27   E: -105.92088130  -105.83998882  -105.83922164   R: 4.0e-05  2.1e-04  1.4e-04   LinDep: 0.0e+00* 
 Iter:  10 SS: 30   E: -105.92088130  -105.83998891  -105.83922168   R: 2.7e-05  1.5e-04  9.3e-05   LinDep: 1.8e-15* 
 Iter:  11 SS: 33   E: -105.92088131  -105.83998895  -105.83922170   R: 1.5e-05  1.0e-04  6.4e-05   LinDep: 1.1e-16* 
 Iter:  12 SS: 36   E: -105.92088131* -105.83998897  -105.83922171   R: 8.3e-06* 6.6e-05  4.4e-05   LinDep: 2.7e-15* 
 Iter:  13 SS: 36   E: -105.92088131* -105.83998898  -105.83922171   R: 4.6e-06* 3.5e-05  2.9e-05   LinDep: 2.0e-15* 
 Iter:  14 SS: 36   E: -105.92088131* -105.83998898  -105.83922171   R: 2.6e-06* 1.8e-05  1.8e-05   LinDep: 1.3e-14* 
 Iter:  15 SS: 36   E: -105.92088131* -105.83998898  -105.83922171   R: 1.4e-06* 1.0e-05  1.0e-05   LinDep: 3.1e-13* 
 Iter:  16 SS: 36   E: -105.92088131* -105.83998898* -105.83922171*  R: 8.1e-07* 5.4e-06* 5.3e-06*  LinDep: 2.8e-13* 
 Diagonalization time:                             201.165765 seconds
 Compute <S^2>:                                      1.141959 seconds (8.45 M allocations: 691.697 MiB)
  Root       Energy           S2
     1 -105.92088131   2.00014934
     2 -105.83998898   0.00045162
     3 -105.83922171   0.00032168
 ==================================================================|
 E(Reference):       -105.91642579 -105.83563426 -105.83458655 
 E(PT2):             -105.92033766 -105.83942660 -105.83859616 
 E(BST):             -105.92088131 -105.83998898 -105.83922171 




 ===================================================================
     BST Iteration:    2 epsilon:   0.01000000
 ===================================================================
 Ref state compressed from:                             10965 → 200        (thresh_var  =  1.0e-02)
 Compute zeroth-order energy:                        0.513757 seconds (4.44 M allocations: 481.802 MiB)
 Compute <S^2>:                                      0.071817 seconds (566.83 k allocations: 45.145 MiB)
  Root       Energy           S2
     1 -105.91644303   2.00152378
     2 -105.83565314   0.00202537
     3 -105.83458463   0.00146998

 In build_compressed_1st_order_state
 Setup threaded jobs:                                0.023575 seconds (81.21 k allocations: 7.903 MiB)
 Number of tasks:                                       16299
 Compute matrix-vector:                             34.160454 seconds (177.78 M allocations: 57.214 GiB, 0.25% compilation time)
 Now collect thread results :                        0.010209 seconds (32.62 k allocations: 2.603 MiB)
 Compressing final σ vector:
   Iter:    1      2299047 →      2224283
   Iter:    2      2224283 →      2215767
   Iter:    3      2215767 →      2215487
   Iter:    4      2215487 →      2215487
 Compute Compressed FOIS:                           42.490131 seconds   6.47e+01 Gb
 Total time spent building FOIS:                    42.490131 seconds

 Compute PT1 wavefunction. Reference space dim:           200

 |...................................BST-PT2............................................
 Length of input      FOIS:                           2215487
 Compute <X|H|0>:                                    7.116348 seconds   1.91e+01 Gb
 Compute <X|F|0>:                                    0.046816 seconds   1.14e-01 Gb
 State   1: E(PT2) corr:                          -0.00390972
 State   2: E(PT2) corr:                          -0.00381552
 State   3: E(PT2) corr:                          -0.00405137
  Root         E(0)         E(2)
     1 -105.91644303 -105.92035274
     2 -105.83565314 -105.83946866
     3 -105.83458463 -105.83863600
 ......................................................................................|
 Total time spent building PT1:                     11.111598 seconds
 FOIS compressed from:                                2215487 → 1428849    (thresh_foi  =  1.0e-05)

 Variational space increased from:                        200 → 11173      (thresh_pt   =  5.0e-04)
 Add new space to variational space:                 0.756928 seconds
 |== BST CI ========================================================
 Solve CI with # variables:                             11173
 Cache Hamiltonian:                                 12.399866 seconds (84.02 M allocations: 7.676 GiB)
 Iter:   1 SS: 3    E: -105.92088956  -105.84001047  -105.83924001   R: 2.5e-03  2.8e-03  2.4e-03   LinDep: 4.4e-16* 
 Iter:   2 SS: 6    E: -105.92089625  -105.84002018  -105.83924690   R: 4.4e-04  7.1e-04  4.8e-04   LinDep: 1.9e-15* 
 Iter:   3 SS: 9    E: -105.92089646  -105.84002092  -105.83924719   R: 1.4e-04  3.3e-04  1.9e-04   LinDep: 2.3e-15* 
 Iter:   4 SS: 12   E: -105.92089650  -105.84002112  -105.83924727   R: 6.8e-05  1.5e-04  1.1e-04   LinDep: 1.6e-15* 
 Iter:   5 SS: 15   E: -105.92089651  -105.84002118  -105.83924729   R: 4.1e-05  1.6e-04  8.6e-05   LinDep: 1.6e-15* 
 Iter:   6 SS: 18   E: -105.92089651  -105.84002123  -105.83924731   R: 2.7e-05  1.1e-04  5.9e-05   LinDep: 2.2e-16* 
 Iter:   7 SS: 21   E: -105.92089651  -105.84002125  -105.83924731   R: 1.5e-05  6.9e-05  4.8e-05   LinDep: 2.1e-15* 
 Iter:   8 SS: 24   E: -105.92089651* -105.84002126  -105.83924732   R: 9.0e-06* 4.1e-05  2.9e-05   LinDep: 6.7e-16* 
 Iter:   9 SS: 27   E: -105.92089651* -105.84002126  -105.83924732   R: 5.4e-06* 2.8e-05  2.1e-05   LinDep: 3.3e-16* 
 Iter:  10 SS: 30   E: -105.92089651* -105.84002126  -105.83924732   R: 2.4e-06* 1.5e-05  1.0e-05   LinDep: 7.8e-16* 
 Iter:  11 SS: 33   E: -105.92089651* -105.84002126* -105.83924732*  R: 1.3e-06* 8.2e-06* 5.4e-06*  LinDep: 3.1e-15* 
 Diagonalization time:                             131.965615 seconds
 Compute <S^2>:                                      1.175708 seconds (8.92 M allocations: 728.288 MiB)
  Root       Energy           S2
     1 -105.92089651   2.00013591
     2 -105.84002126   0.00046403
     3 -105.83924732   0.00032329
 ==================================================================|
 E(Reference):       -105.91644303 -105.83565314 -105.83458463 
 E(PT2):             -105.92035274 -105.83946866 -105.83863600 
 E(BST):             -105.92089651 -105.84002126 -105.83924732 

*Converged E(Ref):             -105.91644303 -105.83565314 -105.83458463 
*Converged E(BST):             -105.92089651 -105.84002126 -105.83924732 

 Energies per BST iteration:
   Projected Energies: 
   Iter:   1   -105.91642579 -105.83563426 -105.83458655 Dim:       200
   Iter:   2   -105.91644303 -105.83565314 -105.83458463 Dim:       200

   Variational Energies: 
   Iter:   1   -105.92088131 -105.83998898 -105.83922171 Dim:     10965
   Iter:   2   -105.92089651 -105.84002126 -105.83924732 Dim:     11173
 ─────────────────────────────────────────────────────────────────────────
                                 Time                    Allocations      
                        ───────────────────────   ────────────────────────
    Tot / % measured:         494s /  99.7%            418GiB /  99.7%    

 Section        ncalls     time    %tot     avg     alloc    %tot      avg
 ─────────────────────────────────────────────────────────────────────────
 CI big              2     371s   75.4%    186s    251GiB   60.3%   126GiB
 FOIS                2    94.7s   19.2%   47.4s    121GiB   29.1%  60.6GiB
 PT1                 2    22.8s    4.6%   11.4s   41.6GiB   10.0%  20.8GiB
 compress            4    3.35s    0.7%   838ms   2.01GiB    0.5%   514MiB
 add                 2    150ms    0.0%  75.2ms    149MiB    0.0%  74.5MiB
 S2                  2    145ms    0.0%  72.7ms   90.4MiB    0.0%  45.2MiB
 project             2   34.1ms    0.0%  17.1ms   22.1MiB    0.0%  11.1MiB
 s2 extension        2   3.21μs    0.0%  1.60μs     0.00B    0.0%    0.00B
 ─────────────────────────────────────────────────────────────────────────
 ==================================================================|

 --------------------------------------------------
 ---------- # Fockspaces -------------------:   523  
 ---------- # Configs    -------------------: 11173  
 ---------- Root ---------------------------:     1  
 --------------------------------------------------
 Printing contributions greater than: 0.100000
 Weight              # configs (full)    (α,β)...            
 -------             --------- --------- ----------          
 0.981                                   ( 3,3 )( 3,3 )( 3,3 )( 3,3 )( 1,1 )( 4,4 )
     0.979           1         1             1:1    1:1    1:1    1:1    1:1    1:1
 ---------                               ----------          
 --------------------------------------------------

 max_iter         : 200
 nbody            : 4
 H0               : Hcmf
 thresh_var       : 0.005
 thresh_foi       : 1.0e-5
 thresh_pt        : 0.0001
 thresh_spin      : nothing
 ci_conv          : 1.0e-5
 ci_max_iter      : 50
 ci_max_ss_vecs   : 12
 ci_lindep_thresh : 1.0e-10
 resolve_ss       : false
 do_pt            : true
 tol_tucker       : 0.0001



 ===================================================================
     BST Iteration:    1 epsilon:   0.00500000
 ===================================================================
 Ref state compressed from:                             11173 → 638        (thresh_var  =  5.0e-03)
 Compute zeroth-order energy:                        1.921363 seconds (17.51 M allocations: 1.704 GiB)
 Compute <S^2>:                                      0.190781 seconds (1.36 M allocations: 102.366 MiB)
  Root       Energy           S2
     1 -105.91893461   2.00022055
     2 -105.83788672   0.00159750
     3 -105.83697670   0.00151199

 In build_compressed_1st_order_state
 Setup threaded jobs:                                0.062759 seconds (212.37 k allocations: 16.030 MiB)
 Number of tasks:                                       31275
 Compute matrix-vector:                            161.844325 seconds (472.41 M allocations: 157.705 GiB, 16.07% gc time, 1.84% compilation time)
 Now collect thread results :                        0.058058 seconds (62.58 k allocations: 5.416 MiB)
 Compressing final σ vector:
   Iter:    1      3695283 →      3598703
   Iter:    2      3598703 →      3588225
   Iter:    3      3588225 →      3587445
   Iter:    4      3587445 →      3586549
   Iter:    5      3586549 →      3586549
 Compute Compressed FOIS:                          181.177909 seconds   1.75e+02 Gb
 Total time spent building FOIS:                   181.177909 seconds

 Compute PT1 wavefunction. Reference space dim:           638

 |...................................BST-PT2............................................
 Length of input      FOIS:                           3586549
 Compute <X|H|0>:                                   19.081244 seconds   5.87e+01 Gb
 Compute <X|F|0>:                                    0.114094 seconds   4.42e-01 Gb
 State   1: E(PT2) corr:                          -0.00190887
 State   2: E(PT2) corr:                          -0.00201020
 State   3: E(PT2) corr:                          -0.00213561
  Root         E(0)         E(2)
     1 -105.91893461 -105.92084348
     2 -105.83788672 -105.83989692
     3 -105.83697670 -105.83911231
 ......................................................................................|
 Total time spent building PT1:                     27.390809 seconds
 FOIS compressed from:                                3586549 → 2010641    (thresh_foi  =  1.0e-05)

 Variational space increased from:                        638 → 100459     (thresh_pt   =  1.0e-04)
 Add new space to variational space:                 1.021158 seconds
 |== BST CI ========================================================
 Solve CI with # variables:                            100459
 Cache Hamiltonian:                                104.934585 seconds (335.11 M allocations: 43.219 GiB, 59.21% gc time)
 Iter:   1 SS: 3    E: -105.92090259  -105.84002902  -105.83925721   R: 1.7e-02  1.7e-02  1.7e-02   LinDep: 2.2e-16* 
 Iter:   2 SS: 6    E: -105.92115753  -105.84031277  -105.83952426   R: 4.7e-03  5.0e-03  4.9e-03   LinDep: 1.8e-15* 
 Iter:   3 SS: 9    E: -105.92117834  -105.84033953  -105.83955038   R: 1.7e-03  2.1e-03  2.0e-03   LinDep: 1.3e-15* 
 Iter:   4 SS: 12   E: -105.92118140  -105.84034482  -105.83955575   R: 7.8e-04  1.4e-03  1.3e-03   LinDep: 3.8e-15* 
 Iter:   5 SS: 15   E: -105.92118213  -105.84034724  -105.83955790   R: 3.8e-04  9.2e-04  8.1e-04   LinDep: 4.4e-15* 
 Iter:   6 SS: 18   E: -105.92118231  -105.84034852  -105.83955882   R: 2.1e-04  6.4e-04  5.0e-04   LinDep: 1.3e-15* 
 Iter:   7 SS: 21   E: -105.92118236  -105.84034915  -105.83955916   R: 1.2e-04  4.6e-04  3.3e-04   LinDep: 1.6e-15* 
 Iter:   8 SS: 24   E: -105.92118238  -105.84034946  -105.83955930   R: 6.8e-05  3.6e-04  2.3e-04   LinDep: 0.0e+00* 
 Iter:   9 SS: 27   E: -105.92118238  -105.84034967  -105.83955938   R: 3.9e-05  2.8e-04  1.7e-04   LinDep: 3.1e-15* 
 Iter:  10 SS: 30   E: -105.92118239  -105.84034980  -105.83955943   R: 2.6e-05  2.1e-04  1.4e-04   LinDep: 4.4e-16* 
 Iter:  11 SS: 33   E: -105.92118239  -105.84034986  -105.83955946   R: 1.7e-05  1.4e-04  1.1e-04   LinDep: 3.6e-15* 
 Iter:  12 SS: 36   E: -105.92118239  -105.84034989  -105.83955948   R: 1.1e-05  7.9e-05  7.2e-05   LinDep: 3.1e-15* 
 Iter:  13 SS: 36   E: -105.92118239* -105.84034989  -105.83955949   R: 6.4e-06* 4.9e-05  4.3e-05   LinDep: 2.4e-15* 
 Iter:  14 SS: 36   E: -105.92118239* -105.84034990  -105.83955949   R: 3.5e-06* 3.2e-05  2.6e-05   LinDep: 2.5e-14* 
 Iter:  15 SS: 36   E: -105.92118239* -105.84034990  -105.83955949   R: 2.0e-06* 2.2e-05  1.7e-05   LinDep: 2.0e-13* 
 Iter:  16 SS: 36   E: -105.92118239* -105.84034990  -105.83955949   R: 1.3e-06* 1.5e-05  1.1e-05   LinDep: 4.6e-13* 
 Iter:  17 SS: 36   E: -105.92118239* -105.84034990* -105.83955949*  R: 8.8e-07* 1.0e-05* 7.6e-06*  LinDep: 3.9e-13* 
 Diagonalization time:                             2433.873694 seconds
 Compute <S^2>:                                     10.244573 seconds (28.46 M allocations: 3.242 GiB, 63.70% gc time)
  Root       Energy           S2
     1 -105.92118239   2.00004154
     2 -105.84034990   0.00030576
     3 -105.83955949   0.00019119
 ==================================================================|
 E(Reference):       -105.91893461 -105.83788672 -105.83697670 
 E(PT2):             -105.92084348 -105.83989692 -105.83911231 
 E(BST):             -105.92118239 -105.84034990 -105.83955949 




 ===================================================================
     BST Iteration:    2 epsilon:   0.00500000
 ===================================================================
 Ref state compressed from:                            100459 → 638        (thresh_var  =  5.0e-03)
 Compute zeroth-order energy:                        1.961412 seconds (17.56 M allocations: 1.707 GiB)
 Compute <S^2>:                                      0.180432 seconds (1.36 M allocations: 102.510 MiB)
  Root       Energy           S2
     1 -105.91893088   2.00024441
     2 -105.83786335   0.00178520
     3 -105.83696010   0.00167916

 In build_compressed_1st_order_state
 Setup threaded jobs:                                0.063417 seconds (212.37 k allocations: 16.030 MiB)
 Number of tasks:                                       31275
 Compute matrix-vector:                            118.590818 seconds (471.48 M allocations: 157.901 GiB, 29.10% gc time, 0.41% compilation time)
 Now collect thread results :                        0.066470 seconds (62.58 k allocations: 5.416 MiB)
 Compressing final σ vector:
   Iter:    1      3838651 →      3725667
   Iter:    2      3725667 →      3714141
   Iter:    3      3714141 →      3713821
   Iter:    4      3713821 →      3713821
 Compute Compressed FOIS:                          128.145035 seconds   1.74e+02 Gb
 Total time spent building FOIS:                   128.145035 seconds

 Compute PT1 wavefunction. Reference space dim:           638

 |...................................BST-PT2............................................
 Length of input      FOIS:                           3713821
 Compute <X|H|0>:                                   20.630412 seconds   6.03e+01 Gb
 Compute <X|F|0>:                                    0.096641 seconds   4.57e-01 Gb
 State   1: E(PT2) corr:                          -0.00192432
 State   2: E(PT2) corr:                          -0.00205880
 State   3: E(PT2) corr:                          -0.00216950
  Root         E(0)         E(2)
     1 -105.91893088 -105.92085520
     2 -105.83786335 -105.83992215
     3 -105.83696010 -105.83912960
 ......................................................................................|
 Total time spent building PT1:                     30.504126 seconds
 FOIS compressed from:                                3713821 → 2084227    (thresh_foi  =  1.0e-05)

 Variational space increased from:                        638 → 102237     (thresh_pt   =  1.0e-04)
 Add new space to variational space:                 1.045288 seconds
 |== BST CI ========================================================
 Solve CI with # variables:                            102237
 Cache Hamiltonian:                                 52.274254 seconds (345.46 M allocations: 44.368 GiB, 16.09% gc time)
 Iter:   1 SS: 3    E: -105.92118336  -105.84035234  -105.83956223   R: 1.1e-03  1.3e-03  1.3e-03   LinDep: 4.4e-16* 
 Iter:   2 SS: 6    E: -105.92118457  -105.84035396  -105.83956390   R: 2.8e-04  3.4e-04  3.0e-04   LinDep: 1.1e-15* 
 Iter:   3 SS: 9    E: -105.92118465  -105.84035410  -105.83956400   R: 9.0e-05  1.4e-04  1.1e-04   LinDep: 3.6e-15* 
 Iter:   4 SS: 12   E: -105.92118466  -105.84035413  -105.83956402   R: 3.5e-05  7.5e-05  5.2e-05   LinDep: 1.1e-15* 
 Iter:   5 SS: 15   E: -105.92118466  -105.84035414  -105.83956403   R: 1.6e-05  4.8e-05  3.3e-05   LinDep: 1.1e-15* 
 Iter:   6 SS: 18   E: -105.92118467* -105.84035414  -105.83956403   R: 8.1e-06* 3.2e-05  2.0e-05   LinDep: 4.9e-15* 
 Iter:   7 SS: 21   E: -105.92118467* -105.84035414  -105.83956403   R: 5.2e-06* 2.3e-05  1.3e-05   LinDep: 6.7e-16* 
 Iter:   8 SS: 24   E: -105.92118467* -105.84035414  -105.83956403*  R: 3.5e-06* 1.6e-05  8.1e-06*  LinDep: 2.6e-15* 
 Iter:   9 SS: 27   E: -105.92118467* -105.84035415  -105.83956403*  R: 2.4e-06* 1.3e-05  6.5e-06*  LinDep: 1.7e-15* 
 Iter:  10 SS: 30   E: -105.92118467* -105.84035415  -105.83956403*  R: 1.7e-06* 1.0e-05  5.5e-06*  LinDep: 4.7e-15* 
 Iter:  11 SS: 33   E: -105.92118467* -105.84035415* -105.83956403*  R: 1.0e-06* 7.0e-06* 4.3e-06*  LinDep: 5.6e-16* 
 Diagonalization time:                             1766.561334 seconds
 Compute <S^2>:                                     12.118924 seconds (28.98 M allocations: 3.299 GiB, 68.68% gc time)
  Root       Energy           S2
     1 -105.92118467   2.00004051
     2 -105.84035415   0.00030457
     3 -105.83956403   0.00019119
 ==================================================================|
 E(Reference):       -105.91893088 -105.83786335 -105.83696010 
 E(PT2):             -105.92085520 -105.83992215 -105.83912960 
 E(BST):             -105.92118467 -105.84035415 -105.83956403 

*Converged E(Ref):             -105.91893088 -105.83786335 -105.83696010 
*Converged E(BST):             -105.92118467 -105.84035415 -105.83956403 

 Energies per BST iteration:
   Projected Energies: 
   Iter:   1   -105.91893461 -105.83788672 -105.83697670 Dim:       638
   Iter:   2   -105.91893088 -105.83786335 -105.83696010 Dim:       638

   Variational Energies: 
   Iter:   1   -105.92118239 -105.84034990 -105.83955949 Dim:    100459
   Iter:   2   -105.92118467 -105.84035415 -105.83956403 Dim:    102237
 ─────────────────────────────────────────────────────────────────────────
                                 Time                    Allocations      
                        ───────────────────────   ────────────────────────
    Tot / % measured:        1.32h /  99.9%           1.91TiB /  99.8%    

 Section        ncalls     time    %tot     avg     alloc    %tot      avg
 ─────────────────────────────────────────────────────────────────────────
 CI big              2    1.22h   92.2%   2196s   1.46TiB   76.8%   749GiB
 FOIS                2     309s    6.5%    155s    325GiB   16.7%   163GiB
 PT1                 2    57.9s    1.2%   28.9s    123GiB    6.3%  61.4GiB
 compress            4    4.41s    0.1%   1.10s   2.69GiB    0.1%   687MiB
 S2                  2    371ms    0.0%   186ms    205MiB    0.0%   102MiB
 add                 2    246ms    0.0%   123ms    271MiB    0.0%   135MiB
 project             2    122ms    0.0%  61.0ms   80.5MiB    0.0%  40.3MiB
 s2 extension        2   2.70μs    0.0%  1.35μs     0.00B    0.0%    0.00B
 ─────────────────────────────────────────────────────────────────────────
 ==================================================================|

 |...................................BST-PT2............................................
 H0          : Hcmf
 nbody       : 4
 thresh_foi  : 1.0e-6
 max_number  : nothing
 opt_ref     : true
 ci_tol      : 1.0e-6
 verbose     : 2

 Length of Reference:                                  102237
 Solve zeroth-order problem:                       
 |== BST CI ========================================================
 Solve CI with # variables:                            102237
 Cache Hamiltonian:                                110.624548 seconds (341.51 M allocations: 44.173 GiB, 59.60% gc time)
 Iter:   1 SS: 3    E: -105.92118467  -105.84035415  -105.83956403   R: 1.0e-06  7.0e-06  4.3e-06   LinDep: 2.1e-15* 
 Iter:   2 SS: 6    E: -105.92118467* -105.84035415  -105.83956403   R: 6.3e-07* 4.3e-06  2.8e-06   LinDep: 1.2e-15* 
 Iter:   3 SS: 9    E: -105.92118467* -105.84035415  -105.83956403   R: 4.2e-07* 3.0e-06  2.1e-06   LinDep: 3.3e-15* 
 Iter:   4 SS: 12   E: -105.92118467* -105.84035415  -105.83956403   R: 2.8e-07* 2.2e-06  1.6e-06   LinDep: 2.1e-15* 
 Iter:   5 SS: 15   E: -105.92118467* -105.84035415  -105.83956403   R: 1.8e-07* 1.7e-06  1.3e-06   LinDep: 2.7e-15* 
 Iter:   6 SS: 18   E: -105.92118467* -105.84035415  -105.83956403*  R: 1.2e-07* 1.2e-06  9.8e-07*  LinDep: 2.4e-15* 
 Iter:   7 SS: 21   E: -105.92118467* -105.84035415* -105.83956403*  R: 7.9e-08* 8.9e-07* 7.2e-07*  LinDep: 1.6e-15* 
 Diagonalization time:                             1029.230711 seconds
 Compute <S^2>:                                     11.507575 seconds (29.00 M allocations: 3.300 GiB, 66.69% gc time)
  Root       Energy           S2
     1 -105.92118467   2.00004051
     2 -105.84035415   0.00030466
     3 -105.83956403   0.00019123
 ==================================================================|
 Diagonalization time:                             1157.060615 seconds
 Compute <0|H0|0>:                                   0.706429 seconds (4.98 M allocations: 639.994 MiB)
  Root      <0|H|0>      <0|F|0>
     1 -105.92118467 -41.47326974
     2 -105.84035415 -41.39157107
     3 -105.83956403 -41.39247427
 Number of jobs:    194333
 Number of threads: 64
 |----------------------------------------------------------------------------------------------------|
 |0%                                                                                              100%|
 |------ERROR: LoadError: TaskFailedException
Stacktrace:
 [1] wait
   @ ./task.jl:334 [inlined]
 [2] threading_run(func::Function)
   @ Base.Threads ./threadingconstructs.jl:38
 [3] macro expansion
   @ ./threadingconstructs.jl:97 [inlined]
 [4] macro expansion
   @ ~/SPF-data/FermiCG/src/tucker_pt.jl:738 [inlined]
 [5] macro expansion
   @ ./timing.jl:299 [inlined]
 [6] compute_pt2_energy(ref::BSTstate{Float64, 6, 3}, cluster_ops::Vector{FermiCG.ClusterOps{Float64}}, clustered_ham::ClusteredOperator{6}; H0::String, nbody::Int64, thresh_foi::Float64, max_number::Nothing, opt_ref::Bool, ci_tol::Float64, verbose::Int64, prescreen::Bool, compress_twice::Bool)
   @ FermiCG ~/SPF-data/FermiCG/src/tucker_pt.jl:736
 [7] top-level scope
   @ ./timing.jl:220

    nested task error: DimensionMismatch
    Stacktrace:
     [1] transform_basis!(tuck::FermiCG.Tucker{Float64, 6, 3}, transform_list::Vector{Matrix{Float64}})
       @ FermiCG ~/SPF-data/FermiCG/src/hosvd.jl:623
     [2] form_1body_operator_diagonal!(sig::BSTstate{Float64, 6, 3}, Fdiag::BSTstate{Float64, 6, 1}, cluster_ops::Vector{FermiCG.ClusterOps{Float64}}; H0::String, pseudo_canon::Bool)
       @ FermiCG ~/SPF-data/FermiCG/src/tucker_pt.jl:347
     [3] compute_pt1_wavefunction(σ_in::BSTstate{Float64, 6, 3}, ψ0::BSTstate{Float64, 6, 3}, cluster_ops::Vector{FermiCG.ClusterOps{Float64}}, clustered_ham::ClusteredOperator{6}, clustered_ham_0::ClusteredOperator{6}, E0::Vector{Float64}, F0::Vector{Float64}; H0::String, verbose::Int64)
       @ FermiCG ~/SPF-data/FermiCG/src/tucker_pt.jl:92
     [4] _pt2_job(sig_fock::FockConfig{6}, job::Vector{Tuple}, ket::BSTstate{Float64, 6, 3}, cluster_ops::Vector{FermiCG.ClusterOps{Float64}}, clustered_ham::ClusteredOperator{6}, clustered_ham_0::ClusteredOperator{6}, nbody::Int64, verbose::Int64, thresh::Float64, max_number::Nothing, E0::Vector{Float64}, F0::Vector{Float64}, prescreen::Bool, compress_twice::Bool)
       @ FermiCG ~/SPF-data/FermiCG/src/tucker_pt.jl:929
     [5] macro expansion
       @ ~/SPF-data/FermiCG/src/tucker_pt.jl:742 [inlined]
     [6] (::FermiCG.var"#605#threadsfor_fun#302"{Int64, Float64, Nothing, Int64, Bool, Bool, Vector{FermiCG.ClusterOps{Float64}}, ClusteredOperator{6}, Vector{Vector{Float64}}, ClusteredOperator{6}, ReentrantLock, Vector{Tuple{Int64, Any}}})(onethread::Bool)
       @ FermiCG ./threadingconstructs.jl:85
     [7] (::FermiCG.var"#605#threadsfor_fun#302"{Int64, Float64, Nothing, Int64, Bool, Bool, Vector{FermiCG.ClusterOps{Float64}}, ClusteredOperator{6}, Vector{Vector{Float64}}, ClusteredOperator{6}, ReentrantLock, Vector{Tuple{Int64, Any}}})()
       @ FermiCG ./threadingconstructs.jl:52
in expression starting at /localscratch/2436396/spt_2.jl:80
