IDX001:DIM4096:001|002|003|004|005|006|
IDX002:DIM4096:007|008|009|010|011|012|
IDX003:DIM4096:013|014|015|016|017|018|
IDX004:DIM4096:019|020|021|022|023|024|
IDX005:DIM1048576:025|026|027|028|029|030|031|032|033|034|
5-element Vector{Tuple{Int64, Int64}}:
 (3, 3)
 (3, 3)
 (3, 3)
 (3, 3)
 (5, 5)IDX001:DIM4096:001|002|003|004|005|006|
IDX002:DIM4096:007|008|009|010|011|012|
IDX003:DIM4096:013|014|015|016|017|018|
IDX004:DIM4096:019|020|021|022|023|024|
IDX005:DIM1048576:025|026|027|028|029|030|031|032|033|034|
 Remove duplicates
 Number of terms reduced from  2525 to  1105

 |...................................BST-PT2............................................
 H0          : Hcmf
 nbody       : 4
 thresh_foi  : 5.0e-5
 max_number  : nothing
 opt_ref     : true
 ci_tol      : 1.0e-6
 verbose     : 2

 Length of Reference:                                   44144
 Solve zeroth-order problem:                       
 |== BST CI ========================================================
 Solve CI with # variables:                             44144
 Cache Hamiltonian:                                479.299469 seconds (154.45 M allocations: 45.790 GiB, 12.21% gc time, 8.77% compilation time)
 Iter:   1 SS: 6    E: -105.94188136* -105.82819119* -105.81782368* -105.80314984* -105.79755314  -105.79671809   R: 3.9e-10* 4.6e-09* 1.1e-08* 2.2e-07* 1.7e-06  9.0e-06   LinDep: 2.2e-16* 
 Iter:   2 SS: 12   E: -105.94188136* -105.82819119* -105.81782368* -105.80314984* -105.79755314  -105.79671809   R: 1.6e-10* 6.5e-09* 1.7e-08* 1.5e-07* 1.1e-06  5.8e-06   LinDep: 1.8e-15* 
 Iter:   3 SS: 18   E: -105.94188136* -105.82819119* -105.81782368* -105.80314984* -105.79755314* -105.79671809   R: 9.7e-11* 4.9e-09* 1.5e-08* 1.1e-07* 6.8e-07* 3.9e-06   LinDep: 1.1e-15* 
 Iter:   4 SS: 24   E: -105.94188136* -105.82819119* -105.81782368* -105.80314984* -105.79755314* -105.79671809   R: 9.5e-11* 2.9e-09* 1.1e-08* 8.0e-08* 4.3e-07* 2.9e-06   LinDep: 2.2e-15* 
 Iter:   5 SS: 30   E: -105.94188136* -105.82819119* -105.81782368* -105.80314984* -105.79755314* -105.79671809   R: 1.0e-10* 2.3e-09* 7.7e-09* 5.5e-08* 3.4e-07* 2.5e-06   LinDep: 1.3e-15* 
 Iter:   6 SS: 36   E: -105.94188136* -105.82819119* -105.81782368* -105.80314984* -105.79755314* -105.79671809   R: 1.2e-10* 1.6e-09* 5.6e-09* 5.0e-08* 3.2e-07* 2.0e-06   LinDep: 1.1e-16* 
 Iter:   7 SS: 42   E: -105.94188136* -105.82819119* -105.81782368* -105.80314984* -105.79755314* -105.79671809   R: 1.5e-10* 1.7e-09* 3.6e-09* 3.2e-08* 2.1e-07* 1.4e-06   LinDep: 4.7e-15* 
 Iter:   8 SS: 48   E: -105.94188136* -105.82819119* -105.81782368* -105.80314984* -105.79755314* -105.79671809   R: 1.7e-10* 1.8e-09* 3.0e-09* 2.5e-08* 1.6e-07* 1.6e-06   LinDep: 3.2e-15* 
 Iter:   9 SS: 54   E: -105.94188136* -105.82819119* -105.81782368* -105.80314984* -105.79755314* -105.79671809   R: 2.0e-10* 1.7e-09* 2.6e-09* 2.2e-08* 1.5e-07* 1.2e-06   LinDep: 6.4e-15* 
 Iter:  10 SS: 60   E: -105.94188136* -105.82819119* -105.81782368* -105.80314984* -105.79755314* -105.79671809   R: 2.2e-10* 1.5e-09* 2.2e-09* 2.4e-08* 1.5e-07* 1.3e-06   LinDep: 1.4e-15* 
 Iter:  11 SS: 66   E: -105.94188136* -105.82819119* -105.81782368* -105.80314984* -105.79755314* -105.79671809   R: 2.5e-10* 1.9e-09* 2.5e-09* 1.9e-08* 1.4e-07* 1.3e-06   LinDep: 5.3e-15* 
 Iter:  12 SS: 72   E: -105.94188136* -105.82819119* -105.81782368* -105.80314984* -105.79755314* -105.79671809   R: 2.7e-10* 1.7e-09* 2.4e-09* 1.9e-08* 1.5e-07* 1.3e-06   LinDep: 2.7e-15* 
 Iter:  13 SS: 72   E: -105.94188136* -105.82819119* -105.81782368* -105.80314984* -105.79755314* -105.79671809   R: 2.9e-10* 2.0e-09* 2.8e-09* 1.7e-08* 1.6e-07* 1.2e-06   LinDep: 4.9e-15* 
 Iter:  14 SS: 72   E: -105.94188136* -105.82819119* -105.81782368* -105.80314984* -105.79755314* -105.79671809*  R: 3.2e-10* 2.3e-09* 3.1e-09* 1.9e-08* 1.7e-07* 9.9e-07*  LinDep: 1.7e-11* 
 Diagonalization time:                             609.026527 seconds
 Compute <S^2>:                                      4.594612 seconds (12.48 M allocations: 1.872 GiB, 34.31% gc time, 0.11% compilation time)
  Root       Energy           S2
     1 -105.94188136   2.00008625
     2 -105.82819119   0.09822125
     3 -105.81782368   2.00733432
     4 -105.80314984   1.48170557
     5 -105.79755314   1.97497178
     6 -105.79671809   1.92557444
 ==================================================================|
 Diagonalization time:                             1101.599222 seconds
 Compute <0|H0|0>:                                   0.752314 seconds (2.34 M allocations: 518.537 MiB, 46.61% gc time, 1.82% compilation time)
  Root      <0|H|0>      <0|F|0>
     1 -105.94188136 -46.33758021
     2 -105.82819119 -46.21588191
     3 -105.81782368 -46.14692551
     4 -105.80314984 -46.13364668
     5 -105.79755314 -46.15959689
     6 -105.79671809 -46.16453415
 Number of jobs:    54246
 Number of threads: 2
 |----------------------------------------------------------------------------------------------------|
 |0%                                                                                              100%|
 |----------------------------------------------------------------------------------------------------|
 Time spent computing E2:                          184559.8 s Allocated:    2.4e+05 GB
 State   1: E(PT2) corr:                          -0.00023500
 State   2: E(PT2) corr:                          -0.00035021
 State   3: E(PT2) corr:                          -0.00053874
 State   4: E(PT2) corr:                          -0.00060368
 State   5: E(PT2) corr:                          -0.00054324
 State   6: E(PT2) corr:                          -0.00040537
  Root         E(0)         E(2)
     1 -105.94188136 -105.94211636
     2 -105.82819119 -105.82854140
     3 -105.81782368 -105.81836242
     4 -105.80314984 -105.80375352
     5 -105.79755314 -105.79809638
     6 -105.79671809 -105.79712347
 ......................................................................................|
185674.615483 seconds (3.57 G allocations: 218.350 TiB, 57.45% gc time, 0.09% compilation time)
