IDX001:DIM4096:001|002|003|004|005|006|
IDX002:DIM4096:007|008|009|010|011|012|
IDX003:DIM4096:013|014|015|016|017|018|
IDX004:DIM4096:019|020|021|022|023|024|
IDX005:DIM1048576:025|026|027|028|029|030|031|032|033|034|
5-element Vector{Tuple{Int64, Int64}}:
 (3, 3)
 (3, 3)
 (3, 3)
 (3, 3)
 (5, 5)IDX001:DIM4096:001|002|003|004|005|006|
IDX002:DIM4096:007|008|009|010|011|012|
IDX003:DIM4096:013|014|015|016|017|018|
IDX004:DIM4096:019|020|021|022|023|024|
IDX005:DIM1048576:025|026|027|028|029|030|031|032|033|034|
 Remove duplicates
 Number of terms reduced from  2525 to  1105

 |...................................BST-PT2............................................
 H0          : Hcmf
 nbody       : 4
 thresh_foi  : 5.0e-5
 max_number  : nothing
 opt_ref     : true
 ci_tol      : 1.0e-6
 verbose     : 2

 Length of Reference:                                   17900
 Solve zeroth-order problem:                       
 |== BST CI ========================================================
 Solve CI with # variables:                             17900
 Cache Hamiltonian:                                383.138127 seconds (121.17 M allocations: 11.880 GiB, 1.97% gc time, 9.97% compilation time)
 Iter:   1 SS: 6    E: -105.94167136  -105.83232329  -105.81786652  -105.81370209  -105.80067798  -105.79803646   R: 1.2e-03  1.1e-03  1.2e-03  1.6e-03  1.4e-03  1.4e-03   LinDep: 2.2e-16* 
 Iter:   2 SS: 12   E: -105.94167306  -105.83232506  -105.81786881  -105.81370617  -105.80068129  -105.79803939   R: 3.4e-04  4.3e-04  4.4e-04  6.7e-04  5.1e-04  4.6e-04   LinDep: 0.0e+00* 
 Iter:   3 SS: 18   E: -105.94167321  -105.83232544  -105.81786923  -105.81370747  -105.80068178  -105.79803979   R: 1.3e-04  2.8e-04  2.9e-04  6.3e-04  3.0e-04  2.8e-04   LinDep: 2.6e-15* 
 Iter:   4 SS: 24   E: -105.94167323  -105.83232563  -105.81786943  -105.81370879  -105.80068198  -105.79803996   R: 6.5e-05  2.3e-04  2.2e-04  6.9e-04  2.3e-04  2.2e-04   LinDep: 2.2e-16* 
 Iter:   5 SS: 30   E: -105.94167323  -105.83232574  -105.81786954  -105.81371004  -105.80068210  -105.79804008   R: 2.9e-05  1.7e-04  1.7e-04  6.3e-04  1.8e-04  1.9e-04   LinDep: 1.1e-16* 
 Iter:   6 SS: 36   E: -105.94167324  -105.83232582  -105.81786962  -105.81371107  -105.80068219  -105.79804021   R: 1.3e-05  1.4e-04  1.5e-04  5.3e-04  1.8e-04  2.2e-04   LinDep: 2.7e-15* 
 Iter:   7 SS: 42   E: -105.94167324  -105.83232586  -105.81786968  -105.81371167  -105.80068229  -105.79804036   R: 5.9e-06  1.2e-04  1.3e-04  3.9e-04  1.9e-04  2.4e-04   LinDep: 2.2e-15* 
 Iter:   8 SS: 48   E: -105.94167324  -105.83232589  -105.81786972  -105.81371195  -105.80068238  -105.79804054   R: 2.6e-06  8.9e-05  1.0e-04  2.4e-04  1.8e-04  2.5e-04   LinDep: 1.8e-15* 
 Iter:   9 SS: 54   E: -105.94167324  -105.83232590  -105.81786974  -105.81371206  -105.80068246  -105.79804071   R: 1.3e-06  5.2e-05  7.0e-05  1.4e-04  1.5e-04  2.2e-04   LinDep: 0.0e+00* 
 Iter:  10 SS: 60   E: -105.94167324* -105.83232591  -105.81786975  -105.81371210  -105.80068251  -105.79804082   R: 6.6e-07* 2.9e-05  4.7e-05  1.0e-04  1.1e-04  1.7e-04   LinDep: 5.6e-16* 
 Iter:  11 SS: 66   E: -105.94167324* -105.83232591  -105.81786976  -105.81371212  -105.80068254  -105.79804088   R: 3.9e-07* 1.7e-05  3.0e-05  8.3e-05  8.5e-05  1.2e-04   LinDep: 2.2e-15* 
 Iter:  12 SS: 72   E: -105.94167324* -105.83232591  -105.81786976  -105.81371214  -105.80068256  -105.79804091   R: 2.2e-07* 1.0e-05  1.9e-05  6.8e-05  6.9e-05  1.1e-04   LinDep: 9.1e-15* 
 Iter:  13 SS: 72   E: -105.94167324* -105.83232591  -105.81786976  -105.81371215  -105.80068257  -105.79804094   R: 1.2e-07* 7.0e-06  1.2e-05  5.3e-05  6.1e-05  1.0e-04   LinDep: 5.6e-15* 
 Iter:  14 SS: 72   E: -105.94167324* -105.83232591  -105.81786976  -105.81371216  -105.80068258  -105.79804097   R: 5.7e-08* 4.7e-06  8.1e-06  4.0e-05  4.9e-05  1.1e-04   LinDep: 1.4e-12* 
 Iter:  15 SS: 72   E: -105.94167324* -105.83232591  -105.81786976  -105.81371216  -105.80068259  -105.79804100   R: 3.0e-08* 3.2e-06  5.8e-06  3.5e-05  4.0e-05  1.2e-04   LinDep: 1.3e-12* 
 Iter:  16 SS: 72   E: -105.94167324* -105.83232591  -105.81786976  -105.81371216  -105.80068259  -105.79804104   R: 1.6e-08* 2.3e-06  3.9e-06  3.0e-05  3.3e-05  1.3e-04   LinDep: 1.2e-13* 
 Iter:  17 SS: 72   E: -105.94167324* -105.83232591  -105.81786976  -105.81371216  -105.80068259  -105.79804108   R: 8.6e-09* 1.7e-06  2.7e-06  2.8e-05  2.7e-05  1.2e-04   LinDep: 6.8e-13* 
 Iter:  18 SS: 72   E: -105.94167324* -105.83232591  -105.81786976  -105.81371217  -105.80068259  -105.79804111   R: 4.5e-09* 1.2e-06  1.8e-06  2.5e-05  2.5e-05  1.0e-04   LinDep: 3.4e-13* 
 Iter:  19 SS: 72   E: -105.94167324* -105.83232591* -105.81786976  -105.81371217  -105.80068259  -105.79804113   R: 2.4e-09* 8.9e-07* 1.3e-06  2.0e-05  2.2e-05  8.7e-05   LinDep: 2.6e-14* 
 Iter:  20 SS: 72   E: -105.94167324* -105.83232591* -105.81786976* -105.81371217  -105.80068259  -105.79804115   R: 1.3e-09* 6.2e-07* 9.9e-07* 1.4e-05  1.9e-05  7.3e-05   LinDep: 3.9e-13* 
 Iter:  21 SS: 72   E: -105.94167324* -105.83232591* -105.81786976* -105.81371217  -105.80068260  -105.79804116   R: 8.4e-10* 4.8e-07* 7.9e-07* 9.1e-06  1.5e-05  6.1e-05   LinDep: 2.2e-13* 
 Iter:  22 SS: 72   E: -105.94167324* -105.83232591* -105.81786976* -105.81371217  -105.80068260  -105.79804116   R: 6.2e-10* 3.8e-07* 6.6e-07* 6.4e-06  1.2e-05  5.0e-05   LinDep: 1.1e-13* 
 Iter:  23 SS: 72   E: -105.94167324* -105.83232591* -105.81786976* -105.81371217  -105.80068260  -105.79804117   R: 5.4e-10* 3.1e-07* 6.0e-07* 4.8e-06  1.0e-05  4.3e-05   LinDep: 3.0e-13* 
 Iter:  24 SS: 72   E: -105.94167324* -105.83232591* -105.81786976* -105.81371217  -105.80068260  -105.79804117   R: 5.3e-10* 2.4e-07* 5.3e-07* 3.7e-06  9.6e-06  4.0e-05   LinDep: 9.7e-13* 
 Iter:  25 SS: 72   E: -105.94167324* -105.83232591* -105.81786976* -105.81371217  -105.80068260  -105.79804118   R: 5.4e-10* 1.9e-07* 4.4e-07* 2.9e-06  9.2e-06  3.9e-05   LinDep: 2.0e-12* 
 Iter:  26 SS: 72   E: -105.94167324* -105.83232591* -105.81786976* -105.81371217  -105.80068260  -105.79804118   R: 5.6e-10* 1.4e-07* 3.4e-07* 2.2e-06  8.8e-06  3.8e-05   LinDep: 3.1e-12* 
 Iter:  27 SS: 72   E: -105.94167324* -105.83232591* -105.81786976* -105.81371217  -105.80068260  -105.79804118   R: 5.8e-10* 1.0e-07* 2.5e-07* 1.7e-06  8.4e-06  3.5e-05   LinDep: 3.4e-12* 
 Iter:  28 SS: 72   E: -105.94167324* -105.83232591* -105.81786976* -105.81371217  -105.80068260  -105.79804118   R: 6.1e-10* 7.3e-08* 1.9e-07* 1.3e-06  7.8e-06  3.0e-05   LinDep: 1.9e-12* 
 Iter:  29 SS: 72   E: -105.94167324* -105.83232591* -105.81786976* -105.81371217  -105.80068260  -105.79804118   R: 6.3e-10* 5.3e-08* 1.5e-07* 1.0e-06  6.8e-06  2.6e-05   LinDep: 4.6e-13* 
 Iter:  30 SS: 72   E: -105.94167324* -105.83232591* -105.81786976* -105.81371217* -105.80068260  -105.79804119   R: 6.5e-10* 3.5e-08* 1.1e-07* 7.8e-07* 5.6e-06  2.0e-05   LinDep: 1.1e-13* 
 Iter:  31 SS: 72   E: -105.94167324* -105.83232591* -105.81786976* -105.81371217* -105.80068260  -105.79804119   R: 6.8e-10* 2.5e-08* 8.9e-08* 6.1e-07* 4.4e-06  1.5e-05   LinDep: 6.8e-12* 
 Iter:  32 SS: 72   E: -105.94167324* -105.83232591* -105.81786976* -105.81371217* -105.80068260  -105.79804119   R: 7.1e-10* 1.7e-08* 6.8e-08* 4.7e-07* 3.4e-06  1.1e-05   LinDep: 2.5e-12* 
 Iter:  33 SS: 72   E: -105.94167324* -105.83232591* -105.81786976* -105.81371217* -105.80068260  -105.79804119   R: 7.3e-10* 1.3e-08* 5.5e-08* 3.9e-07* 2.7e-06  8.8e-06   LinDep: 6.3e-12* 
 Iter:  34 SS: 72   E: -105.94167324* -105.83232591* -105.81786976* -105.81371217* -105.80068260  -105.79804119   R: 7.6e-10* 9.5e-09* 4.4e-08* 3.1e-07* 2.0e-06  6.9e-06   LinDep: 9.7e-12* 
 Iter:  35 SS: 72   E: -105.94167324* -105.83232591* -105.81786976* -105.81371217* -105.80068260  -105.79804119   R: 7.9e-10* 7.6e-09* 3.6e-08* 2.4e-07* 1.5e-06  5.7e-06   LinDep: 1.2e-11* 
 Iter:  36 SS: 72   E: -105.94167324* -105.83232591* -105.81786976* -105.81371217* -105.80068260  -105.79804119   R: 8.2e-10* 6.2e-09* 3.1e-08* 1.7e-07* 1.1e-06  4.4e-06   LinDep: 8.4e-12* 
 Iter:  37 SS: 72   E: -105.94167324* -105.83232591* -105.81786976* -105.81371217* -105.80068260* -105.79804119   R: 8.5e-10* 5.8e-09* 3.0e-08* 1.3e-07* 8.0e-07* 3.4e-06   LinDep: 1.5e-12* 
 Iter:  38 SS: 72   E: -105.94167324* -105.83232591* -105.81786976* -105.81371217* -105.80068260* -105.79804119   R: 8.7e-10* 5.7e-09* 3.1e-08* 9.5e-08* 6.1e-07* 2.6e-06   LinDep: 7.2e-12* 
 Iter:  39 SS: 72   E: -105.94167324* -105.83232591* -105.81786976* -105.81371217* -105.80068260* -105.79804119   R: 9.0e-10* 5.9e-09* 3.1e-08* 7.7e-08* 4.4e-07* 1.9e-06   LinDep: 7.0e-12* 
 Iter:  40 SS: 72   E: -105.94167324* -105.83232591* -105.81786976* -105.81371217* -105.80068260* -105.79804119   R: 9.3e-10* 6.1e-09* 3.3e-08* 6.3e-08* 3.3e-07* 1.4e-06   LinDep: 8.2e-12* 
 Diagonalization time:                             810.141808 seconds
 Compute <S^2>:                                      2.775783 seconds (8.60 M allocations: 1000.018 MiB, 26.26% gc time, 0.17% compilation time)
  Root       Energy           S2
     1 -105.94167324   2.00014932
     2 -105.83232591   0.00087729
     3 -105.81786976   2.00026957
     4 -105.81371217   0.00725245
     5 -105.80068260   1.99889207
     6 -105.79804119   1.98978025
 ==================================================================|
 Diagonalization time:                             1202.170516 seconds
 Compute <0|H0|0>:                                   0.411112 seconds (1.69 M allocations: 305.536 MiB, 22.25% gc time, 3.23% compilation time)
  Root      <0|H|0>      <0|F|0>
     1 -105.94167324 -46.33791224
     2 -105.83232591 -46.22290134
     3 -105.81786976 -46.14848017
     4 -105.81371217 -46.14495496
     5 -105.80068260 -46.13414195
     6 -105.79804119 -46.15264205
 Number of jobs:    42436
 Number of threads: 1
 |----------------------------------------------------------------------------------------------------|
 |0%                                                                                              100%|
 |----------------------------------------------------------------------------------------------------|
 Time spent computing E2:                           84970.4 s Allocated:    1.2e+05 GB
 State   1: E(PT2) corr:                          -0.00043022
 State   2: E(PT2) corr:                          -0.00061710
 State   3: E(PT2) corr:                          -0.00085271
 State   4: E(PT2) corr:                          -0.00121119
 State   5: E(PT2) corr:                          -0.00143366
 State   6: E(PT2) corr:                          -0.00118857
  Root         E(0)         E(2)
     1 -105.94167324 -105.94210346
     2 -105.83232591 -105.83294301
     3 -105.81786976 -105.81872247
     4 -105.81371217 -105.81492336
     5 -105.80068260 -105.80211626
     6 -105.79804119 -105.79922976
 ......................................................................................|
86184.039647 seconds (4.61 G allocations: 105.191 TiB, 47.83% gc time, 0.15% compilation time)

 |...................................BST-PT2............................................
 H0          : Hcmf
 nbody       : 4
 thresh_foi  : 5.0e-5
 max_number  : nothing
 opt_ref     : true
 ci_tol      : 1.0e-6
 verbose     : 2

 Length of Reference:                                   10972
 Solve zeroth-order problem:                       
 |== BST CI ========================================================
 Solve CI with # variables:                             10972
 Cache Hamiltonian:                                281.077802 seconds (26.79 M allocations: 5.949 GiB, 2.80% gc time)
 Iter:   1 SS: 6    E: -105.94153098  -105.83215449  -105.81758277  -105.81340059  -105.80032009  -105.79767726   R: 1.5e-03  1.4e-03  1.7e-03  1.9e-03  1.8e-03  1.8e-03   LinDep: 1.1e-16* 
 Iter:   2 SS: 12   E: -105.94153373  -105.83215830  -105.81758781  -105.81340784  -105.80032566  -105.79768283   R: 4.3e-04  6.9e-04  7.5e-04  1.1e-03  7.3e-04  7.1e-04   LinDep: 6.7e-16* 
 Iter:   3 SS: 18   E: -105.94153400  -105.83215939  -105.81758919  -105.81341177  -105.80032687  -105.79768391   R: 1.7e-04  4.8e-04  5.0e-04  1.1e-03  4.5e-04  4.4e-04   LinDep: 1.8e-15* 
 Iter:   4 SS: 24   E: -105.94153404  -105.83215995  -105.81758979  -105.81341609  -105.80032736  -105.79768437   R: 8.7e-05  3.6e-04  3.7e-04  1.2e-03  3.5e-04  3.5e-04   LinDep: 3.6e-15* 
 Iter:   5 SS: 30   E: -105.94153405  -105.83216025  -105.81759009  -105.81341954  -105.80032764  -105.79768466   R: 4.2e-05  2.8e-04  2.8e-04  1.0e-03  2.8e-04  3.1e-04   LinDep: 2.9e-15* 
 Iter:   6 SS: 36   E: -105.94153406  -105.83216044  -105.81759031  -105.81342188  -105.80032786  -105.79768496   R: 1.9e-05  2.3e-04  2.6e-04  7.6e-04  2.6e-04  3.2e-04   LinDep: 2.0e-15* 
 Iter:   7 SS: 42   E: -105.94153406  -105.83216057  -105.81759048  -105.81342308  -105.80032807  -105.79768528   R: 8.4e-06  2.0e-04  2.2e-04  5.2e-04  2.7e-04  3.5e-04   LinDep: 5.1e-15* 
 Iter:   8 SS: 48   E: -105.94153406  -105.83216065  -105.81759059  -105.81342359  -105.80032827  -105.79768566   R: 3.8e-06  1.3e-04  1.6e-04  3.2e-04  2.5e-04  3.7e-04   LinDep: 3.6e-15* 
 Iter:   9 SS: 54   E: -105.94153406  -105.83216068  -105.81759065  -105.81342380  -105.80032842  -105.79768602   R: 1.9e-06  7.3e-05  1.1e-04  2.2e-04  2.1e-04  3.1e-04   LinDep: 3.8e-15* 
 Iter:  10 SS: 60   E: -105.94153406* -105.83216069  -105.81759067  -105.81342391  -105.80032853  -105.79768625   R: 9.4e-07* 4.2e-05  7.6e-05  1.8e-04  1.6e-04  2.3e-04   LinDep: 5.1e-15* 
 Iter:  11 SS: 66   E: -105.94153406* -105.83216069  -105.81759069  -105.81342398  -105.80032859  -105.79768637   R: 5.0e-07* 2.6e-05  4.7e-05  1.4e-04  1.2e-04  1.8e-04   LinDep: 7.8e-16* 
 Iter:  12 SS: 72   E: -105.94153406* -105.83216069  -105.81759069  -105.81342402  -105.80032862  -105.79768646   R: 2.5e-07* 1.7e-05  2.8e-05  1.1e-04  9.8e-05  1.7e-04   LinDep: 4.0e-15* 
 Iter:  13 SS: 72   E: -105.94153406* -105.83216069  -105.81759069  -105.81342405  -105.80032864  -105.79768655   R: 1.2e-07* 1.1e-05  1.9e-05  7.6e-05  7.7e-05  1.7e-04   LinDep: 6.7e-15* 
 Iter:  14 SS: 72   E: -105.94153406* -105.83216070  -105.81759069  -105.81342406  -105.80032866  -105.79768663   R: 6.1e-08* 6.8e-06  1.2e-05  5.7e-05  5.6e-05  1.7e-04   LinDep: 2.4e-12* 
 Iter:  15 SS: 72   E: -105.94153406* -105.83216070  -105.81759069  -105.81342407  -105.80032866  -105.79768671   R: 3.2e-08* 4.5e-06  7.9e-06  4.8e-05  4.7e-05  1.7e-04   LinDep: 8.1e-13* 
 Iter:  16 SS: 72   E: -105.94153406* -105.83216070  -105.81759069  -105.81342408  -105.80032867  -105.79768678   R: 1.8e-08* 2.9e-06  4.8e-06  4.3e-05  4.0e-05  1.4e-04   LinDep: 3.8e-12* 
 Iter:  17 SS: 72   E: -105.94153406* -105.83216070  -105.81759069  -105.81342408  -105.80032867  -105.79768682   R: 1.0e-08* 2.1e-06  3.3e-06  4.0e-05  3.5e-05  1.1e-04   LinDep: 2.5e-12* 
 Iter:  18 SS: 72   E: -105.94153406* -105.83216070  -105.81759069  -105.81342408  -105.80032868  -105.79768685   R: 5.3e-09* 1.4e-06  2.7e-06  3.4e-05  3.3e-05  1.0e-04   LinDep: 6.5e-12* 
 Iter:  19 SS: 72   E: -105.94153406* -105.83216070* -105.81759069  -105.81342408  -105.80032868  -105.79768688   R: 2.9e-09* 9.3e-07* 2.2e-06  2.4e-05  3.4e-05  1.1e-04   LinDep: 1.1e-11* 
 Iter:  20 SS: 72   E: -105.94153406* -105.83216070* -105.81759069  -105.81342409  -105.80032868  -105.79768691   R: 1.6e-09* 6.1e-07* 1.9e-06  1.6e-05  3.2e-05  1.1e-04   LinDep: 9.6e-12* 
 Iter:  21 SS: 72   E: -105.94153406* -105.83216070* -105.81759069  -105.81342409  -105.80032868  -105.79768693   R: 9.7e-10* 4.4e-07* 1.5e-06  1.1e-05  2.8e-05  1.1e-04   LinDep: 6.1e-12* 
 Iter:  22 SS: 72   E: -105.94153406* -105.83216070* -105.81759069  -105.81342409  -105.80032868  -105.79768696   R: 6.7e-10* 3.2e-07* 1.2e-06  7.3e-06  2.6e-05  1.0e-04   LinDep: 2.5e-12* 
 Iter:  23 SS: 72   E: -105.94153406* -105.83216070* -105.81759069* -105.81342409  -105.80032869  -105.79768698   R: 5.6e-10* 2.4e-07* 9.4e-07* 5.2e-06  2.5e-05  9.4e-05   LinDep: 6.8e-13* 
 Iter:  24 SS: 72   E: -105.94153406* -105.83216070* -105.81759069* -105.81342409  -105.80032869  -105.79768700   R: 5.3e-10* 1.8e-07* 7.1e-07* 3.8e-06  2.4e-05  8.5e-05   LinDep: 1.1e-12* 
 Iter:  25 SS: 72   E: -105.94153406* -105.83216070* -105.81759069* -105.81342409  -105.80032869  -105.79768701   R: 5.4e-10* 1.3e-07* 5.5e-07* 2.8e-06  2.3e-05  7.8e-05   LinDep: 1.8e-12* 
 Iter:  26 SS: 72   E: -105.94153406* -105.83216070* -105.81759069* -105.81342409  -105.80032869  -105.79768702   R: 5.5e-10* 1.0e-07* 4.3e-07* 2.2e-06  2.1e-05  7.3e-05   LinDep: 1.7e-12* 
 Iter:  27 SS: 72   E: -105.94153406* -105.83216070* -105.81759069* -105.81342409  -105.80032869  -105.79768703   R: 5.8e-10* 7.6e-08* 3.4e-07* 1.7e-06  1.9e-05  6.8e-05   LinDep: 3.6e-13* 
 Iter:  28 SS: 72   E: -105.94153406* -105.83216070* -105.81759069* -105.81342409  -105.80032869  -105.79768704   R: 6.0e-10* 5.5e-08* 2.6e-07* 1.3e-06  1.5e-05  6.0e-05   LinDep: 1.3e-12* 
 Iter:  29 SS: 72   E: -105.94153406* -105.83216070* -105.81759069* -105.81342409  -105.80032869  -105.79768705   R: 6.3e-10* 4.0e-08* 2.1e-07* 1.0e-06  1.2e-05  5.0e-05   LinDep: 2.2e-12* 
 Iter:  30 SS: 72   E: -105.94153406* -105.83216070* -105.81759069* -105.81342409* -105.80032869  -105.79768705   R: 6.5e-10* 2.9e-08* 1.7e-07* 7.5e-07* 9.7e-06  4.0e-05   LinDep: 1.9e-12* 
 Iter:  31 SS: 72   E: -105.94153406* -105.83216070* -105.81759069* -105.81342409* -105.80032869  -105.79768705   R: 6.8e-10* 2.1e-08* 1.5e-07* 5.6e-07* 7.7e-06  3.3e-05   LinDep: 6.0e-13* 
 Iter:  32 SS: 72   E: -105.94153406* -105.83216070* -105.81759069* -105.81342409* -105.80032869  -105.79768705   R: 7.0e-10* 1.5e-08* 1.2e-07* 4.1e-07* 6.1e-06  2.7e-05   LinDep: 2.0e-12* 
 Iter:  33 SS: 72   E: -105.94153406* -105.83216070* -105.81759069* -105.81342409* -105.80032869  -105.79768706   R: 7.3e-10* 1.1e-08* 9.0e-08* 3.0e-07* 5.2e-06  2.3e-05   LinDep: 1.1e-12* 
 Iter:  34 SS: 72   E: -105.94153406* -105.83216070* -105.81759069* -105.81342409* -105.80032869  -105.79768706   R: 7.6e-10* 8.4e-09* 6.7e-08* 2.2e-07* 4.2e-06  1.9e-05   LinDep: 1.4e-11* 
 Iter:  35 SS: 72   E: -105.94153406* -105.83216070* -105.81759069* -105.81342409* -105.80032869  -105.79768706   R: 7.9e-10* 6.2e-09* 4.9e-08* 1.5e-07* 3.5e-06  1.6e-05   LinDep: 1.7e-11* 
 Iter:  36 SS: 72   E: -105.94153406* -105.83216070* -105.81759069* -105.81342409* -105.80032869  -105.79768706   R: 8.2e-10* 5.1e-09* 3.6e-08* 1.1e-07* 2.7e-06  1.3e-05   LinDep: 2.7e-11* 
 Iter:  37 SS: 72   E: -105.94153406* -105.83216070* -105.81759069* -105.81342409* -105.80032869  -105.79768706   R: 8.5e-10* 4.4e-09* 2.4e-08* 7.9e-08* 1.9e-06  9.5e-06   LinDep: 2.5e-11* 
 Iter:  38 SS: 72   E: -105.94153406* -105.83216070* -105.81759069* -105.81342409* -105.80032869  -105.79768706   R: 8.7e-10* 4.1e-09* 1.7e-08* 5.9e-08* 1.3e-06  6.7e-06   LinDep: 2.6e-11* 
 Iter:  39 SS: 72   E: -105.94153406* -105.83216070* -105.81759069* -105.81342409* -105.80032869* -105.79768706   R: 9.0e-10* 4.2e-09* 1.4e-08* 4.6e-08* 9.2e-07* 4.8e-06   LinDep: 2.6e-11* 
 Iter:  40 SS: 72   E: -105.94153406* -105.83216070* -105.81759069* -105.81342409* -105.80032869* -105.79768706   R: 9.4e-10* 4.4e-09* 1.2e-08* 3.9e-08* 6.6e-07* 3.6e-06   LinDep: 2.5e-11* 
 Diagonalization time:                             523.731172 seconds
 Compute <S^2>:                                      2.278941 seconds (6.94 M allocations: 743.949 MiB, 28.98% gc time)
  Root       Energy           S2
     1 -105.94153406   2.00020483
     2 -105.83216070   0.00111018
     3 -105.81759069   2.00029644
     4 -105.81342409   0.01061878
     5 -105.80032869   1.99907861
     6 -105.79768706   1.99116626
 ==================================================================|
 Diagonalization time:                             807.485387 seconds
 Compute <0|H0|0>:                                   0.300206 seconds (1.35 M allocations: 229.791 MiB, 20.57% gc time)
  Root      <0|H|0>      <0|F|0>
     1 -105.94153406 -46.33817027
     2 -105.83216070 -46.22344386
     3 -105.81759069 -46.14941537
     4 -105.81342409 -46.14570108
     5 -105.80032869 -46.13495592
     6 -105.79768706 -46.15346872
 Number of jobs:    40135
 Number of threads: 1
 |----------------------------------------------------------------------------------------------------|
 |0%                                                                                              100%|
 |----------------------------------------------------------------------------------------------------|
 Time spent computing E2:                           62972.3 s Allocated:    7.9e+04 GB
 State   1: E(PT2) corr:                          -0.00054862
 State   2: E(PT2) corr:                          -0.00074434
 State   3: E(PT2) corr:                          -0.00105797
 State   4: E(PT2) corr:                          -0.00145270
 State   5: E(PT2) corr:                          -0.00174845
 State   6: E(PT2) corr:                          -0.00147626
  Root         E(0)         E(2)
     1 -105.94153406 -105.94208268
     2 -105.83216070 -105.83290504
     3 -105.81759069 -105.81864867
     4 -105.81342409 -105.81487678
     5 -105.80032869 -105.80207714
     6 -105.79768706 -105.79916332
 ......................................................................................|
63780.434178 seconds (3.43 G allocations: 71.966 TiB, 49.54% gc time, 0.00% compilation time)
