IDX001:DIM1024:001|002|003|004|005|
IDX002:DIM1024:006|007|008|009|010|
IDX003:DIM0064:011|012|013|
IDX004:DIM0064:014|015|016|
IDX005:DIM0064:017|018|019|
FockConfig{5}(((3, 0), (0, 3), (3, 3), (3, 3), (3, 3))) Remove duplicates
 Number of terms reduced from  2525 to  1105

 |...................................BST-PT2............................................
 H0          : Hcmf
 nbody       : 4
 thresh_foi  : 5.0e-5
 max_number  : nothing
 opt_ref     : true
 ci_tol      : 1.0e-6
 verbose     : 1

 Length of Reference:                                  276318
 Solve zeroth-order problem:                       
 |== BST CI ========================================================
 Solve CI with # variables:                            276318
 Cache Hamiltonian:                                111.178568 seconds (256.64 M allocations: 56.556 GiB, 18.19% gc time, 40.02% compilation time)
 Iter:   1 SS: 4    E: -108.15053137  -108.15031648  -108.14986444  -108.14917029   R: 9.3e-06  7.0e-06  8.1e-06  6.4e-06   LinDep: 2.2e-16* 
 Iter:   2 SS: 8    E: -108.15053137  -108.15031648  -108.14986444  -108.14917029   R: 6.4e-06  4.9e-06  5.3e-06  4.5e-06   LinDep: 5.3e-15* 
 Iter:   3 SS: 12   E: -108.15053137  -108.15031648  -108.14986444  -108.14917029   R: 4.6e-06  3.5e-06  3.6e-06  2.7e-06   LinDep: 3.2e-15* 
 Iter:   4 SS: 16   E: -108.15053137  -108.15031648  -108.14986444  -108.14917029   R: 2.9e-06  2.2e-06  2.1e-06  1.4e-06   LinDep: 6.2e-15* 
 Iter:   5 SS: 20   E: -108.15053137  -108.15031648  -108.14986444  -108.14917029*  R: 1.9e-06  1.5e-06  1.3e-06  7.7e-07*  LinDep: 3.4e-15* 
 Iter:   6 SS: 24   E: -108.15053137  -108.15031648* -108.14986444* -108.14917029*  R: 1.2e-06  9.4e-07* 8.8e-07* 4.5e-07*  LinDep: 1.1e-16* 
 Iter:   7 SS: 28   E: -108.15053137* -108.15031648* -108.14986444* -108.14917029*  R: 8.5e-07* 7.0e-07* 6.8e-07* 3.3e-07*  LinDep: 1.3e-15* 
 Diagonalization time:                             577.445894 seconds
 Compute <S^2>:                                      8.244314 seconds (16.22 M allocations: 3.657 GiB, 79.41% gc time, 0.08% compilation time)
  Root       Energy           S2
     1 -108.15053137   0.00053693
     2 -108.15031648   2.00011462
     3 -108.14986444   5.99950259
     4 -108.14917029  11.99988075
 ==================================================================|
 Diagonalization time:                             705.943858 seconds
 Compute <0|H0|0>:                                   0.805244 seconds (3.17 M allocations: 910.954 MiB, 48.71% gc time, 1.82% compilation time)
  Root      <0|H|0>      <0|F|0>
     1 -108.15053137 -54.78053272
     2 -108.15031648 -54.78115786
     3 -108.14986444 -54.78251226
     4 -108.14917029 -54.78464717
 Number of jobs:    14160
 Number of threads: 64
 Time spent computing E2:                           13858.0 s Allocated:    2.0e+04 GB
 State   1: E(PT2) corr:                          -0.00005951
 State   2: E(PT2) corr:                          -0.00005509
 State   3: E(PT2) corr:                          -0.00005462
 State   4: E(PT2) corr:                          -0.00005021
  Root         E(0)         E(2)
     1 -108.15053137 -108.15059088
     2 -108.15031648 -108.15037156
     3 -108.14986444 -108.14991906
     4 -108.14917029 -108.14922050
 ......................................................................................|

 |...................................BST-PT2............................................
 H0          : Hcmf
 nbody       : 4
 thresh_foi  : 1.0e-5
 max_number  : nothing
 opt_ref     : true
 ci_tol      : 1.0e-6
 verbose     : 1

 Length of Reference:                                  276318
 Solve zeroth-order problem:                       
 |== BST CI ========================================================
 Solve CI with # variables:                            276318
 Cache Hamiltonian:                                134.147838 seconds (149.57 M allocations: 51.691 GiB, 62.84% gc time)
 Iter:   1 SS: 4    E: -108.15053137  -108.15031648  -108.14986444  -108.14917029   R: 9.3e-06  7.0e-06  8.1e-06  6.4e-06   LinDep: 2.2e-16* 
 Iter:   2 SS: 8    E: -108.15053137  -108.15031648  -108.14986444  -108.14917029   R: 6.4e-06  4.9e-06  5.3e-06  4.5e-06   LinDep: 5.3e-15* 
 Iter:   3 SS: 12   E: -108.15053137  -108.15031648  -108.14986444  -108.14917029   R: 4.6e-06  3.5e-06  3.6e-06  2.7e-06   LinDep: 3.2e-15* 
 Iter:   4 SS: 16   E: -108.15053137  -108.15031648  -108.14986444  -108.14917029   R: 2.9e-06  2.2e-06  2.1e-06  1.4e-06   LinDep: 6.2e-15* 
 Iter:   5 SS: 20   E: -108.15053137  -108.15031648  -108.14986444  -108.14917029*  R: 1.9e-06  1.5e-06  1.3e-06  7.7e-07*  LinDep: 3.4e-15* 
 Iter:   6 SS: 24   E: -108.15053137  -108.15031648* -108.14986444* -108.14917029*  R: 1.2e-06  9.4e-07* 8.8e-07* 4.5e-07*  LinDep: 1.1e-16* 
 Iter:   7 SS: 28   E: -108.15053137* -108.15031648* -108.14986444* -108.14917029*  R: 8.5e-07* 7.0e-07* 6.8e-07* 3.3e-07*  LinDep: 1.3e-15* 
 Diagonalization time:                             514.584153 seconds
 Compute <S^2>:                                      7.174236 seconds (16.22 M allocations: 3.658 GiB, 76.56% gc time)
  Root       Energy           S2
     1 -108.15053137   0.00053693
     2 -108.15031648   2.00011462
     3 -108.14986444   5.99950259
     4 -108.14917029  11.99988075
 ==================================================================|
 Diagonalization time:                             658.048743 seconds
 Compute <0|H0|0>:                                   1.295825 seconds (3.16 M allocations: 910.434 MiB, 69.18% gc time)
  Root      <0|H|0>      <0|F|0>
     1 -108.15053137 -54.78053272
     2 -108.15031648 -54.78115786
     3 -108.14986444 -54.78251226
     4 -108.14917029 -54.78464717
 Number of jobs:    14160
 Number of threads: 64
 Time spent computing E2:                           19437.4 s Allocated:    2.9e+04 GB
 State   1: E(PT2) corr:                          -0.00005972
 State   2: E(PT2) corr:                          -0.00005525
 State   3: E(PT2) corr:                          -0.00005482
 State   4: E(PT2) corr:                          -0.00005042
  Root         E(0)         E(2)
     1 -108.15053137 -108.15059109
     2 -108.15031648 -108.15037173
     3 -108.14986444 -108.14991925
     4 -108.14917029 -108.14922071
 ......................................................................................|

 |...................................BST-PT2............................................
 H0          : Hcmf
 nbody       : 4
 thresh_foi  : 6.0e-6
 max_number  : nothing
 opt_ref     : true
 ci_tol      : 1.0e-6
 verbose     : 1

 Length of Reference:                                  276318
 Solve zeroth-order problem:                       
 |== BST CI ========================================================
 Solve CI with # variables:                            276318
 Cache Hamiltonian:                                133.524586 seconds (148.75 M allocations: 51.717 GiB, 62.61% gc time)
 Iter:   1 SS: 4    E: -108.15053137  -108.15031648  -108.14986444  -108.14917029   R: 9.3e-06  7.0e-06  8.1e-06  6.4e-06   LinDep: 2.2e-16* 
 Iter:   2 SS: 8    E: -108.15053137  -108.15031648  -108.14986444  -108.14917029   R: 6.4e-06  4.9e-06  5.3e-06  4.5e-06   LinDep: 5.3e-15* 
 Iter:   3 SS: 12   E: -108.15053137  -108.15031648  -108.14986444  -108.14917029   R: 4.6e-06  3.5e-06  3.6e-06  2.7e-06   LinDep: 3.2e-15* 
 Iter:   4 SS: 16   E: -108.15053137  -108.15031648  -108.14986444  -108.14917029   R: 2.9e-06  2.2e-06  2.1e-06  1.4e-06   LinDep: 6.2e-15* 
 Iter:   5 SS: 20   E: -108.15053137  -108.15031648  -108.14986444  -108.14917029*  R: 1.9e-06  1.5e-06  1.3e-06  7.7e-07*  LinDep: 3.4e-15* 
 Iter:   6 SS: 24   E: -108.15053137  -108.15031648* -108.14986444* -108.14917029*  R: 1.2e-06  9.4e-07* 8.8e-07* 4.5e-07*  LinDep: 1.1e-16* 
 Iter:   7 SS: 28   E: -108.15053137* -108.15031648* -108.14986444* -108.14917029*  R: 8.5e-07* 7.0e-07* 6.8e-07* 3.3e-07*  LinDep: 1.3e-15* 
 Diagonalization time:                             511.575265 seconds
 Compute <S^2>:                                      7.103499 seconds (16.22 M allocations: 3.657 GiB, 75.99% gc time)
  Root       Energy           S2
     1 -108.15053137   0.00053693
     2 -108.15031648   2.00011462
     3 -108.14986444   5.99950259
     4 -108.14917029  11.99988075
 ==================================================================|
 Diagonalization time:                             654.204346 seconds
 Compute <0|H0|0>:                                   1.455942 seconds (3.16 M allocations: 910.434 MiB, 72.44% gc time)
  Root      <0|H|0>      <0|F|0>
     1 -108.15053137 -54.78053272
     2 -108.15031648 -54.78115786
     3 -108.14986444 -54.78251226
     4 -108.14917029 -54.78464717
 Number of jobs:    14160
 Number of threads: 64
 Time spent computing E2:                           20856.9 s Allocated:    3.1e+04 GB
 State   1: E(PT2) corr:                          -0.00005973
 State   2: E(PT2) corr:                          -0.00005526
 State   3: E(PT2) corr:                          -0.00005482
 State   4: E(PT2) corr:                          -0.00005042
  Root         E(0)         E(2)
     1 -108.15053137 -108.15059110
     2 -108.15031648 -108.15037173
     3 -108.14986444 -108.14991926
     4 -108.14917029 -108.14922072
 ......................................................................................|

 |...................................BST-PT2............................................
 H0          : Hcmf
 nbody       : 4
 thresh_foi  : 1.0e-6
 max_number  : nothing
 opt_ref     : true
 ci_tol      : 1.0e-6
 verbose     : 1

 Length of Reference:                                  276318
 Solve zeroth-order problem:                       
 |== BST CI ========================================================
 Solve CI with # variables:                            276318
 Cache Hamiltonian:                                140.623350 seconds (148.87 M allocations: 51.527 GiB, 61.69% gc time)
 Iter:   1 SS: 4    E: -108.15053137  -108.15031648  -108.14986444  -108.14917029   R: 9.3e-06  7.0e-06  8.1e-06  6.4e-06   LinDep: 2.2e-16* 
 Iter:   2 SS: 8    E: -108.15053137  -108.15031648  -108.14986444  -108.14917029   R: 6.4e-06  4.9e-06  5.3e-06  4.5e-06   LinDep: 5.3e-15* 
 Iter:   3 SS: 12   E: -108.15053137  -108.15031648  -108.14986444  -108.14917029   R: 4.6e-06  3.5e-06  3.6e-06  2.7e-06   LinDep: 3.2e-15* 
 Iter:   4 SS: 16   E: -108.15053137  -108.15031648  -108.14986444  -108.14917029   R: 2.9e-06  2.2e-06  2.1e-06  1.4e-06   LinDep: 6.2e-15* 
 Iter:   5 SS: 20   E: -108.15053137  -108.15031648  -108.14986444  -108.14917029*  R: 1.9e-06  1.5e-06  1.3e-06  7.7e-07*  LinDep: 3.4e-15* 
 Iter:   6 SS: 24   E: -108.15053137  -108.15031648* -108.14986444* -108.14917029*  R: 1.2e-06  9.4e-07* 8.8e-07* 4.5e-07*  LinDep: 1.1e-16* 
 Iter:   7 SS: 28   E: -108.15053137* -108.15031648* -108.14986444* -108.14917029*  R: 8.5e-07* 7.0e-07* 6.8e-07* 3.3e-07*  LinDep: 1.3e-15* 
 Diagonalization time:                             515.409381 seconds
 Compute <S^2>:                                      7.247616 seconds (16.21 M allocations: 3.657 GiB, 76.46% gc time)
  Root       Energy           S2
     1 -108.15053137   0.00053693
     2 -108.15031648   2.00011462
     3 -108.14986444   5.99950259
     4 -108.14917029  11.99988075
 ==================================================================|
 Diagonalization time:                             665.222596 seconds
 Compute <0|H0|0>:                                   1.246898 seconds (3.16 M allocations: 910.434 MiB, 67.85% gc time)
  Root      <0|H|0>      <0|F|0>
     1 -108.15053137 -54.78053272
     2 -108.15031648 -54.78115786
     3 -108.14986444 -54.78251226
     4 -108.14917029 -54.78464717
 Number of jobs:    14160
 Number of threads: 64
 Time spent computing E2:                           23645.2 s Allocated:    3.5e+04 GB
 State   1: E(PT2) corr:                          -0.00005973
 State   2: E(PT2) corr:                          -0.00005526
 State   3: E(PT2) corr:                          -0.00005482
 State   4: E(PT2) corr:                          -0.00005043
  Root         E(0)         E(2)
     1 -108.15053137 -108.15059110
     2 -108.15031648 -108.15037173
     3 -108.14986444 -108.14991926
     4 -108.14917029 -108.14922072
 ......................................................................................|

 |...................................BST-PT2............................................
 H0          : Hcmf
 nbody       : 4
 thresh_foi  : 5.0e-7
 max_number  : nothing
 opt_ref     : true
 ci_tol      : 1.0e-6
 verbose     : 1

 Length of Reference:                                  276318
 Solve zeroth-order problem:                       
 |== BST CI ========================================================
 Solve CI with # variables:                            276318
 Cache Hamiltonian:                                134.565312 seconds (149.60 M allocations: 51.579 GiB, 62.18% gc time)
 Iter:   1 SS: 4    E: -108.15053137  -108.15031648  -108.14986444  -108.14917029   R: 9.3e-06  7.0e-06  8.1e-06  6.4e-06   LinDep: 2.2e-16* 
 Iter:   2 SS: 8    E: -108.15053137  -108.15031648  -108.14986444  -108.14917029   R: 6.4e-06  4.9e-06  5.3e-06  4.5e-06   LinDep: 5.3e-15* 
 Iter:   3 SS: 12   E: -108.15053137  -108.15031648  -108.14986444  -108.14917029   R: 4.6e-06  3.5e-06  3.6e-06  2.7e-06   LinDep: 3.2e-15* 
 Iter:   4 SS: 16   E: -108.15053137  -108.15031648  -108.14986444  -108.14917029   R: 2.9e-06  2.2e-06  2.1e-06  1.4e-06   LinDep: 6.2e-15* 
 Iter:   5 SS: 20   E: -108.15053137  -108.15031648  -108.14986444  -108.14917029*  R: 1.9e-06  1.5e-06  1.3e-06  7.7e-07*  LinDep: 3.4e-15* 
 Iter:   6 SS: 24   E: -108.15053137  -108.15031648* -108.14986444* -108.14917029*  R: 1.2e-06  9.4e-07* 8.8e-07* 4.5e-07*  LinDep: 1.1e-16* 
 Iter:   7 SS: 28   E: -108.15053137* -108.15031648* -108.14986444* -108.14917029*  R: 8.5e-07* 7.0e-07* 6.8e-07* 3.3e-07*  LinDep: 1.3e-15* 
 Diagonalization time:                             517.113670 seconds
 Compute <S^2>:                                      6.986520 seconds (16.23 M allocations: 3.658 GiB, 75.84% gc time)
  Root       Energy           S2
     1 -108.15053137   0.00053693
     2 -108.15031648   2.00011462
     3 -108.14986444   5.99950259
     4 -108.14917029  11.99988075
 ==================================================================|
 Diagonalization time:                             660.795834 seconds
 Compute <0|H0|0>:                                   0.737662 seconds (3.16 M allocations: 910.434 MiB, 45.06% gc time)
  Root      <0|H|0>      <0|F|0>
     1 -108.15053137 -54.78053272
     2 -108.15031648 -54.78115786
     3 -108.14986444 -54.78251226
     4 -108.14917029 -54.78464717
 Number of jobs:    14160
 Number of threads: 64
 Time spent computing E2:                           25211.7 s Allocated:    3.7e+04 GB
 State   1: E(PT2) corr:                          -0.00005973
 State   2: E(PT2) corr:                          -0.00005526
 State   3: E(PT2) corr:                          -0.00005482
 State   4: E(PT2) corr:                          -0.00005043
  Root         E(0)         E(2)
     1 -108.15053137 -108.15059110
     2 -108.15031648 -108.15037173
     3 -108.14986444 -108.14991926
     4 -108.14917029 -108.14922072
 ......................................................................................|

 |...................................BST-PT2............................................
 H0          : Hcmf
 nbody       : 4
 thresh_foi  : 1.0e-7
 max_number  : nothing
 opt_ref     : true
 ci_tol      : 1.0e-6
 verbose     : 1

 Length of Reference:                                  276318
 Solve zeroth-order problem:                       
 |== BST CI ========================================================
 Solve CI with # variables:                            276318
 Cache Hamiltonian:                                131.630388 seconds (149.58 M allocations: 51.704 GiB, 60.87% gc time)
 Iter:   1 SS: 4    E: -108.15053137  -108.15031648  -108.14986444  -108.14917029   R: 9.3e-06  7.0e-06  8.1e-06  6.4e-06   LinDep: 2.2e-16* 
 Iter:   2 SS: 8    E: -108.15053137  -108.15031648  -108.14986444  -108.14917029   R: 6.4e-06  4.9e-06  5.3e-06  4.5e-06   LinDep: 5.3e-15* 
 Iter:   3 SS: 12   E: -108.15053137  -108.15031648  -108.14986444  -108.14917029   R: 4.6e-06  3.5e-06  3.6e-06  2.7e-06   LinDep: 3.2e-15* 
 Iter:   4 SS: 16   E: -108.15053137  -108.15031648  -108.14986444  -108.14917029   R: 2.9e-06  2.2e-06  2.1e-06  1.4e-06   LinDep: 6.2e-15* 
 Iter:   5 SS: 20   E: -108.15053137  -108.15031648  -108.14986444  -108.14917029*  R: 1.9e-06  1.5e-06  1.3e-06  7.7e-07*  LinDep: 3.4e-15* 
 Iter:   6 SS: 24   E: -108.15053137  -108.15031648* -108.14986444* -108.14917029*  R: 1.2e-06  9.4e-07* 8.8e-07* 4.5e-07*  LinDep: 1.1e-16* 
 Iter:   7 SS: 28   E: -108.15053137* -108.15031648* -108.14986444* -108.14917029*  R: 8.5e-07* 7.0e-07* 6.8e-07* 3.3e-07*  LinDep: 1.3e-15* 
 Diagonalization time:                             516.413300 seconds
 Compute <S^2>:                                      7.302992 seconds (16.24 M allocations: 3.658 GiB, 76.81% gc time)
  Root       Energy           S2
     1 -108.15053137   0.00053693
     2 -108.15031648   2.00011462
     3 -108.14986444   5.99950259
     4 -108.14917029  11.99988075
 ==================================================================|
 Diagonalization time:                             657.421156 seconds
 Compute <0|H0|0>:                                   1.240613 seconds (3.16 M allocations: 910.434 MiB, 67.48% gc time)
  Root      <0|H|0>      <0|F|0>
     1 -108.15053137 -54.78053272
     2 -108.15031648 -54.78115786
     3 -108.14986444 -54.78251226
     4 -108.14917029 -54.78464717
 Number of jobs:    14160
 Number of threads: 64
 Time spent computing E2:                           26079.9 s Allocated:    3.9e+04 GB
 State   1: E(PT2) corr:                          -0.00005973
 State   2: E(PT2) corr:                          -0.00005526
 State   3: E(PT2) corr:                          -0.00005482
 State   4: E(PT2) corr:                          -0.00005043
  Root         E(0)         E(2)
     1 -108.15053137 -108.15059110
     2 -108.15031648 -108.15037173
     3 -108.14986444 -108.14991926
     4 -108.14917029 -108.14922072
 ......................................................................................|

 |...................................BST-PT2............................................
 H0          : Hcmf
 nbody       : 4
 thresh_foi  : 1.0e-8
 max_number  : nothing
 opt_ref     : true
 ci_tol      : 1.0e-6
 verbose     : 1

 Length of Reference:                                  276318
 Solve zeroth-order problem:                       
 |== BST CI ========================================================
 Solve CI with # variables:                            276318
 Cache Hamiltonian:                                124.354198 seconds (149.64 M allocations: 51.726 GiB, 64.94% gc time)
 Iter:   1 SS: 4    E: -108.15053137  -108.15031648  -108.14986444  -108.14917029   R: 9.3e-06  7.0e-06  8.1e-06  6.4e-06   LinDep: 2.2e-16* 
 Iter:   2 SS: 8    E: -108.15053137  -108.15031648  -108.14986444  -108.14917029   R: 6.4e-06  4.9e-06  5.3e-06  4.5e-06   LinDep: 5.3e-15* 
 Iter:   3 SS: 12   E: -108.15053137  -108.15031648  -108.14986444  -108.14917029   R: 4.6e-06  3.5e-06  3.6e-06  2.7e-06   LinDep: 3.2e-15* 
 Iter:   4 SS: 16   E: -108.15053137  -108.15031648  -108.14986444  -108.14917029   R: 2.9e-06  2.2e-06  2.1e-06  1.4e-06   LinDep: 6.2e-15* 
 Iter:   5 SS: 20   E: -108.15053137  -108.15031648  -108.14986444  -108.14917029*  R: 1.9e-06  1.5e-06  1.3e-06  7.7e-07*  LinDep: 3.4e-15* 
 Iter:   6 SS: 24   E: -108.15053137  -108.15031648* -108.14986444* -108.14917029*  R: 1.2e-06  9.4e-07* 8.8e-07* 4.5e-07*  LinDep: 1.1e-16* 
 Iter:   7 SS: 28   E: -108.15053137* -108.15031648* -108.14986444* -108.14917029*  R: 8.5e-07* 7.0e-07* 6.8e-07* 3.3e-07*  LinDep: 1.3e-15* 
 Diagonalization time:                             519.354929 seconds
 Compute <S^2>:                                      7.137410 seconds (16.23 M allocations: 3.658 GiB, 76.37% gc time)
  Root       Energy           S2
     1 -108.15053137   0.00053693
     2 -108.15031648   2.00011462
     3 -108.14986444   5.99950259
     4 -108.14917029  11.99988075
 ==================================================================|
 Diagonalization time:                             652.838272 seconds
 Compute <0|H0|0>:                                   0.997634 seconds (3.16 M allocations: 910.434 MiB, 59.64% gc time)
  Root      <0|H|0>      <0|F|0>
     1 -108.15053137 -54.78053272
     2 -108.15031648 -54.78115786
     3 -108.14986444 -54.78251226
     4 -108.14917029 -54.78464717
 Number of jobs:    14160
 Number of threads: 64
 Time spent computing E2:                           26709.4 s Allocated:    4.0e+04 GB
 State   1: E(PT2) corr:                          -0.00005973
 State   2: E(PT2) corr:                          -0.00005526
 State   3: E(PT2) corr:                          -0.00005482
 State   4: E(PT2) corr:                          -0.00005043
  Root         E(0)         E(2)
     1 -108.15053137 -108.15059110
     2 -108.15031648 -108.15037173
     3 -108.14986444 -108.14991926
     4 -108.14917029 -108.14922072
 ......................................................................................|
