/home/arnab22/.conda/envs/bst/lib/python3.11/site-packages/pyscf/dft/libxc.py:771: UserWarning: Since PySCF-2.3, B3LYP (and B3P86) are changed to the VWN-RPA variant, corresponding to the original definition by Stephens et al. (issue 1480) and the same as the B3LYP functional in Gaussian. To restore the VWN5 definition, you can put the setting "B3LYP_WITH_VWN5 = True" in pyscf_conf.py
  warnings.warn('Since PySCF-2.3, B3LYP (and B3P86) are changed to the VWN-RPA variant, '
IDX001:DIM4096:001|002|003|004|005|006|
IDX002:DIM4096:007|008|009|010|011|012|
IDX003:DIM4096:013|014|015|016|017|018|
IDX004:DIM4096:019|020|021|022|023|024|
 Solve OO-CMF with newton
Overwritten attributes  conv_tol_residual  of <class 'pyscf.fci.direct_spin1.FCISolver'>
 Step:    1 E: -919.546261023109 G:     4.63e-01  
 Step:    2 E: -919.616606527079 G:     5.36e-03  
 Step:    3 E: -919.616620595137 G:     1.42e-04  
 Step:    4 E: -919.616620612362 G:     1.29e-05  
 Step:    5 E: -919.616620612530 G:     1.33e-06  
 Step:    6 E: -919.616620612532 G:     1.41e-07  
 Step:    7 E: -919.616620612532 G:     1.53e-08  
 Step:    8 E: -919.616620612532 G:     1.67e-09   
 Remove duplicates
 Number of terms reduced from  1036 to   472
IDX001:DIM4096:001|002|003|004|005|006|
IDX002:DIM4096:007|008|009|010|011|012|
IDX003:DIM4096:013|014|015|016|017|018|
IDX004:DIM4096:019|020|021|022|023|024|
 max_iter         : 20
 nbody            : 4
 H0               : Hcmf
 thresh_var       : 0.01
 thresh_foi       : 0.001
 thresh_pt        : 0.0031622776601683794
 thresh_spin      : nothing
 ci_conv          : 1.0e-5
 ci_max_iter      : 50
 ci_max_ss_vecs   : 12
 ci_lindep_thresh : 1.0e-10
 resolve_ss       : true
 do_pt            : true
 tol_tucker       : 0.0001



 ===================================================================
     BST Iteration:    1 epsilon:   0.01000000
 ===================================================================
 Ref state compressed from:                                 1 → 1          (thresh_var  =  1.0e-02)
 Get eigenstate for compressed reference space:    
 |== BST CI ========================================================
 Solve CI with # variables:                                 1
 Cache Hamiltonian:                                  3.728635 seconds (6.91 M allocations: 336.889 MiB, 99.87% compilation time: 1% of which was recompilation)
 Iter:   1 SS: 1    E:  -46.07189951*  R: 0.0e+00*  LinDep: 0.0e+00* 
 Diagonalization time:                               6.345690 seconds
 Compute <S^2>:                                      0.003380 seconds (855 allocations: 130.281 KiB, 90.90% compilation time)
  Root       Energy           S2
     1 -46.07189951   0.00000000
 ==================================================================|
 Compute <S^2>:                                      0.005832 seconds (1.06 k allocations: 153.031 KiB, 91.42% compilation time)
  Root       Energy           S2
     1 -46.07189951   0.00000000

 Compute PT1 wavefunction. Reference space dim:             1
 In build_compressed_1st_order_state
 Setup threaded jobs:                                0.000144 seconds (768 allocations: 85.031 KiB)
 Number of tasks:                                         253
 Compute matrix-vector:                             44.519702 seconds (90.65 M allocations: 5.223 GiB, 98.66% compilation time)
 Now collect thread results :                        0.021174 seconds (1.32 k allocations: 87.047 KiB, 99.42% compilation time)
 Compressing final σ vector:
   Iter:    1          537 →          537
 Compute Compressed FOIS:                           45.695956 seconds   5.77e+00 Gb

 |...................................BST-PT2............................................
 Length of input      FOIS:                               537
 Compute <X|H|0>:                                    4.330200 seconds   2.47e-01 Gb
 Compute <X|F|0>:                                    0.000232 seconds   1.62e-04 Gb
 State   1: E(PT2) corr:                          -0.01176698
  Root         E(0)         E(2)
     1 -46.07189951 -46.08366649
 ......................................................................................|
 Total time spent building FOIS:                    50.467018 seconds
 FOIS compressed from:                                    537 → 492        (thresh_foi  =  1.0e-03)

 Variational space increased from:                          1 → 171        (thresh_pt   =  3.2e-03)
 Add new space to variational space:                 0.002038 seconds
 |== BST CI ========================================================
 Solve CI with # variables:                               171
 Cache Hamiltonian:                                 11.004058 seconds (8.59 M allocations: 601.774 MiB, 76.55% compilation time)
 Iter:   1 SS: 1    E:  -46.07189951   R: 1.0e-01   LinDep: 0.0e+00* 
 Iter:   2 SS: 2    E:  -46.08446425   R: 1.8e-02   LinDep: 3.3e-16* 
 Iter:   3 SS: 3    E:  -46.08511018   R: 8.7e-03   LinDep: 0.0e+00* 
 Iter:   4 SS: 4    E:  -46.08521373   R: 1.8e-03   LinDep: 3.3e-16* 
 Iter:   5 SS: 5    E:  -46.08521738   R: 2.9e-04   LinDep: 1.3e-15* 
 Iter:   6 SS: 6    E:  -46.08521750   R: 4.8e-05   LinDep: 2.2e-16* 
 Iter:   7 SS: 7    E:  -46.08521751   R: 1.2e-05   LinDep: 8.9e-16* 
 Iter:   8 SS: 8    E:  -46.08521751*  R: 5.1e-06*  LinDep: 1.0e-15* 
 Diagonalization time:                               1.087430 seconds
 Compute <S^2>:                                      0.017707 seconds (39.67 k allocations: 9.998 MiB)
  Root       Energy           S2
     1 -46.08521751   0.00004329
 ==================================================================|
 E(Reference):       -46.07189951 
 E(PT2):             -46.08366649 
 E(BST):             -46.08521751 




 ===================================================================
     BST Iteration:    2 epsilon:   0.01000000
 ===================================================================
 Ref state compressed from:                               171 → 82         (thresh_var  =  1.0e-02)
 Get eigenstate for compressed reference space:    
 |== BST CI ========================================================
 Solve CI with # variables:                                82
 Cache Hamiltonian:                                  1.827127 seconds (203.23 k allocations: 206.636 MiB, 0.81% compilation time)
 Iter:   1 SS: 1    E:  -46.08450851   R: 1.5e-03   LinDep: 8.9e-16* 
 Iter:   2 SS: 2    E:  -46.08451258   R: 6.4e-04   LinDep: 1.3e-15* 
 Iter:   3 SS: 3    E:  -46.08451313   R: 2.2e-04   LinDep: 4.4e-16* 
 Iter:   4 SS: 4    E:  -46.08451320   R: 4.4e-05   LinDep: 6.7e-16* 
 Iter:   5 SS: 5    E:  -46.08451320*  R: 2.2e-06*  LinDep: 0.0e+00* 
 Diagonalization time:                               0.107237 seconds
 Compute <S^2>:                                      0.021914 seconds (46.63 k allocations: 8.969 MiB, 32.21% compilation time)
  Root       Energy           S2
     1 -46.08451320   0.00004289
 ==================================================================|
 Compute <S^2>:                                      0.014772 seconds (31.75 k allocations: 8.281 MiB)
  Root       Energy           S2
     1 -46.08451320   0.00004289

 Compute PT1 wavefunction. Reference space dim:            82
 In build_compressed_1st_order_state
 Setup threaded jobs:                                0.001713 seconds (9.48 k allocations: 737.250 KiB)
 Number of tasks:                                        1801
 Compute matrix-vector:                             20.050799 seconds (6.90 M allocations: 13.744 GiB, 6.93% gc time, 2.14% compilation time)
 Now collect thread results :                        0.000599 seconds (3.62 k allocations: 199.359 KiB)
 Compressing final σ vector:
   Iter:    1          920 →          820
   Iter:    2          820 →          820
 Compute Compressed FOIS:                           20.060682 seconds   1.48e+01 Gb

 |...................................BST-PT2............................................
 Length of input      FOIS:                               820
 Compute <X|H|0>:                                    4.633102 seconds   4.90e-01 Gb
 Compute <X|F|0>:                                    0.003362 seconds   4.61e-03 Gb
 State   1: E(PT2) corr:                          -0.00108667
  Root         E(0)         E(2)
     1 -46.08451320 -46.08559987
 ......................................................................................|
 Total time spent building FOIS:                    26.405762 seconds
 FOIS compressed from:                                    820 → 507        (thresh_foi  =  1.0e-03)

 Variational space increased from:                         82 → 179        (thresh_pt   =  3.2e-03)
 Add new space to variational space:                 0.003691 seconds
 |== BST CI ========================================================
 Solve CI with # variables:                               179
 Cache Hamiltonian:                                  2.853704 seconds (288.19 k allocations: 266.660 MiB)
 Iter:   1 SS: 1    E:  -46.08534291   R: 5.8e-03   LinDep: 2.2e-16* 
 Iter:   2 SS: 2    E:  -46.08539329   R: 1.4e-03   LinDep: 0.0e+00* 
 Iter:   3 SS: 3    E:  -46.08539598   R: 5.1e-04   LinDep: 1.0e-15* 
 Iter:   4 SS: 4    E:  -46.08539637   R: 1.7e-04   LinDep: 1.4e-15* 
 Iter:   5 SS: 5    E:  -46.08539642   R: 3.9e-05   LinDep: 8.9e-16* 
 Iter:   6 SS: 6    E:  -46.08539642   R: 1.2e-05   LinDep: 1.1e-15* 
 Iter:   7 SS: 7    E:  -46.08539642*  R: 2.7e-06*  LinDep: 1.1e-15* 
 Diagonalization time:                               0.252192 seconds
 Compute <S^2>:                                      0.018626 seconds (50.91 k allocations: 11.786 MiB)
  Root       Energy           S2
     1 -46.08539642   0.00011562
 ==================================================================|
 E(Reference):       -46.08451320 
 E(PT2):             -46.08559987 
 E(BST):             -46.08539642 




 ===================================================================
     BST Iteration:    3 epsilon:   0.01000000
 ===================================================================
 Ref state compressed from:                               179 → 82         (thresh_var  =  1.0e-02)
 Get eigenstate for compressed reference space:    
 |== BST CI ========================================================
 Solve CI with # variables:                                82
 Cache Hamiltonian:                                  1.728618 seconds (193.75 k allocations: 206.157 MiB, 0.43% compilation time)
 Iter:   1 SS: 1    E:  -46.08461646   R: 1.7e-03   LinDep: 3.3e-16* 
 Iter:   2 SS: 2    E:  -46.08462159   R: 7.0e-04   LinDep: 2.2e-16* 
 Iter:   3 SS: 3    E:  -46.08462232   R: 2.7e-04   LinDep: 0.0e+00* 
 Iter:   4 SS: 4    E:  -46.08462242   R: 6.3e-05   LinDep: 2.2e-16* 
 Iter:   5 SS: 5    E:  -46.08462242*  R: 6.5e-06*  LinDep: 2.2e-16* 
 Diagonalization time:                               0.098570 seconds
 Compute <S^2>:                                      0.012666 seconds (31.31 k allocations: 8.158 MiB)
  Root       Energy           S2
     1 -46.08462242   0.00011407
 ==================================================================|
 Compute <S^2>:                                      0.012686 seconds (31.99 k allocations: 8.295 MiB)
  Root       Energy           S2
     1 -46.08462242   0.00011407

 Compute PT1 wavefunction. Reference space dim:            82
 In build_compressed_1st_order_state
 Setup threaded jobs:                                0.001495 seconds (9.48 k allocations: 737.250 KiB)
 Number of tasks:                                        1801
 Compute matrix-vector:                             19.223733 seconds (5.91 M allocations: 13.694 GiB, 6.39% gc time, 0.15% compilation time)
 Now collect thread results :                        0.000548 seconds (3.62 k allocations: 199.359 KiB)
 Compressing final σ vector:
   Iter:    1          914 →          822
   Iter:    2          822 →          822
 Compute Compressed FOIS:                           19.233667 seconds   1.47e+01 Gb

 |...................................BST-PT2............................................
 Length of input      FOIS:                               822
 Compute <X|H|0>:                                    4.680244 seconds   4.98e-01 Gb
 Compute <X|F|0>:                                    0.003390 seconds   4.61e-03 Gb
 State   1: E(PT2) corr:                          -0.00097297
  Root         E(0)         E(2)
     1 -46.08462242 -46.08559539
 ......................................................................................|
 Total time spent building FOIS:                    25.625120 seconds
 FOIS compressed from:                                    822 → 507        (thresh_foi  =  1.0e-03)

 Variational space increased from:                         82 → 179        (thresh_pt   =  3.2e-03)
 Add new space to variational space:                 0.003674 seconds
 |== BST CI ========================================================
 Solve CI with # variables:                               179
 Cache Hamiltonian:                                  3.002633 seconds (284.80 k allocations: 266.195 MiB, 2.44% gc time)
 Iter:   1 SS: 1    E:  -46.08542351   R: 5.3e-04   LinDep: 8.9e-16* 
 Iter:   2 SS: 2    E:  -46.08542394   R: 2.1e-04   LinDep: 8.9e-16* 
 Iter:   3 SS: 3    E:  -46.08542401   R: 7.9e-05   LinDep: 6.7e-16* 
 Iter:   4 SS: 4    E:  -46.08542402   R: 2.1e-05   LinDep: 1.0e-15* 
 Iter:   5 SS: 5    E:  -46.08542402*  R: 4.4e-06*  LinDep: 4.4e-16* 
 Diagonalization time:                               0.175449 seconds
 Compute <S^2>:                                      0.019267 seconds (50.47 k allocations: 11.760 MiB)
Parsing fcidump_4mer
  Root       Energy           S2
     1 -46.08542402   0.00016372
 ==================================================================|
 E(Reference):       -46.08462242 
 E(PT2):             -46.08559539 
 E(BST):             -46.08542402 

*Converged E(Ref):             -46.08462242 
*Converged E(BST):             -46.08542402 

 Energies per BST iteration:
   Projected Energies: 
   Iter:   1   -46.07189951 Dim:         1
   Iter:   2   -46.08451320 Dim:        82
   Iter:   3   -46.08462242 Dim:        82

   Variational Energies: 
   Iter:   1   -46.08521751 Dim:       171
   Iter:   2   -46.08539642 Dim:       179
   Iter:   3   -46.08542402 Dim:       179
 ─────────────────────────────────────────────────────────────────────────
                                 Time                    Allocations      
                        ───────────────────────   ────────────────────────
    Tot / % measured:         137s /  99.0%           38.1GiB /  99.9%    

 Section        ncalls     time    %tot     avg     alloc    %tot      avg
 ─────────────────────────────────────────────────────────────────────────
 FOIS                3     102s   75.7%   34.2s   34.5GiB   90.7%  11.5GiB
 CI big              3    18.4s   13.6%   6.15s   1.60GiB    4.2%   545MiB
 CI small            3    14.4s   10.6%   4.80s   1.91GiB    5.0%   652MiB
 S2                  3   33.3ms    0.0%  11.1ms   16.7MiB    0.0%  5.57MiB
 compress            6   14.3ms    0.0%  2.39ms   7.91MiB    0.0%  1.32MiB
 add                 3   3.68ms    0.0%  1.23ms   3.21MiB    0.0%  1.07MiB
 project             3   1.33ms    0.0%   445μs    691KiB    0.0%   230KiB
 s2 extension        3   3.07μs    0.0%  1.02μs     0.00B    0.0%    0.00B
 ─────────────────────────────────────────────────────────────────────────
 ==================================================================|
