tc118
Resetting modules to system default. Reseting $MODULEPATH back to system default. All extra directories will be removed from $MODULEPATH.
Usage: sbatch submit.sh {input file} {data file} {data file}
benz-p1_spf.jl
benz-p1_spf.jl.out
/home/arnab22/SPF-data/P1
/localscratch/1913649
sending incremental file list
benz-p1_spf.jl.out

sent 121 bytes  received 35 bytes  312.00 bytes/sec
total size is 0  speedup is 0.00
sending incremental file list
benz-p1_spf.jl.out

sent 604 bytes  received 35 bytes  1,278.00 bytes/sec
total size is 478  speedup is 0.75
sending incremental file list
benz-p1_spf.jl.out

sent 1,512 bytes  received 35 bytes  3,094.00 bytes/sec
total size is 1,386  speedup is 0.90
sending incremental file list
benz-p1_spf.jl.out

sent 3,110 bytes  received 35 bytes  6,290.00 bytes/sec
total size is 2,984  speedup is 0.95
sending incremental file list
benz-p1_spf.jl.out

sent 9,135 bytes  received 35 bytes  18,340.00 bytes/sec
total size is 9,009  speedup is 0.98
rm: cannot remove ‘tmpfs’: Device or resource busy
