/home/arnab22/.conda/envs/bst/lib/python3.11/site-packages/pyscf/dft/libxc.py:771: UserWarning: Since PySCF-2.3, B3LYP (and B3P86) are changed to the VWN-RPA variant, corresponding to the original definition by Stephens et al. (issue 1480) and the same as the B3LYP functional in Gaussian. To restore the VWN5 definition, you can put the setting "B3LYP_WITH_VWN5 = True" in pyscf_conf.py
  warnings.warn('Since PySCF-2.3, B3LYP (and B3P86) are changed to the VWN-RPA variant, '
IDX001:DIM4096:001|002|003|004|005|006|
IDX002:DIM4096:007|008|009|010|011|012|
IDX003:DIM4096:013|014|015|016|017|018|
IDX004:DIM4096:019|020|021|022|023|024|
 Solve OO-CMF with newton
Overwritten attributes  conv_tol_residual  of <class 'pyscf.fci.direct_spin1.FCISolver'>
 Step:    1 E: -915.776343335146 G:     6.43e-01  
 Step:    2 E: -915.920780626433 G:     5.00e-02  
 Step:    3 E: -915.922146595510 G:     1.04e-02  
 Step:    4 E: -915.922216949338 G:     2.98e-03  
 Step:    5 E: -915.922223132503 G:     8.70e-04  
 Step:    6 E: -915.922223678176 G:     2.56e-04  
 Step:    7 E: -915.922223726338 G:     7.56e-05  
 Step:    8 E: -915.922223730591 G:     2.24e-05  
 Step:    9 E: -915.922223730966 G:     6.63e-06  
 Step:   10 E: -915.922223730999 G:     1.97e-06  
 Step:   11 E: -915.922223731002 G:     5.84e-07  
 Step:   12 E: -915.922223731002 G:     1.73e-07  
 Step:   13 E: -915.922223731002 G:     5.15e-08  
 Step:   14 E: -915.922223731002 G:     1.53e-08  
 Step:   15 E: -915.922223731002 G:     4.54e-09   
 Remove duplicates
 Number of terms reduced from  1036 to   472
IDX001:DIM4096:001|002|003|004|005|006|
IDX002:DIM4096:007|008|009|010|011|012|
IDX003:DIM4096:013|014|015|016|017|018|
IDX004:DIM4096:019|020|021|022|023|024|
 max_iter         : 20
 nbody            : 4
 H0               : Hcmf
 thresh_var       : 0.01
 thresh_foi       : 0.001
 thresh_pt        : 0.0031622776601683794
 thresh_spin      : nothing
 ci_conv          : 1.0e-5
 ci_max_iter      : 50
 ci_max_ss_vecs   : 12
 ci_lindep_thresh : 1.0e-10
 resolve_ss       : true
 do_pt            : true
 tol_tucker       : 0.0001



 ===================================================================
     BST Iteration:    1 epsilon:   0.01000000
 ===================================================================
 Ref state compressed from:                                 1 → 1          (thresh_var  =  1.0e-02)
 Get eigenstate for compressed reference space:    
 |== BST CI ========================================================
 Solve CI with # variables:                                 1
 Cache Hamiltonian:                                  3.671294 seconds (6.91 M allocations: 336.889 MiB, 99.89% compilation time: 1% of which was recompilation)
 Iter:   1 SS: 1    E:  -49.50815278*  R: 0.0e+00*  LinDep: 0.0e+00* 
 Diagonalization time:                               6.296574 seconds
 Compute <S^2>:                                      0.003292 seconds (855 allocations: 130.281 KiB, 91.61% compilation time)
  Root       Energy           S2
     1 -49.50815278   0.00000000
 ==================================================================|
 Compute <S^2>:                                      0.005868 seconds (1.06 k allocations: 151.031 KiB, 91.66% compilation time)
  Root       Energy           S2
     1 -49.50815278   0.00000000

 Compute PT1 wavefunction. Reference space dim:             1
 In build_compressed_1st_order_state
 Setup threaded jobs:                                0.000141 seconds (768 allocations: 85.031 KiB)
 Number of tasks:                                         253
 Compute matrix-vector:                             44.467045 seconds (90.67 M allocations: 5.241 GiB, 1.26% gc time, 98.83% compilation time)
 Now collect thread results :                        0.021045 seconds (1.32 k allocations: 87.047 KiB, 99.41% compilation time)
 Compressing final σ vector:
   Iter:    1         1627 →         1525
   Iter:    2         1525 →         1525
 Compute Compressed FOIS:                           45.632284 seconds   5.79e+00 Gb

 |...................................BST-PT2............................................
 Length of input      FOIS:                              1525
 Compute <X|H|0>:                                    4.264329 seconds   2.48e-01 Gb
 Compute <X|F|0>:                                    0.000349 seconds   2.33e-04 Gb
 State   1: E(PT2) corr:                          -0.02425667
  Root         E(0)         E(2)
     1 -49.50815278 -49.53240945
 ......................................................................................|
 Total time spent building FOIS:                    50.339467 seconds
 FOIS compressed from:                                   1525 → 1242       (thresh_foi  =  1.0e-03)

 Variational space increased from:                          1 → 565        (thresh_pt   =  3.2e-03)
 Add new space to variational space:                 0.003982 seconds
 |== BST CI ========================================================
 Solve CI with # variables:                               565
 Cache Hamiltonian:                                 17.938085 seconds (9.50 M allocations: 827.447 MiB, 44.10% compilation time)
 Iter:   1 SS: 1    E:  -49.50815278   R: 1.5e-01   LinDep: 0.0e+00* 
 Iter:   2 SS: 2    E:  -49.53376298   R: 3.2e-02   LinDep: 4.4e-16* 
 Iter:   3 SS: 3    E:  -49.53574414   R: 1.8e-02   LinDep: 2.2e-16* 
 Iter:   4 SS: 4    E:  -49.53611885   R: 4.3e-03   LinDep: 0.0e+00* 
 Iter:   5 SS: 5    E:  -49.53613985   R: 9.5e-04   LinDep: 4.4e-16* 
 Iter:   6 SS: 6    E:  -49.53614101   R: 3.1e-04   LinDep: 1.1e-15* 
 Iter:   7 SS: 7    E:  -49.53614113   R: 9.7e-05   LinDep: 4.4e-16* 
 Iter:   8 SS: 8    E:  -49.53614114   R: 2.8e-05   LinDep: 1.1e-15* 
 Iter:   9 SS: 9    E:  -49.53614114*  R: 8.9e-06*  LinDep: 2.2e-16* 
 Diagonalization time:                               2.894277 seconds
 Compute <S^2>:                                      0.047927 seconds (124.84 k allocations: 27.351 MiB)
  Root       Energy           S2
     1 -49.53614114   0.00038256
 ==================================================================|
 E(Reference):       -49.50815278 
 E(PT2):             -49.53240945 
 E(BST):             -49.53614114 




 ===================================================================
     BST Iteration:    2 epsilon:   0.01000000
 ===================================================================
 Ref state compressed from:                               565 → 187        (thresh_var  =  1.0e-02)
 Get eigenstate for compressed reference space:    
 |== BST CI ========================================================
 Solve CI with # variables:                               187
 Cache Hamiltonian:                                  2.508743 seconds (277.42 k allocations: 224.301 MiB, 0.29% compilation time)
 Iter:   1 SS: 1    E:  -49.53237437   R: 5.3e-03   LinDep: 5.6e-16* 
 Iter:   2 SS: 2    E:  -49.53241482   R: 1.5e-03   LinDep: 7.8e-16* 
 Iter:   3 SS: 3    E:  -49.53241784   R: 6.6e-04   LinDep: 4.4e-16* 
 Iter:   4 SS: 4    E:  -49.53241844   R: 1.4e-04   LinDep: 2.2e-16* 
 Iter:   5 SS: 5    E:  -49.53241847   R: 2.2e-05   LinDep: 7.8e-16* 
 Iter:   6 SS: 6    E:  -49.53241847*  R: 4.5e-06*  LinDep: 2.2e-16* 
 Diagonalization time:                               0.173294 seconds
 Compute <S^2>:                                      0.016739 seconds (43.43 k allocations: 10.015 MiB)
  Root       Energy           S2
     1 -49.53241847   0.00006226
 ==================================================================|
 Compute <S^2>:                                      0.016850 seconds (44.19 k allocations: 10.201 MiB)
  Root       Energy           S2
     1 -49.53241847   0.00006226

 Compute PT1 wavefunction. Reference space dim:           187
 In build_compressed_1st_order_state
 Setup threaded jobs:                                0.001835 seconds (10.77 k allocations: 826.359 KiB)
 Number of tasks:                                        2012
 Compute matrix-vector:                             28.276951 seconds (9.06 M allocations: 24.148 GiB, 2.90% gc time, 3.40% compilation time)
 Now collect thread results :                        0.000633 seconds (4.04 k allocations: 308.672 KiB)
 Compressing final σ vector:
   Iter:    1         8578 →         7978
   Iter:    2         7978 →         7834
   Iter:    3         7834 →         7834
 Compute Compressed FOIS:                           28.304087 seconds   2.59e+01 Gb

 |...................................BST-PT2............................................
 Length of input      FOIS:                              7834
 Compute <X|H|0>:                                   11.062709 seconds   6.09e-01 Gb
 Compute <X|F|0>:                                    0.004741 seconds   6.38e-03 Gb
 State   1: E(PT2) corr:                          -0.00476968
  Root         E(0)         E(2)
     1 -49.53241847 -49.53718815
 ......................................................................................|
 Total time spent building FOIS:                    41.894837 seconds
 FOIS compressed from:                                   7834 → 1550       (thresh_foi  =  1.0e-03)

 Variational space increased from:                        187 → 566        (thresh_pt   =  3.2e-03)
 Add new space to variational space:                 0.007222 seconds
 |== BST CI ========================================================
 Solve CI with # variables:                               566
 Cache Hamiltonian:                                 13.448804 seconds (1.31 M allocations: 462.297 MiB)
 Iter:   1 SS: 1    E:  -49.53649498   R: 1.1e-02   LinDep: 2.2e-16* 
 Iter:   2 SS: 2    E:  -49.53664985   R: 2.6e-03   LinDep: 0.0e+00* 
 Iter:   3 SS: 3    E:  -49.53665805   R: 8.4e-04   LinDep: 2.2e-16* 
 Iter:   4 SS: 4    E:  -49.53665923   R: 4.0e-04   LinDep: 4.4e-16* 
 Iter:   5 SS: 5    E:  -49.53665945   R: 1.0e-04   LinDep: 1.3e-15* 
 Iter:   6 SS: 6    E:  -49.53665946   R: 2.8e-05   LinDep: 3.3e-16* 
 Iter:   7 SS: 7    E:  -49.53665946*  R: 6.8e-06*  LinDep: 8.9e-16* 
 Diagonalization time:                               1.296450 seconds
 Compute <S^2>:                                      0.053594 seconds (132.58 k allocations: 28.408 MiB)
  Root       Energy           S2
     1 -49.53665946   0.00062715
 ==================================================================|
 E(Reference):       -49.53241847 
 E(PT2):             -49.53718815 
 E(BST):             -49.53665946 




 ===================================================================
     BST Iteration:    3 epsilon:   0.01000000
 ===================================================================
 Ref state compressed from:                               566 → 188        (thresh_var  =  1.0e-02)
 Get eigenstate for compressed reference space:    
 |== BST CI ========================================================
 Solve CI with # variables:                               188
 Cache Hamiltonian:                                  4.151470 seconds (312.99 k allocations: 247.144 MiB)
 Iter:   1 SS: 1    E:  -49.53259249   R: 6.3e-03   LinDep: 6.7e-16* 
 Iter:   2 SS: 2    E:  -49.53265199   R: 1.9e-03   LinDep: 4.4e-16* 
 Iter:   3 SS: 3    E:  -49.53265759   R: 8.1e-04   LinDep: 2.2e-16* 
 Iter:   4 SS: 4    E:  -49.53265840   R: 1.7e-04   LinDep: 4.4e-16* 
 Iter:   5 SS: 5    E:  -49.53265844   R: 3.0e-05   LinDep: 1.0e-15* 
 Iter:   6 SS: 6    E:  -49.53265844*  R: 7.6e-06*  LinDep: 1.1e-15* 
 Diagonalization time:                               0.207289 seconds
 Compute <S^2>:                                      0.021117 seconds (50.52 k allocations: 10.996 MiB)
  Root       Energy           S2
     1 -49.53265844   0.00010482
 ==================================================================|
 Compute <S^2>:                                      0.020324 seconds (50.26 k allocations: 11.120 MiB)
  Root       Energy           S2
     1 -49.53265844   0.00010482

 Compute PT1 wavefunction. Reference space dim:           188
 In build_compressed_1st_order_state
 Setup threaded jobs:                                0.001831 seconds (10.77 k allocations: 826.359 KiB)
 Number of tasks:                                        2012
 Compute matrix-vector:                             29.824039 seconds (8.42 M allocations: 24.550 GiB, 1.54% gc time, 0.55% compilation time)
 Now collect thread results :                        0.000862 seconds (4.04 k allocations: 308.672 KiB)
 Compressing final σ vector:
   Iter:    1         8512 →         7858
   Iter:    2         7858 →         7768
   Iter:    3         7768 →         7768
 Compute Compressed FOIS:                           29.852686 seconds   2.64e+01 Gb

 |...................................BST-PT2............................................
 Length of input      FOIS:                              7768
 Compute <X|H|0>:                                   15.415676 seconds   6.11e-01 Gb
 Compute <X|F|0>:                                    0.005463 seconds   6.51e-03 Gb
 State   1: E(PT2) corr:                          -0.00454515
  Root         E(0)         E(2)
     1 -49.53265844 -49.53720359
 ......................................................................................|
 Total time spent building FOIS:                    49.361418 seconds
 FOIS compressed from:                                   7768 → 1454       (thresh_foi  =  1.0e-03)

 Variational space increased from:                        188 → 521        (thresh_pt   =  3.2e-03)
 Add new space to variational space:                 0.007501 seconds
 |== BST CI ========================================================
 Solve CI with # variables:                               521
 Cache Hamiltonian:                                 13.928359 seconds (1.26 M allocations: 456.560 MiB)
 Iter:   1 SS: 1    E:  -49.53668571   R: 1.1e-03   LinDep: 2.2e-16* 
 Iter:   2 SS: 2    E:  -49.53668725   R: 2.5e-04   LinDep: 2.2e-16* 
 Iter:   3 SS: 3    E:  -49.53668733   R: 7.2e-05   LinDep: 2.2e-16* 
 Iter:   4 SS: 4    E:  -49.53668734   R: 2.4e-05   LinDep: 0.0e+00* 
 Iter:   5 SS: 5    E:  -49.53668734*  R: 8.8e-06*  LinDep: 3.3e-16* 
 Diagonalization time:                               0.906006 seconds
 Compute <S^2>:                                      0.052917 seconds (130.12 k allocations: 28.096 MiB)
Parsing qdphenyl-fcidump
  Root       Energy           S2
     1 -49.53668734   0.00068022
 ==================================================================|
 E(Reference):       -49.53265844 
 E(PT2):             -49.53720359 
 E(BST):             -49.53668734 

*Converged E(Ref):             -49.53265844 
*Converged E(BST):             -49.53668734 

 Energies per BST iteration:
   Projected Energies: 
   Iter:   1   -49.50815278 Dim:         1
   Iter:   2   -49.53241847 Dim:       187
   Iter:   3   -49.53265844 Dim:       188

   Variational Energies: 
   Iter:   1   -49.53614114 Dim:       565
   Iter:   2   -49.53665946 Dim:       566
   Iter:   3   -49.53668734 Dim:       521
 ─────────────────────────────────────────────────────────────────────────
                                 Time                    Allocations      
                        ───────────────────────   ────────────────────────
    Tot / % measured:         211s /  99.3%           61.9GiB /  99.9%    

 Section        ncalls     time    %tot     avg     alloc    %tot      avg
 ─────────────────────────────────────────────────────────────────────────
 FOIS                3     142s   67.5%   47.2s   56.2GiB   90.9%  18.7GiB
 CI big              3    50.6s   24.1%   16.9s   3.56GiB    5.8%  1.19GiB
 CI small            3    17.6s    8.4%   5.86s   2.05GiB    3.3%   701MiB
 S2                  3   43.0ms    0.0%  14.3ms   21.5MiB    0.0%  7.16MiB
 compress            6   32.5ms    0.0%  5.41ms   17.8MiB    0.0%  2.96MiB
 add                 3   6.57ms    0.0%  2.19ms   6.04MiB    0.0%  2.01MiB
 project             3   2.69ms    0.0%   896μs   1.59MiB    0.0%   544KiB
 s2 extension        3   4.34μs    0.0%  1.45μs     0.00B    0.0%    0.00B
 ─────────────────────────────────────────────────────────────────────────
 ==================================================================|
