 Remove duplicates
 Number of terms reduced from  1036 to   472
IDX001:DIM4096:001|002|003|004|005|006|
IDX002:DIM4096:007|008|009|010|011|012|
IDX003:DIM4096:013|014|015|016|017|018|
IDX004:DIM4096:019|020|021|022|023|024|

 --------------------------------------------------
 ---------- # Fockspaces -------------------:   141  
 ---------- # Configs    -------------------: 15557  
 ---------- Root ---------------------------:     1  
 --------------------------------------------------
 Printing contributions greater than: 0.010000
 Weight              # configs (full)    (α,β)...            
 -------             --------- --------- ----------          
 0.990                                   ( 3,3 )( 3,3 )( 3,3 )( 3,3 )
     0.986           1         1             1:1    1:1    1:1    1:1
     0.046           484       9801        2:100  2:100    1:1    1:1
     0.046           484       9801          1:1    1:1  2:100  2:100
     0.046           484       9801          1:1  2:100    1:1  2:100
 ---------                               ----------          
 0.021                                   ( 4,2 )( 2,4 )( 3,3 )( 3,3 )
     0.021           16        3721         1:61   1:61    1:1    1:1
 ---------                               ----------          
 0.021                                   ( 2,4 )( 4,2 )( 3,3 )( 3,3 )
     0.021           16        3721         1:61   1:61    1:1    1:1
 ---------                               ----------          
 0.021                                   ( 3,3 )( 4,2 )( 3,3 )( 2,4 )
     0.021           16        3721          1:1   1:61    1:1   1:61
 ---------                               ----------          
 0.021                                   ( 3,3 )( 3,3 )( 4,2 )( 2,4 )
     0.021           16        3721          1:1    1:1   1:61   1:61
 ---------                               ----------          
 0.021                                   ( 3,3 )( 2,4 )( 3,3 )( 4,2 )
     0.021           16        3721          1:1   1:61    1:1   1:61
 ---------                               ----------          
 0.021                                   ( 3,3 )( 3,3 )( 2,4 )( 4,2 )
     0.021           16        3721          1:1    1:1   1:61   1:61
 ---------                               ----------          
 0.038                                   ( 4,3 )( 2,3 )( 3,3 )( 3,3 )
     0.038           210       10000       1:100  1:100    1:1    1:1
 ---------                               ----------          
 0.038                                   ( 2,3 )( 4,3 )( 3,3 )( 3,3 )
     0.037           210       10000       1:100  1:100    1:1    1:1
 ---------                               ----------          
 0.038                                   ( 3,3 )( 4,3 )( 3,3 )( 2,3 )
     0.037           210       10000         1:1  1:100    1:1  1:100
 ---------                               ----------          
 0.038                                   ( 3,3 )( 3,3 )( 4,3 )( 2,3 )
     0.038           210       10000         1:1    1:1  1:100  1:100
 ---------                               ----------          
 0.038                                   ( 3,3 )( 2,3 )( 3,3 )( 4,3 )
     0.037           210       10000         1:1  1:100    1:1  1:100
 ---------                               ----------          
 0.038                                   ( 3,3 )( 3,3 )( 2,3 )( 4,3 )
     0.037           210       10000         1:1    1:1  1:100  1:100
 ---------                               ----------          
 0.038                                   ( 3,4 )( 3,2 )( 3,3 )( 3,3 )
     0.038           210       10000       1:100  1:100    1:1    1:1
 ---------                               ----------          
 0.038                                   ( 3,2 )( 3,4 )( 3,3 )( 3,3 )
     0.037           210       10000       1:100  1:100    1:1    1:1
 ---------                               ----------          
 0.038                                   ( 3,3 )( 3,4 )( 3,3 )( 3,2 )
     0.037           210       10000         1:1  1:100    1:1  1:100
 ---------                               ----------          
 0.038                                   ( 3,3 )( 3,3 )( 3,4 )( 3,2 )
     0.038           210       10000         1:1    1:1  1:100  1:100
 ---------                               ----------          
 0.038                                   ( 3,3 )( 3,2 )( 3,3 )( 3,4 )
     0.037           210       10000         1:1  1:100    1:1  1:100
 ---------                               ----------          
 0.038                                   ( 3,3 )( 3,3 )( 3,2 )( 3,4 )
     0.037           210       10000         1:1    1:1  1:100  1:100
 ---------                               ----------          
 --------------------------------------------------


 --------------------------------------------------
 ---------- # Fockspaces -------------------:    89  
 ---------- # Configs    -------------------:  9856  
 ---------- Root ---------------------------:     1  
 --------------------------------------------------
 Printing contributions greater than: 0.010000
 Weight              # configs (full)    (α,β)...            
 -------             --------- --------- ----------          
 0.990                                   ( 3,3 )( 3,3 )( 3,3 )( 3,3 )
     0.986           1         1             1:1    1:1    1:1    1:1
     0.046           342       9801        2:100  2:100    1:1    1:1
     0.046           342       9801          1:1    1:1  2:100  2:100
     0.046           361       9801          1:1  2:100    1:1  2:100
 ---------                               ----------          
 0.021                                   ( 4,2 )( 2,4 )( 3,3 )( 3,3 )
     0.021           16        3721         1:61   1:61    1:1    1:1
 ---------                               ----------          
 0.021                                   ( 2,4 )( 4,2 )( 3,3 )( 3,3 )
     0.021           16        3721         1:61   1:61    1:1    1:1
 ---------                               ----------          
 0.021                                   ( 3,3 )( 4,2 )( 3,3 )( 2,4 )
     0.021           16        3721          1:1   1:61    1:1   1:61
 ---------                               ----------          
 0.021                                   ( 3,3 )( 3,3 )( 4,2 )( 2,4 )
     0.021           16        3721          1:1    1:1   1:61   1:61
 ---------                               ----------          
 0.021                                   ( 3,3 )( 2,4 )( 3,3 )( 4,2 )
     0.021           16        3721          1:1   1:61    1:1   1:61
 ---------                               ----------          
 0.021                                   ( 3,3 )( 3,3 )( 2,4 )( 4,2 )
     0.021           16        3721          1:1    1:1   1:61   1:61
 ---------                               ----------          
 0.038                                   ( 4,3 )( 2,3 )( 3,3 )( 3,3 )
     0.037           169       10000       1:100  1:100    1:1    1:1
 ---------                               ----------          
 0.038                                   ( 2,3 )( 4,3 )( 3,3 )( 3,3 )
     0.037           169       10000       1:100  1:100    1:1    1:1
 ---------                               ----------          
 0.038                                   ( 3,3 )( 4,3 )( 3,3 )( 2,3 )
     0.037           169       10000         1:1  1:100    1:1  1:100
 ---------                               ----------          
 0.038                                   ( 3,3 )( 3,3 )( 4,3 )( 2,3 )
     0.037           169       10000         1:1    1:1  1:100  1:100
 ---------                               ----------          
 0.038                                   ( 3,3 )( 2,3 )( 3,3 )( 4,3 )
     0.037           169       10000         1:1  1:100    1:1  1:100
 ---------                               ----------          
 0.038                                   ( 3,3 )( 3,3 )( 2,3 )( 4,3 )
     0.037           169       10000         1:1    1:1  1:100  1:100
 ---------                               ----------          
 0.038                                   ( 3,4 )( 3,2 )( 3,3 )( 3,3 )
     0.037           169       10000       1:100  1:100    1:1    1:1
 ---------                               ----------          
 0.038                                   ( 3,2 )( 3,4 )( 3,3 )( 3,3 )
     0.037           169       10000       1:100  1:100    1:1    1:1
 ---------                               ----------          
 0.038                                   ( 3,3 )( 3,4 )( 3,3 )( 3,2 )
     0.037           169       10000         1:1  1:100    1:1  1:100
 ---------                               ----------          
 0.038                                   ( 3,3 )( 3,3 )( 3,4 )( 3,2 )
     0.037           169       10000         1:1    1:1  1:100  1:100
 ---------                               ----------          
 0.038                                   ( 3,3 )( 3,2 )( 3,3 )( 3,4 )
     0.037           169       10000         1:1  1:100    1:1  1:100
 ---------                               ----------          
 0.038                                   ( 3,3 )( 3,3 )( 3,2 )( 3,4 )
     0.037           169       10000         1:1    1:1  1:100  1:100
 ---------                               ----------          
 --------------------------------------------------


 |...................................BST-PT2............................................
 H0          : Hcmf
 nbody       : 4
 thresh_foi  : 0.0001
 max_number  : nothing
 opt_ref     : true
 ci_tol      : 1.0e-6
 verbose     : 2

 Length of Reference:                                    9856
 Solve zeroth-order problem:                       
 |== BST CI ========================================================
 Solve CI with # variables:                              9856
 Cache Hamiltonian:                                 68.262693 seconds (97.06 M allocations: 7.107 GiB, 1.68% gc time, 52.25% compilation time)
 Iter:   1 SS: 17   E:  -46.08675264   -45.96737888   -45.95726368   -45.94295869   -45.92557913   -45.92191263   -45.92099344   -45.91951419   -45.91543953   -45.91436192   -45.91110815   -45.90796762   -45.90652701   -45.90535379   -45.90349244   -45.90180438   -45.90168164   R: 1.2e-03  2.0e-03  1.9e-03  1.6e-03  1.1e-03  1.4e-03  1.5e-03  1.4e-03  1.5e-03  1.2e-03  1.3e-03  1.0e-03  1.3e-03  1.0e-03  1.0e-03  1.2e-03  1.2e-03   LinDep: 2.2e-15* 
 Iter:   2 SS: 34   E:  -46.08675421   -45.96738492   -45.95726916   -45.94296238   -45.92558057   -45.92191513   -45.92099637   -45.91951678   -45.91544258   -45.91436381   -45.91111053   -45.90796910   -45.90652932   -45.90535511   -45.90349376   -45.90180623   -45.90168378   R: 3.1e-04  7.2e-04  7.2e-04  5.8e-04  2.9e-04  4.8e-04  5.5e-04  5.1e-04  5.7e-04  4.1e-04  4.6e-04  3.6e-04  4.6e-04  3.4e-04  3.4e-04  4.0e-04  4.5e-04   LinDep: 1.1e-15* 
 Iter:   3 SS: 51   E:  -46.08675432   -45.96738580   -45.95727006   -45.94296298   -45.92558071   -45.92191560   -45.92099701   -45.91951729   -45.91544327   -45.91436416   -45.91111092   -45.90796935   -45.90652973   -45.90535534   -45.90349399   -45.90180653   -45.90168417   R: 1.2e-04  4.3e-04  4.2e-04  3.5e-04  1.6e-04  3.4e-04  3.8e-04  3.4e-04  4.0e-04  2.9e-04  2.9e-04  2.4e-04  3.1e-04  2.4e-04  2.4e-04  2.5e-04  2.9e-04   LinDep: 7.8e-16* 
 Iter:   4 SS: 68   E:  -46.08675434   -45.96738611   -45.95727036   -45.94296319   -45.92558076   -45.92191583   -45.92099730   -45.91951751   -45.91544358   -45.91436432   -45.91111108   -45.90796946   -45.90652992   -45.90535546   -45.90349410   -45.90180666   -45.90168436   R: 6.5e-05  2.4e-04  2.7e-04  2.4e-04  1.0e-04  2.3e-04  2.5e-04  2.5e-04  3.0e-04  2.1e-04  2.3e-04  1.8e-04  2.5e-04  1.9e-04  1.9e-04  2.1e-04  2.4e-04   LinDep: 2.4e-15* 
 Iter:   5 SS: 85   E:  -46.08675435   -45.96738618   -45.95727045   -45.94296327   -45.92558077   -45.92191589   -45.92099738   -45.91951758   -45.91544368   -45.91436437   -45.91111114   -45.90796950   -45.90652999   -45.90535550   -45.90349414   -45.90180673   -45.90168444   R: 2.8e-05  1.3e-04  1.6e-04  1.7e-04  6.5e-05  1.5e-04  1.8e-04  1.6e-04  1.9e-04  1.4e-04  1.5e-04  1.2e-04  1.7e-04  1.2e-04  1.2e-04  1.7e-04  1.8e-04   LinDep: 3.8e-15* 
 Iter:   6 SS: 102  E:  -46.08675435   -45.96738621   -45.95727048   -45.94296331   -45.92558077   -45.92191591   -45.92099742   -45.91951761   -45.91544372   -45.91436439   -45.91111117   -45.90796952   -45.90653003   -45.90535552   -45.90349416   -45.90180677   -45.90168448   R: 1.4e-05  8.6e-05  1.0e-04  1.1e-04  4.1e-05  8.4e-05  1.0e-04  9.2e-05  1.2e-04  7.6e-05  8.7e-05  6.9e-05  1.1e-04  6.8e-05  6.7e-05  1.1e-04  1.2e-04   LinDep: 8.2e-15* 
 Iter:   7 SS: 119  E:  -46.08675435   -45.96738622   -45.95727049   -45.94296332   -45.92558078   -45.92191592   -45.92099743   -45.91951762   -45.91544374   -45.91436440   -45.91111118   -45.90796953   -45.90653004   -45.90535553   -45.90349417   -45.90180678   -45.90168450   R: 5.9e-06  4.4e-05  5.0e-05  5.4e-05  2.2e-05  4.6e-05  6.6e-05  5.0e-05  6.8e-05  4.1e-05  4.4e-05  3.6e-05  6.8e-05  3.7e-05  3.7e-05  6.6e-05  7.9e-05   LinDep: 7.3e-15* 
 Iter:   8 SS: 136  E:  -46.08675435   -45.96738622   -45.95727049   -45.94296332   -45.92558078   -45.92191593   -45.92099744   -45.91951763   -45.91544375   -45.91436440   -45.91111118   -45.90796953   -45.90653005   -45.90535553   -45.90349417   -45.90180679   -45.90168451   R: 2.6e-06  2.4e-05  2.8e-05  3.3e-05  1.2e-05  2.9e-05  4.0e-05  3.1e-05  4.3e-05  2.6e-05  2.6e-05  2.1e-05  4.2e-05  2.4e-05  2.3e-05  4.2e-05  5.2e-05   LinDep: 4.2e-15* 
 Iter:   9 SS: 153  E:  -46.08675435   -45.96738622   -45.95727049   -45.94296333   -45.92558078   -45.92191593   -45.92099744   -45.91951763   -45.91544375   -45.91436440   -45.91111119   -45.90796953   -45.90653005   -45.90535553   -45.90349417   -45.90180679   -45.90168452   R: 1.0e-06  1.1e-05  1.2e-05  2.0e-05  6.6e-06  1.7e-05  2.1e-05  1.7e-05  2.6e-05  1.6e-05  1.4e-05  1.2e-05  2.4e-05  1.5e-05  1.4e-05  2.6e-05  3.3e-05   LinDep: 4.7e-15* 
 Iter:  10 SS: 170  E:  -46.08675435*  -45.96738622   -45.95727049   -45.94296333   -45.92558078   -45.92191593   -45.92099744   -45.91951763   -45.91544375   -45.91436440   -45.91111119   -45.90796953   -45.90653006   -45.90535553   -45.90349417   -45.90180679   -45.90168452   R: 4.5e-07* 5.7e-06  7.2e-06  1.2e-05  4.1e-06  1.1e-05  1.2e-05  1.1e-05  1.7e-05  1.0e-05  7.4e-06  7.0e-06  1.5e-05  9.3e-06  8.2e-06  1.6e-05  2.1e-05   LinDep: 8.7e-15* 
 Iter:  11 SS: 187  E:  -46.08675435*  -45.96738622   -45.95727049   -45.94296333   -45.92558078   -45.92191593   -45.92099744   -45.91951763   -45.91544375   -45.91436440   -45.91111119   -45.90796953   -45.90653006   -45.90535553   -45.90349417   -45.90180679   -45.90168452   R: 2.3e-07* 2.9e-06  4.0e-06  6.7e-06  2.7e-06  7.4e-06  6.4e-06  6.4e-06  9.9e-06  7.0e-06  4.0e-06  3.9e-06  9.1e-06  6.1e-06  5.5e-06  1.1e-05  1.3e-05   LinDep: 1.8e-14* 
 Iter:  12 SS: 204  E:  -46.08675435*  -45.96738622   -45.95727049   -45.94296333   -45.92558078   -45.92191593   -45.92099744   -45.91951763   -45.91544375   -45.91436440   -45.91111119   -45.90796953   -45.90653006   -45.90535553   -45.90349417   -45.90180679   -45.90168452   R: 1.0e-07* 1.7e-06  2.3e-06  3.5e-06  1.6e-06  4.8e-06  3.9e-06  3.9e-06  5.6e-06  4.8e-06  2.5e-06  2.5e-06  5.8e-06  4.0e-06  4.1e-06  7.0e-06  8.6e-06   LinDep: 1.3e-14* 
 Iter:  13 SS: 204  E:  -46.08675435*  -45.96738622*  -45.95727049   -45.94296333   -45.92558078*  -45.92191593   -45.92099744   -45.91951763   -45.91544375   -45.91436440   -45.91111119   -45.90796953   -45.90653006   -45.90535553   -45.90349417   -45.90180679   -45.90168452   R: 3.7e-08* 9.4e-07* 1.2e-06  1.9e-06  9.5e-07* 2.6e-06  2.0e-06  2.3e-06  3.1e-06  2.8e-06  1.5e-06  1.6e-06  3.4e-06  2.3e-06  2.7e-06  3.8e-06  4.9e-06   LinDep: 1.8e-14* 
 Iter:  14 SS: 204  E:  -46.08675435*  -45.96738622*  -45.95727049*  -45.94296333*  -45.92558078*  -45.92191593   -45.92099744*  -45.91951763   -45.91544375   -45.91436440   -45.91111119*  -45.90796953*  -45.90653006   -45.90535553   -45.90349417   -45.90180679   -45.90168452   R: 1.6e-08* 4.6e-07* 5.6e-07* 9.3e-07* 4.9e-07* 1.4e-06  9.4e-07* 1.2e-06  1.6e-06  1.5e-06  7.8e-07* 9.6e-07* 1.7e-06  1.3e-06  1.5e-06  1.9e-06  2.5e-06   LinDep: 2.5e-12* 
 Iter:  15 SS: 204  E:  -46.08675435*  -45.96738622*  -45.95727049*  -45.94296333*  -45.92558078*  -45.92191593*  -45.92099744*  -45.91951763*  -45.91544375*  -45.91436440*  -45.91111119*  -45.90796953*  -45.90653006*  -45.90535553*  -45.90349417*  -45.90180679   -45.90168452   R: 6.9e-09* 2.4e-07* 2.7e-07* 4.7e-07* 2.5e-07* 7.9e-07* 4.8e-07* 6.3e-07* 8.7e-07* 7.9e-07* 4.3e-07* 5.8e-07* 9.0e-07* 7.2e-07* 8.6e-07* 1.0e-06  1.4e-06   LinDep: 1.0e-12* 
 Iter:  16 SS: 204  E:  -46.08675435*  -45.96738622*  -45.95727049*  -45.94296333*  -45.92558078*  -45.92191593*  -45.92099744*  -45.91951763*  -45.91544375*  -45.91436440*  -45.91111119*  -45.90796953*  -45.90653006*  -45.90535553*  -45.90349417*  -45.90180679*  -45.90168452*  R: 3.2e-09* 1.2e-07* 1.4e-07* 2.5e-07* 1.5e-07* 5.0e-07* 2.4e-07* 3.5e-07* 4.9e-07* 4.6e-07* 2.5e-07* 3.3e-07* 4.9e-07* 4.5e-07* 5.2e-07* 6.1e-07* 7.6e-07*  LinDep: 1.6e-12* 
 Diagonalization time:                             198.876925 seconds
 Compute <S^2>:                                      1.073201 seconds (3.56 M allocations: 577.042 MiB, 51.97% gc time, 0.42% compilation time)
  Root       Energy           S2
     1 -46.08675435   0.00035486
     2 -45.96738622   2.00035212
     3 -45.95727049   2.00046508
     4 -45.94296333   2.00060604
     5 -45.92558078   2.00029518
     6 -45.92191593   0.00443244
     7 -45.92099744   2.00072755
     8 -45.91951763   2.00079465
     9 -45.91544375   2.00069493
    10 -45.91436440   0.00373109
    11 -45.91111119   2.00062817
    12 -45.90796953   2.00043533
    13 -45.90653006   2.00046614
    14 -45.90535553   0.00231258
    15 -45.90349417   0.00254631
    16 -45.90180679   2.00038056
    17 -45.90168452   2.00038315
 ==================================================================|
 Diagonalization time:                             273.995147 seconds
 Compute <0|H0|0>:                                   0.194066 seconds (1.00 M allocations: 188.819 MiB, 30.28% gc time, 6.74% compilation time)
  Root      <0|H|0>      <0|F|0>
     1 -46.08675435 -25.75582600
     2 -45.96738622 -25.52645323
     3 -45.95727049 -25.53219392
     4 -45.94296333 -25.53712485
     5 -45.92558078 -25.59403361
     6 -45.92191593 -25.49191234
     7 -45.92099744 -25.50570202
     8 -45.91951763 -25.54273719
     9 -45.91544375 -25.52370419
    10 -45.91436440 -25.50399417
    11 -45.91111119 -25.53823893
    12 -45.90796953 -25.53809892
    13 -45.90653006 -25.54214840
    14 -45.90535553 -25.52970165
    15 -45.90349417 -25.52696347
    16 -45.90180679 -25.54942103
    17 -45.90168452 -25.55219543
 Number of jobs:    4273
 Number of threads: 2
 |----------------------------------------------------------------------------------------------------|
 |0%                                                                                              100%|
 |----------------------------------------------------------------------------------------------------|
 Time spent computing E2:                           50555.3 s Allocated:    6.3e+04 GB
 State   1: E(PT2) corr:                          -0.00043286
 State   2: E(PT2) corr:                          -0.00148924
 State   3: E(PT2) corr:                          -0.00148817
 State   4: E(PT2) corr:                          -0.00158373
 State   5: E(PT2) corr:                          -0.00092490
 State   6: E(PT2) corr:                          -0.00254222
 State   7: E(PT2) corr:                          -0.00231882
 State   8: E(PT2) corr:                          -0.00166186
 State   9: E(PT2) corr:                          -0.00195613
 State  10: E(PT2) corr:                          -0.00211112
 State  11: E(PT2) corr:                          -0.00166246
 State  12: E(PT2) corr:                          -0.00141704
 State  13: E(PT2) corr:                          -0.00147523
 State  14: E(PT2) corr:                          -0.00139318
 State  15: E(PT2) corr:                          -0.00144842
 State  16: E(PT2) corr:                          -0.00131977
 State  17: E(PT2) corr:                          -0.00132844
  Root         E(0)         E(2)
     1 -46.08675435 -46.08718721
     2 -45.96738622 -45.96887546
     3 -45.95727049 -45.95875866
     4 -45.94296333 -45.94454705
     5 -45.92558078 -45.92650568
     6 -45.92191593 -45.92445815
     7 -45.92099744 -45.92331626
     8 -45.91951763 -45.92117948
     9 -45.91544375 -45.91739988
    10 -45.91436440 -45.91647553
    11 -45.91111119 -45.91277365
    12 -45.90796953 -45.90938657
    13 -45.90653006 -45.90800529
    14 -45.90535553 -45.90674871
    15 -45.90349417 -45.90494259
    16 -45.90180679 -45.90312656
    17 -45.90168452 -45.90301296
 ......................................................................................|
50838.343552 seconds (1.11 G allocations: 57.584 TiB, 63.18% gc time, 0.24% compilation time)

 --------------------------------------------------
 ---------- # Fockspaces -------------------:    97  
 ---------- # Configs    -------------------: 11318  
 ---------- Root ---------------------------:     1  
 --------------------------------------------------
 Printing contributions greater than: 0.010000
 Weight              # configs (full)    (α,β)...            
 -------             --------- --------- ----------          
 0.990                                   ( 3,3 )( 3,3 )( 3,3 )( 3,3 )
     0.986           1         1             1:1    1:1    1:1    1:1
     0.046           441       9801        2:100  2:100    1:1    1:1
     0.046           441       9801          1:1    1:1  2:100  2:100
     0.046           441       9801          1:1  2:100    1:1  2:100
 ---------                               ----------          
 0.021                                   ( 4,2 )( 2,4 )( 3,3 )( 3,3 )
     0.021           16        3721         1:61   1:61    1:1    1:1
 ---------                               ----------          
 0.021                                   ( 2,4 )( 4,2 )( 3,3 )( 3,3 )
     0.021           16        3721         1:61   1:61    1:1    1:1
 ---------                               ----------          
 0.021                                   ( 3,3 )( 4,2 )( 3,3 )( 2,4 )
     0.021           16        3721          1:1   1:61    1:1   1:61
 ---------                               ----------          
 0.021                                   ( 3,3 )( 3,3 )( 4,2 )( 2,4 )
     0.021           16        3721          1:1    1:1   1:61   1:61
 ---------                               ----------          
 0.021                                   ( 3,3 )( 2,4 )( 3,3 )( 4,2 )
     0.021           16        3721          1:1   1:61    1:1   1:61
 ---------                               ----------          
 0.021                                   ( 3,3 )( 3,3 )( 2,4 )( 4,2 )
     0.021           16        3721          1:1    1:1   1:61   1:61
 ---------                               ----------          
 0.038                                   ( 4,3 )( 2,3 )( 3,3 )( 3,3 )
     0.037           182       10000       1:100  1:100    1:1    1:1
 ---------                               ----------          
 0.038                                   ( 2,3 )( 4,3 )( 3,3 )( 3,3 )
     0.037           169       10000       1:100  1:100    1:1    1:1
 ---------                               ----------          
 0.038                                   ( 3,3 )( 4,3 )( 3,3 )( 2,3 )
     0.037           182       10000         1:1  1:100    1:1  1:100
 ---------                               ----------          
 0.038                                   ( 3,3 )( 3,3 )( 4,3 )( 2,3 )
     0.037           182       10000         1:1    1:1  1:100  1:100
 ---------                               ----------          
 0.038                                   ( 3,3 )( 2,3 )( 3,3 )( 4,3 )
     0.037           182       10000         1:1  1:100    1:1  1:100
 ---------                               ----------          
 0.038                                   ( 3,3 )( 3,3 )( 2,3 )( 4,3 )
     0.037           169       10000         1:1    1:1  1:100  1:100
 ---------                               ----------          
 0.038                                   ( 3,4 )( 3,2 )( 3,3 )( 3,3 )
     0.037           182       10000       1:100  1:100    1:1    1:1
 ---------                               ----------          
 0.038                                   ( 3,2 )( 3,4 )( 3,3 )( 3,3 )
     0.037           169       10000       1:100  1:100    1:1    1:1
 ---------                               ----------          
 0.038                                   ( 3,3 )( 3,4 )( 3,3 )( 3,2 )
     0.037           182       10000         1:1  1:100    1:1  1:100
 ---------                               ----------          
 0.038                                   ( 3,3 )( 3,3 )( 3,4 )( 3,2 )
     0.037           182       10000         1:1    1:1  1:100  1:100
 ---------                               ----------          
 0.038                                   ( 3,3 )( 3,2 )( 3,3 )( 3,4 )
     0.037           182       10000         1:1  1:100    1:1  1:100
 ---------                               ----------          
 0.038                                   ( 3,3 )( 3,3 )( 3,2 )( 3,4 )
     0.037           169       10000         1:1    1:1  1:100  1:100
 ---------                               ----------          
 --------------------------------------------------


 |...................................BST-PT2............................................
 H0          : Hcmf
 nbody       : 4
 thresh_foi  : 0.0001
 max_number  : nothing
 opt_ref     : true
 ci_tol      : 1.0e-6
 verbose     : 2

 Length of Reference:                                   11318
 Solve zeroth-order problem:                       
 |== BST CI ========================================================
 Solve CI with # variables:                             11318
 Cache Hamiltonian:                                 39.349511 seconds (8.04 M allocations: 3.165 GiB, 16.42% gc time)
 Iter:   1 SS: 17   E:  -46.08680075   -45.96750679   -45.95735565   -45.94303536   -45.92562118   -45.92204577   -45.92112528   -45.91958268   -45.91554588   -45.91447137   -45.91118971   -45.90804281   -45.90660076   -45.90543990   -45.90358120   -45.90188109   -45.90175580   R: 1.0e-03  1.6e-03  1.8e-03  1.3e-03  8.9e-04  1.0e-03  1.1e-03  1.1e-03  1.1e-03  8.7e-04  1.0e-03  7.7e-04  1.1e-03  6.9e-04  6.9e-04  8.8e-04  9.6e-04   LinDep: 1.6e-15* 
 Iter:   2 SS: 34   E:  -46.08680196   -45.96751036   -45.95736022   -45.94303748   -45.92562218   -45.92204706   -45.92112682   -45.91958420   -45.91554744   -45.91447234   -45.91119114   -45.90804358   -45.90660239   -45.90544050   -45.90358181   -45.90188207   -45.90175706   R: 2.7e-04  6.0e-04  6.8e-04  4.5e-04  2.5e-04  3.7e-04  4.1e-04  4.0e-04  4.2e-04  3.1e-04  3.6e-04  2.5e-04  3.8e-04  2.3e-04  2.3e-04  2.8e-04  3.4e-04   LinDep: 6.7e-16* 
 Iter:   3 SS: 51   E:  -46.08680204   -45.96751095   -45.95736100   -45.94303783   -45.92562228   -45.92204734   -45.92112715   -45.91958450   -45.91554780   -45.91447253   -45.91119137   -45.90804370   -45.90660266   -45.90544060   -45.90358191   -45.90188220   -45.90175726   R: 1.0e-04  3.5e-04  3.9e-04  2.7e-04  1.3e-04  2.6e-04  2.6e-04  2.6e-04  2.9e-04  2.2e-04  2.2e-04  1.6e-04  2.4e-04  1.5e-04  1.6e-04  1.5e-04  2.1e-04   LinDep: 6.2e-15* 
 Iter:   4 SS: 68   E:  -46.08680205   -45.96751116   -45.95736126   -45.94303795   -45.92562231   -45.92204747   -45.92112728   -45.91958463   -45.91554796   -45.91447262   -45.91119146   -45.90804375   -45.90660277   -45.90544064   -45.90358195   -45.90188225   -45.90175734   R: 5.2e-05  2.0e-04  2.5e-04  1.8e-04  8.1e-05  1.9e-04  1.8e-04  1.9e-04  2.2e-04  1.7e-04  1.7e-04  1.2e-04  2.0e-04  1.3e-04  1.3e-04  1.1e-04  1.6e-04   LinDep: 5.1e-15* 
 Iter:   5 SS: 85   E:  -46.08680205   -45.96751121   -45.95736133   -45.94303799   -45.92562232   -45.92204751   -45.92112732   -45.91958468   -45.91554802   -45.91447265   -45.91119149   -45.90804377   -45.90660282   -45.90544065   -45.90358197   -45.90188226   -45.90175737   R: 2.3e-05  1.1e-04  1.4e-04  1.2e-04  5.1e-05  1.2e-04  1.2e-04  1.3e-04  1.4e-04  1.0e-04  1.0e-04  8.0e-05  1.3e-04  8.0e-05  8.1e-05  8.5e-05  1.1e-04   LinDep: 2.0e-15* 
 Iter:   6 SS: 102  E:  -46.08680205   -45.96751122   -45.95736135   -45.94303801   -45.92562232   -45.92204753   -45.92112734   -45.91958470   -45.91554804   -45.91447266   -45.91119150   -45.90804378   -45.90660284   -45.90544066   -45.90358198   -45.90188227   -45.90175739   R: 1.2e-05  6.7e-05  8.8e-05  6.9e-05  3.2e-05  6.8e-05  7.2e-05  7.0e-05  8.0e-05  5.7e-05  6.4e-05  4.8e-05  8.5e-05  4.8e-05  4.8e-05  6.2e-05  8.2e-05   LinDep: 2.2e-15* 
 Iter:   7 SS: 119  E:  -46.08680205   -45.96751123   -45.95736136   -45.94303802   -45.92562232   -45.92204753   -45.92112735   -45.91958470   -45.91554805   -45.91447267   -45.91119151   -45.90804378   -45.90660285   -45.90544067   -45.90358198   -45.90188228   -45.90175740   R: 5.1e-06  3.4e-05  4.4e-05  3.8e-05  1.7e-05  4.3e-05  4.8e-05  4.1e-05  5.2e-05  3.6e-05  3.6e-05  2.8e-05  5.5e-05  3.0e-05  3.0e-05  4.1e-05  5.5e-05   LinDep: 6.4e-15* 
 Iter:   8 SS: 136  E:  -46.08680205   -45.96751123   -45.95736136   -45.94303802   -45.92562232   -45.92204754   -45.92112735   -45.91958471   -45.91554805   -45.91447267   -45.91119151   -45.90804378   -45.90660286   -45.90544067   -45.90358199   -45.90188228   -45.90175741   R: 2.2e-06  1.8e-05  2.3e-05  2.4e-05  8.8e-06  2.7e-05  2.7e-05  2.5e-05  3.1e-05  2.2e-05  2.1e-05  1.5e-05  3.6e-05  1.8e-05  1.8e-05  2.6e-05  3.7e-05   LinDep: 3.3e-15* 
 Iter:   9 SS: 153  E:  -46.08680205*  -45.96751123   -45.95736136   -45.94303802   -45.92562232   -45.92204754   -45.92112735   -45.91958471   -45.91554805   -45.91447267   -45.91119151   -45.90804378   -45.90660286   -45.90544067   -45.90358199   -45.90188228   -45.90175741   R: 8.8e-07* 7.5e-06  1.0e-05  1.5e-05  4.4e-06  1.6e-05  1.5e-05  1.5e-05  1.9e-05  1.3e-05  1.1e-05  8.6e-06  2.0e-05  1.1e-05  1.1e-05  1.6e-05  2.3e-05   LinDep: 4.4e-16* 
 Iter:  10 SS: 170  E:  -46.08680205*  -45.96751123   -45.95736136   -45.94303802   -45.92562232   -45.92204754   -45.92112735   -45.91958471   -45.91554805   -45.91447267   -45.91119151   -45.90804378   -45.90660286   -45.90544067   -45.90358199   -45.90188228   -45.90175741   R: 4.0e-07* 3.8e-06  5.7e-06  1.0e-05  2.6e-06  1.0e-05  8.0e-06  1.0e-05  1.2e-05  8.3e-06  6.7e-06  4.9e-06  1.2e-05  6.8e-06  6.6e-06  9.9e-06  1.4e-05   LinDep: 7.1e-15* 
 Iter:  11 SS: 187  E:  -46.08680205*  -45.96751123   -45.95736136   -45.94303802   -45.92562232   -45.92204754   -45.92112735   -45.91958471   -45.91554805   -45.91447267   -45.91119151   -45.90804378   -45.90660286   -45.90544067   -45.90358199   -45.90188228   -45.90175741   R: 2.0e-07* 1.9e-06  3.1e-06  5.6e-06  1.5e-06  6.9e-06  4.6e-06  6.1e-06  7.7e-06  6.0e-06  4.0e-06  2.8e-06  7.3e-06  4.5e-06  4.8e-06  6.0e-06  8.5e-06   LinDep: 4.0e-15* 
 Iter:  12 SS: 204  E:  -46.08680205*  -45.96751123   -45.95736136   -45.94303802   -45.92562232*  -45.92204754   -45.92112735   -45.91958471   -45.91554805   -45.91447267   -45.91119151   -45.90804378   -45.90660286   -45.90544067   -45.90358199   -45.90188228   -45.90175741   R: 8.6e-08* 1.0e-06  1.8e-06  3.0e-06  8.7e-07* 4.2e-06  2.9e-06  3.4e-06  4.5e-06  4.0e-06  2.6e-06  1.7e-06  4.7e-06  2.8e-06  3.3e-06  3.7e-06  5.7e-06   LinDep: 3.6e-15* 
 Iter:  13 SS: 204  E:  -46.08680205*  -45.96751123*  -45.95736136   -45.94303802   -45.92562232*  -45.92204754   -45.92112735   -45.91958471   -45.91554805   -45.91447267   -45.91119151   -45.90804378   -45.90660286   -45.90544067   -45.90358199   -45.90188228   -45.90175741   R: 3.3e-08* 5.9e-07* 1.0e-06  1.6e-06  5.6e-07* 2.3e-06  1.6e-06  1.9e-06  2.6e-06  2.2e-06  1.7e-06  1.0e-06  2.8e-06  1.7e-06  2.0e-06  2.2e-06  3.5e-06   LinDep: 7.3e-15* 
 Iter:  14 SS: 204  E:  -46.08680205*  -45.96751123*  -45.95736136*  -45.94303802*  -45.92562232*  -45.92204754   -45.92112735*  -45.91958471   -45.91554806   -45.91447267   -45.91119151*  -45.90804378*  -45.90660286   -45.90544067*  -45.90358199   -45.90188228   -45.90175741   R: 1.4e-08* 3.1e-07* 4.9e-07* 8.6e-07* 3.1e-07* 1.2e-06  7.8e-07* 1.0e-06  1.4e-06  1.2e-06  9.6e-07* 6.4e-07* 1.4e-06  9.6e-07* 1.1e-06  1.2e-06  2.0e-06   LinDep: 2.2e-12* 
 Iter:  15 SS: 204  E:  -46.08680205*  -45.96751123*  -45.95736136*  -45.94303802*  -45.92562232*  -45.92204754*  -45.92112735*  -45.91958471*  -45.91554806*  -45.91447267*  -45.91119151*  -45.90804378*  -45.90660286*  -45.90544067*  -45.90358199*  -45.90188228*  -45.90175741   R: 6.8e-09* 1.8e-07* 2.6e-07* 4.5e-07* 1.7e-07* 6.3e-07* 3.9e-07* 5.5e-07* 7.3e-07* 6.0e-07* 5.7e-07* 3.5e-07* 7.6e-07* 5.2e-07* 5.9e-07* 6.4e-07* 1.1e-06   LinDep: 1.3e-12* 
 Iter:  16 SS: 204  E:  -46.08680205*  -45.96751123*  -45.95736136*  -45.94303802*  -45.92562232*  -45.92204754*  -45.92112735*  -45.91958471*  -45.91554806*  -45.91447267*  -45.91119151*  -45.90804378*  -45.90660286*  -45.90544067*  -45.90358199*  -45.90188228*  -45.90175741*  R: 3.2e-09* 9.3e-08* 1.4e-07* 2.3e-07* 1.0e-07* 3.9e-07* 2.0e-07* 3.0e-07* 4.0e-07* 3.3e-07* 3.4e-07* 2.1e-07* 4.4e-07* 3.3e-07* 3.7e-07* 3.8e-07* 6.4e-07*  LinDep: 2.6e-12* 
 Diagonalization time:                             159.752888 seconds
 Compute <S^2>:                                      1.143938 seconds (3.71 M allocations: 637.132 MiB, 51.44% gc time)
  Root       Energy           S2
     1 -46.08680205   0.00035333
     2 -45.96751123   2.00035140
     3 -45.95736136   2.00044356
     4 -45.94303802   2.00053901
     5 -45.92562232   2.00029293
     6 -45.92204754   0.00445693
     7 -45.92112735   2.00075540
     8 -45.91958471   2.00078396
     9 -45.91554806   2.00068845
    10 -45.91447267   0.00375970
    11 -45.91119151   2.00063207
    12 -45.90804378   2.00044878
    13 -45.90660286   2.00047429
    14 -45.90544067   0.00234885
    15 -45.90358199   0.00258230
    16 -45.90188228   2.00039987
    17 -45.90175741   2.00040472
 ==================================================================|
 Diagonalization time:                             200.359343 seconds
 Compute <0|H0|0>:                                   0.475390 seconds (1.03 M allocations: 205.806 MiB, 72.39% gc time)
  Root      <0|H|0>      <0|F|0>
     1 -46.08680205 -25.75574769
     2 -45.96751123 -25.52606010
     3 -45.95736136 -25.53188468
     4 -45.94303802 -25.53672485
     5 -45.92562232 -25.59392494
     6 -45.92204754 -25.49156668
     7 -45.92112735 -25.50529684
     8 -45.91958471 -25.54259508
     9 -45.91554806 -25.52341859
    10 -45.91447267 -25.50367978
    11 -45.91119151 -25.53793906
    12 -45.90804378 -25.53783570
    13 -45.90660286 -25.54193585
    14 -45.90544067 -25.52941939
    15 -45.90358199 -25.52671248
    16 -45.90188228 -25.54923392
    17 -45.90175741 -25.55200960
 Number of jobs:    4593
 Number of threads: 2
 |----------------------------------------------------------------------------------------------------|
 |0%                                                                                              100%|
 |----------------------------------------------------------------------------------------------------|
 Time spent computing E2:                           54595.8 s Allocated:    6.6e+04 GB
 State   1: E(PT2) corr:                          -0.00039284
 State   2: E(PT2) corr:                          -0.00138854
 State   3: E(PT2) corr:                          -0.00141769
 State   4: E(PT2) corr:                          -0.00153099
 State   5: E(PT2) corr:                          -0.00089294
 State   6: E(PT2) corr:                          -0.00244668
 State   7: E(PT2) corr:                          -0.00223991
 State   8: E(PT2) corr:                          -0.00161508
 State   9: E(PT2) corr:                          -0.00188665
 State  10: E(PT2) corr:                          -0.00202893
 State  11: E(PT2) corr:                          -0.00160519
 State  12: E(PT2) corr:                          -0.00136003
 State  13: E(PT2) corr:                          -0.00141698
 State  14: E(PT2) corr:                          -0.00133445
 State  15: E(PT2) corr:                          -0.00138390
 State  16: E(PT2) corr:                          -0.00126201
 State  17: E(PT2) corr:                          -0.00127099
  Root         E(0)         E(2)
     1 -46.08680205 -46.08719490
     2 -45.96751123 -45.96889977
     3 -45.95736136 -45.95877905
     4 -45.94303802 -45.94456901
     5 -45.92562232 -45.92651526
     6 -45.92204754 -45.92449421
     7 -45.92112735 -45.92336726
     8 -45.91958471 -45.92119979
     9 -45.91554806 -45.91743471
    10 -45.91447267 -45.91650160
    11 -45.91119151 -45.91279670
    12 -45.90804378 -45.90940381
    13 -45.90660286 -45.90801984
    14 -45.90544067 -45.90677512
    15 -45.90358199 -45.90496589
    16 -45.90188228 -45.90314430
    17 -45.90175741 -45.90302840
 ......................................................................................|
54796.639611 seconds (873.36 M allocations: 59.752 TiB, 62.19% gc time, 0.00% compilation time)

 --------------------------------------------------
 ---------- # Fockspaces -------------------:   137  
 ---------- # Configs    -------------------: 14311  
 ---------- Root ---------------------------:     1  
 --------------------------------------------------
 Printing contributions greater than: 0.010000
 Weight              # configs (full)    (α,β)...            
 -------             --------- --------- ----------          
 0.990                                   ( 3,3 )( 3,3 )( 3,3 )( 3,3 )
     0.986           1         1             1:1    1:1    1:1    1:1
     0.046           462       9801        2:100  2:100    1:1    1:1
     0.046           462       9801          1:1    1:1  2:100  2:100
     0.046           484       9801          1:1  2:100    1:1  2:100
 ---------                               ----------          
 0.021                                   ( 4,2 )( 2,4 )( 3,3 )( 3,3 )
     0.021           16        3721         1:61   1:61    1:1    1:1
 ---------                               ----------          
 0.021                                   ( 2,4 )( 4,2 )( 3,3 )( 3,3 )
     0.021           16        3721         1:61   1:61    1:1    1:1
 ---------                               ----------          
 0.021                                   ( 3,3 )( 4,2 )( 3,3 )( 2,4 )
     0.021           16        3721          1:1   1:61    1:1   1:61
 ---------                               ----------          
 0.021                                   ( 3,3 )( 3,3 )( 4,2 )( 2,4 )
     0.021           16        3721          1:1    1:1   1:61   1:61
 ---------                               ----------          
 0.021                                   ( 3,3 )( 2,4 )( 3,3 )( 4,2 )
     0.021           16        3721          1:1   1:61    1:1   1:61
 ---------                               ----------          
 0.021                                   ( 3,3 )( 3,3 )( 2,4 )( 4,2 )
     0.021           16        3721          1:1    1:1   1:61   1:61
 ---------                               ----------          
 0.038                                   ( 4,3 )( 2,3 )( 3,3 )( 3,3 )
     0.038           210       10000       1:100  1:100    1:1    1:1
 ---------                               ----------          
 0.038                                   ( 2,3 )( 4,3 )( 3,3 )( 3,3 )
     0.037           210       10000       1:100  1:100    1:1    1:1
 ---------                               ----------          
 0.038                                   ( 3,3 )( 4,3 )( 3,3 )( 2,3 )
     0.037           210       10000         1:1  1:100    1:1  1:100
 ---------                               ----------          
 0.038                                   ( 3,3 )( 3,3 )( 4,3 )( 2,3 )
     0.038           210       10000         1:1    1:1  1:100  1:100
 ---------                               ----------          
 0.038                                   ( 3,3 )( 2,3 )( 3,3 )( 4,3 )
     0.037           210       10000         1:1  1:100    1:1  1:100
 ---------                               ----------          
 0.038                                   ( 3,3 )( 3,3 )( 2,3 )( 4,3 )
     0.037           210       10000         1:1    1:1  1:100  1:100
 ---------                               ----------          
 0.038                                   ( 3,4 )( 3,2 )( 3,3 )( 3,3 )
     0.038           210       10000       1:100  1:100    1:1    1:1
 ---------                               ----------          
 0.038                                   ( 3,2 )( 3,4 )( 3,3 )( 3,3 )
     0.037           210       10000       1:100  1:100    1:1    1:1
 ---------                               ----------          
 0.038                                   ( 3,3 )( 3,4 )( 3,3 )( 3,2 )
     0.037           210       10000         1:1  1:100    1:1  1:100
 ---------                               ----------          
 0.038                                   ( 3,3 )( 3,3 )( 3,4 )( 3,2 )
     0.038           210       10000         1:1    1:1  1:100  1:100
 ---------                               ----------          
 0.038                                   ( 3,3 )( 3,2 )( 3,3 )( 3,4 )
     0.037           210       10000         1:1  1:100    1:1  1:100
 ---------                               ----------          
 0.038                                   ( 3,3 )( 3,3 )( 3,2 )( 3,4 )
     0.037           210       10000         1:1    1:1  1:100  1:100
 ---------                               ----------          
 --------------------------------------------------


 |...................................BST-PT2............................................
 H0          : Hcmf
 nbody       : 4
 thresh_foi  : 0.0001
 max_number  : nothing
 opt_ref     : true
 ci_tol      : 1.0e-6
 verbose     : 2

 Length of Reference:                                   14311
 Solve zeroth-order problem:                       
 |== BST CI ========================================================
 Solve CI with # variables:                             14311
 Cache Hamiltonian:                                 54.768768 seconds (10.28 M allocations: 4.186 GiB, 18.31% gc time)
 Iter:   1 SS: 17   E:  -46.08689520   -45.96768679   -45.95756588   -45.94320212   -45.92571876   -45.92223688   -45.92129090   -45.91973400   -45.91570975   -45.91462140   -45.91132204   -45.90816671   -45.90674657   -45.90554536   -45.90368218   -45.90198646   -45.90187352   R: 4.6e-04  4.8e-04  4.5e-04  5.5e-04  2.8e-04  2.5e-04  3.2e-04  4.4e-04  3.4e-04  2.4e-04  2.2e-04  1.8e-04  2.2e-04  1.9e-04  2.2e-04  2.3e-04  2.4e-04   LinDep: 8.9e-16* 
 Iter:   2 SS: 34   E:  -46.08689545   -45.96768702   -45.95756609   -45.94320247   -45.92571885   -45.92223696   -45.92129102   -45.91973424   -45.91570988   -45.91462147   -45.91132210   -45.90816675   -45.90674663   -45.90554540   -45.90368224   -45.90198652   -45.90187359   R: 1.3e-04  1.6e-04  1.4e-04  2.0e-04  7.3e-05  8.2e-05  1.0e-04  1.7e-04  1.1e-04  7.8e-05  8.2e-05  6.8e-05  7.7e-05  7.0e-05  7.6e-05  6.8e-05  7.4e-05   LinDep: 1.8e-15* 
 Iter:   3 SS: 51   E:  -46.08689547   -45.96768707   -45.95756612   -45.94320254   -45.92571886   -45.92223696   -45.92129103   -45.91973428   -45.91570990   -45.91462148   -45.91132211   -45.90816676   -45.90674664   -45.90554541   -45.90368225   -45.90198653   -45.90187360   R: 5.8e-05  1.0e-04  7.5e-05  1.1e-04  3.5e-05  4.1e-05  5.1e-05  9.0e-05  6.6e-05  4.4e-05  4.7e-05  4.3e-05  4.2e-05  4.5e-05  4.5e-05  3.2e-05  3.7e-05   LinDep: 1.3e-15* 
 Iter:   4 SS: 68   E:  -46.08689547   -45.96768708   -45.95756613   -45.94320256   -45.92571886   -45.92223697   -45.92129104   -45.91973430   -45.91570991   -45.91462148   -45.91132211   -45.90816676   -45.90674664   -45.90554541   -45.90368225   -45.90198653   -45.90187360   R: 3.4e-05  6.6e-05  5.3e-05  8.2e-05  2.3e-05  2.8e-05  3.6e-05  6.4e-05  4.8e-05  2.9e-05  2.8e-05  2.7e-05  2.6e-05  2.7e-05  2.6e-05  1.9e-05  2.3e-05   LinDep: 6.4e-15* 
 Iter:   5 SS: 85   E:  -46.08689547   -45.96768709   -45.95756613   -45.94320257   -45.92571886   -45.92223697   -45.92129104   -45.91973430   -45.91570991   -45.91462148   -45.91132211   -45.90816676   -45.90674664   -45.90554542   -45.90368225   -45.90198653   -45.90187360   R: 1.5e-05  3.7e-05  3.5e-05  5.6e-05  1.5e-05  1.6e-05  2.3e-05  4.6e-05  3.2e-05  1.7e-05  1.9e-05  1.8e-05  1.8e-05  1.6e-05  1.5e-05  1.1e-05  1.4e-05   LinDep: 3.3e-15* 
 Iter:   6 SS: 102  E:  -46.08689547   -45.96768709   -45.95756614   -45.94320257   -45.92571886   -45.92223697   -45.92129104   -45.91973430   -45.91570991   -45.91462148   -45.91132211   -45.90816676   -45.90674664   -45.90554542   -45.90368225   -45.90198653   -45.90187360   R: 6.2e-06  2.0e-05  1.9e-05  3.2e-05  8.4e-06  9.5e-06  1.4e-05  2.8e-05  1.9e-05  1.0e-05  1.2e-05  1.2e-05  1.1e-05  7.3e-06  8.0e-06  6.7e-06  9.0e-06   LinDep: 9.3e-15* 
 Iter:   7 SS: 119  E:  -46.08689547   -45.96768709   -45.95756614   -45.94320257   -45.92571886   -45.92223697   -45.92129104   -45.91973430   -45.91570991   -45.91462148   -45.91132211   -45.90816676   -45.90674664   -45.90554542   -45.90368225   -45.90198653   -45.90187360   R: 2.6e-06  9.6e-06  9.4e-06  1.7e-05  4.9e-06  5.6e-06  8.6e-06  1.6e-05  1.0e-05  6.4e-06  6.9e-06  7.9e-06  7.0e-06  4.8e-06  5.0e-06  4.8e-06  5.7e-06   LinDep: 8.9e-15* 
 Iter:   8 SS: 136  E:  -46.08689547   -45.96768709   -45.95756614   -45.94320258   -45.92571886   -45.92223697   -45.92129104   -45.91973431   -45.91570991   -45.91462148   -45.91132211   -45.90816676   -45.90674664   -45.90554542   -45.90368225   -45.90198653   -45.90187360   R: 1.3e-06  4.4e-06  4.5e-06  9.1e-06  2.7e-06  3.4e-06  5.2e-06  9.6e-06  5.7e-06  4.0e-06  3.9e-06  5.1e-06  4.2e-06  3.1e-06  3.2e-06  3.1e-06  3.7e-06   LinDep: 4.7e-15* 
 Iter:   9 SS: 153  E:  -46.08689547*  -45.96768709   -45.95756614   -45.94320258   -45.92571886   -45.92223697   -45.92129104   -45.91973431   -45.91570991   -45.91462148   -45.91132211   -45.90816676   -45.90674664   -45.90554542   -45.90368225   -45.90198653   -45.90187360   R: 5.8e-07* 2.1e-06  2.4e-06  5.0e-06  1.6e-06  1.9e-06  3.2e-06  5.4e-06  3.5e-06  2.5e-06  2.2e-06  3.1e-06  2.4e-06  1.9e-06  1.9e-06  1.8e-06  2.5e-06   LinDep: 8.9e-16* 
 Iter:  10 SS: 170  E:  -46.08689547*  -45.96768709   -45.95756614   -45.94320258   -45.92571886*  -45.92223697   -45.92129104   -45.91973431   -45.91570991   -45.91462148   -45.91132211   -45.90816676   -45.90674664   -45.90554542   -45.90368225   -45.90198653*  -45.90187360   R: 2.3e-07* 1.1e-06  1.4e-06  3.3e-06  9.6e-07* 1.2e-06  2.1e-06  3.8e-06  2.4e-06  1.7e-06  1.3e-06  2.1e-06  1.5e-06  1.1e-06  1.2e-06  9.4e-07* 1.7e-06   LinDep: 6.7e-16* 
 Iter:  11 SS: 187  E:  -46.08689547*  -45.96768709*  -45.95756614*  -45.94320258   -45.92571886*  -45.92223697*  -45.92129104   -45.91973431   -45.91570991   -45.91462148   -45.91132211*  -45.90816676   -45.90674664*  -45.90554542*  -45.90368225*  -45.90198653*  -45.90187360   R: 1.0e-07* 6.5e-07* 8.6e-07* 2.3e-06  5.9e-07* 7.0e-07* 1.4e-06  2.7e-06  1.6e-06  1.1e-06  7.8e-07* 1.4e-06  9.1e-07* 6.4e-07* 7.5e-07* 5.6e-07* 1.2e-06   LinDep: 2.9e-15* 
 Iter:  12 SS: 204  E:  -46.08689547*  -45.96768709*  -45.95756614*  -45.94320258   -45.92571886*  -45.92223697*  -45.92129104*  -45.91973431   -45.91570991*  -45.91462148*  -45.91132211*  -45.90816676*  -45.90674664*  -45.90554542*  -45.90368225*  -45.90198653*  -45.90187360*  R: 5.0e-08* 3.5e-07* 4.8e-07* 1.3e-06  3.6e-07* 4.1e-07* 7.3e-07* 1.6e-06  9.2e-07* 6.8e-07* 4.5e-07* 7.9e-07* 5.5e-07* 3.5e-07* 4.2e-07* 3.7e-07* 7.0e-07*  LinDep: 2.2e-16* 
 Iter:  13 SS: 204  E:  -46.08689547*  -45.96768709*  -45.95756614*  -45.94320258*  -45.92571886*  -45.92223697*  -45.92129104*  -45.91973431*  -45.91570991*  -45.91462148*  -45.91132211*  -45.90816676*  -45.90674664*  -45.90554542*  -45.90368225*  -45.90198653*  -45.90187360*  R: 2.1e-08* 1.7e-07* 2.5e-07* 6.6e-07* 2.0e-07* 2.5e-07* 4.1e-07* 8.7e-07* 5.2e-07* 4.6e-07* 2.5e-07* 4.6e-07* 3.4e-07* 1.9e-07* 2.5e-07* 2.5e-07* 4.6e-07*  LinDep: 6.7e-16* 
 Diagonalization time:                             200.707028 seconds
 Compute <S^2>:                                      1.935633 seconds (4.62 M allocations: 819.057 MiB, 58.76% gc time)
  Root       Energy           S2
     1 -46.08689547   0.00030899
     2 -45.96768709   2.00025220
     3 -45.95756614   2.00030158
     4 -45.94320258   2.00049145
     5 -45.92571886   2.00028264
     6 -45.92223697   0.00437502
     7 -45.92129104   2.00074357
     8 -45.91973431   2.00076498
     9 -45.91570991   2.00067039
    10 -45.91462148   0.00371727
    11 -45.91132211   2.00062236
    12 -45.90816676   2.00044614
    13 -45.90674664   2.00046312
    14 -45.90554542   0.00236588
    15 -45.90368225   0.00260328
    16 -45.90198653   2.00040781
    17 -45.90187360   2.00040375
 ==================================================================|
 Diagonalization time:                             257.907953 seconds
 Compute <0|H0|0>:                                   0.263222 seconds (1.23 M allocations: 256.048 MiB, 30.60% gc time)
  Root      <0|H|0>      <0|F|0>
     1 -46.08689547 -25.75560614
     2 -45.96768709 -25.52537764
     3 -45.95756614 -25.53107679
     4 -45.94320258 -25.53609148
     5 -45.92571886 -25.59361458
     6 -45.92223697 -25.49080660
     7 -45.92129104 -25.50479558
     8 -45.91973431 -25.54236952
     9 -45.91570991 -25.52281962
    10 -45.91462148 -25.50308806
    11 -45.91132211 -25.53765538
    12 -45.90816676 -25.53751352
    13 -45.90674664 -25.54153564
    14 -45.90554542 -25.52912328
    15 -45.90368225 -25.52642044
    16 -45.90198653 -25.54892893
    17 -45.90187360 -25.55166664
 Number of jobs:    5753
 Number of threads: 2
 |----------------------------------------------------------------------------------------------------|
 |0%                                                                                              100%|
 |----------------------------------------------------------------------------------------------------|
 Time spent computing E2:                           65754.5 s Allocated:    7.9e+04 GB
 State   1: E(PT2) corr:                          -0.00031364
 State   2: E(PT2) corr:                          -0.00125822
 State   3: E(PT2) corr:                          -0.00126328
 State   4: E(PT2) corr:                          -0.00141196
 State   5: E(PT2) corr:                          -0.00082390
 State   6: E(PT2) corr:                          -0.00233695
 State   7: E(PT2) corr:                          -0.00212904
 State   8: E(PT2) corr:                          -0.00149783
 State   9: E(PT2) corr:                          -0.00177883
 State  10: E(PT2) corr:                          -0.00193812
 State  11: E(PT2) corr:                          -0.00150471
 State  12: E(PT2) corr:                          -0.00126477
 State  13: E(PT2) corr:                          -0.00131613
 State  14: E(PT2) corr:                          -0.00126220
 State  15: E(PT2) corr:                          -0.00131485
 State  16: E(PT2) corr:                          -0.00118400
 State  17: E(PT2) corr:                          -0.00118799
  Root         E(0)         E(2)
     1 -46.08689547 -46.08720911
     2 -45.96768709 -45.96894531
     3 -45.95756614 -45.95882942
     4 -45.94320258 -45.94461453
     5 -45.92571886 -45.92654275
     6 -45.92223697 -45.92457392
     7 -45.92129104 -45.92342008
     8 -45.91973431 -45.92123213
     9 -45.91570991 -45.91748874
    10 -45.91462148 -45.91655960
    11 -45.91132211 -45.91282682
    12 -45.90816676 -45.90943153
    13 -45.90674664 -45.90806277
    14 -45.90554542 -45.90680762
    15 -45.90368225 -45.90499710
    16 -45.90198653 -45.90317053
    17 -45.90187360 -45.90306159
 ......................................................................................|
66012.708859 seconds (957.58 M allocations: 71.786 TiB, 64.39% gc time, 0.00% compilation time)

 |...................................BST-PT2............................................
 H0          : Hcmf
 nbody       : 4
 thresh_foi  : 0.0001
 max_number  : nothing
 opt_ref     : true
 ci_tol      : 1.0e-6
 verbose     : 2

 Length of Reference:                                   15557
 Solve zeroth-order problem:                       
 |== BST CI ========================================================
 Solve CI with # variables:                             15557
 Cache Hamiltonian:                                 55.160275 seconds (10.85 M allocations: 4.380 GiB, 16.69% gc time)
 Iter:   1 SS: 17   E:  -46.08693712   -45.96772491   -45.95760044   -45.94324497   -45.92573344   -45.92224732   -45.92130608   -45.91975893   -45.91572806   -45.91463206   -45.91133006   -45.90817191   -45.90675350   -45.90555488   -45.90369269   -45.90199335   -45.90188055   R: 3.8e-06  1.4e-05  1.8e-05  2.8e-05  1.4e-05  3.7e-05  3.3e-05  3.1e-05  3.8e-05  3.3e-05  3.3e-05  2.9e-05  3.5e-05  2.8e-05  3.0e-05  2.3e-05  2.7e-05   LinDep: 1.8e-15* 
 Iter:   2 SS: 34   E:  -46.08693712   -45.96772491   -45.95760044   -45.94324497   -45.92573344   -45.92224732   -45.92130608   -45.91975893   -45.91572806   -45.91463206   -45.91133006   -45.90817191   -45.90675350   -45.90555488   -45.90369269   -45.90199335   -45.90188055   R: 2.0e-06  8.2e-06  1.2e-05  1.8e-05  9.1e-06  2.4e-05  2.1e-05  1.8e-05  2.5e-05  2.0e-05  2.0e-05  1.7e-05  2.1e-05  1.7e-05  1.9e-05  1.5e-05  1.8e-05   LinDep: 1.6e-15* 
 Iter:   3 SS: 51   E:  -46.08693712   -45.96772491   -45.95760044   -45.94324497   -45.92573344   -45.92224732   -45.92130608   -45.91975893   -45.91572807   -45.91463206   -45.91133006   -45.90817191   -45.90675350   -45.90555488   -45.90369269   -45.90199335   -45.90188055   R: 1.1e-06  5.9e-06  9.0e-06  1.5e-05  6.7e-06  1.7e-05  1.5e-05  1.4e-05  2.0e-05  1.4e-05  1.6e-05  1.3e-05  1.7e-05  1.3e-05  1.3e-05  1.3e-05  1.5e-05   LinDep: 1.1e-15* 
 Iter:   4 SS: 68   E:  -46.08693712*  -45.96772491   -45.95760044   -45.94324497   -45.92573344   -45.92224732   -45.92130608   -45.91975893   -45.91572807   -45.91463206   -45.91133006   -45.90817191   -45.90675350   -45.90555488   -45.90369269   -45.90199335   -45.90188055   R: 5.3e-07* 3.4e-06  5.7e-06  1.1e-05  3.9e-06  1.2e-05  1.1e-05  1.1e-05  1.5e-05  9.6e-06  1.3e-05  1.0e-05  1.4e-05  9.5e-06  9.7e-06  9.9e-06  1.3e-05   LinDep: 4.9e-15* 
 Iter:   5 SS: 85   E:  -46.08693712*  -45.96772491   -45.95760044   -45.94324497   -45.92573344   -45.92224733   -45.92130608   -45.91975893   -45.91572807   -45.91463206   -45.91133006   -45.90817191   -45.90675350   -45.90555488   -45.90369269   -45.90199335   -45.90188055   R: 2.4e-07* 1.6e-06  2.9e-06  5.7e-06  2.4e-06  9.8e-06  7.6e-06  7.0e-06  1.1e-05  7.0e-06  8.4e-06  7.7e-06  9.6e-06  6.4e-06  6.1e-06  5.5e-06  8.7e-06   LinDep: 2.2e-15* 
 Iter:   6 SS: 102  E:  -46.08693712*  -45.96772491*  -45.95760044   -45.94324497   -45.92573344   -45.92224733   -45.92130608   -45.91975893   -45.91572807   -45.91463206   -45.91133006   -45.90817191   -45.90675350   -45.90555488   -45.90369269   -45.90199335   -45.90188055   R: 6.8e-08* 6.5e-07* 1.2e-06  2.5e-06  1.2e-06  5.6e-06  4.4e-06  3.5e-06  6.0e-06  4.1e-06  3.8e-06  3.8e-06  5.6e-06  3.0e-06  3.2e-06  2.5e-06  4.7e-06   LinDep: 6.0e-15* 
 Iter:   7 SS: 119  E:  -46.08693712*  -45.96772491*  -45.95760044*  -45.94324497   -45.92573344*  -45.92224733   -45.92130608   -45.91975893   -45.91572807   -45.91463206   -45.91133006   -45.90817191   -45.90675350   -45.90555488   -45.90369269   -45.90199335   -45.90188055   R: 2.8e-08* 3.1e-07* 5.7e-07* 1.2e-06  6.6e-07* 3.1e-06  2.3e-06  1.9e-06  3.2e-06  2.3e-06  2.3e-06  2.2e-06  3.0e-06  1.8e-06  1.9e-06  1.5e-06  2.6e-06   LinDep: 7.1e-15* 
 Iter:   8 SS: 136  E:  -46.08693712*  -45.96772491*  -45.95760044*  -45.94324497*  -45.92573344*  -45.92224733   -45.92130608   -45.91975893*  -45.91572807   -45.91463206   -45.91133006   -45.90817191   -45.90675350   -45.90555488*  -45.90369269   -45.90199335*  -45.90188055   R: 1.3e-08* 1.4e-07* 2.8e-07* 6.5e-07* 3.5e-07* 1.5e-06  1.2e-06  9.9e-07* 1.7e-06  1.4e-06  1.4e-06  1.2e-06  1.6e-06  9.9e-07* 1.2e-06  8.7e-07* 1.4e-06   LinDep: 1.4e-14* 
 Iter:   9 SS: 153  E:  -46.08693712*  -45.96772491*  -45.95760044*  -45.94324497*  -45.92573344*  -45.92224733*  -45.92130608*  -45.91975893*  -45.91572807*  -45.91463206*  -45.91133006*  -45.90817191*  -45.90675350*  -45.90555488*  -45.90369269*  -45.90199335*  -45.90188055*  R: 6.3e-09* 8.3e-08* 1.5e-07* 3.8e-07* 1.7e-07* 7.5e-07* 5.3e-07* 5.0e-07* 8.3e-07* 7.7e-07* 9.5e-07* 7.7e-07* 7.5e-07* 7.0e-07* 7.5e-07* 5.1e-07* 7.4e-07*  LinDep: 1.5e-14* 
 Diagonalization time:                             141.046222 seconds
 Compute <S^2>:                                      1.789940 seconds (4.83 M allocations: 901.300 MiB, 54.56% gc time)
  Root       Energy           S2
     1 -46.08693712   0.00030792
     2 -45.96772491   2.00026112
     3 -45.95760044   2.00031044
     4 -45.94324497   2.00049819
     5 -45.92573344   2.00028932
     6 -45.92224733   0.00437935
     7 -45.92130608   2.00074540
     8 -45.91975893   2.00076989
     9 -45.91572807   2.00067207
    10 -45.91463206   0.00372676
    11 -45.91133006   2.00062461
    12 -45.90817191   2.00044771
    13 -45.90675350   2.00046371
    14 -45.90555488   0.00239497
    15 -45.90369269   0.00262147
    16 -45.90199335   2.00040736
    17 -45.90188055   2.00040269
 ==================================================================|
 Diagonalization time:                             198.240816 seconds
 Compute <0|H0|0>:                                   0.262709 seconds (1.28 M allocations: 278.791 MiB, 30.26% gc time)
  Root      <0|H|0>      <0|F|0>
     1 -46.08693712 -25.75547291
     2 -45.96772491 -25.52522339
     3 -45.95760044 -25.53092865
     4 -45.94324497 -25.53584334
     5 -45.92573344 -25.59357891
     6 -45.92224733 -25.49077369
     7 -45.92130608 -25.50476665
     8 -45.91975893 -25.54241095
     9 -45.91572807 -25.52272463
    10 -45.91463206 -25.50304544
    11 -45.91133006 -25.53763407
    12 -45.90817191 -25.53749886
    13 -45.90675350 -25.54151326
    14 -45.90555488 -25.52908401
    15 -45.90369269 -25.52638489
    16 -45.90199335 -25.54891548
    17 -45.90188055 -25.55165403
 Number of jobs:    5809
 Number of threads: 2
 |----------------------------------------------------------------------------------------------------|
 |0%                                                                                              100%|
 |----------------------------------------------------------------------------------------------------|
 Time spent computing E2:                           67310.7 s Allocated:    8.1e+04 GB
 State   1: E(PT2) corr:                          -0.00027517
 State   2: E(PT2) corr:                          -0.00122052
 State   3: E(PT2) corr:                          -0.00123177
 State   4: E(PT2) corr:                          -0.00137399
 State   5: E(PT2) corr:                          -0.00081179
 State   6: E(PT2) corr:                          -0.00232899
 State   7: E(PT2) corr:                          -0.00211673
 State   8: E(PT2) corr:                          -0.00147617
 State   9: E(PT2) corr:                          -0.00176550
 State  10: E(PT2) corr:                          -0.00193065
 State  11: E(PT2) corr:                          -0.00149893
 State  12: E(PT2) corr:                          -0.00126027
 State  13: E(PT2) corr:                          -0.00131010
 State  14: E(PT2) corr:                          -0.00125419
 State  15: E(PT2) corr:                          -0.00130550
 State  16: E(PT2) corr:                          -0.00117829
 State  17: E(PT2) corr:                          -0.00118254
  Root         E(0)         E(2)
     1 -46.08693712 -46.08721230
     2 -45.96772491 -45.96894543
     3 -45.95760044 -45.95883221
     4 -45.94324497 -45.94461896
     5 -45.92573344 -45.92654524
     6 -45.92224733 -45.92457631
     7 -45.92130608 -45.92342281
     8 -45.91975893 -45.92123510
     9 -45.91572807 -45.91749357
    10 -45.91463206 -45.91656272
    11 -45.91133006 -45.91282899
    12 -45.90817191 -45.90943218
    13 -45.90675350 -45.90806360
    14 -45.90555488 -45.90680907
    15 -45.90369269 -45.90499819
    16 -45.90199335 -45.90317164
    17 -45.90188055 -45.90306309
 ......................................................................................|
67509.243118 seconds (800.27 M allocations: 73.686 TiB, 61.24% gc time, 0.00% compilation time)
