 Remove duplicates
 Number of terms reduced from   327 to   159
IDX001:DIM4194304:001|002|003|004|005|006|007|008|009|010|011|
IDX002:DIM16384:012|013|014|015|016|017|018|
IDX003:DIM4194304:019|020|021|022|023|024|025|026|027|028|029|

 --------------------------------------------------
 ---------- # Fockspaces -------------------:   244  
 ---------- # Configs    -------------------: 161557  
 ---------- Root ---------------------------:     1  
 --------------------------------------------------
 Printing contributions greater than: 0.010000
 Weight              # configs (full)    (α,β)...            
 -------             --------- --------- ----------          
 0.482                                   ( 3,6 )( 4,4 )( 6,3 )
     0.481           1         1             1:1    1:1    1:1
 ---------                               ----------          
 0.479                                   ( 4,5 )( 4,4 )( 5,4 )
     0.478           1         1             1:1    1:1    1:1
     0.011           324       9801          1:1  2:100  2:100
     0.011           324       9801        2:100  2:100    1:1
     0.021           484       9801        2:100    1:1  2:100
 ---------                               ----------          
 0.479                                   ( 5,4 )( 4,4 )( 4,5 )
     0.478           1         1             1:1    1:1    1:1
     0.011           324       9801          1:1  2:100  2:100
     0.011           324       9801        2:100  2:100    1:1
     0.021           484       9801        2:100    1:1  2:100
 ---------                               ----------          
 0.482                                   ( 6,3 )( 4,4 )( 3,6 )
     0.481           1         1             1:1    1:1    1:1
 ---------                               ----------          
 0.012                                   ( 4,7 )( 3,3 )( 6,3 )
     0.012           81        3500         1:35  1:100    1:1
 ---------                               ----------          
 0.012                                   ( 6,3 )( 3,3 )( 4,7 )
     0.012           81        3500          1:1  1:100   1:35
 ---------                               ----------          
 0.052                                   ( 6,4 )( 3,4 )( 4,5 )
     0.049           240       5600         1:56  1:100    1:1
     0.017           9464      554400       1:56  1:100  2:100
 ---------                               ----------          
 0.014                                   ( 3,6 )( 5,4 )( 5,3 )
     0.014           90        5900          1:1  1:100   1:59
 ---------                               ----------          
 0.013                                   ( 5,6 )( 3,3 )( 5,4 )
     0.013           100       10000       1:100  1:100    1:1
 ---------                               ----------          
 0.025                                   ( 6,3 )( 4,3 )( 3,7 )
     0.025           16        800           1:1  1:100    1:8
 ---------                               ----------          
 0.052                                   ( 4,5 )( 3,4 )( 6,4 )
     0.049           240       5600          1:1  1:100   1:56
     0.017           9464      554400      2:100  1:100   1:56
 ---------                               ----------          
 0.052                                   ( 6,4 )( 4,4 )( 3,5 )
     0.052           80        3304         1:56    1:1   1:59
 ---------                               ----------          
 0.011                                   ( 4,5 )( 5,4 )( 4,4 )
     0.011           90        10000         1:1  1:100  1:100
 ---------                               ----------          
 0.010                                   ( 5,4 )( 2,4 )( 6,5 )
     0.010           36        5700          1:1   1:57  1:100
 ---------                               ----------          
 0.066                                   ( 5,5 )( 3,4 )( 5,4 )
     0.064           528       10000       1:100  1:100    1:1
     0.015           8970      990000      1:100  1:100  2:100
 ---------                               ----------          
 0.052                                   ( 4,4 )( 4,4 )( 5,5 )
     0.051           156       10000       1:100    1:1  1:100
 ---------                               ----------          
 0.013                                   ( 4,5 )( 3,3 )( 6,5 )
     0.013           100       10000         1:1  1:100  1:100
 ---------                               ----------          
 0.014                                   ( 6,5 )( 4,2 )( 3,6 )
     0.014           36        5700        1:100   1:57    1:1
 ---------                               ----------          
 0.010                                   ( 6,5 )( 2,4 )( 5,4 )
     0.010           36        5700        1:100   1:57    1:1
 ---------                               ----------          
 0.014                                   ( 3,5 )( 4,5 )( 6,3 )
     0.014           90        5900         1:59  1:100    1:1
 ---------                               ----------          
 0.010                                   ( 4,5 )( 4,2 )( 5,6 )
     0.010           36        5700          1:1   1:57  1:100
 ---------                               ----------          
 0.014                                   ( 5,6 )( 2,4 )( 6,3 )
     0.014           36        5700        1:100   1:57    1:1
 ---------                               ----------          
 0.052                                   ( 4,6 )( 4,4 )( 5,3 )
     0.052           80        3304         1:56    1:1   1:59
 ---------                               ----------          
 0.010                                   ( 5,6 )( 4,2 )( 4,5 )
     0.010           36        5700        1:100   1:57    1:1
 ---------                               ----------          
 0.025                                   ( 3,6 )( 3,4 )( 7,3 )
     0.025           16        800           1:1  1:100    1:8
 ---------                               ----------          
 0.013                                   ( 5,4 )( 3,3 )( 5,6 )
     0.013           100       10000         1:1  1:100  1:100
 ---------                               ----------          
 0.010                                   ( 3,6 )( 5,3 )( 5,4 )
     0.010           108       5445          1:1   1:55  2:100
 ---------                               ----------          
 0.012                                   ( 7,4 )( 3,3 )( 3,6 )
     0.012           81        3500         1:35  1:100    1:1
 ---------                               ----------          
 0.025                                   ( 7,3 )( 3,4 )( 3,6 )
     0.025           16        800           1:8  1:100    1:1
 ---------                               ----------          
 0.014                                   ( 6,3 )( 2,4 )( 5,6 )
     0.014           36        5700          1:1   1:57  1:100
 ---------                               ----------          
 0.052                                   ( 5,5 )( 4,4 )( 4,4 )
     0.051           156       10000       1:100    1:1  1:100
 ---------                               ----------          
 0.014                                   ( 3,6 )( 4,2 )( 6,5 )
     0.014           36        5700          1:1   1:57  1:100
 ---------                               ----------          
 0.010                                   ( 4,5 )( 3,5 )( 6,3 )
     0.010           108       5445        2:100   1:55    1:1
 ---------                               ----------          
 0.052                                   ( 4,6 )( 4,3 )( 5,4 )
     0.049           240       5600         1:56  1:100    1:1
     0.017           9464      554400       1:56  1:100  2:100
 ---------                               ----------          
 0.066                                   ( 5,5 )( 4,3 )( 4,5 )
     0.064           528       10000       1:100  1:100    1:1
     0.015           8970      990000      1:100  1:100  2:100
 ---------                               ----------          
 0.012                                   ( 3,6 )( 3,3 )( 7,4 )
     0.012           81        3500          1:1  1:100   1:35
 ---------                               ----------          
 0.011                                   ( 4,4 )( 5,4 )( 4,5 )
     0.011           90        10000       1:100  1:100    1:1
 ---------                               ----------          
 0.066                                   ( 5,4 )( 3,4 )( 5,5 )
     0.064           528       10000         1:1  1:100  1:100
     0.015           8970      990000      2:100  1:100  1:100
 ---------                               ----------          
 0.025                                   ( 3,7 )( 4,3 )( 6,3 )
     0.025           16        800           1:8  1:100    1:1
 ---------                               ----------          
 0.013                                   ( 6,5 )( 3,3 )( 4,5 )
     0.013           100       10000       1:100  1:100    1:1
 ---------                               ----------          
 0.011                                   ( 5,4 )( 4,5 )( 4,4 )
     0.011           90        10000         1:1  1:100  1:100
 ---------                               ----------          
 0.078                                   ( 3,6 )( 4,3 )( 6,4 )
     0.078           342       5600          1:1  1:100   1:56
     0.012           1404      156800       2:29  1:100   1:56
 ---------                               ----------          
 0.052                                   ( 5,4 )( 4,3 )( 4,6 )
     0.049           240       5600          1:1  1:100   1:56
     0.017           9464      554400      2:100  1:100   1:56
 ---------                               ----------          
 0.052                                   ( 5,3 )( 4,4 )( 4,6 )
     0.052           80        3304         1:59    1:1   1:56
 ---------                               ----------          
 0.078                                   ( 4,6 )( 3,4 )( 6,3 )
     0.078           342       5600         1:56  1:100    1:1
     0.012           1404      156800       1:56  1:100   2:29
 ---------                               ----------          
 0.078                                   ( 6,3 )( 3,4 )( 4,6 )
     0.078           342       5600          1:1  1:100   1:56
     0.012           1404      156800       2:29  1:100   1:56
 ---------                               ----------          
 0.052                                   ( 3,5 )( 4,4 )( 6,4 )
     0.052           80        3304         1:59    1:1   1:56
 ---------                               ----------          
 0.066                                   ( 4,5 )( 4,3 )( 5,5 )
     0.064           528       10000         1:1  1:100  1:100
     0.015           8970      990000      2:100  1:100  1:100
 ---------                               ----------          
 0.078                                   ( 6,4 )( 4,3 )( 3,6 )
     0.078           342       5600         1:56  1:100    1:1
     0.012           1404      156800       1:56  1:100   2:29
 ---------                               ----------          
 0.010                                   ( 6,3 )( 3,5 )( 4,5 )
     0.010           108       5445          1:1   1:55  2:100
 ---------                               ----------          
 0.011                                   ( 4,4 )( 4,5 )( 5,4 )
     0.011           90        10000       1:100  1:100    1:1
 ---------                               ----------          
 0.010                                   ( 5,4 )( 5,3 )( 3,6 )
     0.010           108       5445        2:100   1:55    1:1
 ---------                               ----------          
 0.014                                   ( 5,3 )( 5,4 )( 3,6 )
     0.014           90        5900         1:59  1:100    1:1
 ---------                               ----------          
 0.014                                   ( 6,3 )( 4,5 )( 3,5 )
     0.014           90        5900          1:1  1:100   1:59
 ---------                               ----------          
 0.012                                   ( 4,6 )( 3,3 )( 6,4 )
     0.012           6069      313600       1:56  1:100   1:56
 ---------                               ----------          
 0.012                                   ( 5,5 )( 3,3 )( 5,5 )
     0.012           8379      1000000     1:100  1:100  1:100
 ---------                               ----------          
 0.012                                   ( 6,4 )( 3,3 )( 4,6 )
     0.012           6069      313600       1:56  1:100   1:56
 ---------                               ----------          
 --------------------------------------------------


 |...................................BST-PT2............................................
 H0          : Hcmf
 nbody       : 4
 thresh_foi  : 1.0e-6
 max_number  : nothing
 opt_ref     : true
 ci_tol      : 1.0e-6
 verbose     : 2

 Length of Reference:                                   44676
 Solve zeroth-order problem:                       
 |== BST CI ========================================================
 Solve CI with # variables:                             44676
 Cache Hamiltonian:                                154.653768 seconds (59.57 M allocations: 50.607 GiB, 27.27% gc time, 12.65% compilation time)
 Iter:   1 SS: 4    E: -130.72873194  -130.72775301  -130.72569171  -130.72265507   R: 1.9e-03  1.5e-03  1.7e-03  1.6e-03   LinDep: 2.4e-15* 
 Iter:   2 SS: 8    E: -130.72873422  -130.72775436  -130.72569352  -130.72265662   R: 6.9e-04  5.5e-04  6.1e-04  5.5e-04   LinDep: 1.8e-15* 
 Iter:   3 SS: 12   E: -130.72873462  -130.72775457  -130.72569380  -130.72265682   R: 4.5e-04  3.6e-04  3.6e-04  3.0e-04   LinDep: 3.3e-15* 
 Iter:   4 SS: 16   E: -130.72873479  -130.72775467  -130.72569389  -130.72265688   R: 3.4e-04  2.6e-04  2.3e-04  1.5e-04   LinDep: 6.7e-16* 
 Iter:   5 SS: 20   E: -130.72873489  -130.72775473  -130.72569393  -130.72265689   R: 2.6e-04  2.0e-04  1.6e-04  8.5e-05   LinDep: 4.4e-16* 
 Iter:   6 SS: 24   E: -130.72873494  -130.72775476  -130.72569395  -130.72265690   R: 1.6e-04  1.3e-04  1.0e-04  5.9e-05   LinDep: 2.7e-15* 
 Iter:   7 SS: 28   E: -130.72873496  -130.72775477  -130.72569396  -130.72265690   R: 9.7e-05  7.6e-05  5.4e-05  3.0e-05   LinDep: 3.8e-15* 
 Iter:   8 SS: 32   E: -130.72873497  -130.72775478  -130.72569396  -130.72265690   R: 6.0e-05  4.8e-05  3.3e-05  1.9e-05   LinDep: 1.1e-16* 
 Iter:   9 SS: 36   E: -130.72873497  -130.72775478  -130.72569396  -130.72265690   R: 3.7e-05  2.8e-05  2.0e-05  1.1e-05   LinDep: 1.1e-15* 
 Iter:  10 SS: 40   E: -130.72873497  -130.72775478  -130.72569396  -130.72265690   R: 2.1e-05  1.7e-05  1.1e-05  4.7e-06   LinDep: 6.7e-16* 
 Iter:  11 SS: 44   E: -130.72873497  -130.72775478  -130.72569396  -130.72265690   R: 1.3e-05  1.0e-05  7.1e-06  2.1e-06   LinDep: 1.3e-15* 
 Iter:  12 SS: 48   E: -130.72873497  -130.72775478  -130.72569396  -130.72265690   R: 7.9e-06  6.4e-06  4.3e-06  1.1e-06   LinDep: 1.3e-15* 
 Iter:  13 SS: 48   E: -130.72873497  -130.72775478  -130.72569396  -130.72265690*  R: 5.3e-06  4.0e-06  2.6e-06  6.5e-07*  LinDep: 7.8e-16* 
 Iter:  14 SS: 48   E: -130.72873497  -130.72775478  -130.72569396  -130.72265690*  R: 3.3e-06  2.3e-06  1.6e-06  4.2e-07*  LinDep: 2.2e-13* 
 Iter:  15 SS: 48   E: -130.72873497  -130.72775478  -130.72569396  -130.72265690*  R: 1.8e-06  1.3e-06  1.0e-06  2.7e-07*  LinDep: 5.8e-14* 
 Iter:  16 SS: 48   E: -130.72873497* -130.72775478* -130.72569396* -130.72265690*  R: 9.4e-07* 7.3e-07* 5.9e-07* 1.8e-07*  LinDep: 3.2e-13* 
 Diagonalization time:                             120.938610 seconds
 Compute <S^2>:                                      0.586635 seconds (1.35 M allocations: 436.459 MiB, 53.16% gc time, 0.90% compilation time)
  Root       Energy           S2
     1 -130.72873497   0.00118855
     2 -130.72775478   2.00017649
     3 -130.72569396   5.99892726
     4 -130.72265690  11.99973944
 ==================================================================|
 Diagonalization time:                             282.388869 seconds
 Compute <0|H0|0>:                                   0.075400 seconds (271.63 k allocations: 105.521 MiB, 31.67% gc time, 19.69% compilation time)
  Root      <0|H|0>      <0|F|0>
     1 -130.72873497 -83.92790851
     2 -130.72775478 -83.93095253
     3 -130.72569396 -83.93772973
     4 -130.72265690 -83.94764329
 Number of jobs:    1456
 Number of threads: 4
 |----------------------------------------------------------------------------------------------------|
 |0%                                                                                              100%|
 |----------------------------------------------------------------------------------------------------|
 Time spent computing E2:                           22153.3 s Allocated:    3.7e+04 GB
 State   1: E(PT2) corr:                          -0.00018753
 State   2: E(PT2) corr:                          -0.00015357
 State   3: E(PT2) corr:                          -0.00016073
 State   4: E(PT2) corr:                          -0.00014101
  Root         E(0)         E(2)
     1 -130.72873497 -130.72892250
     2 -130.72775478 -130.72790835
     3 -130.72569396 -130.72585469
     4 -130.72265690 -130.72279791
 ......................................................................................|
22446.353334 seconds (460.27 M allocations: 33.823 TiB, 20.65% gc time, 0.57% compilation time)

 |...................................BST-PT2............................................
 H0          : Hcmf
 nbody       : 4
 thresh_foi  : 1.0e-6
 max_number  : nothing
 opt_ref     : true
 ci_tol      : 1.0e-6
 verbose     : 2

 Length of Reference:                                   60284
 Solve zeroth-order problem:                       
 |== BST CI ========================================================
 Solve CI with # variables:                             60284
 Cache Hamiltonian:                                186.882424 seconds (12.33 M allocations: 66.617 GiB, 42.54% gc time)
 Iter:   1 SS: 4    E: -130.72877773  -130.72779309  -130.72573299  -130.72268402   R: 1.6e-03  1.1e-03  1.4e-03  1.4e-03   LinDep: 8.9e-16* 
 Iter:   2 SS: 8    E: -130.72877941  -130.72779386  -130.72573420  -130.72268515   R: 6.2e-04  4.3e-04  5.5e-04  4.6e-04   LinDep: 6.7e-16* 
 Iter:   3 SS: 12   E: -130.72877971  -130.72779400  -130.72573439  -130.72268528   R: 4.1e-04  2.8e-04  3.0e-04  2.6e-04   LinDep: 4.4e-16* 
 Iter:   4 SS: 16   E: -130.72877984  -130.72779406  -130.72573446  -130.72268532   R: 3.0e-04  2.3e-04  1.7e-04  1.3e-04   LinDep: 2.7e-15* 
 Iter:   5 SS: 20   E: -130.72877992  -130.72779411  -130.72573448  -130.72268533   R: 2.3e-04  1.7e-04  1.3e-04  7.0e-05   LinDep: 3.3e-15* 
 Iter:   6 SS: 24   E: -130.72877996  -130.72779413  -130.72573449  -130.72268533   R: 1.5e-04  1.1e-04  8.5e-05  4.7e-05   LinDep: 1.1e-15* 
 Iter:   7 SS: 28   E: -130.72877998  -130.72779414  -130.72573450  -130.72268534   R: 8.2e-05  6.0e-05  4.5e-05  2.7e-05   LinDep: 1.1e-16* 
 Iter:   8 SS: 32   E: -130.72877998  -130.72779414  -130.72573450  -130.72268534   R: 4.6e-05  3.3e-05  2.4e-05  1.5e-05   LinDep: 2.2e-15* 
 Iter:   9 SS: 36   E: -130.72877998  -130.72779414  -130.72573450  -130.72268534   R: 3.0e-05  2.1e-05  1.5e-05  9.3e-06   LinDep: 2.7e-15* 
 Iter:  10 SS: 40   E: -130.72877998  -130.72779414  -130.72573450  -130.72268534   R: 1.8e-05  1.3e-05  8.8e-06  4.4e-06   LinDep: 5.3e-15* 
 Iter:  11 SS: 44   E: -130.72877998  -130.72779414  -130.72573450  -130.72268534   R: 9.8e-06  7.3e-06  5.2e-06  2.0e-06   LinDep: 2.9e-15* 
 Iter:  12 SS: 48   E: -130.72877998  -130.72779414  -130.72573450  -130.72268534   R: 5.9e-06  4.5e-06  3.2e-06  1.1e-06   LinDep: 6.4e-15* 
 Iter:  13 SS: 48   E: -130.72877998  -130.72779414  -130.72573450  -130.72268534*  R: 3.7e-06  2.6e-06  2.0e-06  6.2e-07*  LinDep: 2.0e-15* 
 Iter:  14 SS: 48   E: -130.72877998  -130.72779414  -130.72573450  -130.72268534*  R: 2.4e-06  1.6e-06  1.3e-06  4.1e-07*  LinDep: 4.1e-12* 
 Iter:  15 SS: 48   E: -130.72877998  -130.72779414* -130.72573450* -130.72268534*  R: 1.4e-06  9.5e-07* 7.8e-07* 2.6e-07*  LinDep: 3.0e-14* 
 Iter:  16 SS: 48   E: -130.72877998* -130.72779414* -130.72573450* -130.72268534*  R: 8.3e-07* 6.1e-07* 5.0e-07* 1.9e-07*  LinDep: 2.5e-13* 
 Diagonalization time:                             126.995420 seconds
 Compute <S^2>:                                      1.065279 seconds (1.47 M allocations: 542.650 MiB, 68.32% gc time)
  Root       Energy           S2
     1 -130.72877998   0.00095363
     2 -130.72779414   2.00016884
     3 -130.72573450   5.99914183
     4 -130.72268534  11.99975031
 ==================================================================|
 Diagonalization time:                             315.180860 seconds
 Compute <0|H0|0>:                                   0.262413 seconds (279.97 k allocations: 126.993 MiB, 81.89% gc time)
  Root      <0|H|0>      <0|F|0>
     1 -130.72877998 -83.92768975
     2 -130.72779414 -83.93077475
     3 -130.72573450 -83.93753590
     4 -130.72268534 -83.94752672
 Number of jobs:    1502
 Number of threads: 4
 |----------------------------------------------------------------------------------------------------|
 |0%                                                                                              100%|
 |----------------------------------------------------------------------------------------------------|
 Time spent computing E2:                           30983.8 s Allocated:    5.2e+04 GB
 State   1: E(PT2) corr:                          -0.00015074
 State   2: E(PT2) corr:                          -0.00011943
 State   3: E(PT2) corr:                          -0.00012897
 State   4: E(PT2) corr:                          -0.00011863
  Root         E(0)         E(2)
     1 -130.72877998 -130.72893073
     2 -130.72779414 -130.72791358
     3 -130.72573450 -130.72586347
     4 -130.72268534 -130.72280397
 ......................................................................................|
31299.260238 seconds (259.23 M allocations: 46.963 TiB, 17.26% gc time, 0.01% compilation time)

 |...................................BST-PT2............................................
 H0          : Hcmf
 nbody       : 4
 thresh_foi  : 1.0e-6
 max_number  : nothing
 opt_ref     : true
 ci_tol      : 1.0e-6
 verbose     : 2

 Length of Reference:                                   83857
 Solve zeroth-order problem:                       
 |== BST CI ========================================================
 Solve CI with # variables:                             83857
 Cache Hamiltonian:                                237.550322 seconds (14.21 M allocations: 101.396 GiB, 47.10% gc time)
 Iter:   1 SS: 4    E: -130.72882296  -130.72782555  -130.72576973  -130.72272211   R: 1.1e-03  8.3e-04  9.6e-04  9.6e-04   LinDep: 2.2e-16* 
 Iter:   2 SS: 8    E: -130.72882366  -130.72782594  -130.72577025  -130.72272257   R: 4.2e-04  3.1e-04  3.5e-04  3.1e-04   LinDep: 1.1e-16* 
 Iter:   3 SS: 12   E: -130.72882377  -130.72782601  -130.72577032  -130.72272263   R: 2.4e-04  1.8e-04  1.7e-04  1.4e-04   LinDep: 2.0e-15* 
 Iter:   4 SS: 16   E: -130.72882382  -130.72782603  -130.72577034  -130.72272264   R: 1.7e-04  1.3e-04  9.8e-05  7.0e-05   LinDep: 4.0e-15* 
 Iter:   5 SS: 20   E: -130.72882385  -130.72782605  -130.72577035  -130.72272264   R: 1.3e-04  1.0e-04  6.9e-05  3.8e-05   LinDep: 1.1e-15* 
 Iter:   6 SS: 24   E: -130.72882386  -130.72782606  -130.72577035  -130.72272264   R: 9.0e-05  7.1e-05  4.5e-05  2.4e-05   LinDep: 4.4e-16* 
 Iter:   7 SS: 28   E: -130.72882387  -130.72782606  -130.72577035  -130.72272265   R: 5.3e-05  4.1e-05  2.6e-05  1.5e-05   LinDep: 1.1e-15* 
 Iter:   8 SS: 32   E: -130.72882387  -130.72782606  -130.72577035  -130.72272265   R: 3.4e-05  2.5e-05  1.5e-05  8.9e-06   LinDep: 8.9e-16* 
 Iter:   9 SS: 36   E: -130.72882387  -130.72782606  -130.72577035  -130.72272265   R: 2.1e-05  1.5e-05  8.8e-06  5.2e-06   LinDep: 2.1e-15* 
 Iter:  10 SS: 40   E: -130.72882387  -130.72782606  -130.72577035  -130.72272265   R: 1.2e-05  8.9e-06  5.4e-06  2.9e-06   LinDep: 7.2e-15* 
 Iter:  11 SS: 44   E: -130.72882387  -130.72782606  -130.72577035  -130.72272265   R: 7.0e-06  5.5e-06  3.3e-06  1.7e-06   LinDep: 8.9e-16* 
 Iter:  12 SS: 48   E: -130.72882387  -130.72782606  -130.72577035  -130.72272265   R: 4.1e-06  3.6e-06  1.9e-06  1.0e-06   LinDep: 4.1e-15* 
 Iter:  13 SS: 48   E: -130.72882387  -130.72782606  -130.72577035  -130.72272265*  R: 2.4e-06  2.1e-06  1.2e-06  6.5e-07*  LinDep: 2.9e-15* 
 Iter:  14 SS: 48   E: -130.72882387  -130.72782606  -130.72577035* -130.72272265*  R: 1.5e-06  1.2e-06  7.4e-07* 4.7e-07*  LinDep: 1.0e-12* 
 Iter:  15 SS: 48   E: -130.72882387* -130.72782606* -130.72577035* -130.72272265*  R: 9.5e-07* 7.5e-07* 4.5e-07* 3.0e-07*  LinDep: 1.9e-15* 
 Diagonalization time:                             231.732886 seconds
 Compute <S^2>:                                      1.388097 seconds (1.67 M allocations: 719.256 MiB, 71.11% gc time)
  Root       Energy           S2
     1 -130.72882387   0.00047113
     2 -130.72782606   2.00008397
     3 -130.72577035   5.99959688
     4 -130.72272265  11.99986276
 ==================================================================|
 Diagonalization time:                             470.960143 seconds
 Compute <0|H0|0>:                                   0.083151 seconds (315.72 k allocations: 163.880 MiB, 34.75% gc time)
  Root      <0|H|0>      <0|F|0>
     1 -130.72882387 -83.92745860
     2 -130.72782606 -83.93063029
     3 -130.72577035 -83.93736570
     4 -130.72272265 -83.94736079
 Number of jobs:    1562
 Number of threads: 4
 |----------------------------------------------------------------------------------------------------|
 |0%                                                                                              100%|
 |----------------------------------------------------------------------------------------------------|
 Time spent computing E2:                           44903.2 s Allocated:    7.3e+04 GB
 State   1: E(PT2) corr:                          -0.00011708
 State   2: E(PT2) corr:                          -0.00009400
 State   3: E(PT2) corr:                          -0.00010081
 State   4: E(PT2) corr:                          -0.00009014
  Root         E(0)         E(2)
     1 -130.72882387 -130.72894095
     2 -130.72782606 -130.72792006
     3 -130.72577035 -130.72587116
     4 -130.72272265 -130.72281278
 ......................................................................................|
45374.282881 seconds (286.78 M allocations: 66.659 TiB, 14.38% gc time, 0.01% compilation time)

 |...................................BST-PT2............................................
 H0          : Hcmf
 nbody       : 4
 thresh_foi  : 1.0e-6
 max_number  : nothing
 opt_ref     : true
 ci_tol      : 1.0e-6
 verbose     : 2

 Length of Reference:                                  111173
 Solve zeroth-order problem:                       
 |== BST CI ========================================================
 Solve CI with # variables:                            111173
 Cache Hamiltonian:                                304.991425 seconds (16.24 M allocations: 148.876 GiB, 51.35% gc time)
 Iter:   1 SS: 4    E: -130.72885733  -130.72784872  -130.72580075  -130.72274877   R: 6.8e-04  5.8e-04  5.3e-04  6.1e-04   LinDep: 2.2e-16* 
 Iter:   2 SS: 8    E: -130.72885758  -130.72784891  -130.72580090  -130.72274895   R: 2.6e-04  2.3e-04  2.1e-04  2.1e-04   LinDep: 1.1e-15* 
 Iter:   3 SS: 12   E: -130.72885762  -130.72784894  -130.72580093  -130.72274898   R: 1.3e-04  1.2e-04  1.0e-04  9.8e-05   LinDep: 0.0e+00* 
 Iter:   4 SS: 16   E: -130.72885763  -130.72784895  -130.72580093  -130.72274898   R: 7.2e-05  6.1e-05  4.8e-05  4.6e-05   LinDep: 3.1e-15* 
 Iter:   5 SS: 20   E: -130.72885764  -130.72784895  -130.72580094  -130.72274898   R: 5.7e-05  4.8e-05  2.9e-05  2.4e-05   LinDep: 2.2e-15* 
 Iter:   6 SS: 24   E: -130.72885764  -130.72784895  -130.72580094  -130.72274898   R: 5.0e-05  4.3e-05  2.1e-05  1.5e-05   LinDep: 2.9e-15* 
 Iter:   7 SS: 28   E: -130.72885764  -130.72784895  -130.72580094  -130.72274898   R: 3.6e-05  3.1e-05  1.4e-05  1.1e-05   LinDep: 3.3e-15* 
 Iter:   8 SS: 32   E: -130.72885764  -130.72784895  -130.72580094  -130.72274898   R: 2.3e-05  2.0e-05  8.7e-06  6.1e-06   LinDep: 2.9e-15* 
 Iter:   9 SS: 36   E: -130.72885764  -130.72784895  -130.72580094  -130.72274898   R: 1.5e-05  1.3e-05  5.4e-06  3.9e-06   LinDep: 4.0e-15* 
 Iter:  10 SS: 40   E: -130.72885764  -130.72784895  -130.72580094  -130.72274898   R: 9.4e-06  8.1e-06  3.8e-06  2.7e-06   LinDep: 2.2e-16* 
 Iter:  11 SS: 44   E: -130.72885764  -130.72784895  -130.72580094  -130.72274898   R: 5.5e-06  4.5e-06  2.4e-06  1.8e-06   LinDep: 7.8e-16* 
 Iter:  12 SS: 48   E: -130.72885764  -130.72784895  -130.72580094  -130.72274898   R: 3.2e-06  2.5e-06  1.6e-06  1.2e-06   LinDep: 3.3e-15* 
 Iter:  13 SS: 48   E: -130.72885764  -130.72784895  -130.72580094* -130.72274898*  R: 1.8e-06  1.5e-06  9.9e-07* 8.5e-07*  LinDep: 5.6e-15* 
 Iter:  14 SS: 48   E: -130.72885764  -130.72784895* -130.72580094* -130.72274898*  R: 1.0e-06  9.3e-07* 6.4e-07* 6.1e-07*  LinDep: 1.6e-13* 
 Iter:  15 SS: 48   E: -130.72885764* -130.72784895* -130.72580094* -130.72274898*  R: 6.0e-07* 5.8e-07* 4.3e-07* 4.1e-07*  LinDep: 1.3e-13* 
 Diagonalization time:                             370.083673 seconds
 Compute <S^2>:                                      1.586302 seconds (1.86 M allocations: 919.247 MiB, 69.37% gc time)
  Root       Energy           S2
     1 -130.72885764   0.00018725
     2 -130.72784895   2.00005323
     3 -130.72580094   5.99987254
     4 -130.72274898  11.99990200
 ==================================================================|
 Diagonalization time:                             676.964543 seconds
 Compute <0|H0|0>:                                   0.308042 seconds (339.76 k allocations: 204.040 MiB, 78.87% gc time)
  Root      <0|H|0>      <0|F|0>
     1 -130.72885764 -83.92728330
     2 -130.72784895 -83.93052373
     3 -130.72580094 -83.93723075
     4 -130.72274898 -83.94725979
 Number of jobs:    1602
 Number of threads: 4
 |----------------------------------------------------------------------------------------------------|
 |0%                                                                                              100%|
 |-------------