 Remove duplicates
 Number of terms reduced from   327 to   159
IDX001:DIM4194304:001|002|003|004|005|006|007|008|009|010|011|
IDX002:DIM16384:012|013|014|015|016|017|018|
IDX003:DIM4194304:019|020|021|022|023|024|025|026|027|028|029|

 --------------------------------------------------
 ---------- # Fockspaces -------------------:   244  
 ---------- # Configs    -------------------: 161557  
 ---------- Root ---------------------------:     1  
 --------------------------------------------------
 Printing contributions greater than: 0.010000
 Weight              # configs (full)    (α,β)...            
 -------             --------- --------- ----------          
 0.482                                   ( 3,6 )( 4,4 )( 6,3 )
     0.481           1         1             1:1    1:1    1:1
 ---------                               ----------          
 0.479                                   ( 4,5 )( 4,4 )( 5,4 )
     0.478           1         1             1:1    1:1    1:1
     0.011           324       9801          1:1  2:100  2:100
     0.011           324       9801        2:100  2:100    1:1
     0.021           484       9801        2:100    1:1  2:100
 ---------                               ----------          
 0.479                                   ( 5,4 )( 4,4 )( 4,5 )
     0.478           1         1             1:1    1:1    1:1
     0.011           324       9801          1:1  2:100  2:100
     0.011           324       9801        2:100  2:100    1:1
     0.021           484       9801        2:100    1:1  2:100
 ---------                               ----------          
 0.482                                   ( 6,3 )( 4,4 )( 3,6 )
     0.481           1         1             1:1    1:1    1:1
 ---------                               ----------          
 0.012                                   ( 4,7 )( 3,3 )( 6,3 )
     0.012           81        3500         1:35  1:100    1:1
 ---------                               ----------          
 0.012                                   ( 6,3 )( 3,3 )( 4,7 )
     0.012           81        3500          1:1  1:100   1:35
 ---------                               ----------          
 0.052                                   ( 6,4 )( 3,4 )( 4,5 )
     0.049           240       5600         1:56  1:100    1:1
     0.017           9464      554400       1:56  1:100  2:100
 ---------                               ----------          
 0.014                                   ( 3,6 )( 5,4 )( 5,3 )
     0.014           90        5900          1:1  1:100   1:59
 ---------                               ----------          
 0.013                                   ( 5,6 )( 3,3 )( 5,4 )
     0.013           100       10000       1:100  1:100    1:1
 ---------                               ----------          
 0.025                                   ( 6,3 )( 4,3 )( 3,7 )
     0.025           16        800           1:1  1:100    1:8
 ---------                               ----------          
 0.052                                   ( 4,5 )( 3,4 )( 6,4 )
     0.049           240       5600          1:1  1:100   1:56
     0.017           9464      554400      2:100  1:100   1:56
 ---------                               ----------          
 0.052                                   ( 6,4 )( 4,4 )( 3,5 )
     0.052           80        3304         1:56    1:1   1:59
 ---------                               ----------          
 0.011                                   ( 4,5 )( 5,4 )( 4,4 )
     0.011           90        10000         1:1  1:100  1:100
 ---------                               ----------          
 0.010                                   ( 5,4 )( 2,4 )( 6,5 )
     0.010           36        5700          1:1   1:57  1:100
 ---------                               ----------          
 0.066                                   ( 5,5 )( 3,4 )( 5,4 )
     0.064           528       10000       1:100  1:100    1:1
     0.015           8970      990000      1:100  1:100  2:100
 ---------                               ----------          
 0.052                                   ( 4,4 )( 4,4 )( 5,5 )
     0.051           156       10000       1:100    1:1  1:100
 ---------                               ----------          
 0.013                                   ( 4,5 )( 3,3 )( 6,5 )
     0.013           100       10000         1:1  1:100  1:100
 ---------                               ----------          
 0.014                                   ( 6,5 )( 4,2 )( 3,6 )
     0.014           36        5700        1:100   1:57    1:1
 ---------                               ----------          
 0.010                                   ( 6,5 )( 2,4 )( 5,4 )
     0.010           36        5700        1:100   1:57    1:1
 ---------                               ----------          
 0.014                                   ( 3,5 )( 4,5 )( 6,3 )
     0.014           90        5900         1:59  1:100    1:1
 ---------                               ----------          
 0.010                                   ( 4,5 )( 4,2 )( 5,6 )
     0.010           36        5700          1:1   1:57  1:100
 ---------                               ----------          
 0.014                                   ( 5,6 )( 2,4 )( 6,3 )
     0.014           36        5700        1:100   1:57    1:1
 ---------                               ----------          
 0.052                                   ( 4,6 )( 4,4 )( 5,3 )
     0.052           80        3304         1:56    1:1   1:59
 ---------                               ----------          
 0.010                                   ( 5,6 )( 4,2 )( 4,5 )
     0.010           36        5700        1:100   1:57    1:1
 ---------                               ----------          
 0.025                                   ( 3,6 )( 3,4 )( 7,3 )
     0.025           16        800           1:1  1:100    1:8
 ---------                               ----------          
 0.013                                   ( 5,4 )( 3,3 )( 5,6 )
     0.013           100       10000         1:1  1:100  1:100
 ---------                               ----------          
 0.010                                   ( 3,6 )( 5,3 )( 5,4 )
     0.010           108       5445          1:1   1:55  2:100
 ---------                               ----------          
 0.012                                   ( 7,4 )( 3,3 )( 3,6 )
     0.012           81        3500         1:35  1:100    1:1
 ---------                               ----------          
 0.025                                   ( 7,3 )( 3,4 )( 3,6 )
     0.025           16        800           1:8  1:100    1:1
 ---------                               ----------          
 0.014                                   ( 6,3 )( 2,4 )( 5,6 )
     0.014           36        5700          1:1   1:57  1:100
 ---------                               ----------          
 0.052                                   ( 5,5 )( 4,4 )( 4,4 )
     0.051           156       10000       1:100    1:1  1:100
 ---------                               ----------          
 0.014                                   ( 3,6 )( 4,2 )( 6,5 )
     0.014           36        5700          1:1   1:57  1:100
 ---------                               ----------          
 0.010                                   ( 4,5 )( 3,5 )( 6,3 )
     0.010           108       5445        2:100   1:55    1:1
 ---------                               ----------          
 0.052                                   ( 4,6 )( 4,3 )( 5,4 )
     0.049           240       5600         1:56  1:100    1:1
     0.017           9464      554400       1:56  1:100  2:100
 ---------                               ----------          
 0.066                                   ( 5,5 )( 4,3 )( 4,5 )
     0.064           528       10000       1:100  1:100    1:1
     0.015           8970      990000      1:100  1:100  2:100
 ---------                               ----------          
 0.012                                   ( 3,6 )( 3,3 )( 7,4 )
     0.012           81        3500          1:1  1:100   1:35
 ---------                               ----------          
 0.011                                   ( 4,4 )( 5,4 )( 4,5 )
     0.011           90        10000       1:100  1:100    1:1
 ---------                               ----------          
 0.066                                   ( 5,4 )( 3,4 )( 5,5 )
     0.064           528       10000         1:1  1:100  1:100
     0.015           8970      990000      2:100  1:100  1:100
 ---------                               ----------          
 0.025                                   ( 3,7 )( 4,3 )( 6,3 )
     0.025           16        800           1:8  1:100    1:1
 ---------                               ----------          
 0.013                                   ( 6,5 )( 3,3 )( 4,5 )
     0.013           100       10000       1:100  1:100    1:1
 ---------                               ----------          
 0.011                                   ( 5,4 )( 4,5 )( 4,4 )
     0.011           90        10000         1:1  1:100  1:100
 ---------                               ----------          
 0.078                                   ( 3,6 )( 4,3 )( 6,4 )
     0.078           342       5600          1:1  1:100   1:56
     0.012           1404      156800       2:29  1:100   1:56
 ---------                               ----------          
 0.052                                   ( 5,4 )( 4,3 )( 4,6 )
     0.049           240       5600          1:1  1:100   1:56
     0.017           9464      554400      2:100  1:100   1:56
 ---------                               ----------          
 0.052                                   ( 5,3 )( 4,4 )( 4,6 )
     0.052           80        3304         1:59    1:1   1:56
 ---------                               ----------          
 0.078                                   ( 4,6 )( 3,4 )( 6,3 )
     0.078           342       5600         1:56  1:100    1:1
     0.012           1404      156800       1:56  1:100   2:29
 ---------                               ----------          
 0.078                                   ( 6,3 )( 3,4 )( 4,6 )
     0.078           342       5600          1:1  1:100   1:56
     0.012           1404      156800       2:29  1:100   1:56
 ---------                               ----------          
 0.052                                   ( 3,5 )( 4,4 )( 6,4 )
     0.052           80        3304         1:59    1:1   1:56
 ---------                               ----------          
 0.066                                   ( 4,5 )( 4,3 )( 5,5 )
     0.064           528       10000         1:1  1:100  1:100
     0.015           8970      990000      2:100  1:100  1:100
 ---------                               ----------          
 0.078                                   ( 6,4 )( 4,3 )( 3,6 )
     0.078           342       5600         1:56  1:100    1:1
     0.012           1404      156800       1:56  1:100   2:29
 ---------                               ----------          
 0.010                                   ( 6,3 )( 3,5 )( 4,5 )
     0.010           108       5445          1:1   1:55  2:100
 ---------                               ----------          
 0.011                                   ( 4,4 )( 4,5 )( 5,4 )
     0.011           90        10000       1:100  1:100    1:1
 ---------                               ----------          
 0.010                                   ( 5,4 )( 5,3 )( 3,6 )
     0.010           108       5445        2:100   1:55    1:1
 ---------                               ----------          
 0.014                                   ( 5,3 )( 5,4 )( 3,6 )
     0.014           90        5900         1:59  1:100    1:1
 ---------                               ----------          
 0.014                                   ( 6,3 )( 4,5 )( 3,5 )
     0.014           90        5900          1:1  1:100   1:59
 ---------                               ----------          
 0.012                                   ( 4,6 )( 3,3 )( 6,4 )
     0.012           6069      313600       1:56  1:100   1:56
 ---------                               ----------          
 0.012                                   ( 5,5 )( 3,3 )( 5,5 )
     0.012           8379      1000000     1:100  1:100  1:100
 ---------                               ----------          
 0.012                                   ( 6,4 )( 3,3 )( 4,6 )
     0.012           6069      313600       1:56  1:100   1:56
 ---------                               ----------          
 --------------------------------------------------


 |...................................BST-PT2............................................
 H0          : Hcmf
 nbody       : 4
 thresh_foi  : 1.0e-6
 max_number  : nothing
 opt_ref     : true
 ci_tol      : 1.0e-6
 verbose     : 2

 Length of Reference:                                  111173
 Solve zeroth-order problem:                       
 |== BST CI ========================================================
 Solve CI with # variables:                            111173
 Cache Hamiltonian:                                519.206558 seconds (58.51 M allocations: 114.617 GiB, 19.48% gc time, 3.72% compilation time)
 Iter:   1 SS: 4    E: -130.72885733  -130.72784872  -130.72580075  -130.72274877   R: 6.8e-04  5.8e-04  5.3e-04  6.1e-04   LinDep: 2.2e-16* 
 Iter:   2 SS: 8    E: -130.72885758  -130.72784891  -130.72580090  -130.72274895   R: 2.6e-04  2.3e-04  2.1e-04  2.1e-04   LinDep: 1.1e-15* 
 Iter:   3 SS: 12   E: -130.72885762  -130.72784894  -130.72580093  -130.72274898   R: 1.3e-04  1.2e-04  1.0e-04  9.8e-05   LinDep: 0.0e+00* 
 Iter:   4 SS: 16   E: -130.72885763  -130.72784895  -130.72580093  -130.72274898   R: 7.2e-05  6.1e-05  4.8e-05  4.6e-05   LinDep: 3.1e-15* 
 Iter:   5 SS: 20   E: -130.72885764  -130.72784895  -130.72580094  -130.72274898   R: 5.7e-05  4.8e-05  2.9e-05  2.4e-05   LinDep: 2.2e-15* 
 Iter:   6 SS: 24   E: -130.72885764  -130.72784895  -130.72580094  -130.72274898   R: 5.0e-05  4.3e-05  2.1e-05  1.5e-05   LinDep: 2.9e-15* 
 Iter:   7 SS: 28   E: -130.72885764  -130.72784895  -130.72580094  -130.72274898   R: 3.6e-05  3.1e-05  1.4e-05  1.1e-05   LinDep: 3.3e-15* 
 Iter:   8 SS: 32   E: -130.72885764  -130.72784895  -130.72580094  -130.72274898   R: 2.3e-05  2.0e-05  8.7e-06  6.1e-06   LinDep: 2.9e-15* 
 Iter:   9 SS: 36   E: -130.72885764  -130.72784895  -130.72580094  -130.72274898   R: 1.5e-05  1.3e-05  5.4e-06  3.9e-06   LinDep: 4.0e-15* 
 Iter:  10 SS: 40   E: -130.72885764  -130.72784895  -130.72580094  -130.72274898   R: 9.4e-06  8.1e-06  3.8e-06  2.7e-06   LinDep: 2.2e-16* 
 Iter:  11 SS: 44   E: -130.72885764  -130.72784895  -130.72580094  -130.72274898   R: 5.5e-06  4.5e-06  2.4e-06  1.8e-06   LinDep: 7.8e-16* 
 Iter:  12 SS: 48   E: -130.72885764  -130.72784895  -130.72580094  -130.72274898   R: 3.2e-06  2.5e-06  1.6e-06  1.2e-06   LinDep: 3.3e-15* 
 Iter:  13 SS: 48   E: -130.72885764  -130.72784895  -130.72580094* -130.72274898*  R: 1.8e-06  1.5e-06  9.9e-07* 8.5e-07*  LinDep: 5.6e-15* 
 Iter:  14 SS: 48   E: -130.72885764  -130.72784895* -130.72580094* -130.72274898*  R: 1.0e-06  9.3e-07* 6.4e-07* 6.1e-07*  LinDep: 1.6e-13* 
 Iter:  15 SS: 48   E: -130.72885764* -130.72784895* -130.72580094* -130.72274898*  R: 6.0e-07* 5.8e-07* 4.3e-07* 4.1e-07*  LinDep: 1.3e-13* 
 Diagonalization time:                             551.260795 seconds
 Compute <S^2>:                                      3.028729 seconds (1.73 M allocations: 829.718 MiB, 66.69% gc time, 0.18% compilation time)
  Root       Energy           S2
     1 -130.72885764   0.00018725
     2 -130.72784895   2.00005323
     3 -130.72580094   5.99987254
     4 -130.72274898  11.99990200
 ==================================================================|
 Diagonalization time:                             1079.245002 seconds
 Compute <0|H0|0>:                                   0.431945 seconds (348.76 k allocations: 204.316 MiB, 69.44% gc time, 3.44% compilation time)
  Root      <0|H|0>      <0|F|0>
     1 -130.72885764 -83.92728330
     2 -130.72784895 -83.93052373
     3 -130.72580094 -83.93723075
     4 -130.72274898 -83.94725979
 Number of jobs:    1602
 Number of threads: 1
 |----------------------------------------------------------------------------------------------------|
 |0%                                                                                              100%|
 |----------------------------------------------------------------------------------------------------|
 Time spent computing E2:                           79019.5 s Allocated:    9.5e+04 GB
 State   1: E(PT2) corr:                          -0.00008968
 State   2: E(PT2) corr:                          -0.00007543
 State   3: E(PT2) corr:                          -0.00007515
 State   4: E(PT2) corr:                          -0.00006749
  Root         E(0)         E(2)
     1 -130.72885764 -130.72894732
     2 -130.72784895 -130.72792439
     3 -130.72580094 -130.72587609
     4 -130.72274898 -130.72281647
 ......................................................................................|
80109.161846 seconds (506.65 M allocations: 86.702 TiB, 8.72% gc time, 0.13% compilation time)

 |...................................BST-PT2............................................
 H0          : Hcmf
 nbody       : 4
 thresh_foi  : 1.0e-6
 max_number  : nothing
 opt_ref     : true
 ci_tol      : 1.0e-6
 verbose     : 2

 Length of Reference:                                  131169
 Solve zeroth-order problem:                       
 |== BST CI ========================================================
 Solve CI with # variables:                            131169
 Cache Hamiltonian:                                643.688045 seconds (11.80 M allocations: 153.222 GiB, 23.69% gc time)
 Iter:   1 SS: 4    E: -130.72886843  -130.72785809  -130.72580935  -130.72275614   R: 4.8e-04  4.4e-04  4.0e-04  5.8e-04   LinDep: 2.9e-15* 
 Iter:   2 SS: 8    E: -130.72886856  -130.72785820  -130.72580944  -130.72275627   R: 2.2e-04  2.2e-04  1.7e-04  2.1e-04   LinDep: 3.3e-15* 
 Iter:   3 SS: 12   E: -130.72886859  -130.72785823  -130.72580945  -130.72275629   R: 1.0e-04  1.0e-04  7.8e-05  8.8e-05   LinDep: 1.8e-15* 
 Iter:   4 SS: 16   E: -130.72886859  -130.72785823  -130.72580946  -130.72275630   R: 4.9e-05  4.8e-05  3.7e-05  4.0e-05   LinDep: 2.2e-15* 
 Iter:   5 SS: 20   E: -130.72886859  -130.72785824  -130.72580946  -130.72275630   R: 2.8e-05  3.0e-05  2.0e-05  2.1e-05   LinDep: 2.7e-15* 
 Iter:   6 SS: 24   E: -130.72886859  -130.72785824  -130.72580946  -130.72275630   R: 1.7e-05  2.1e-05  1.2e-05  1.1e-05   LinDep: 2.4e-15* 
 Iter:   7 SS: 28   E: -130.72886859  -130.72785824  -130.72580946  -130.72275630   R: 1.2e-05  1.5e-05  7.7e-06  7.2e-06   LinDep: 4.9e-15* 
 Iter:   8 SS: 32   E: -130.72886859  -130.72785824  -130.72580946  -130.72275630   R: 9.0e-06  1.2e-05  5.1e-06  4.4e-06   LinDep: 5.6e-15* 
 Iter:   9 SS: 36   E: -130.72886859  -130.72785824  -130.72580946  -130.72275630   R: 7.3e-06  9.8e-06  3.7e-06  2.8e-06   LinDep: 5.6e-16* 
 Iter:  10 SS: 40   E: -130.72886859  -130.72785824  -130.72580946  -130.72275630   R: 4.8e-06  5.9e-06  2.4e-06  2.0e-06   LinDep: 6.7e-16* 
 Iter:  11 SS: 44   E: -130.72886859  -130.72785824  -130.72580946  -130.72275630   R: 3.0e-06  3.5e-06  1.6e-06  1.4e-06   LinDep: 2.2e-16* 
 Iter:  12 SS: 48   E: -130.72886859  -130.72785824  -130.72580946* -130.72275630*  R: 1.9e-06  2.3e-06  9.9e-07* 8.9e-07*  LinDep: 6.7e-16* 
 Iter:  13 SS: 48   E: -130.72886859  -130.72785824  -130.72580946* -130.72275630*  R: 1.3e-06  1.5e-06  6.5e-07* 5.5e-07*  LinDep: 1.3e-15* 
 Iter:  14 SS: 48   E: -130.72886859* -130.72785824* -130.72580946* -130.72275630*  R: 7.6e-07* 8.3e-07* 4.3e-07* 4.2e-07*  LinDep: 8.0e-14* 
 Diagonalization time:                             577.655142 seconds
 Compute <S^2>:                                      4.121444 seconds (1.81 M allocations: 974.940 MiB, 71.26% gc time)
  Root       Energy           S2
     1 -130.72886859   0.00016407
     2 -130.72785824   2.00004696
     3 -130.72580946   5.99989041
     4 -130.72275630  11.99991136
 ==================================================================|
 Diagonalization time:                             1225.740938 seconds
 Compute <0|H0|0>:                                   0.161518 seconds (347.83 k allocations: 232.490 MiB, 23.37% gc time)
  Root      <0|H|0>      <0|F|0>
     1 -130.72886859 -83.92723416
     2 -130.72785824 -83.93048822
     3 -130.72580946 -83.93720027
     4 -130.72275630 -83.94724163
 Number of jobs:    1626
 Number of threads: 1
 |----------------------------------------------------------------------------------------------------|
 |0%                                                                                              100%|
 |-----------------------------------------------------------------------------------------------------|
 Time spent computing E2:                           96416.9 s Allocated:    1.1e+05 GB
 State   1: E(PT2) corr:                          -0.00008044
 State   2: E(PT2) corr:                          -0.00006747
 State   3: E(PT2) corr:                          -0.00006787
 State   4: E(PT2) corr:                          -0.00006122
  Root         E(0)         E(2)
     1 -130.72886859 -130.72894903
     2 -130.72785824 -130.72792571
     3 -130.72580946 -130.72587733
     4 -130.72275630 -130.72281752
 ......................................................................................|
97642.789202 seconds (287.73 M allocations: 103.858 TiB, 8.01% gc time, 0.00% compilation time)

 |...................................BST-PT2............................................
 H0          : Hcmf
 nbody       : 4
 thresh_foi  : 1.0e-6
 max_number  : nothing
 opt_ref     : true
 ci_tol      : 1.0e-6
 verbose     : 2

 Length of Reference:                                  161557
 Solve zeroth-order problem:                       
 |== BST CI ========================================================
 Solve CI with # variables:                            161557
 Cache Hamiltonian:                                755.589155 seconds (12.17 M allocations: 241.052 GiB, 27.17% gc time)
 Iter:   1 SS: 4    E: -130.72887645  -130.72786529  -130.72581651  -130.72276427   R: 9.6e-06  8.5e-06  6.4e-06  6.2e-06   LinDep: 1.3e-15* 
 Iter:   2 SS: 8    E: -130.72887645  -130.72786529  -130.72581651  -130.72276427   R: 6.1e-06  5.5e-06  4.0e-06  3.6e-06   LinDep: 2.9e-15* 
 Iter:   3 SS: 12   E: -130.72887645  -130.72786529  -130.72581651  -130.72276427   R: 4.9e-06  4.3e-06  3.0e-06  2.9e-06   LinDep: 1.1e-15* 
 Iter:   4 SS: 16   E: -130.72887645  -130.72786529  -130.72581651  -130.72276427   R: 3.5e-06  3.0e-06  2.1e-06  2.0e-06   LinDep: 2.2e-16* 
 Iter:   5 SS: 20   E: -130.72887645  -130.72786529  -130.72581651  -130.72276427   R: 2.5e-06  2.1e-06  1.5e-06  1.3e-06   LinDep: 2.0e-15* 
 Iter:   6 SS: 24   E: -130.72887645  -130.72786529  -130.72581651* -130.72276427*  R: 1.7e-06  1.4e-06  9.4e-07* 8.6e-07*  LinDep: 2.9e-15* 
 Iter:   7 SS: 28   E: -130.72887645  -130.72786529* -130.72581651* -130.72276427*  R: 1.1e-06  9.1e-07* 6.7e-07* 6.3e-07*  LinDep: 2.2e-15* 
 Iter:   8 SS: 32   E: -130.72887645* -130.72786529* -130.72581651* -130.72276427*  R: 9.1e-07* 7.6e-07* 5.1e-07* 4.5e-07*  LinDep: 3.1e-15* 
 Diagonalization time:                             486.490915 seconds
 Compute <S^2>:                                      5.764265 seconds (1.79 M allocations: 1.162 GiB, 77.23% gc time)
  Root       Energy           S2
     1 -130.72887645   0.00014499
     2 -130.72786529   2.00003943
     3 -130.72581651   5.99990498
     4 -130.72276427  11.99991995
 ==================================================================|
 Diagonalization time:                             1248.212396 seconds
 Compute <0|H0|0>:                                   0.373457 seconds (351.25 k allocations: 274.329 MiB, 58.65% gc time)
  Root      <0|H|0>      <0|F|0>
     1 -130.72887645 -83.92720205
     2 -130.72786529 -83.93046194
     3 -130.72581651 -83.93718045
     4 -130.72276427 -83.94722536
 Number of jobs:    1626
 Number of threads: 1
 |----------------------------------------------------------------------------------------------------|
 |0%                                                                                              100%|
 |-----