 Remove duplicates
 Number of terms reduced from   327 to   159
IDX001:DIM4194304:001|002|003|004|005|006|007|008|009|010|011|
IDX002:DIM16384:012|013|014|015|016|017|018|
IDX003:DIM4194304:019|020|021|022|023|024|025|026|027|028|029|

 --------------------------------------------------
 ---------- # Fockspaces -------------------:   140  
 ---------- # Configs    -------------------: 17680  
 ---------- Root ---------------------------:     1  
 --------------------------------------------------
 Printing contributions greater than: 0.010000
 Weight              # configs (full)    (α,β)...            
 -------             --------- --------- ----------          
 0.489                                   ( 3,6 )( 4,4 )( 6,3 )
     0.489           1         1             1:1    1:1    1:1
 ---------                               ----------          
 0.472                                   ( 4,5 )( 4,4 )( 5,4 )
     0.471           1         1             1:1    1:1    1:1
     0.011           144       39601         1:1  2:200  2:200
     0.011           144       39601       2:200  2:200    1:1
     0.019           64        39601       2:200    1:1  2:200
 ---------                               ----------          
 0.472                                   ( 5,4 )( 4,4 )( 4,5 )
     0.471           1         1             1:1    1:1    1:1
     0.011           144       39601         1:1  2:200  2:200
     0.011           144       39601       2:200  2:200    1:1
     0.019           64        39601       2:200    1:1  2:200
 ---------                               ----------          
 0.489                                   ( 6,3 )( 4,4 )( 3,6 )
     0.489           1         1             1:1    1:1    1:1
 ---------                               ----------          
 0.014                                   ( 4,7 )( 3,3 )( 6,3 )
     0.014           64        14800        1:74  1:200    1:1
 ---------                               ----------          
 0.014                                   ( 6,3 )( 3,3 )( 4,7 )
     0.014           64        14800         1:1  1:200   1:74
 ---------                               ----------          
 0.051                                   ( 6,4 )( 3,4 )( 4,5 )
     0.048           48        23000       1:115  1:200    1:1
     0.017           440       4577000     1:115  1:200  2:200
 ---------                               ----------          
 0.013                                   ( 4,6 )( 3,3 )( 6,4 )
     0.013           1573      2645000     1:115  1:200  1:115
 ---------                               ----------          
 0.014                                   ( 3,6 )( 5,4 )( 5,3 )
     0.014           25        24200         1:1  1:200  1:121
 ---------                               ----------          
 0.015                                   ( 5,6 )( 3,3 )( 5,4 )
     0.015           81        40000       1:200  1:200    1:1
 ---------                               ----------          
 0.027                                   ( 6,3 )( 4,3 )( 3,7 )
     0.026           9         3800          1:1  1:200   1:19
 ---------                               ----------          
 0.051                                   ( 4,5 )( 3,4 )( 6,4 )
     0.048           48        23000         1:1  1:200  1:115
     0.017           440       4577000     2:200  1:200  1:115
 ---------                               ----------          
 0.052                                   ( 6,4 )( 4,4 )( 3,5 )
     0.051           72        13915       1:115    1:1  1:121
 ---------                               ----------          
 0.011                                   ( 4,5 )( 5,4 )( 4,4 )
     0.011           36        40000         1:1  1:200  1:200
 ---------                               ----------          
 0.064                                   ( 5,5 )( 3,4 )( 5,4 )
     0.063           110       40000       1:200  1:200    1:1
     0.014           216       7960000     1:200  1:200  2:200
 ---------                               ----------          
 0.050                                   ( 4,4 )( 4,4 )( 5,5 )
     0.050           72        40000       1:200    1:1  1:200
 ---------                               ----------          
 0.015                                   ( 4,5 )( 3,3 )( 6,5 )
     0.015           81        40000         1:1  1:200  1:200
 ---------                               ----------          
 0.013                                   ( 6,5 )( 4,2 )( 3,6 )
     0.013           9         22000       1:200  1:110    1:1
 ---------                               ----------          
 0.013                                   ( 5,5 )( 3,3 )( 5,5 )
     0.013           1872      8000000     1:200  1:200  1:200
 ---------                               ----------          
 0.014                                   ( 3,5 )( 4,5 )( 6,3 )
     0.014           25        24200       1:121  1:200    1:1
 ---------                               ----------          
 0.013                                   ( 5,6 )( 2,4 )( 6,3 )
     0.013           9         22000       1:200  1:110    1:1
 ---------                               ----------          
 0.052                                   ( 4,6 )( 4,4 )( 5,3 )
     0.051           72        13915       1:115    1:1  1:121
 ---------                               ----------          
 0.027                                   ( 3,6 )( 3,4 )( 7,3 )
     0.026           9         3800          1:1  1:200   1:19
 ---------                               ----------          
 0.015                                   ( 5,4 )( 3,3 )( 5,6 )
     0.015           81        40000         1:1  1:200  1:200
 ---------                               ----------          
 0.014                                   ( 7,4 )( 3,3 )( 3,6 )
     0.014           64        14800        1:74  1:200    1:1
 ---------                               ----------          
 0.027                                   ( 7,3 )( 3,4 )( 3,6 )
     0.026           9         3800         1:19  1:200    1:1
 ---------                               ----------          
 0.013                                   ( 6,3 )( 2,4 )( 5,6 )
     0.013           9         22000         1:1  1:110  1:200
 ---------                               ----------          
 0.050                                   ( 5,5 )( 4,4 )( 4,4 )
     0.050           72        40000       1:200    1:1  1:200
 ---------                               ----------          
 0.013                                   ( 3,6 )( 4,2 )( 6,5 )
     0.013           9         22000         1:1  1:110  1:200
 ---------                               ----------          
 0.051                                   ( 4,6 )( 4,3 )( 5,4 )
     0.048           48        23000       1:115  1:200    1:1
     0.017           440       4577000     1:115  1:200  2:200
 ---------                               ----------          
 0.064                                   ( 5,5 )( 4,3 )( 4,5 )
     0.063           110       40000       1:200  1:200    1:1
     0.014           216       7960000     1:200  1:200  2:200
 ---------                               ----------          
 0.014                                   ( 3,6 )( 3,3 )( 7,4 )
     0.014           64        14800         1:1  1:200   1:74
 ---------                               ----------          
 0.011                                   ( 4,4 )( 5,4 )( 4,5 )
     0.011           36        40000       1:200  1:200    1:1
 ---------                               ----------          
 0.064                                   ( 5,4 )( 3,4 )( 5,5 )
     0.063           110       40000         1:1  1:200  1:200
     0.014           216       7960000     2:200  1:200  1:200
 ---------                               ----------          
 0.027                                   ( 3,7 )( 4,3 )( 6,3 )
     0.026           9         3800         1:19  1:200    1:1
 ---------                               ----------          
 0.015                                   ( 6,5 )( 3,3 )( 4,5 )
     0.015           81        40000       1:200  1:200    1:1
 ---------                               ----------          
 0.011                                   ( 5,4 )( 4,5 )( 4,4 )
     0.011           36        40000         1:1  1:200  1:200
 ---------                               ----------          
 0.079                                   ( 3,6 )( 4,3 )( 6,4 )
     0.078           108       23000         1:1  1:200  1:115
     0.012           54        1449000      2:64  1:200  1:115
 ---------                               ----------          
 0.051                                   ( 5,4 )( 4,3 )( 4,6 )
     0.048           48        23000         1:1  1:200  1:115
     0.017           440       4577000     2:200  1:200  1:115
 ---------                               ----------          
 0.013                                   ( 6,4 )( 3,3 )( 4,6 )
     0.013           1573      2645000     1:115  1:200  1:115
 ---------                               ----------          
 0.052                                   ( 5,3 )( 4,4 )( 4,6 )
     0.051           72        13915       1:121    1:1  1:115
 ---------                               ----------          
 0.079                                   ( 4,6 )( 3,4 )( 6,3 )
     0.078           88        23000       1:115  1:200    1:1
     0.012           54        1449000     1:115  1:200   2:64
 ---------                               ----------          
 0.079                                   ( 6,3 )( 3,4 )( 4,6 )
     0.078           108       23000         1:1  1:200  1:115
     0.012           54        1449000      2:64  1:200  1:115
 ---------                               ----------          
 0.052                                   ( 3,5 )( 4,4 )( 6,4 )
     0.051           72        13915       1:121    1:1  1:115
 ---------                               ----------          
 0.064                                   ( 4,5 )( 4,3 )( 5,5 )
     0.063           110       40000         1:1  1:200  1:200
     0.014           216       7960000     2:200  1:200  1:200
 ---------                               ----------          
 0.079                                   ( 6,4 )( 4,3 )( 3,6 )
     0.078           88        23000       1:115  1:200    1:1
     0.012           54        1449000     1:115  1:200   2:64
 ---------                               ----------          
 0.011                                   ( 4,4 )( 4,5 )( 5,4 )
     0.011           36        40000       1:200  1:200    1:1
 ---------                               ----------          
 0.014                                   ( 5,3 )( 5,4 )( 3,6 )
     0.014           25        24200       1:121  1:200    1:1
 ---------                               ----------          
 0.014                                   ( 6,3 )( 4,5 )( 3,5 )
     0.014           25        24200         1:1  1:200  1:121
 ---------                               ----------          
 --------------------------------------------------


 |...................................BST-PT2............................................
 H0          : Hcmf
 nbody       : 4
 thresh_foi  : 1.0e-6
 max_number  : nothing
 opt_ref     : true
 ci_tol      : 1.0e-6
 verbose     : 2

 Length of Reference:                                    2146
 Solve zeroth-order problem:                       
 |== BST CI ========================================================
 Solve CI with # variables:                              2146
 Cache Hamiltonian:                                228.769407 seconds (51.95 M allocations: 148.763 GiB, 38.56% gc time, 8.94% compilation time)
 Iter:   1 SS: 4    E: -130.73011062  -130.72926387  -130.72678812  -130.72345474   R: 5.9e-03  5.2e-03  7.3e-03  7.8e-03   LinDep: 1.3e-15* 
 Iter:   2 SS: 8    E: -130.73013902  -130.72928186  -130.72682321  -130.72348951   R: 2.9e-03  2.2e-03  3.1e-03  2.4e-03   LinDep: 1.6e-15* 
 Iter:   3 SS: 12   E: -130.73014725  -130.72928707  -130.72683415  -130.72349552   R: 1.7e-03  1.4e-03  1.8e-03  1.3e-03   LinDep: 3.8e-15* 
 Iter:   4 SS: 16   E: -130.73015005  -130.72928935  -130.72683729  -130.72349725   R: 8.2e-04  7.4e-04  9.8e-04  7.6e-04   LinDep: 8.9e-16* 
 Iter:   5 SS: 20   E: -130.73015082  -130.72928990  -130.72683823  -130.72349776   R: 5.2e-04  4.3e-04  6.1e-04  4.3e-04   LinDep: 4.0e-15* 
 Iter:   6 SS: 24   E: -130.73015109  -130.72929007  -130.72683864  -130.72349793   R: 3.1e-04  2.3e-04  3.1e-04  1.7e-04   LinDep: 2.9e-15* 
 Iter:   7 SS: 28   E: -130.73015117  -130.72929012  -130.72683873  -130.72349796   R: 1.4e-04  1.2e-04  1.5e-04  9.6e-05   LinDep: 4.4e-16* 
 Iter:   8 SS: 32   E: -130.73015119  -130.72929013  -130.72683875  -130.72349797   R: 7.5e-05  5.9e-05  7.0e-05  3.5e-05   LinDep: 2.7e-15* 
 Iter:   9 SS: 36   E: -130.73015120  -130.72929013  -130.72683875  -130.72349797   R: 4.2e-05  3.0e-05  4.6e-05  1.6e-05   LinDep: 4.0e-15* 
 Iter:  10 SS: 40   E: -130.73015120  -130.72929013  -130.72683875  -130.72349797   R: 2.8e-05  2.2e-05  2.4e-05  1.1e-05   LinDep: 4.0e-15* 
 Iter:  11 SS: 44   E: -130.73015120  -130.72929013  -130.72683875  -130.72349797   R: 1.7e-05  1.2e-05  1.2e-05  7.1e-06   LinDep: 4.4e-15* 
 Iter:  12 SS: 48   E: -130.73015120  -130.72929013  -130.72683875  -130.72349797   R: 9.4e-06  6.6e-06  8.2e-06  3.8e-06   LinDep: 7.3e-15* 
 Iter:  13 SS: 48   E: -130.73015120  -130.72929013  -130.72683875  -130.72349797   R: 4.4e-06  3.1e-06  3.8e-06  1.8e-06   LinDep: 4.4e-15* 
 Iter:  14 SS: 48   E: -130.73015120  -130.72929013  -130.72683875  -130.72349797*  R: 1.4e-06  1.1e-06  1.3e-06  6.9e-07*  LinDep: 1.0e-13* 
 Iter:  15 SS: 48   E: -130.73015120* -130.72929013* -130.72683875* -130.72349797*  R: 7.3e-07* 5.4e-07* 6.5e-07* 3.1e-07*  LinDep: 7.4e-13* 
 Diagonalization time:                              58.577884 seconds
 Compute <S^2>:                                      0.281486 seconds (610.59 k allocations: 309.087 MiB, 19.98% gc time, 1.49% compilation time)
  Root       Energy           S2
     1 -130.73015120   0.05704562
     2 -130.72929013   2.01008386
     3 -130.72683875   5.94452342
     4 -130.72349797  11.98938124
 ==================================================================|
 Diagonalization time:                             293.635594 seconds
 Compute <0|H0|0>:                                   0.034111 seconds (132.15 k allocations: 67.920 MiB, 42.98% compilation time)
  Root      <0|H|0>      <0|F|0>
     1 -130.73015120 -83.92929752
     2 -130.72929013 -83.93169302
     3 -130.72683875 -83.93928624
     4 -130.72349797 -83.94892555
 Number of jobs:    910
 Number of threads: 4
 |----------------------------------------------------------------------------------------------------|
 |0%                                                                                              100%|
 |-----------------------------------------------------------------------------------------------------|
 Time spent computing E2:                           11775.8 s Allocated:    1.1e+04 GB
 State   1: E(PT2) corr:                          -0.00263269
 State   2: E(PT2) corr:                          -0.00241417
 State   3: E(PT2) corr:                          -0.00260391
 State   4: E(PT2) corr:                          -0.00254911
  Root         E(0)         E(2)
     1 -130.73015120 -130.73278388
     2 -130.72929013 -130.73170430
     3 -130.72683875 -130.72944267
     4 -130.72349797 -130.72604708
 ......................................................................................|
12080.364462 seconds (320.09 M allocations: 9.886 TiB, 60.40% gc time, 0.95% compilation time)

 |...................................BST-PT2............................................
 H0          : Hcmf
 nbody       : 4
 thresh_foi  : 1.0e-6
 max_number  : nothing
 opt_ref     : true
 ci_tol      : 1.0e-6
 verbose     : 2

 Length of Reference:                                    3708
 Solve zeroth-order problem:                       
 |== BST CI ========================================================
 Solve CI with # variables:                              3708
 Cache Hamiltonian:                                256.788554 seconds (4.76 M allocations: 175.735 GiB, 43.46% gc time)
 Iter:   1 SS: 4    E: -130.73094862  -130.73004347  -130.72760048  -130.72409273   R: 5.3e-03  4.9e-03  6.0e-03  6.1e-03   LinDep: 6.7e-16* 
 Iter:   2 SS: 8    E: -130.73096546  -130.73005728  -130.72761930  -130.72411193   R: 2.2e-03  2.0e-03  1.8e-03  1.8e-03   LinDep: 1.1e-15* 
 Iter:   3 SS: 12   E: -130.73096935  -130.73006067  -130.72762202  -130.72411472   R: 1.4e-03  1.3e-03  1.3e-03  1.2e-03   LinDep: 1.8e-15* 
 Iter:   4 SS: 16   E: -130.73097108  -130.73006221  -130.72762373  -130.72411605   R: 9.1e-04  9.1e-04  8.7e-04  7.4e-04   LinDep: 4.4e-16* 
 Iter:   5 SS: 20   E: -130.73097170  -130.73006287  -130.72762436  -130.72411654   R: 5.1e-04  5.1e-04  4.2e-04  3.6e-04   LinDep: 1.6e-15* 
 Iter:   6 SS: 24   E: -130.73097190  -130.73006306  -130.72762449  -130.72411664   R: 3.5e-04  3.4e-04  2.6e-04  2.0e-04   LinDep: 3.8e-15* 
 Iter:   7 SS: 28   E: -130.73097197  -130.73006312  -130.72762455  -130.72411667   R: 2.0e-04  2.0e-04  1.8e-04  1.3e-04   LinDep: 1.2e-15* 
 Iter:   8 SS: 32   E: -130.73097200  -130.73006315  -130.72762457  -130.72411668   R: 1.3e-04  1.2e-04  1.1e-04  7.8e-05   LinDep: 4.0e-15* 
 Iter:   9 SS: 36   E: -130.73097201  -130.73006315  -130.72762457  -130.72411669   R: 6.5e-05  6.2e-05  5.3e-05  4.2e-05   LinDep: 1.3e-15* 
 Iter:  10 SS: 40   E: -130.73097202  -130.73006316  -130.72762458  -130.72411669   R: 3.1e-05  3.0e-05  2.7e-05  1.8e-05   LinDep: 2.4e-15* 
 Iter:  11 SS: 44   E: -130.73097202  -130.73006316  -130.72762458  -130.72411669   R: 1.8e-05  1.8e-05  1.8e-05  1.2e-05   LinDep: 1.1e-15* 
 Iter:  12 SS: 48   E: -130.73097202  -130.73006316  -130.72762458  -130.72411669   R: 1.6e-05  1.4e-05  1.3e-05  7.3e-06   LinDep: 2.7e-15* 
 Iter:  13 SS: 48   E: -130.73097202  -130.73006316  -130.72762458  -130.72411669   R: 8.3e-06  7.4e-06  5.6e-06  4.7e-06   LinDep: 4.4e-16* 
 Iter:  14 SS: 48   E: -130.73097202  -130.73006316  -130.72762458  -130.72411669   R: 4.9e-06  4.1e-06  3.1e-06  3.0e-06   LinDep: 3.5e-14* 
 Iter:  15 SS: 48   E: -130.73097202  -130.73006316  -130.72762458  -130.72411669   R: 2.9e-06  2.7e-06  1.6e-06  1.9e-06   LinDep: 4.1e-13* 
 Iter:  16 SS: 48   E: -130.73097202  -130.73006316  -130.72762458  -130.72411669   R: 1.8e-06  1.6e-06  1.1e-06  1.2e-06   LinDep: 4.2e-13* 
 Iter:  17 SS: 48   E: -130.73097202  -130.73006316  -130.72762458* -130.72411669*  R: 1.0e-06  1.1e-06  6.2e-07* 6.4e-07*  LinDep: 6.0e-13* 
 Iter:  18 SS: 48   E: -130.73097202* -130.73006316* -130.72762458* -130.72411669*  R: 6.1e-07* 6.3e-07* 4.1e-07* 3.6e-07*  LinDep: 4.5e-14* 
 Diagonalization time:                               7.861332 seconds
 Compute <S^2>:                                      0.565333 seconds (647.40 k allocations: 346.300 MiB, 57.18% gc time)
  Root       Energy           S2
     1 -130.73097202   0.04580082
     2 -130.73006316   2.01256669
     3 -130.72762458   5.95515304
     4 -130.72411669  11.98666994
 ==================================================================|
 Diagonalization time:                             265.312555 seconds
 Compute <0|H0|0>:                                   0.033627 seconds (129.25 k allocations: 75.315 MiB, 38.39% gc time)
  Root      <0|H|0>      <0|F|0>
     1 -130.73097202 -83.92745038
     2 -130.73006316 -83.93034121
     3 -130.72762458 -83.93735527
     4 -130.72411669 -83.94771724
 Number of jobs:    934
 Number of threads: 4
 |----------------------------------------------------------------------------------------------------|
 |0%                                                                                              100%|
 |-------------------------------------------------------------------------------------------------------|
 Time spent computing E2:                           16023.4 s Allocated:    1.6e+04 GB
 State   1: E(PT2) corr:                          -0.00193683
 State   2: E(PT2) corr:                          -0.00173834
 State   3: E(PT2) corr:                          -0.00194610
 State   4: E(PT2) corr:                          -0.00202143
  Root         E(0)         E(2)
     1 -130.73097202 -130.73290885
     2 -130.73006316 -130.73180150
     3 -130.72762458 -130.72957067
     4 -130.72411669 -130.72613812
 ......................................................................................|
16288.709865 seconds (127.33 M allocations: 14.384 TiB, 52.14% gc time, 0.04% compilation time)

 |...................................BST-PT2............................................
 H0          : Hcmf
 nbody       : 4
 thresh_foi  : 1.0e-6
 max_number  : nothing
 opt_ref     : true
 ci_tol      : 1.0e-6
 verbose     : 2

 Length of Reference:                                    5152
 Solve zeroth-order problem:                       
 |== BST CI ========================================================
 Solve CI with # variables:                              5152
 Cache Hamiltonian:                                242.387649 seconds (5.62 M allocations: 151.019 GiB, 33.13% gc time)
 Iter:   1 SS: 4    E: -130.73137271  -130.73043533  -130.72807783  -130.72474680   R: 3.1e-03  3.0e-03  3.6e-03  4.0e-03   LinDep: 2.2e-16* 
 Iter:   2 SS: 8    E: -130.73137980  -130.73044142  -130.72808546  -130.72475666   R: 1.5e-03  1.3e-03  1.3e-03  1.3e-03   LinDep: 8.9e-16* 
 Iter:   3 SS: 12   E: -130.73138157  -130.73044272  -130.72808697  -130.72475786   R: 9.6e-04  8.2e-04  8.5e-04  7.8e-04   LinDep: 2.8e-15* 
 Iter:   4 SS: 16   E: -130.73138237  -130.73044328  -130.72808767  -130.72475850   R: 5.7e-04  4.9e-04  6.1e-04  5.2e-04   LinDep: 6.7e-16* 
 Iter:   5 SS: 20   E: -130.73138260  -130.73044347  -130.72808793  -130.72475868   R: 3.1e-04  2.7e-04  3.3e-04  3.0e-04   LinDep: 1.7e-15* 
 Iter:   6 SS: 24   E: -130.73138266  -130.73044351  -130.72808800  -130.72475875   R: 2.2e-04  1.9e-04  2.1e-04  1.9e-04   LinDep: 3.2e-15* 
 Iter:   7 SS: 28   E: -130.73138269  -130.73044353  -130.72808803  -130.72475877   R: 1.6e-04  1.3e-04  1.4e-04  1.1e-04   LinDep: 2.9e-15* 
 Iter:   8 SS: 32   E: -130.73138271  -130.73044355  -130.72808804  -130.72475878   R: 7.5e-05  7.0e-05  9.5e-05  6.8e-05   LinDep: 2.1e-15* 
 Iter:   9 SS: 36   E: -130.73138271  -130.73044355  -130.72808805  -130.72475878   R: 3.9e-05  3.5e-05  4.7e-05  4.3e-05   LinDep: 4.1e-15* 
 Iter:  10 SS: 40   E: -130.73138271  -130.73044355  -130.72808805  -130.72475878   R: 2.2e-05  2.1e-05  2.3e-05  2.3e-05   LinDep: 5.0e-15* 
 Iter:  11 SS: 44   E: -130.73138271  -130.73044355  -130.72808805  -130.72475878   R: 1.4e-05  1.2e-05  1.7e-05  1.5e-05   LinDep: 6.4e-15* 
 Iter:  12 SS: 48   E: -130.73138271  -130.73044355  -130.72808805  -130.72475878   R: 9.3e-06  6.3e-06  1.2e-05  1.0e-05   LinDep: 4.3e-15* 
 Iter:  13 SS: 48   E: -130.73138271  -130.73044355  -130.72808805  -130.72475878   R: 6.4e-06  4.4e-06  7.5e-06  7.4e-06   LinDep: 8.4e-15* 
 Iter:  14 SS: 48   E: -130.73138271  -130.73044355  -130.72808805  -130.72475878   R: 4.1e-06  2.5e-06  3.7e-06  4.4e-06   LinDep: 1.3e-13* 
 Iter:  15 SS: 48   E: -130.73138271  -130.73044355  -130.72808805  -130.72475878   R: 2.4e-06  1.3e-06  2.0e-06  2.5e-06   LinDep: 1.3e-15* 
 Iter:  16 SS: 48   E: -130.73138271  -130.73044355* -130.72808805  -130.72475878   R: 1.6e-06  8.7e-07* 1.3e-06  1.4e-06   LinDep: 1.1e-13* 
 Iter:  17 SS: 48   E: -130.73138271* -130.73044355* -130.72808805* -130.72475878*  R: 8.3e-07* 5.5e-07* 7.7e-07* 8.5e-07*  LinDep: 8.2e-13* 
 Diagonalization time:                               9.197060 seconds
 Compute <S^2>:                                      0.492840 seconds (746.58 k allocations: 359.155 MiB, 40.64% gc time)
  Root       Energy           S2
     1 -130.73138271   0.02466964
     2 -130.73044355   2.00467063
     3 -130.72808805   5.97600276
     4 -130.72475878  11.99451901
 ==================================================================|
 Diagonalization time:                             252.135030 seconds
 Compute <0|H0|0>:                                   0.023026 seconds (142.04 k allocations: 82.830 MiB)
  Root      <0|H|0>      <0|F|0>
     1 -130.73138271 -83.92648195
     2 -130.73044355 -83.92929086
     3 -130.72808805 -83.93642531
     4 -130.72475878 -83.94660009
 Number of jobs:    942
 Number of threads: 4
 |----------------------------------------------------------------------------------------------------|
 |0%                                                                                              100%|
 |-----------------------------------------------------------------------