/home/arnab22/.conda/envs/bst/lib/python3.11/site-packages/pyscf/dft/libxc.py:771: UserWarning: Since PySCF-2.3, B3LYP (and B3P86) are changed to the VWN-RPA variant, corresponding to the original definition by Stephens et al. (issue 1480) and the same as the B3LYP functional in Gaussian. To restore the VWN5 definition, you can put the setting "B3LYP_WITH_VWN5 = True" in pyscf_conf.py
  warnings.warn('Since PySCF-2.3, B3LYP (and B3P86) are changed to the VWN-RPA variant, '
IDX001:DIM4096:001|002|003|004|005|006|
IDX002:DIM4096:007|008|009|010|011|012|
IDX003:DIM4096:013|014|015|016|017|018|
IDX004:DIM4096:019|020|021|022|023|024|
IDX005:DIM4096:025|026|027|028|029|030|
IDX006:DIM4096:031|032|033|034|035|036|
 Solve OO-CMF with newton
Overwritten attributes  conv_tol_residual  of <class 'pyscf.fci.direct_spin1.FCISolver'>
 Step:    1 E: -1377.539365866743 G:     6.53e-01  
 Step:    2 E: -1377.679718890435 G:     8.19e-03  
 Step:    3 E: -1377.679752374106 G:     8.58e-05  
 Step:    4 E: -1377.679752378193 G:     2.42e-06  
 Step:    5 E: -1377.679752378202 G:     1.12e-07  
 Step:    6 E: -1377.679752378202 G:     5.93e-09   
 Remove duplicates
 Number of terms reduced from  5226 to  2226
IDX001:DIM4096:001|002|003|004|005|006|
IDX002:DIM4096:007|008|009|010|011|012|
IDX003:DIM4096:013|014|015|016|017|018|
IDX004:DIM4096:019|020|021|022|023|024|
IDX005:DIM4096:025|026|027|028|029|030|
IDX006:DIM4096:031|032|033|034|035|036|
 max_iter         : 20
 nbody            : 4
 H0               : Hcmf
 thresh_var       : 0.01
 thresh_foi       : 0.001
 thresh_pt        : 0.0031622776601683794
 thresh_spin      : nothing
 ci_conv          : 1.0e-5
 ci_max_iter      : 50
 ci_max_ss_vecs   : 12
 ci_lindep_thresh : 1.0e-10
 resolve_ss       : true
 do_pt            : true
 tol_tucker       : 0.0001



 ===================================================================
     BST Iteration:    1 epsilon:   0.01000000
 ===================================================================
 Ref state compressed from:                                 1 → 1          (thresh_var  =  1.0e-02)
 Get eigenstate for compressed reference space:    
 |== BST CI ========================================================
 Solve CI with # variables:                                 1
 Cache Hamiltonian:                                  3.750281 seconds (6.95 M allocations: 338.463 MiB, 99.88% compilation time: 1% of which was recompilation)
 Iter:   1 SS: 1    E:  -87.71836709*  R: 0.0e+00*  LinDep: 0.0e+00* 
 Diagonalization time:                               7.069017 seconds
 Compute <S^2>:                                      0.003607 seconds (1.81 k allocations: 197.797 KiB, 86.81% compilation time)
  Root       Energy           S2
     1 -87.71836709   0.00000000
 ==================================================================|
 Compute <S^2>:                                      0.006170 seconds (2.06 k allocations: 227.172 KiB, 88.81% compilation time)
  Root       Energy           S2
     1 -87.71836709   0.00000000

 Compute PT1 wavefunction. Reference space dim:             1
 In build_compressed_1st_order_state
 Setup threaded jobs:                                0.000921 seconds (4.34 k allocations: 469.078 KiB)
 Number of tasks:                                        1441
 Compute matrix-vector:                             47.424829 seconds (93.93 M allocations: 6.325 GiB, 95.74% compilation time)
 Now collect thread results :                        0.008532 seconds (2.94 k allocations: 200.484 KiB, 93.02% compilation time)
 Compressing final σ vector:
   Iter:    1         1180 →         1180
 Compute Compressed FOIS:                           48.629186 seconds   6.95e+00 Gb

 |...................................BST-PT2............................................
 Length of input      FOIS:                              1180
 Compute <X|H|0>:                                    4.346484 seconds   2.53e-01 Gb
 Compute <X|F|0>:                                    0.000492 seconds   3.23e-04 Gb
 State   1: E(PT2) corr:                          -0.02348611
  Root         E(0)         E(2)
     1 -87.71836709 -87.74185320
 ......................................................................................|
 Total time spent building FOIS:                    53.476342 seconds
 FOIS compressed from:                                   1180 → 1107       (thresh_foi  =  1.0e-03)

 Variational space increased from:                          1 → 346        (thresh_pt   =  3.2e-03)
 Add new space to variational space:                 0.007143 seconds
 |== BST CI ========================================================
 Solve CI with # variables:                               346
 Cache Hamiltonian:                                 14.911443 seconds (9.18 M allocations: 683.321 MiB, 57.32% compilation time)
 Iter:   1 SS: 1    E:  -87.71836709   R: 1.4e-01   LinDep: 0.0e+00* 
 Iter:   2 SS: 2    E:  -87.74277623   R: 2.5e-02   LinDep: 0.0e+00* 
 Iter:   3 SS: 3    E:  -87.74393537   R: 1.2e-02   LinDep: 6.7e-16* 
 Iter:   4 SS: 4    E:  -87.74414015   R: 2.7e-03   LinDep: 4.4e-16* 
 Iter:   5 SS: 5    E:  -87.74414855   R: 4.3e-04   LinDep: 2.2e-16* 
 Iter:   6 SS: 6    E:  -87.74414881   R: 9.0e-05   LinDep: 4.4e-16* 
 Iter:   7 SS: 7    E:  -87.74414882   R: 2.6e-05   LinDep: 8.9e-16* 
 Iter:   8 SS: 8    E:  -87.74414882*  R: 6.5e-06*  LinDep: 2.2e-16* 
 Diagonalization time:                               2.738349 seconds
 Compute <S^2>:                                      0.063040 seconds (176.63 k allocations: 24.915 MiB)
  Root       Energy           S2
     1 -87.74414882   0.00007576
 ==================================================================|
 E(Reference):       -87.71836709 
 E(PT2):             -87.74185320 
 E(BST):             -87.74414882 




 ===================================================================
     BST Iteration:    2 epsilon:   0.01000000
 ===================================================================
 Ref state compressed from:                               346 → 163        (thresh_var  =  1.0e-02)
 Get eigenstate for compressed reference space:    
 |== BST CI ========================================================
 Solve CI with # variables:                               163
 Cache Hamiltonian:                                  4.487701 seconds (626.84 k allocations: 259.089 MiB, 0.56% compilation time)
 Iter:   1 SS: 1    E:  -87.74275784   R: 1.9e-03   LinDep: 1.1e-16* 
 Iter:   2 SS: 2    E:  -87.74276454   R: 8.3e-04   LinDep: 2.2e-16* 
 Iter:   3 SS: 3    E:  -87.74276542   R: 2.8e-04   LinDep: 8.9e-16* 
 Iter:   4 SS: 4    E:  -87.74276554   R: 5.8e-05   LinDep: 0.0e+00* 
 Iter:   5 SS: 5    E:  -87.74276554*  R: 1.9e-06*  LinDep: 6.7e-16* 
 Diagonalization time:                               0.474221 seconds
 Compute <S^2>:                                      0.045759 seconds (114.83 k allocations: 17.383 MiB)
  Root       Energy           S2
     1 -87.74276554   0.00007553
 ==================================================================|
 Compute <S^2>:                                      0.055300 seconds (131.96 k allocations: 18.475 MiB, 15.32% compilation time)
  Root       Energy           S2
     1 -87.74276554   0.00007553

 Compute PT1 wavefunction. Reference space dim:           163
 In build_compressed_1st_order_state
 Setup threaded jobs:                                0.030174 seconds (112.99 k allocations: 10.020 MiB)
 Number of tasks:                                       23669
 Compute matrix-vector:                            125.769233 seconds (58.74 M allocations: 83.741 GiB, 3.62% gc time, 0.48% compilation time)
 Now collect thread results :                        0.008927 seconds (47.36 k allocations: 3.053 MiB)
 Compressing final σ vector:
   Iter:    1         2896 →         2800
   Iter:    2         2800 →         2800
 Compute Compressed FOIS:                          125.839022 seconds   8.99e+01 Gb

 |...................................BST-PT2............................................
 Length of input      FOIS:                              2800
 Compute <X|H|0>:                                   13.161064 seconds   7.68e-01 Gb
 Compute <X|F|0>:                                    0.011446 seconds   1.13e-02 Gb
 State   1: E(PT2) corr:                          -0.00234215
  Root         E(0)         E(2)
     1 -87.74276554 -87.74510769
 ......................................................................................|
 Total time spent building FOIS:                   143.219899 seconds
 FOIS compressed from:                                   2800 → 1144       (thresh_foi  =  1.0e-03)

 Variational space increased from:                        163 → 364        (thresh_pt   =  3.2e-03)
 Add new space to variational space:                 0.010130 seconds
 |== BST CI ========================================================
 Solve CI with # variables:                               364
 Cache Hamiltonian:                                  6.208045 seconds (940.53 k allocations: 311.561 MiB)
 Iter:   1 SS: 1    E:  -87.74436633   R: 7.3e-03   LinDep: 1.1e-16* 
 Iter:   2 SS: 2    E:  -87.74443584   R: 1.5e-03   LinDep: 1.1e-16* 
 Iter:   3 SS: 3    E:  -87.74443884   R: 6.8e-04   LinDep: 2.2e-16* 
 Iter:   4 SS: 4    E:  -87.74443953   R: 1.5e-04   LinDep: 0.0e+00* 
 Iter:   5 SS: 5    E:  -87.74443957   R: 4.8e-05   LinDep: 4.4e-16* 
 Iter:   6 SS: 6    E:  -87.74443957   R: 1.2e-05   LinDep: 1.1e-15* 
 Iter:   7 SS: 7    E:  -87.74443957*  R: 2.2e-06*  LinDep: 2.2e-16* 
 Diagonalization time:                               0.871310 seconds
 Compute <S^2>:                                      0.051612 seconds (180.79 k allocations: 25.318 MiB)
  Root       Energy           S2
     1 -87.74443957   0.00020445
 ==================================================================|
 E(Reference):       -87.74276554 
 E(PT2):             -87.74510769 
 E(BST):             -87.74443957 




 ===================================================================
     BST Iteration:    3 epsilon:   0.01000000
 ===================================================================
 Ref state compressed from:                               364 → 163        (thresh_var  =  1.0e-02)
 Get eigenstate for compressed reference space:    
 |== BST CI ========================================================
 Solve CI with # variables:                               163
 Cache Hamiltonian:                                  4.327374 seconds (616.21 k allocations: 259.306 MiB)
 Iter:   1 SS: 1    E:  -87.74293973   R: 2.1e-03   LinDep: 1.1e-16* 
 Iter:   2 SS: 2    E:  -87.74294722   R: 9.0e-04   LinDep: 3.3e-16* 
 Iter:   3 SS: 3    E:  -87.74294828   R: 3.1e-04   LinDep: 1.2e-15* 
 Iter:   4 SS: 4    E:  -87.74294843   R: 7.5e-05   LinDep: 1.3e-15* 
 Iter:   5 SS: 5    E:  -87.74294843*  R: 5.2e-06*  LinDep: 4.4e-16* 
 Diagonalization time:                               0.392493 seconds
 Compute <S^2>:                                      0.037154 seconds (116.89 k allocations: 17.509 MiB)
  Root       Energy           S2
     1 -87.74294843   0.00020336
 ==================================================================|
 Compute <S^2>:                                      0.037546 seconds (117.77 k allocations: 17.734 MiB)
  Root       Energy           S2
     1 -87.74294843   0.00020336

 Compute PT1 wavefunction. Reference space dim:           163
 In build_compressed_1st_order_state
 Setup threaded jobs:                                0.026301 seconds (112.99 k allocations: 10.020 MiB)
 Number of tasks:                                       23669
 Compute matrix-vector:                            111.669609 seconds (57.62 M allocations: 83.679 GiB, 1.13% gc time, 0.02% compilation time)
 Now collect thread results :                        0.008595 seconds (47.36 k allocations: 3.053 MiB)
 Compressing final σ vector:
   Iter:    1         3136 →         2848
   Iter:    2         2848 →         2848
 Compute Compressed FOIS:                          111.737246 seconds   8.99e+01 Gb

 |...................................BST-PT2............................................
 Length of input      FOIS:                              2848
 Compute <X|H|0>:                                   13.312633 seconds   8.20e-01 Gb
 Compute <X|F|0>:                                    0.011362 seconds   1.13e-02 Gb
 State   1: E(PT2) corr:                          -0.00212685
  Root         E(0)         E(2)
     1 -87.74294843 -87.74507529
 ......................................................................................|
 Total time spent building FOIS:                   129.270155 seconds
 FOIS compressed from:                                   2848 → 1144       (thresh_foi  =  1.0e-03)

 Variational space increased from:                        163 → 364        (thresh_pt   =  3.2e-03)
 Add new space to variational space:                 0.010127 seconds
 |== BST CI ========================================================
 Solve CI with # variables:                               364
 Cache Hamiltonian:                                  6.196318 seconds (902.64 k allocations: 309.320 MiB)
 Iter:   1 SS: 1    E:  -87.74446598   R: 2.7e-04   LinDep: 6.7e-16* 
 Iter:   2 SS: 2    E:  -87.74446608   R: 7.0e-05   LinDep: 0.0e+00* 
 Iter:   3 SS: 3    E:  -87.74446609   R: 3.4e-05   LinDep: 0.0e+00* 
 Iter:   4 SS: 4    E:  -87.74446609*  R: 7.9e-06*  LinDep: 6.7e-16* 
 Diagonalization time:                               0.499141 seconds
 Compute <S^2>:                                      0.051348 seconds (180.31 k allocations: 25.289 MiB)
Parsing benz-6-fcidump
  Root       Energy           S2
     1 -87.74446609   0.00020446
 ==================================================================|
 E(Reference):       -87.74294843 
 E(PT2):             -87.74507529 
 E(BST):             -87.74446609 

*Converged E(Ref):             -87.74294843 
*Converged E(BST):             -87.74446609 

 Energies per BST iteration:
   Projected Energies: 
   Iter:   1   -87.71836709 Dim:         1
   Iter:   2   -87.74276554 Dim:       163
   Iter:   3   -87.74294843 Dim:       163

   Variational Energies: 
   Iter:   1   -87.74414882 Dim:       346
   Iter:   2   -87.74443957 Dim:       364
   Iter:   3   -87.74446609 Dim:       364
 ─────────────────────────────────────────────────────────────────────────
                                 Time                    Allocations      
                        ───────────────────────   ────────────────────────
    Tot / % measured:         380s /  99.6%            182GiB / 100.0%    

 Section        ncalls     time    %tot     avg     alloc    %tot      avg
 ─────────────────────────────────────────────────────────────────────────
 FOIS                3     326s   86.0%    109s    177GiB   97.0%  58.9GiB
 CI big              3    31.6s    8.3%   10.5s   2.83GiB    1.6%  0.94GiB
 CI small            3    21.2s    5.6%   7.06s   2.51GiB    1.4%   857MiB
 S2                  3   99.0ms    0.0%  33.0ms   36.4MiB    0.0%  12.1MiB
 compress            6   52.8ms    0.0%  8.81ms   28.5MiB    0.0%  4.75MiB
 add                 3   8.91ms    0.0%  2.97ms   7.55MiB    0.0%  2.52MiB
 project             3   2.73ms    0.0%   910μs   1.59MiB    0.0%   544KiB
 s2 extension        3   1.79μs    0.0%   597ns     0.00B    0.0%    0.00B
 ─────────────────────────────────────────────────────────────────────────
 ==================================================================|
