tc016
Resetting modules to system default. Reseting $MODULEPATH back to system default. All extra directories will be removed from $MODULEPATH.
Usage: sbatch submit.sh {input file} {data file} {data file}
benz-6-spf.jl
benz-6-spf.jl.out
/home/arnab22/SPF-data/P5
/localscratch/1916525
sending incremental file list
benz-6-spf.jl.out

sent 121 bytes  received 35 bytes  312.00 bytes/sec
total size is 0  speedup is 0.00
sending incremental file list
benz-6-spf.jl.out

sent 603 bytes  received 35 bytes  1,276.00 bytes/sec
total size is 478  speedup is 0.75
sending incremental file list
benz-6-spf.jl.out

sent 1,495 bytes  received 35 bytes  3,060.00 bytes/sec
total size is 1,370  speedup is 0.90
sending incremental file list
benz-6-spf.jl.out

sent 3,176 bytes  received 35 bytes  6,422.00 bytes/sec
total size is 3,051  speedup is 0.95
sending incremental file list
benz-6-spf.jl.out

sent 7,434 bytes  received 35 bytes  14,938.00 bytes/sec
total size is 7,309  speedup is 0.98
sending incremental file list

sent 78 bytes  received 12 bytes  180.00 bytes/sec
total size is 7,309  speedup is 81.21
sending incremental file list

sent 78 bytes  received 12 bytes  180.00 bytes/sec
total size is 7,309  speedup is 81.21
sending incremental file list
benz-6-spf.jl.out

sent 11,584 bytes  received 35 bytes  23,238.00 bytes/sec
total size is 11,459  speedup is 0.99
sending incremental file list

sent 78 bytes  received 12 bytes  180.00 bytes/sec
total size is 11,459  speedup is 127.32
rm: cannot remove ‘tmpfs’: Device or resource busy
