 Remove duplicates
 Number of terms reduced from  1036 to   472
IDX001:DIM4096:001|002|003|004|005|006|
IDX002:DIM4096:007|008|009|010|011|012|
IDX003:DIM4096:013|014|015|016|017|018|
IDX004:DIM4096:019|020|021|022|023|024|
 max_iter         : 4
 nbody            : 4
 H0               : Hcmf
 thresh_var       : 0.009
 thresh_foi       : 0.00017999999999999998
 thresh_pt        : 0.0045
 thresh_spin      : nothing
 ci_conv          : 8.0e-5
 ci_max_iter      : 50
 ci_max_ss_vecs   : 12
 ci_lindep_thresh : 1.0e-10
 resolve_ss       : false
 do_pt            : false
 tol_tucker       : 0.0001



 ===================================================================
     BST Iteration:    1 epsilon:   0.00900000
 ===================================================================
 Ref state compressed from:                             73020 → 15685      (thresh_var  =  9.0e-03)
 Compute zeroth-order energy:                      115.885978 seconds (274.32 M allocations: 44.942 GiB, 8.42% gc time, 86.68% compilation time)
 Compute <S^2>:                                      0.787742 seconds (5.35 M allocations: 1.054 GiB, 15.74% compilation time)
  Root       Energy           S2
     1 -49.53931095   0.00158641
     2 -49.43474127   2.00117376
     3 -49.40847570   2.00134960
     4 -49.40828431   2.00122351
     5 -49.40048761   2.00101660
     6 -49.40011917   2.00102950
     7 -49.38977351   0.01630049
     8 -49.37170167   2.00127742
     9 -49.36768566   2.00145540
    10 -49.36750734   2.00128255
    11 -49.36633809   0.01336698
    12 -49.36530270   0.01213884
    13 -49.36530959   2.00128872
    14 -49.36120260   2.00124615
    15 -49.34785788   2.00123920
    16 -49.34783505   2.00122146
    17 -49.34222720   0.01673762

 In build_compressed_1st_order_state
 Setup threaded jobs:                                0.009586 seconds (44.43 k allocations: 3.320 MiB)
 Number of tasks:                                        4403
 Compute matrix-vector:                            20069.798458 seconds (485.14 M allocations: 11.516 TiB, 39.34% gc time, 3.38% compilation time)
 Now collect thread results :                        0.030049 seconds (15.79 k allocations: 1.078 MiB, 93.85% compilation time)
 Compressing final σ vector:
   Iter:    1     42995492 →     42477240
   Iter:    2     42477240 →     42454902
   Iter:    3     42454902 →     42454348
   Iter:    4     42454348 →     42454344
   Iter:    5     42454344 →     42454344
 Compute Compressed FOIS:                          20425.974791 seconds   1.28e+04 Gb
 Total time spent building FOIS:                   20425.974791 seconds
 FOIS compressed from:                               42454344 → 42454344   (thresh_foi  =  1.8e-04)

 Variational space increased from:                      15685 → 74030      (thresh_pt   =  4.5e-03)
 Add new space to variational space:                84.973164 seconds
 |== BST CI ========================================================
 Solve CI with # variables:                             74030
 Cache Hamiltonian:                                125.447057 seconds (61.14 M allocations: 75.091 GiB, 58.04% gc time, 0.35% compilation time)
 Iter:   1 SS: 17   E:  -49.54058462   -49.43882878   -49.41290619   -49.41281488   -49.40417701   -49.40377748   -49.39449559   -49.37606182   -49.37152391   -49.37136965   -49.37063276   -49.36951056   -49.36919675   -49.36444980   -49.35152911   -49.35149704   -49.34972673   R: 2.5e-03  8.1e-03  7.1e-03  6.1e-03  7.8e-03  8.7e-03  8.2e-03  6.3e-03  6.1e-03  6.7e-03  6.6e-03  6.6e-03  6.5e-03  6.9e-03  4.2e-03  4.6e-03  7.2e-03   LinDep: 1.1e-15* 
 Iter:   2 SS: 34   E:  -49.54059036   -49.43888933   -49.41295428   -49.41284906   -49.40423333   -49.40385238   -49.39456445   -49.37609909   -49.37156140   -49.37141547   -49.37067577   -49.36955507   -49.36923789   -49.36449722   -49.35154769   -49.35151888   -49.34977582   R: 5.4e-04  1.4e-03  1.3e-03  1.1e-03  1.4e-03  1.7e-03  2.0e-03  1.6e-03  1.1e-03  1.2e-03  1.6e-03  1.7e-03  1.1e-03  1.2e-03  8.9e-04  1.1e-03  1.8e-03   LinDep: 5.8e-15* 
 Iter:   3 SS: 51   E:  -49.54059060   -49.43889141   -49.41295590   -49.41285029   -49.40423521   -49.40385519   -49.39456804   -49.37610159   -49.37156271   -49.37141704   -49.37067815   -49.36955794   -49.36923911   -49.36449865   -49.35154854   -49.35152005   -49.34977914   R: 1.6e-04  4.6e-04  4.3e-04  3.5e-04  4.4e-04  5.8e-04  6.2e-04  4.7e-04  4.3e-04  4.7e-04  5.5e-04  6.1e-04  4.1e-04  4.5e-04  3.5e-04  3.9e-04  5.7e-04   LinDep: 1.6e-15* 
 Iter:   4 SS: 68   E:  -49.54059063*  -49.43889164   -49.41295611   -49.41285043   -49.40423545   -49.40385558   -49.39456849   -49.37610186   -49.37156290   -49.37141729   -49.37067847   -49.36955838   -49.36923931   -49.36449886   -49.35154869   -49.35152024   -49.34977953   R: 6.6e-05* 2.2e-04  1.9e-04  1.6e-04  2.0e-04  2.8e-04  2.8e-04  2.4e-04  2.1e-04  2.3e-04  2.5e-04  3.1e-04  2.1e-04  2.1e-04  1.8e-04  2.0e-04  2.9e-04   LinDep: 3.3e-15* 
 Iter:   5 SS: 85   E:  -49.54059063*  -49.43889170   -49.41295616   -49.41285047   -49.40423550   -49.40385569   -49.39456860   -49.37610193   -49.37156296   -49.37141737   -49.37067855   -49.36955852   -49.36923937   -49.36449892   -49.35154874   -49.35152030   -49.34977964   R: 3.3e-05* 1.3e-04  1.1e-04  9.7e-05  1.4e-04  1.8e-04  1.8e-04  1.5e-04  1.4e-04  1.5e-04  1.5e-04  2.3e-04  1.4e-04  1.3e-04  1.4e-04  1.5e-04  2.1e-04   LinDep: 4.0e-15* 
 Iter:   6 SS: 102  E:  -49.54059063*  -49.43889172*  -49.41295617*  -49.41285048*  -49.40423553   -49.40385573   -49.39456864   -49.37610197   -49.37156299   -49.37141740   -49.37067858   -49.36955860   -49.36923940   -49.36449895   -49.35154877   -49.35152034   -49.34977971   R: 1.8e-05* 7.1e-05* 7.6e-05* 6.1e-05* 8.1e-05  1.1e-04  1.1e-04  1.2e-04  1.0e-04  1.1e-04  1.0e-04  1.7e-04  9.6e-05  8.9e-05  1.1e-04  1.2e-04  1.7e-04   LinDep: 4.9e-15* 
 Iter:   7 SS: 119  E:  -49.54059063*  -49.43889173*  -49.41295618*  -49.41285048*  -49.40423554*  -49.40385574*  -49.39456866*  -49.37610200   -49.37156301*  -49.37141742*  -49.37067860*  -49.36955865   -49.36923942*  -49.36449896*  -49.35154879   -49.35152036   -49.34977977   R: 1.0e-05* 3.6e-05* 5.1e-05* 3.9e-05* 4.7e-05* 6.4e-05* 6.7e-05* 1.2e-04  6.9e-05* 7.4e-05* 7.4e-05* 1.3e-04  6.0e-05* 5.8e-05* 8.5e-05  8.9e-05  1.5e-04   LinDep: 3.3e-15* 
 Iter:   8 SS: 136  E:  -49.54059063*  -49.43889173*  -49.41295619*  -49.41285048*  -49.40423554*  -49.40385575*  -49.39456866*  -49.37610203   -49.37156302*  -49.37141743*  -49.37067861*  -49.36955868   -49.36923942*  -49.36449897*  -49.35154880*  -49.35152037*  -49.34977981   R: 5.4e-06* 1.9e-05* 3.3e-05* 2.5e-05* 2.8e-05* 4.1e-05* 3.9e-05* 1.2e-04  4.7e-05* 5.3e-05* 5.2e-05* 1.0e-04  3.9e-05* 3.8e-05* 6.3e-05* 6.4e-05* 1.3e-04   LinDep: 3.1e-15* 
 Iter:   9 SS: 153  E:  -49.54059063*  -49.43889173*  -49.41295619*  -49.41285049*  -49.40423554*  -49.40385575*  -49.39456866*  -49.37610205   -49.37156302*  -49.37141743*  -49.37067861*  -49.36955870*  -49.36923942*  -49.36449897*  -49.35154881*  -49.35152038*  -49.34977984   R: 2.7e-06* 9.6e-06* 2.1e-05* 1.6e-05* 1.7e-05* 2.5e-05* 2.5e-05* 1.1e-04  3.3e-05* 3.7e-05* 4.2e-05* 7.7e-05* 2.5e-05* 2.5e-05* 4.7e-05* 4.5e-05* 1.1e-04   LinDep: 1.0e-14* 
 Iter:  10 SS: 170  E:  -49.54059063*  -49.43889173*  -49.41295619*  -49.41285049*  -49.40423554*  -49.40385575*  -49.39456866*  -49.37610207   -49.37156302*  -49.37141743*  -49.37067861*  -49.36955871*  -49.36923942*  -49.36449897*  -49.35154881*  -49.35152038*  -49.34977986   R: 1.2e-06* 4.9e-06* 1.4e-05* 9.7e-06* 1.2e-05* 1.6e-05* 1.6e-05* 8.0e-05  2.3e-05* 2.5e-05* 3.3e-05* 5.6e-05* 1.6e-05* 1.6e-05* 3.7e-05* 3.1e-05* 9.5e-05   LinDep: 1.8e-14* 
 Iter:  11 SS: 187  E:  -49.54059063*  -49.43889173*  -49.41295619*  -49.41285049*  -49.40423554*  -49.40385575*  -49.39456866*  -49.37610208*  -49.37156302*  -49.37141744*  -49.37067861*  -49.36955871*  -49.36923942*  -49.36449897*  -49.35154882*  -49.35152038*  -49.34977988   R: 5.8e-07* 2.6e-06* 9.2e-06* 6.2e-06* 8.0e-06* 1.1e-05* 1.2e-05* 5.9e-05* 1.7e-05* 1.8e-05* 2.4e-05* 4.2e-05* 1.0e-05* 1.0e-05* 2.8e-05* 2.1e-05* 8.4e-05   LinDep: 7.5e-15* 
 Iter:  12 SS: 204  E:  -49.54059063*  -49.43889173*  -49.41295619*  -49.41285049*  -49.40423554*  -49.40385575*  -49.39456867*  -49.37610209*  -49.37156302*  -49.37141744*  -49.37067862*  -49.36955871*  -49.36923942*  -49.36449897*  -49.35154882*  -49.35152039*  -49.34977989*  R: 2.9e-07* 1.4e-06* 6.1e-06* 4.1e-06* 5.5e-06* 7.8e-06* 9.5e-06* 4.1e-05* 1.2e-05* 1.3e-05* 1.6e-05* 3.2e-05* 6.8e-06* 7.0e-06* 2.1e-05* 1.5e-05* 7.1e-05*  LinDep: 1.1e-14* 
 Diagonalization time:                             746.435276 seconds
 Compute <S^2>:                                      4.419413 seconds (9.12 M allocations: 3.525 GiB, 80.28% gc time, 0.13% compilation time)
  Root       Energy           S2
     1 -49.54059063   0.00117144
     2 -49.43889173   2.00136013
     3 -49.41295619   2.00151440
     4 -49.41285049   2.00139404
     5 -49.40423554   2.00105270
     6 -49.40385575   2.00109849
     7 -49.39456867   0.01423617
     8 -49.37610209   2.00160978
     9 -49.37156302   2.00214609
    10 -49.37141744   2.00207932
    11 -49.37067862   0.01240239
    12 -49.36955871   0.01107358
    13 -49.36923942   2.00171463
    14 -49.36449897   2.00204900
    15 -49.35154882   2.00181344
    16 -49.35152039   2.00182817
    17 -49.34977989   0.01426935
 ==================================================================|
 E(Reference):       -49.53931095 -49.43474127 -49.40847570 -49.40828431 -49.40048761 -49.40011917 -49.38977351 -49.37170167 -49.36768566 -49.36750734 -49.36633809 -49.36530270 -49.36530959 -49.36120260 -49.34785788 -49.34783505 -49.34222720 
 E(BST):             -49.54059063 -49.43889173 -49.41295619 -49.41285049 -49.40423554 -49.40385575 -49.39456867 -49.37610209 -49.37156302 -49.37141744 -49.37067862 -49.36955871 -49.36923942 -49.36449897 -49.35154882 -49.35152039 -49.34977989 




 ===================================================================
     BST Iteration:    2 epsilon:   0.00900000
 ===================================================================
 Ref state compressed from:                             74030 → 15685      (thresh_var  =  9.0e-03)
 Compute zeroth-order energy:                       34.837290 seconds (76.86 M allocations: 35.586 GiB, 62.65% gc time)
 Compute <S^2>:                                      2.000334 seconds (5.16 M allocations: 1.044 GiB, 75.51% gc time)
  Root       Energy           S2
     1 -49.53932207   0.00156430
     2 -49.43478558   2.00117049
     3 -49.40852655   2.00133567
     4 -49.40834025   2.00121123
     5 -49.40052494   2.00100901
     6 -49.40018311   2.00101797
     7 -49.38985337   0.01612839
     8 -49.37174447   2.00126930
     9 -49.36772958   2.00144180
    10 -49.36755301   2.00127374
    11 -49.36638875   0.01328385
    12 -49.36537117   0.01200438
    13 -49.36534422   2.00128314
    14 -49.36123604   2.00124241
    15 -49.34789819   2.00122411
    16 -49.34787690   2.00120632
    17 -49.34235877   0.01657561

 In build_compressed_1st_order_state
 Setup threaded jobs:                                0.011001 seconds (44.43 k allocations: 3.320 MiB)
 Number of tasks:                                        4403
 Compute matrix-vector:                            20904.305765 seconds (433.68 M allocations: 11.518 TiB, 41.48% gc time, 0.01% compilation time)
 Now collect thread results :                        0.001692 seconds (8.83 k allocations: 726.281 KiB)
 Compressing final σ vector:
   Iter:    1     42966646 →     42542404
   Iter:    2     42542404 →     42493396
   Iter:    3     42493396 →     42492904
   Iter:    4     42492904 →     42492900
   Iter:    5     42492900 →     42492900
 Compute Compressed FOIS:                          21276.038472 seconds   1.28e+04 Gb
 Total time spent building FOIS:                   21276.038472 seconds
 FOIS compressed from:                               42492900 → 42492900   (thresh_foi  =  1.8e-04)

 Variational space increased from:                      15685 → 74030      (thresh_pt   =  4.5e-03)
 Add new space to variational space:                86.760369 seconds
 |== BST CI ========================================================
 Solve CI with # variables:                             74030
 Cache Hamiltonian:                                132.625549 seconds (60.68 M allocations: 75.450 GiB, 60.59% gc time)
 Iter:   1 SS: 17   E:  -49.54060012   -49.43893673   -49.41300825   -49.41290334   -49.40428009   -49.40390138   -49.39464640   -49.37614247   -49.37161451   -49.37146845   -49.37073066   -49.36961479   -49.36928039   -49.36453862   -49.35159003   -49.35156153   -49.34990920   R: 4.2e-04  1.4e-03  9.6e-04  6.6e-04  9.9e-04  1.5e-03  7.7e-04  1.3e-03  4.3e-04  7.3e-04  7.9e-04  1.2e-03  1.2e-03  7.2e-04  4.7e-04  5.0e-04  1.1e-03   LinDep: 1.1e-14* 
 Iter:   2 SS: 34   E:  -49.54060029   -49.43893888   -49.41300927   -49.41290379   -49.40428120   -49.40390414   -49.39464708   -49.37614430   -49.37161473   -49.37146905   -49.37073137   -49.36961651   -49.36928227   -49.36453925   -49.35159028   -49.35156181   -49.34991064   R: 9.4e-05  3.0e-04  2.3e-04  1.8e-04  2.1e-04  3.3e-04  2.2e-04  2.7e-04  1.6e-04  2.0e-04  2.0e-04  2.9e-04  2.9e-04  2.0e-04  1.6e-04  1.6e-04  3.2e-04   LinDep: 7.0e-15* 
 Iter:   3 SS: 51   E:  -49.54060029*  -49.43893899   -49.41300933   -49.41290383   -49.40428125   -49.40390427   -49.39464714   -49.37614438   -49.37161477   -49.37146911   -49.37073142   -49.36961661   -49.36928239   -49.36453930   -49.35159032   -49.35156185   -49.34991077   R: 3.9e-05* 1.2e-04  1.1e-04  9.9e-05  1.0e-04  1.3e-04  1.2e-04  1.2e-04  1.1e-04  1.2e-04  1.2e-04  1.4e-04  1.4e-04  1.1e-04  1.1e-04  1.1e-04  1.6e-04   LinDep: 5.3e-15* 
 Iter:   4 SS: 68   E:  -49.54060030*  -49.43893901*  -49.41300935*  -49.41290384*  -49.40428127*  -49.40390429   -49.39464716   -49.37614440*  -49.37161479   -49.37146913   -49.37073145   -49.36961664   -49.36928242   -49.36453932   -49.35159034   -49.35156187   -49.34991081   R: 2.3e-05* 6.8e-05* 7.6e-05* 7.4e-05* 7.2e-05* 8.2e-05  9.2e-05  7.8e-05* 8.7e-05  9.5e-05  9.7e-05  1.0e-04  9.8e-05  8.1e-05  1.0e-04  9.3e-05  1.2e-04   LinDep: 9.1e-15* 
 Iter:   5 SS: 85   E:  -49.54060030*  -49.43893902*  -49.41300936*  -49.41290385*  -49.40428128*  -49.40390430*  -49.39464717*  -49.37614441*  -49.37161480*  -49.37146914*  -49.37073146*  -49.36961666   -49.36928243*  -49.36453933*  -49.35159036   -49.35156189*  -49.34991083*  R: 1.4e-05* 3.8e-05* 4.9e-05* 4.8e-05* 4.9e-05* 5.4e-05* 5.5e-05* 5.8e-05* 5.6e-05* 6.6e-05* 7.1e-05* 8.4e-05  6.7e-05* 5.0e-05* 8.2e-05  7.6e-05* 8.0e-05*  LinDep: 8.9e-16* 
 Iter:   6 SS: 102  E:  -49.54060030*  -49.43893902*  -49.41300936*  -49.41290385*  -49.40428128*  -49.40390431*  -49.39464718*  -49.37614441*  -49.37161480*  -49.37146915*  -49.37073147*  -49.36961667*  -49.36928244*  -49.36453933*  -49.35159037*  -49.35156189*  -49.34991084*  R: 7.2e-06* 2.2e-05* 3.1e-05* 2.9e-05* 3.2e-05* 3.7e-05* 3.3e-05* 4.4e-05* 3.8e-05* 4.6e-05* 5.2e-05* 6.1e-05* 4.6e-05* 3.1e-05* 6.0e-05* 5.8e-05* 6.4e-05*  LinDep: 4.0e-15* 
 Diagonalization time:                             375.129341 seconds
 Compute <S^2>:                                      5.188198 seconds (9.12 M allocations: 3.525 GiB, 83.03% gc time)
  Root       Energy           S2
     1 -49.54060030   0.00115483
     2 -49.43893902   2.00134988
     3 -49.41300936   2.00150847
     4 -49.41290385   2.00138807
     5 -49.40428128   2.00104742
     6 -49.40390431   2.00109043
     7 -49.39464718   0.01410855
     8 -49.37614441   2.00160634
     9 -49.37161480   2.00213668
    10 -49.37146915   2.00207053
    11 -49.37073147   0.01233394
    12 -49.36961667   0.01104330
    13 -49.36928244   2.00170899
    14 -49.36453933   2.00204173
    15 -49.35159037   2.00180742
    16 -49.35156189   2.00182196
    17 -49.34991084   0.01416799
 ==================================================================|
 E(Reference):       -49.53932207 -49.43478558 -49.40852655 -49.40834025 -49.40052494 -49.40018311 -49.38985337 -49.37174447 -49.36772958 -49.36755301 -49.36638875 -49.36537117 -49.36534422 -49.36123604 -49.34789819 -49.34787690 -49.34235877 
 E(BST):             -49.54060030 -49.43893902 -49.41300936 -49.41290385 -49.40428128 -49.40390431 -49.39464718 -49.37614441 -49.37161480 -49.37146915 -49.37073147 -49.36961667 -49.36928244 -49.36453933 -49.35159037 -49.35156189 -49.34991084 




 ===================================================================
     BST Iteration:    3 epsilon:   0.00900000
 ===================================================================
 Ref state compressed from:                             74030 → 15685      (thresh_var  =  9.0e-03)
 Compute zeroth-order energy:                       35.022470 seconds (76.75 M allocations: 35.602 GiB, 63.03% gc time)
 Compute <S^2>:                                      1.609810 seconds (5.16 M allocations: 1.044 GiB, 70.51% gc time)
  Root       Energy           S2
     1 -49.53933076   0.00154682
     2 -49.43482891   2.00116129
     3 -49.40857570   2.00133147
     4 -49.40839015   2.00120612
     5 -49.40056703   2.00100301
     6 -49.40022667   2.00101307
     7 -49.38992729   0.01599891
     8 -49.37178160   2.00126586
     9 -49.36777768   2.00143159
    10 -49.36760155   2.00126770
    11 -49.36643877   0.01321772
    12 -49.36542485   0.01195626
    13 -49.36538123   2.00127630
    14 -49.36127370   2.00123517
    15 -49.34793518   2.00121673
    16 -49.34791396   2.00119977
    17 -49.34248707   0.01647998

 In build_compressed_1st_order_state
 Setup threaded jobs:                                0.011388 seconds (44.43 k allocations: 3.320 MiB)
 Number of tasks:                                        4403
 Compute matrix-vector:                            21250.299627 seconds (433.65 M allocations: 11.513 TiB, 40.70% gc time, 0.01% compilation time)
 Now collect thread results :                        0.002123 seconds (8.83 k allocations: 726.281 KiB)
 Compressing final σ vector:
   Iter:    1     42962004 →     42537490
   Iter:    2     42537490 →     42522996
   Iter:    3     42522996 →     42522480
   Iter:    4     42522480 →     42522480
 Compute Compressed FOIS:                          21563.168302 seconds   1.28e+04 Gb
 Total time spent building FOIS:                   21563.168302 seconds
 FOIS compressed from:                               42522480 → 42522480   (thresh_foi  =  1.8e-04)

 Variational space increased from:                      15685 → 74030      (thresh_pt   =  4.5e-03)
 Add new space to variational space:                91.006430 seconds
 |== BST CI ========================================================
 Solve CI with # variables:                             74030
 Cache Hamiltonian:                                136.086967 seconds (60.72 M allocations: 75.899 GiB, 62.01% gc time)
 Iter:   1 SS: 17   E:  -49.54060968   -49.43898133   -49.41305896   -49.41295591   -49.40432141   -49.40395257   -49.39472442   -49.37618342   -49.37166415   -49.37151941   -49.37078689   -49.36967674   -49.36931774   -49.36457734   -49.35163101   -49.35160336   -49.35003718   R: 1.5e-04  4.6e-04  3.2e-04  2.6e-04  3.4e-04  5.4e-04  3.4e-04  4.0e-04  2.5e-04  3.0e-04  3.0e-04  4.4e-04  4.4e-04  2.9e-04  2.4e-04  2.5e-04  4.1e-04   LinDep: 8.8e-15* 
 Iter:   2 SS: 34   E:  -49.54060970*  -49.43898158   -49.41305909   -49.41295600   -49.40432155   -49.40395293   -49.39472458   -49.37618362   -49.37166424   -49.37151953   -49.37078701   -49.36967700   -49.36931799   -49.36457745   -49.35163110   -49.35160345   -49.35003741   R: 4.7e-05* 1.3e-04  1.2e-04  1.2e-04  1.1e-04  1.6e-04  1.5e-04  1.2e-04  1.3e-04  1.4e-04  1.4e-04  1.7e-04  1.4e-04  1.2e-04  1.3e-04  1.3e-04  1.8e-04   LinDep: 4.4e-16* 
 Iter:   3 SS: 51   E:  -49.54060970*  -49.43898160*  -49.41305912   -49.41295602   -49.40432158   -49.40395296   -49.39472462   -49.37618364   -49.37166427   -49.37151957   -49.37078705   -49.36967705   -49.36931803   -49.36457748   -49.35163113   -49.35160348   -49.35003746   R: 2.9e-05* 7.4e-05* 9.4e-05  9.1e-05  8.5e-05  1.0e-04  1.2e-04  9.8e-05  1.1e-04  1.2e-04  1.3e-04  1.5e-04  1.1e-04  9.6e-05  1.3e-04  1.3e-04  1.4e-04   LinDep: 5.7e-15* 
 Iter:   4 SS: 68   E:  -49.54060970*  -49.43898161*  -49.41305913*  -49.41295604*  -49.40432159*  -49.40395298   -49.39472464   -49.37618366   -49.37166429   -49.37151959   -49.37078707   -49.36967709   -49.36931804   -49.36457750*  -49.35163116   -49.35160350   -49.35003749   R: 1.8e-05* 5.2e-05* 6.9e-05* 6.4e-05* 6.5e-05* 8.3e-05  8.6e-05  8.8e-05  8.8e-05  9.6e-05  1.1e-04  1.4e-04  9.4e-05  7.0e-05* 1.2e-04  1.2e-04  1.2e-04   LinDep: 8.5e-15* 
 Iter:   5 SS: 85   E:  -49.54060971*  -49.43898161*  -49.41305914*  -49.41295604*  -49.40432159*  -49.40395299*  -49.39472464*  -49.37618367*  -49.37166430*  -49.37151960*  -49.37078709*  -49.36967712   -49.36931806*  -49.36457750*  -49.35163118   -49.35160353   -49.35003751   R: 8.8e-06* 2.8e-05* 4.0e-05* 3.8e-05* 4.1e-05* 5.2e-05* 4.9e-05* 7.0e-05* 5.5e-05* 6.1e-05* 7.2e-05* 9.4e-05  6.0e-05* 4.2e-05* 8.2e-05  8.1e-05  9.1e-05   LinDep: 2.1e-15* 
 Iter:   6 SS: 102  E:  -49.54060971*  -49.43898161*  -49.41305914*  -49.41295604*  -49.40432159*  -49.40395299*  -49.39472465*  -49.37618368*  -49.37166431*  -49.37151961*  -49.37078710*  -49.36967713*  -49.36931806*  -49.36457750*  -49.35163119*  -49.35160354*  -49.35003753*  R: 4.1e-06* 1.4e-05* 2.3e-05* 2.1e-05* 2.6e-05* 3.2e-05* 3.1e-05* 6.0e-05* 3.4e-05* 4.0e-05* 5.2e-05* 6.6e-05* 3.7e-05* 2.5e-05* 4.9e-05* 4.9e-05* 7.7e-05*  LinDep: 7.5e-15* 
 Diagonalization time:                             375.821700 seconds
 Compute <S^2>:                                      4.448820 seconds (9.12 M allocations: 3.525 GiB, 80.33% gc time)
  Root       Energy           S2
     1 -49.54060971   0.00113958
     2 -49.43898161   2.00134214
     3 -49.41305914   2.00150127
     4 -49.41295604   2.00138156
     5 -49.40432159   2.00104078
     6 -49.40395299   2.00108330
     7 -49.39472465   0.01397651
     8 -49.37618368   2.00159921
     9 -49.37166431   2.00212690
    10 -49.37151961   2.00206354
    11 -49.37078710   0.01227413
    12 -49.36967713   0.01098880
    13 -49.36931806   2.00170110
    14 -49.36457750   2.00203462
    15 -49.35163119   2.00180123
    16 -49.35160354   2.00181546
    17 -49.35003753   0.01405678
 ==================================================================|
 E(Reference):       -49.53933076 -49.43482891 -49.40857570 -49.40839015 -49.40056703 -49.40022667 -49.38992729 -49.37178160 -49.36777768 -49.36760155 -49.36643877 -49.36542485 -49.36538123 -49.36127370 -49.34793518 -49.34791396 -49.34248707 
 E(BST):             -49.54060971 -49.43898161 -49.41305914 -49.41295604 -49.40432159 -49.40395299 -49.39472465 -49.37618368 -49.37166431 -49.37151961 -49.37078710 -49.36967713 -49.36931806 -49.36457750 -49.35163119 -49.35160354 -49.35003753 




 ===================================================================
     BST Iteration:    4 epsilon:   0.00900000
 ===================================================================
 Ref state compressed from:                             74030 → 15685      (thresh_var  =  9.0e-03)
 Compute zeroth-order energy:                       35.366610 seconds (76.76 M allocations: 35.461 GiB, 64.44% gc time)
 Compute <S^2>:                                      1.550819 seconds (5.16 M allocations: 1.044 GiB, 68.88% gc time)
  Root       Energy           S2
     1 -49.53933895   0.00153150
     2 -49.43486807   2.00115561
     3 -49.40862105   2.00132490
     4 -49.40843771   2.00120107
     5 -49.40060513   2.00099587
     6 -49.40027219   2.00100504
     7 -49.39000053   0.01586749
     8 -49.37181623   2.00125843
     9 -49.36782322   2.00142142
    10 -49.36764758   2.00125906
    11 -49.36648777   0.01316085
    12 -49.36547759   0.01191007
    13 -49.36541155   2.00126803
    14 -49.36130905   2.00122786
    15 -49.34797076   2.00120988
    16 -49.34795018   2.00119183
    17 -49.34261063   0.01636695

 In build_compressed_1st_order_state
 Setup threaded jobs:                                0.012256 seconds (44.43 k allocations: 3.320 MiB)
 Number of tasks:                                        4403
 Compute matrix-vector:                            21012.811927 seconds (433.65 M allocations: 11.515 TiB, 41.61% gc time, 0.00% compilation time)
 Now collect thread results :                        0.001868 seconds (8.83 k allocations: 726.281 KiB)
 Compressing final σ vector:
   Iter:    1     42993113 →     42346302
   Iter:    2     42346302 →     42307976
   Iter:    3     42307976 →     42307860
   Iter:    4     42307860 →     42307788
   Iter:    5     42307788 →     42307788
 Compute Compressed FOIS:                          21397.005128 seconds   1.28e+04 Gb
 Total time spent building FOIS:                   21397.005128 seconds
 FOIS compressed from:                               42307788 → 42307788   (thresh_foi  =  1.8e-04)

 Variational space increased from:                      15685 → 74446      (thresh_pt   =  4.5e-03)
 Add new space to variational space:                88.854738 seconds
 |== BST CI ========================================================
 Solve CI with # variables:                             74446
 Cache Hamiltonian:                                142.955106 seconds (60.77 M allocations: 75.936 GiB, 60.36% gc time)
 Iter:   1 SS: 17   E:  -49.54061866   -49.43902273   -49.41310721   -49.41300645   -49.40436167   -49.40399869   -49.39479970   -49.37622149   -49.37171222   -49.37156780   -49.37084057   -49.36973535   -49.36935383   -49.36461426   -49.35167057   -49.35164299   -49.35016170   R: 7.8e-04  1.6e-03  2.1e-03  1.7e-03  1.3e-03  3.7e-03  2.5e-03  1.7e-03  1.5e-03  1.8e-03  3.1e-03  9.7e-04  2.1e-03  1.6e-03  3.2e-03  1.5e-03  2.6e-03   LinDep: 9.2e-15* 
 Iter:   2 SS: 34   E:  -49.54061916   -49.43902503   -49.41311151   -49.41300904   -49.40436331   -49.40401136   -49.39480562   -49.37622415   -49.37171451   -49.37157075   -49.37084920   -49.36973633   -49.36935802   -49.36461652   -49.35168095   -49.35164515   -49.35016882   R: 1.5e-04  3.1e-04  4.2e-04  3.6e-04  2.9e-04  7.1e-04  5.6e-04  3.9e-04  3.9e-04  4.3e-04  6.9e-04  2.5e-04  4.2e-04  3.4e-04  8.0e-04  3.1e-04  5.7e-04   LinDep: 8.8e-15* 
 Iter:   3 SS: 51   E:  -49.54061918*  -49.43902512   -49.41311170   -49.41300917   -49.40436340   -49.40401185   -49.39480595   -49.37622430   -49.37171467   -49.37157094   -49.37084967   -49.36973640   -49.36935820   -49.36461663   -49.35168160   -49.35164526   -49.35016919   R: 4.7e-05* 1.1e-04  1.5e-04  1.3e-04  1.1e-04  2.2e-04  2.0e-04  1.3e-04  1.5e-04  1.6e-04  2.2e-04  1.3e-04  1.6e-04  1.3e-04  2.7e-04  1.3e-04  2.1e-04   LinDep: 3.4e-15* 
 Iter:   4 SS: 68   E:  -49.54061918*  -49.43902514*  -49.41311172   -49.41300919*  -49.40436342*  -49.40401191   -49.39480600   -49.37622432   -49.37171470   -49.37157097   -49.37084973   -49.36973644   -49.36935824   -49.36461666   -49.35168169   -49.35164529   -49.35016925   R: 2.5e-05* 6.0e-05* 8.6e-05  7.7e-05* 7.6e-05* 1.1e-04  1.2e-04  8.5e-05  1.0e-04  9.7e-05  1.2e-04  1.3e-04  1.1e-04  8.2e-05  1.5e-04  1.0e-04  1.3e-04   LinDep: 8.9e-16* 
 Iter:   5 SS: 85   E:  -49.54061918*  -49.43902514*  -49.41311174*  -49.41300919*  -49.40436342*  -49.40401193*  -49.39480602   -49.37622433   -49.37171472*  -49.37157098   -49.37084975   -49.36973647   -49.36935826*  -49.36461667*  -49.35168173   -49.35164531   -49.35016928   R: 1.7e-05* 3.7e-05* 6.3e-05* 5.6e-05* 5.8e-05* 7.3e-05* 8.1e-05  8.5e-05  7.8e-05* 8.2e-05  1.0e-04  1.2e-04  7.6e-05* 5.3e-05* 1.2e-04  9.5e-05  1.2e-04   LinDep: 1.2e-14* 
 Iter:   6 SS: 102  E:  -49.54061918*  -49.43902514*  -49.41311174*  -49.41300920*  -49.40436343*  -49.40401193*  -49.39480603*  -49.37622435*  -49.37171473*  -49.37157100*  -49.37084977   -49.36973649   -49.36935827*  -49.36461667*  -49.35168176   -49.35164533*  -49.35016931   R: 8.8e-06* 1.9e-05* 4.1e-05* 3.4e-05* 3.9e-05* 4.8e-05* 5.5e-05* 7.6e-05* 5.3e-05* 6.2e-05* 8.0e-05  8.1e-05  4.9e-05* 3.4e-05* 1.1e-04  7.3e-05* 1.1e-04   LinDep: 1.0e-14* 
 Iter:   7 SS: 119  E:  -49.54061918*  -49.43902514*  -49.41311174*  -49.41300920*  -49.40436343*  -49.40401194*  -49.39480603*  -49.37622436*  -49.37171473*  -49.37157100*  -49.37084978*  -49.36973650*  -49.36935827*  -49.36461667*  -49.35168177   -49.35164533*  -49.35016933   R: 4.1e-06* 1.0e-05* 2.4e-05* 1.9e-05* 2.4e-05* 3.0e-05* 3.6e-05* 6.5e-05* 3.4e-05* 4.0e-05* 5.8e-05* 5.9e-05* 3.1e-05* 2.1e-05* 8.5e-05  4.6e-05* 9.2e-05   LinDep: 1.0e-15* 
 Iter:   8 SS: 136  E:  -49.54061918*  -49.43902514*  -49.41311174*  -49.41300920*  -49.40436343*  -49.40401194*  -49.39480603*  -49.37622436*  -49.37171473*  -49.37157100*  -49.37084979*  -49.36973650*  -49.36935827*  -49.36461667*  -49.35168179*  -49.35164534*  -49.35016934*  R: 1.9e-06* 5.6e-06* 1.4e-05* 1.1e-05* 1.6e-05* 2.0e-05* 2.5e-05* 5.2e-05* 2.3e-05* 2.7e-05* 4.3e-05* 4.6e-05* 1.8e-05* 1.3e-05* 6.6e-05* 2.8e-05* 8.0e-05*  LinDep: 8.2e-15* 
 Diagonalization time:                             502.460157 seconds
 Compute <S^2>:                                      4.890490 seconds (9.12 M allocations: 3.538 GiB, 82.01% gc time)
  Root       Energy           S2
     1 -49.54061918   0.00112313
     2 -49.43902514   2.00133525
     3 -49.41311174   2.00149863
     4 -49.41300920   2.00137918
     5 -49.40436343   2.00103237
     6 -49.40401194   2.00107732
     7 -49.39480603   0.01382802
     8 -49.37622436   2.00160108
     9 -49.37171473   2.00212219
    10 -49.37157100   2.00206849
    11 -49.37084979   0.01219244
    12 -49.36973650   0.01094648
    13 -49.36935827   2.00169536
    14 -49.36461667   2.00203234
    15 -49.35168179   2.00180774
    16 -49.35164534   2.00181034
    17 -49.35016934   0.01391568
 ==================================================================|
 E(Reference):       -49.53933895 -49.43486807 -49.40862105 -49.40843771 -49.40060513 -49.40027219 -49.39000053 -49.37181623 -49.36782322 -49.36764758 -49.36648777 -49.36547759 -49.36541155 -49.36130905 -49.34797076 -49.34795018 -49.34261063 
 E(BST):             -49.54061918 -49.43902514 -49.41311174 -49.41300920 -49.40436343 -49.40401194 -49.39480603 -49.37622436 -49.37171473 -49.37157100 -49.37084979 -49.36973650 -49.36935827 -49.36461667 -49.35168179 -49.35164534 -49.35016934 

 Not converged E(Ref):             -49.53933895 -49.43486807 -49.40862105 -49.40843771 -49.40060513 -49.40027219 -49.39000053 -49.37181623 -49.36782322 -49.36764758 -49.36648777 -49.36547759 -49.36541155 -49.36130905 -49.34797076 -49.34795018 -49.34261063 
 Not converged E(BST):             -49.54061918 -49.43902514 -49.41311174 -49.41300920 -49.40436343 -49.40401194 -49.39480603 -49.37622436 -49.37171473 -49.37157100 -49.37084979 -49.36973650 -49.36935827 -49.36461667 -49.35168179 -49.35164534 -49.35016934 

 Energies per BST iteration:
   Projected Energies: 
   Iter:   1   -49.53931095 -49.43474127 -49.40847570 -49.40828431 -49.40048761 -49.40011917 -49.38977351 -49.37170167 -49.36768566 -49.36750734 -49.36633809 -49.36530270 -49.36530959 -49.36120260 -49.34785788 -49.34783505 -49.34222720 Dim:     15685
   Iter:   2   -49.53932207 -49.43478558 -49.40852655 -49.40834025 -49.40052494 -49.40018311 -49.38985337 -49.37174447 -49.36772958 -49.36755301 -49.36638875 -49.36537117 -49.36534422 -49.36123604 -49.34789819 -49.34787690 -49.34235877 Dim:     15685
   Iter:   3   -49.53933076 -49.43482891 -49.40857570 -49.40839015 -49.40056703 -49.40022667 -49.38992729 -49.37178160 -49.36777768 -49.36760155 -49.36643877 -49.36542485 -49.36538123 -49.36127370 -49.34793518 -49.34791396 -49.34248707 Dim:     15685
   Iter:   4   -49.53933895 -49.43486807 -49.40862105 -49.40843771 -49.40060513 -49.40027219 -49.39000053 -49.37181623 -49.36782322 -49.36764758 -49.36648777 -49.36547759 -49.36541155 -49.36130905 -49.34797076 -49.34795018 -49.34261063 Dim:     15685

   Variational Energies: 
   Iter:   1   -49.54059063 -49.43889173 -49.41295619 -49.41285049 -49.40423554 -49.40385575 -49.39456867 -49.37610209 -49.37156302 -49.37141744 -49.37067862 -49.36955871 -49.36923942 -49.36449897 -49.35154882 -49.35152039 -49.34977989 Dim:     74030
   Iter:   2   -49.54060030 -49.43893902 -49.41300936 -49.41290385 -49.40428128 -49.40390431 -49.39464718 -49.37614441 -49.37161480 -49.37146915 -49.37073147 -49.36961667 -49.36928244 -49.36453933 -49.35159037 -49.35156189 -49.34991084 Dim:     74030
   Iter:   3   -49.54060971 -49.43898161 -49.41305914 -49.41295604 -49.40432159 -49.40395299 -49.39472465 -49.37618368 -49.37166431 -49.37151961 -49.37078710 -49.36967713 -49.36931806 -49.36457750 -49.35163119 -49.35160354 -49.35003753 Dim:     74030
   Iter:   4   -49.54061918 -49.43902514 -49.41311174 -49.41300920 -49.40436343 -49.40401194 -49.39480603 -49.37622436 -49.37171473 -49.37157100 -49.37084979 -49.36973650 -49.36935827 -49.36461667 -49.35168179 -49.35164534 -49.35016934 Dim:     74446
 ─────────────────────────────────────────────────────────────────────────
                                 Time                    Allocations      
                        ───────────────────────   ────────────────────────
    Tot / % measured:        24.5h /  99.7%           48.6TiB /  99.6%    

 Section        ncalls     time    %tot     avg     alloc    %tot      avg
 ─────────────────────────────────────────────────────────────────────────
 FOIS                4    23.5h   96.3%   5.88h   46.6TiB   96.2%  11.6TiB
 CI big              4    2562s    2.9%    641s   1.58TiB    3.3%   403GiB
 compress            8     383s    0.4%   47.9s    142GiB    0.3%  17.7GiB
 add                 4     265s    0.3%   66.3s    106GiB    0.2%  26.6GiB
 S2                  4    5.83s    0.0%   1.46s   4.18GiB    0.0%  1.04GiB
 project             4    504ms    0.0%   126ms    315MiB    0.0%  78.8MiB
 s2 extension        4   6.41μs    0.0%  1.60μs     0.00B    0.0%    0.00B
 ─────────────────────────────────────────────────────────────────────────
 ==================================================================|
 max_iter         : 4
 nbody            : 4
 H0               : Hcmf
 thresh_var       : 0.009
 thresh_foi       : 8.999999999999999e-5
 thresh_pt        : 0.0045
 thresh_spin      : nothing
 ci_conv          : 8.0e-5
 ci_max_iter      : 50
 ci_max_ss_vecs   : 12
 ci_lindep_thresh : 1.0e-10
 resolve_ss       : false
 do_pt            : false
 tol_tucker       : 0.0001



 ===================================================================
     BST Iteration:    1 epsilon:   0.00900000
 ===================================================================
 Ref state compressed from:                             74446 → 15685      (thresh_var  =  9.0e-03)
 Compute zeroth-order energy:                       34.799554 seconds (76.75 M allocations: 35.470 GiB, 63.61% gc time)
 Compute <S^2>:                                      1.589521 seconds (5.16 M allocations: 1.044 GiB, 69.51% gc time)
  Root       Energy           S2
     1 -49.53934706   0.00151553
     2 -49.43490521   2.00114919
     3 -49.40866577   2.00131795
     4 -49.40848316   2.00119622
     5 -49.40064323   2.00098757
     6 -49.40031529   2.00100028
     7 -49.39007297   0.01573503
     8 -49.37184838   2.00125157
     9 -49.36786757   2.00141153
    10 -49.36768962   2.00124764
    11 -49.36653619   0.01309587
    12 -49.36552870   0.01187282
    13 -49.36544217   2.00125994
    14 -49.36134139   2.00121635
    15 -49.34800677   2.00120045
    16 -49.34798467   2.00118463
    17 -49.34273473   0.01624376

 In build_compressed_1st_order_state
 Setup threaded jobs:                                0.010473 seconds (44.43 k allocations: 3.320 MiB)
 Number of tasks:                                        4403
 Compute matrix-vector:                            24923.512906 seconds (445.40 M allocations: 14.502 TiB, 39.00% gc time, 0.32% compilation time)
 Now collect thread results :                        0.002149 seconds (8.83 k allocations: 726.281 KiB)
 Compressing final σ vector:
   Iter:    1    151046827 →    150156642
   Iter:    2    150156642 →    150057282
   Iter:    3    150057282 →    150056466
   Iter:    4    150056466 →    150056466
 Compute Compressed FOIS:                          26019.638610 seconds   1.64e+04 Gb
 Total time spent building FOIS:                   26019.638610 seconds
 FOIS compressed from:                              150056466 → 150056466  (thresh_foi  =  9.0e-05)

 Variational space increased from:                      15685 → 73940      (thresh_pt   =  4.5e-03)
 Add new space to variational space:               291.948566 seconds
 |== BST CI ========================================================
 Solve CI with # variables:                             73940
 Cache Hamiltonian:                                140.627449 seconds (59.65 M allocations: 75.351 GiB, 60.80% gc time)
 Iter:   1 SS: 17   E:  -49.54062556   -49.43902227   -49.41313394   -49.41304110   -49.40434959   -49.40398742   -49.39484948   -49.37625687   -49.37174177   -49.37159052   -49.37088903   -49.36977920   -49.36935036   -49.36461588   -49.35170753   -49.35167635   -49.35027145   R: 2.5e-03  2.9e-03  3.2e-03  3.1e-03  2.4e-03  3.6e-03  3.5e-03  3.0e-03  2.5e-03  3.0e-03  3.5e-03  2.7e-03  2.3e-03  2.5e-03  2.6e-03  2.6e-03  4.0e-03   LinDep: 8.4e-15* 
 Iter:   2 SS: 34   E:  -49.54062995   -49.43902977   -49.41314301   -49.41305003   -49.40435496   -49.40399962   -49.39486119   -49.37626543   -49.37174795   -49.37159957   -49.37090110   -49.36978606   -49.36935571   -49.36462220   -49.35171458   -49.35168331   -49.35028712   R: 5.3e-04  6.8e-04  7.9e-04  8.0e-04  6.1e-04  8.8e-04  9.5e-04  7.4e-04  6.6e-04  8.0e-04  9.2e-04  7.6e-04  6.7e-04  6.3e-04  7.0e-04  7.1e-04  1.2e-03   LinDep: 7.3e-15* 
 Iter:   3 SS: 51   E:  -49.54063020   -49.43903023   -49.41314365   -49.41305069   -49.40435536   -49.40400044   -49.39486211   -49.37626603   -49.37174842   -49.37160024   -49.37090202   -49.36978669   -49.36935620   -49.36462262   -49.35171512   -49.35168386   -49.35028851   R: 1.6e-04  2.2e-04  2.9e-04  2.8e-04  2.2e-04  3.0e-04  3.4e-04  2.6e-04  2.4e-04  3.0e-04  3.3e-04  2.8e-04  2.6e-04  2.3e-04  2.6e-04  2.7e-04  4.0e-04   LinDep: 4.0e-15* 
 Iter:   4 SS: 68   E:  -49.54063022*  -49.43903028   -49.41314374   -49.41305078   -49.40435542   -49.40400055   -49.39486224   -49.37626611   -49.37174849   -49.37160034   -49.37090215   -49.36978679   -49.36935628   -49.36462269   -49.35171521   -49.35168395   -49.35028869   R: 5.6e-05* 1.0e-04  1.4e-04  1.4e-04  1.1e-04  1.4e-04  1.7e-04  1.2e-04  1.3e-04  1.6e-04  1.7e-04  1.5e-04  1.3e-04  1.2e-04  1.4e-04  1.4e-04  1.8e-04   LinDep: 1.7e-15* 
 Iter:   5 SS: 85   E:  -49.54063023*  -49.43903029*  -49.41314376   -49.41305081   -49.40435544*  -49.40400058   -49.39486228   -49.37626613*  -49.37174851   -49.37160038   -49.37090219   -49.36978682   -49.36935630   -49.36462271*  -49.35171524   -49.35168397   -49.35028874   R: 2.8e-05* 5.9e-05* 8.6e-05  9.2e-05  7.4e-05* 9.2e-05  1.1e-04  7.6e-05* 8.5e-05  1.0e-04  1.2e-04  1.1e-04  8.8e-05  7.8e-05* 1.0e-04  9.4e-05  1.1e-04   LinDep: 5.6e-15* 
 Iter:   6 SS: 102  E:  -49.54063023*  -49.43903030*  -49.41314377*  -49.41305082*  -49.40435544*  -49.40400059*  -49.39486230   -49.37626614*  -49.37174852*  -49.37160039*  -49.37090222   -49.36978684   -49.36935631*  -49.36462272*  -49.35171526   -49.35168399*  -49.35028875*  R: 1.5e-05* 3.5e-05* 5.7e-05* 6.6e-05* 5.6e-05* 6.6e-05* 8.1e-05  5.7e-05* 6.2e-05* 7.2e-05* 9.6e-05  8.4e-05  6.4e-05* 5.1e-05* 8.1e-05  7.0e-05* 7.2e-05*  LinDep: 1.8e-15* 
 Iter:   7 SS: 119  E:  -49.54063023*  -49.43903030*  -49.41314378*  -49.41305083*  -49.40435545*  -49.40400059*  -49.39486231*  -49.37626614*  -49.37174853*  -49.37160040*  -49.37090223*  -49.36978685*  -49.36935632*  -49.36462272*  -49.35171527*  -49.35168400*  -49.35028876*  R: 8.4e-06* 2.2e-05* 4.0e-05* 4.6e-05* 3.9e-05* 4.6e-05* 6.2e-05* 5.4e-05* 4.6e-05* 5.5e-05* 7.5e-05* 6.9e-05* 4.9e-05* 3.5e-05* 6.5e-05* 6.0e-05* 5.5e-05*  LinDep: 5.1e-15* 
 Diagonalization time:                             431.618081 seconds
 Compute <S^2>:                                      4.488162 seconds (8.84 M allocations: 3.505 GiB, 80.71% gc time)
  Root       Energy           S2
     1 -49.54063023   0.00110139
     2 -49.43903030   2.00136040
     3 -49.41314378   2.00151519
     4 -49.41305083   2.00140218
     5 -49.40435545   2.00107457
     6 -49.40400059   2.00112094
     7 -49.39486231   0.01374718
     8 -49.37626614   2.00157827
     9 -49.37174853   2.00214220
    10 -49.37160040   2.00206605
    11 -49.37090223   0.01209870
    12 -49.36978685   0.01094142
    13 -49.36935632   2.00171172
    14 -49.36462272   2.00204836
    15 -49.35171527   2.00179534
    16 -49.35168400   2.00180460
    17 -49.35028876   0.01373916
 ==================================================================|
 E(Reference):       -49.53934706 -49.43490521 -49.40866577 -49.40848316 -49.40064323 -49.40031529 -49.39007297 -49.37184838 -49.36786757 -49.36768962 -49.36653619 -49.36552870 -49.36544217 -49.36134139 -49.34800677 -49.34798467 -49.34273473 
 E(BST):             -49.54063023 -49.43903030 -49.41314378 -49.41305083 -49.40435545 -49.40400059 -49.39486231 -49.37626614 -49.37174853 -49.37160040 -49.37090223 -49.36978685 -49.36935632 -49.36462272 -49.35171527 -49.35168400 -49.35028876 




 ===================================================================
     BST Iteration:    2 epsilon:   0.00900000
 ===================================================================
 Ref state compressed from:                             73940 → 15685      (thresh_var  =  9.0e-03)
 Compute zeroth-order energy:                       38.210954 seconds (76.75 M allocations: 35.531 GiB, 64.39% gc time)
 Compute <S^2>:                                      1.133668 seconds (5.16 M allocations: 1.044 GiB, 58.17% gc time)
  Root       Energy           S2
     1 -49.53935384   0.00150394
     2 -49.43494854   2.00114308
     3 -49.40870931   2.00132007
     4 -49.40852654   2.00119663
     5 -49.40068359   2.00098066
     6 -49.40036120   2.00098971
     7 -49.39014706   0.01564363
     8 -49.37188673   2.00124877
     9 -49.36791788   2.00140534
    10 -49.36774122   2.00123870
    11 -49.36658092   0.01305725
    12 -49.36557193   0.01189450
    13 -49.36547322   2.00124672
    14 -49.36138314   2.00120748
    15 -49.34804345   2.00119882
    16 -49.34802103   2.00118000
    17 -49.34285865   0.01612081

 In build_compressed_1st_order_state
 Setup threaded jobs:                                0.012022 seconds (44.43 k allocations: 3.320 MiB)
 Number of tasks:                                        4403
 Compute matrix-vector:                            26734.877326 seconds (443.08 M allocations: 14.491 TiB, 40.77% gc time)
 Now collect thread results :                        0.002344 seconds (8.83 k allocations: 726.281 KiB)
 Compressing final σ vector:
   Iter:    1    150957833 →    150015062
   Iter:    2    150015062 →    149981566
   Iter:    3    149981566 →    149981450
   Iter:    4    149981450 →    149981450
 Compute Compressed FOIS:                          27922.497870 seconds   1.63e+04 Gb
 Total time spent building FOIS:                   27922.497870 seconds
 FOIS compressed from:                              149981450 → 149981450  (thresh_foi  =  9.0e-05)

 Variational space increased from:                      15685 → 73940      (thresh_pt   =  4.5e-03)
 Add new space to variational space:               304.507366 seconds
 |== BST CI ========================================================
 Solve CI with # variables:                             73940
 Cache Hamiltonian:                                142.114159 seconds (59.66 M allocations: 74.657 GiB, 61.93% gc time)
 Iter:   1 SS: 17   E:  -49.54063879   -49.43906845   -49.41318997   -49.41309955   -49.40439237   -49.40404208   -49.39493360   -49.37630187   -49.37179403   -49.37164700   -49.37095394   -49.36984432   -49.36938899   -49.36465804   -49.35175291   -49.35172235   -49.35040791   R: 1.4e-04  2.4e-04  2.6e-04  2.8e-04  2.7e-04  2.9e-04  3.3e-04  2.8e-04  2.8e-04  2.9e-04  2.9e-04  2.8e-04  2.5e-04  2.6e-04  2.9e-04  2.7e-04  3.9e-04   LinDep: 7.0e-15* 
 Iter:   2 SS: 34   E:  -49.54063881*  -49.43906852   -49.41319006   -49.41309965   -49.40439246   -49.40404218   -49.39493374   -49.37630196   -49.37179414   -49.37164711   -49.37095405   -49.36984443   -49.36938908   -49.36465813   -49.35175302   -49.35172246   -49.35040810   R: 4.8e-05* 1.0e-04  1.2e-04  1.2e-04  1.1e-04  1.2e-04  1.5e-04  1.1e-04  1.4e-04  1.4e-04  1.6e-04  1.6e-04  1.3e-04  1.2e-04  1.5e-04  1.4e-04  1.8e-04   LinDep: 4.0e-15* 
 Iter:   3 SS: 51   E:  -49.54063881*  -49.43906854*  -49.41319008   -49.41309967   -49.40439248   -49.40404220   -49.39493378   -49.37630198   -49.37179417   -49.37164715   -49.37095409   -49.36984448   -49.36938911   -49.36465816   -49.35175306   -49.35172249   -49.35040815   R: 2.7e-05* 6.7e-05* 9.1e-05  9.4e-05  8.2e-05  9.1e-05  1.2e-04  9.3e-05  1.1e-04  1.2e-04  1.3e-04  1.5e-04  1.1e-04  9.6e-05  1.3e-04  1.2e-04  1.2e-04   LinDep: 9.8e-15* 
 Iter:   4 SS: 68   E:  -49.54063881*  -49.43906855*  -49.41319009*  -49.41309968*  -49.40439249*  -49.40404221*  -49.39493380   -49.37630199   -49.37179419   -49.37164717   -49.37095412   -49.36984452   -49.36938913   -49.36465817*  -49.35175309   -49.35172252   -49.35040817   R: 1.8e-05* 4.3e-05* 6.7e-05* 7.2e-05* 6.4e-05* 7.1e-05* 9.2e-05  8.7e-05  9.1e-05  9.7e-05  1.2e-04  1.3e-04  8.9e-05  7.2e-05* 1.3e-04  1.2e-04  1.0e-04   LinDep: 8.9e-16* 
 Iter:   5 SS: 85   E:  -49.54063881*  -49.43906855*  -49.41319010*  -49.41309969*  -49.40439249*  -49.40404222*  -49.39493381*  -49.37630201*  -49.37179420*  -49.37164718*  -49.37095414*  -49.36984454   -49.36938914*  -49.36465818*  -49.35175312   -49.35172254   -49.35040819*  R: 9.1e-06* 2.3e-05* 3.9e-05* 4.2e-05* 4.1e-05* 4.6e-05* 5.6e-05* 7.2e-05* 5.7e-05* 6.2e-05* 7.8e-05* 8.4e-05  5.4e-05* 4.3e-05* 8.8e-05  8.3e-05  7.2e-05*  LinDep: 3.3e-15* 
 Iter:   6 SS: 102  E:  -49.54063881*  -49.43906855*  -49.41319010*  -49.41309969*  -49.40439250*  -49.40404222*  -49.39493382*  -49.37630202*  -49.37179420*  -49.37164719*  -49.37095415*  -49.36984455*  -49.36938914*  -49.36465818*  -49.35175313*  -49.35172255*  -49.35040820*  R: 4.2e-06* 1.2e-05* 2.2e-05* 2.3e-05* 2.6e-05* 3.0e-05* 3.7e-05* 6.5e-05* 3.6e-05* 4.1e-05* 5.8e-05* 6.4e-05* 3.4e-05* 2.5e-05* 5.6e-05* 5.3e-05* 5.7e-05*  LinDep: 1.4e-14* 
 Diagonalization time:                             371.396428 seconds
 Compute <S^2>:                                      4.590455 seconds (8.84 M allocations: 3.505 GiB, 81.02% gc time)
  Root       Energy           S2
     1 -49.54063881   0.00108725
     2 -49.43906855   2.00135296
     3 -49.41319010   2.00150769
     4 -49.41309969   2.00139770
     5 -49.40439250   2.00106869
     6 -49.40404222   2.00111541
     7 -49.39493382   0.01362221
     8 -49.37630202   2.00157287
     9 -49.37179420   2.00213391
    10 -49.37164719   2.00205863
    11 -49.37095415   0.01204402
    12 -49.36984455   0.01089268
    13 -49.36938914   2.00170630
    14 -49.36465818   2.00204205
    15 -49.35175313   2.00179042
    16 -49.35172255   2.00179993
    17 -49.35040820   0.01362328
 ==================================================================|
 E(Reference):       -49.53935384 -49.43494854 -49.40870931 -49.40852654 -49.40068359 -49.40036120 -49.39014706 -49.37188673 -49.36791788 -49.36774122 -49.36658092 -49.36557193 -49.36547322 -49.36138314 -49.34804345 -49.34802103 -49.34285865 
 E(BST):             -49.54063881 -49.43906855 -49.41319010 -49.41309969 -49.40439250 -49.40404222 -49.39493382 -49.37630202 -49.37179420 -49.37164719 -49.37095415 -49.36984455 -49.36938914 -49.36465818 -49.35175313 -49.35172255 -49.35040820 




 ===================================================================
     BST Iteration:    3 epsilon:   0.00900000
 ===================================================================
 Ref state compressed from:                             73940 → 15555      (thresh_var  =  9.0e-03)
 Compute zeroth-order energy:                       36.984254 seconds (76.85 M allocations: 35.462 GiB, 63.57% gc time)
 Compute <S^2>:                                      1.633884 seconds (5.16 M allocations: 1.040 GiB, 70.08% gc time)
  Root       Energy           S2
     1 -49.53936423   0.00148801
     2 -49.43498209   2.00113121
     3 -49.40874645   2.00131405
     4 -49.40857733   2.00119341
     5 -49.40071373   2.00097167
     6 -49.40040004   2.00098219
     7 -49.39021654   0.01551295
     8 -49.37191915   2.00123854
     9 -49.36795857   2.00139375
    10 -49.36778143   2.00122987
    11 -49.36663976   0.01300824
    12 -49.36567186   0.01185876
    13 -49.36549850   2.00123396
    14 -49.36141010   2.00120028
    15 -49.34807309   2.00118676
    16 -49.34804763   2.00117385
    17 -49.34296697   0.01596817

 In build_compressed_1st_order_state
 Setup threaded jobs:                                0.010666 seconds (44.43 k allocations: 3.320 MiB)
 Number of tasks:                                        4403
 Compute matrix-vector:                            26593.960793 seconds (443.04 M allocations: 14.294 TiB, 41.66% gc time)
 Now collect thread results :                        0.002056 seconds (8.83 k allocations: 726.281 KiB)
 Compressing final σ vector:
   Iter:    1    150982624 →    149968298
   Iter:    2    149968298 →    149962890
   Iter:    3    149962890 →    149962774
   Iter:    4    149962774 →    149962774
 Compute Compressed FOIS:                          27782.066167 seconds   1.61e+04 Gb
 Total time spent building FOIS:                   27782.066167 seconds
 FOIS compressed from:                              149962774 → 149962774  (thresh_foi  =  9.0e-05)

 Variational space increased from:                      15555 → 73940      (thresh_pt   =  4.5e-03)
 Add new space to variational space:               305.622321 seconds
 |== BST CI ========================================================
 Solve CI with # variables:                             73940
 Cache Hamiltonian:                                156.220488 seconds (59.68 M allocations: 74.621 GiB, 55.61% gc time)
 Iter:   1 SS: 17   E:  -49.54064690   -49.43910594   -49.41323440   -49.41314618   -49.40442931   -49.40408424   -49.39500291   -49.37633713   -49.37183836   -49.37169283   -49.37100487   -49.36989931   -49.36942186   -49.36469275   -49.35179038   -49.35175994   -49.35052655   R: 1.5e-04  2.8e-04  2.7e-04  2.8e-04  2.5e-04  2.9e-04  3.4e-04  2.9e-04  2.6e-04  3.7e-04  3.3e-04  2.8e-04  2.5e-04  3.1e-04  2.4e-04  2.6e-04  3.9e-04   LinDep: 8.0e-15* 
 Iter:   2 SS: 34   E:  -49.54064692*  -49.43910603   -49.41323448   -49.41314628   -49.40442939   -49.40408434   -49.39500306   -49.37633722   -49.37183845   -49.37169303   -49.37100501   -49.36989941   -49.36942194   -49.36469288   -49.35179046   -49.35176003   -49.35052675   R: 4.7e-05* 1.0e-04  1.1e-04  1.1e-04  1.0e-04  1.2e-04  1.4e-04  1.1e-04  1.2e-04  1.6e-04  1.5e-04  1.3e-04  1.2e-04  1.3e-04  1.2e-04  1.2e-04  1.7e-04   LinDep: 7.0e-15* 
 Iter:   3 SS: 51   E:  -49.54064692*  -49.43910604*  -49.41323450   -49.41314630   -49.40442941*  -49.40408436   -49.39500309   -49.37633724*  -49.37183848   -49.37169306   -49.37100504   -49.36989945   -49.36942196   -49.36469291   -49.35179049   -49.35176005   -49.35052679   R: 2.5e-05* 6.4e-05* 8.1e-05  8.2e-05  7.4e-05* 8.2e-05  1.1e-04  7.7e-05* 1.0e-04  1.0e-04  1.1e-04  1.3e-04  9.3e-05  8.7e-05  1.1e-04  1.0e-04  1.2e-04   LinDep: 3.0e-15* 
 Iter:   4 SS: 68   E:  -49.54064692*  -49.43910605*  -49.41323452*  -49.41314631*  -49.40442942*  -49.40408438*  -49.39500311   -49.37633725*  -49.37183849   -49.37169308   -49.37100506   -49.36989947   -49.36942198*  -49.36469292*  -49.35179051   -49.35176008   -49.35052681   R: 1.6e-05* 3.9e-05* 5.8e-05* 6.0e-05* 5.9e-05* 6.3e-05* 8.2e-05  7.9e-05* 8.2e-05  8.8e-05  1.0e-04  1.2e-04  7.4e-05* 6.6e-05* 1.1e-04  1.0e-04  1.1e-04   LinDep: 1.0e-14* 
 Iter:   5 SS: 85   E:  -49.54064692*  -49.43910605*  -49.41323452*  -49.41314631*  -49.40442942*  -49.40408438*  -49.39500311*  -49.37633726*  -49.37183850*  -49.37169309*  -49.37100508   -49.36989950   -49.36942198*  -49.36469293*  -49.35179053   -49.35176009*  -49.35052683   R: 8.6e-06* 2.2e-05* 3.6e-05* 3.7e-05* 4.0e-05* 4.5e-05* 5.2e-05* 7.9e-05* 5.4e-05* 6.6e-05* 8.2e-05  8.5e-05  5.1e-05* 4.5e-05* 8.1e-05  7.7e-05* 8.9e-05   LinDep: 4.7e-15* 
 Iter:   6 SS: 102  E:  -49.54064692*  -49.43910605*  -49.41323452*  -49.41314631*  -49.40442942*  -49.40408438*  -49.39500312*  -49.37633727*  -49.37183851*  -49.37169310*  -49.37100509*  -49.36989951*  -49.36942199*  -49.36469293*  -49.35179054*  -49.35176010*  -49.35052685*  R: 3.9e-06* 1.2e-05* 2.0e-05* 2.0e-05* 2.4e-05* 2.7e-05* 3.3e-05* 6.9e-05* 3.3e-05* 3.9e-05* 5.2e-05* 5.9e-05* 3.1e-05* 2.6e-05* 4.9e-05* 4.6e-05* 6.7e-05*  LinDep: 2.3e-15* 
 Diagonalization time:                             373.582470 seconds
 Compute <S^2>:                                      4.605389 seconds (8.84 M allocations: 3.505 GiB, 81.60% gc time)
  Root       Energy           S2
     1 -49.54064692   0.00107317
     2 -49.43910605   2.00134597
     3 -49.41323452   2.00150070
     4 -49.41314631   2.00139206
     5 -49.40442942   2.00106299
     6 -49.40408438   2.00110956
     7 -49.39500312   0.01350065
     8 -49.37633727   2.00156619
     9 -49.37183851   2.00212596
    10 -49.37169310   2.00205048
    11 -49.37100509   0.01198305
    12 -49.36989951   0.01084457
    13 -49.36942199   2.00169895
    14 -49.36469293   2.00203495
    15 -49.35179054   2.00178418
    16 -49.35176010   2.00179312
    17 -49.35052685   0.01351648
 ==================================================================|
 E(Reference):       -49.53936423 -49.43498209 -49.40874645 -49.40857733 -49.40071373 -49.40040004 -49.39021654 -49.37191915 -49.36795857 -49.36778143 -49.36663976 -49.36567186 -49.36549850 -49.36141010 -49.34807309 -49.34804763 -49.34296697 
 E(BST):             -49.54064692 -49.43910605 -49.41323452 -49.41314631 -49.40442942 -49.40408438 -49.39500312 -49.37633727 -49.37183851 -49.37169310 -49.37100509 -49.36989951 -49.36942199 -49.36469293 -49.35179054 -49.35176010 -49.35052685 




 ===================================================================
     BST Iteration:    4 epsilon:   0.00900000
 ===================================================================
 Ref state compressed from:                             73940 → 15555      (thresh_var  =  9.0e-03)
 Compute zeroth-order energy:                       36.250973 seconds (76.76 M allocations: 35.817 GiB, 64.70% gc time)
 Compute <S^2>:                                      1.913128 seconds (5.16 M allocations: 1.039 GiB, 75.07% gc time)
  Root       Energy           S2
     1 -49.53937147   0.00147373
     2 -49.43501671   2.00112651
     3 -49.40878725   2.00130850
     4 -49.40862039   2.00118916
     5 -49.40074836   2.00096579
     6 -49.40043940   2.00097572
     7 -49.39028260   0.01539147
     8 -49.37194997   2.00123253
     9 -49.36799967   2.00138547
    10 -49.36782269   2.00122281
    11 -49.36668600   0.01295080
    12 -49.36571876   0.01181323
    13 -49.36552674   2.00122691
    14 -49.36144177   2.00119436
    15 -49.34810539   2.00117947
    16 -49.34808059   2.00116727
    17 -49.34308224   0.01586164

 In build_compressed_1st_order_state
 Setup threaded jobs:                                0.010687 seconds (44.43 k allocations: 3.320 MiB)
 Number of tasks:                                        4403
 Compute matrix-vector:                            25896.244040 seconds (443.05 M allocations: 14.307 TiB, 42.24% gc time)
 Now collect thread results :                        0.002281 seconds (8.83 k allocations: 726.281 KiB)
 Compressing final σ vector:
   Iter:    1    151286202 →    149952186
   Iter:    2    149952186 →    149943854
   Iter:    3    149943854 →    149943594
   Iter:    4    149943594 →    149943586
   Iter:    5    149943586 →    149943586
 Compute Compressed FOIS:                          27386.733837 seconds   1.63e+04 Gb
 Total time spent building FOIS:                   27386.733837 seconds
 FOIS compressed from:                              149943586 → 149943586  (thresh_foi  =  9.0e-05)

 Variational space increased from:                      15555 → 73940      (thresh_pt   =  4.5e-03)
 Add new space to variational space:               306.256740 seconds
 |== BST CI ========================================================
 Solve CI with # variables:                             73940
 Cache Hamiltonian:                                151.134198 seconds (59.68 M allocations: 74.404 GiB, 58.87% gc time)
 Iter:   1 SS: 17   E:  -49.54065474   -49.43914244   -49.41327796   -49.41319184   -49.40446529   -49.40412558   -49.39507053   -49.37637146   -49.37188180   -49.37173724   -49.37105449   -49.36995325   -49.36945420   -49.36472636   -49.35182654   -49.35179637   -49.35064081   R: 8.5e-05  1.8e-04  1.8e-04  1.8e-04  1.7e-04  1.9e-04  2.2e-04  1.7e-04  1.8e-04  2.1e-04  2.0e-04  2.0e-04  1.8e-04  1.8e-04  1.8e-04  1.8e-04  2.7e-04   LinDep: 8.9e-15* 
 Iter:   2 SS: 34   E:  -49.54065474*  -49.43914248   -49.41327801   -49.41319189   -49.40446534   -49.40412564   -49.39507060   -49.37637150   -49.37188185   -49.37173731   -49.37105455   -49.36995331   -49.36945425   -49.36472641   -49.35182659   -49.35179642   -49.35064091   R: 3.7e-05* 8.8e-05  1.0e-04  9.9e-05  8.9e-05  9.9e-05  1.3e-04  8.9e-05  1.1e-04  1.2e-04  1.2e-04  1.3e-04  1.1e-04  1.0e-04  1.2e-04  1.1e-04  1.5e-04   LinDep: 8.0e-15* 
 Iter:   3 SS: 51   E:  -49.54065475*  -49.43914249*  -49.41327803*  -49.41319191*  -49.40446535*  -49.40412565*  -49.39507063   -49.37637151*  -49.37188187   -49.37173733   -49.37105458   -49.36995333   -49.36945428   -49.36472642   -49.35182661   -49.35179644   -49.35064094   R: 2.2e-05* 5.8e-05* 7.6e-05* 7.7e-05* 7.0e-05* 7.8e-05* 1.0e-04  7.1e-05* 9.8e-05  1.0e-04  1.1e-04  1.2e-04  9.3e-05  8.3e-05  1.1e-04  1.0e-04  1.1e-04   LinDep: 1.1e-15* 
 Iter:   4 SS: 68   E:  -49.54065475*  -49.43914250*  -49.41327803*  -49.41319192*  -49.40446536*  -49.40412566*  -49.39507065*  -49.37637152*  -49.37188189*  -49.37173735   -49.37105460   -49.36995336   -49.36945429*  -49.36472644*  -49.35182663   -49.35179646   -49.35064097   R: 1.3e-05* 3.5e-05* 5.3e-05* 5.5e-05* 5.4e-05* 6.0e-05* 7.1e-05* 7.7e-05* 7.4e-05* 8.2e-05  9.2e-05  1.1e-04  6.9e-05* 6.1e-05* 9.7e-05  9.3e-05  1.0e-04   LinDep: 7.2e-15* 
 Iter:   5 SS: 85   E:  -49.54065475*  -49.43914250*  -49.41327804*  -49.41319192*  -49.40446536*  -49.40412567*  -49.39507065*  -49.37637153*  -49.37188189*  -49.37173735*  -49.37105461*  -49.36995338*  -49.36945429*  -49.36472644*  -49.35182665*  -49.35179647*  -49.35064098*  R: 6.5e-06* 1.9e-05* 3.2e-05* 3.3e-05* 3.4e-05* 3.8e-05* 4.5e-05* 6.9e-05* 4.8e-05* 5.3e-05* 6.4e-05* 7.4e-05* 4.5e-05* 3.7e-05* 6.8e-05* 6.6e-05* 7.9e-05*  LinDep: 2.7e-15* 
 Diagonalization time:                             310.444570 seconds
 Compute <S^2>:                                      4.415691 seconds (8.84 M allocations: 3.504 GiB, 80.03% gc time)
  Root       Energy           S2
     1 -49.54065475   0.00105976
     2 -49.43914250   2.00133885
     3 -49.41327804   2.00149389
     4 -49.41319192   2.00138682
     5 -49.40446536   2.00105740
     6 -49.40412567   2.00110376
     7 -49.39507065   0.01337992
     8 -49.37637153   2.00155954
     9 -49.37188189   2.00211710
    10 -49.37173735   2.00204265
    11 -49.37105461   0.01191574
    12 -49.36995338   0.01078779
    13 -49.36945429   2.00169202
    14 -49.36472644   2.00202828
    15 -49.35182665   2.00177814
    16 -49.35179647   2.00178702
    17 -49.35064098   0.01340497
 ==================================================================|
 E(Reference):       -49.53937147 -49.43501671 -49.40878725 -49.40862039 -49.40074836 -49.40043940 -49.39028260 -49.37194997 -49.36799967 -49.36782269 -49.36668600 -49.36571876 -49.36552674 -49.36144177 -49.34810539 -49.34808059 -49.34308224 
 E(BST):             -49.54065475 -49.43914250 -49.41327804 -49.41319192 -49.40446536 -49.40412567 -49.39507065 -49.37637153 -49.37188189 -49.37173735 -49.37105461 -49.36995338 -49.36945429 -49.36472644 -49.35182665 -49.35179647 -49.35064098 

 Not converged E(Ref):             -49.53937147 -49.43501671 -49.40878725 -49.40862039 -49.40074836 -49.40043940 -49.39028260 -49.37194997 -49.36799967 -49.36782269 -49.36668600 -49.36571876 -49.36552674 -49.36144177 -49.34810539 -49.34808059 -49.34308224 
 Not converged E(BST):             -49.54065475 -49.43914250 -49.41327804 -49.41319192 -49.40446536 -49.40412567 -49.39507065 -49.37637153 -49.37188189 -49.37173735 -49.37105461 -49.36995338 -49.36945429 -49.36472644 -49.35182665 -49.35179647 -49.35064098 

 Energies per BST iteration:
   Projected Energies: 
   Iter:   1   -49.53934706 -49.43490521 -49.40866577 -49.40848316 -49.40064323 -49.40031529 -49.39007297 -49.37184838 -49.36786757 -49.36768962 -49.36653619 -49.36552870 -49.36544217 -49.36134139 -49.34800677 -49.34798467 -49.34273473 Dim:     15685
   Iter:   2   -49.53935384 -49.43494854 -49.40870931 -49.40852654 -49.40068359 -49.40036120 -49.39014706 -49.37188673 -49.36791788 -49.36774122 -49.36658092 -49.36557193 -49.36547322 -49.36138314 -49.34804345 -49.34802103 -49.34285865 Dim:     15685
   Iter:   3   -49.53936423 -49.43498209 -49.40874645 -49.40857733 -49.40071373 -49.40040004 -49.39021654 -49.37191915 -49.36795857 -49.36778143 -49.36663976 -49.36567186 -49.36549850 -49.36141010 -49.34807309 -49.34804763 -49.34296697 Dim:     15555
   Iter:   4   -49.53937147 -49.43501671 -49.40878725 -49.40862039 -49.40074836 -49.40043940 -49.39028260 -49.37194997 -49.36799967 -49.36782269 -49.36668600 -49.36571876 -49.36552674 -49.36144177 -49.34810539 -49.34808059 -49.34308224 Dim:     15555

   Variational Energies: 
   Iter:   1   -49.54063023 -49.43903030 -49.41314378 -49.41305083 -49.40435545 -49.40400059 -49.39486231 -49.37626614 -49.37174853 -49.37160040 -49.37090223 -49.36978685 -49.36935632 -49.36462272 -49.35171527 -49.35168400 -49.35028876 Dim:     73940
   Iter:   2   -49.54063881 -49.43906855 -49.41319010 -49.41309969 -49.40439250 -49.40404222 -49.39493382 -49.37630202 -49.37179420 -49.37164719 -49.37095415 -49.36984455 -49.36938914 -49.36465818 -49.35175313 -49.35172255 -49.35040820 Dim:     73940
   Iter:   3   -49.54064692 -49.43910605 -49.41323452 -49.41314631 -49.40442942 -49.40408438 -49.39500312 -49.37633727 -49.37183851 -49.37169310 -49.37100509 -49.36989951 -49.36942199 -49.36469293 -49.35179054 -49.35176010 -49.35052685 Dim:     73940
   Iter:   4   -49.54065475 -49.43914250 -49.41327804 -49.41319192 -49.40446536 -49.40412567 -49.39507065 -49.37637153 -49.37188189 -49.37173735 -49.37105461 -49.36995338 -49.36945429 -49.36472644 -49.35182665 -49.35179647 -49.35064098 Dim:     73940
 ─────────────────────────────────────────────────────────────────────────
                                 Time                    Allocations      
                        ───────────────────────   ────────────────────────
    Tot / % measured:        31.6h /  99.8%           61.4TiB /  99.6%    

 Section        ncalls     time    %tot     avg     alloc    %tot      avg
 ─────────────────────────────────────────────────────────────────────────
 FOIS                4    30.3h   96.1%   7.58h   59.2TiB   96.7%  14.8TiB
 CI big              4    2101s    1.8%    525s   1.24TiB    2.0%   318GiB
 compress            8    1464s    1.3%    183s    483GiB    0.8%  60.3GiB
 add                 4     893s    0.8%    223s    294GiB    0.5%  73.6GiB
 S2                  4    6.27s    0.0%   1.57s   4.17GiB    0.0%  1.04GiB
 project             4    484ms    0.0%   121ms    313MiB    0.0%  78.3MiB
 s2 extension        4   8.45μs    0.0%  2.11μs     0.00B    0.0%    0.00B
 ─────────────────────────────────────────────────────────────────────────
 ==================================================================|
 max_iter         : 4
 nbody            : 4
 H0               : Hcmf
 thresh_var       : 0.009
 thresh_foi       : 8.999999999999999e-5
 thresh_pt        : 0.0045
 thresh_spin      : nothing
 ci_conv          : 8.0e-5
 ci_max_iter      : 50
 ci_max_ss_vecs   : 12
 ci_lindep_thresh : 1.0e-10
 resolve_ss       : false
 do_pt            : false
 tol_tucker       : 5.0e-5



 ===================================================================
     BST Iteration:    1 epsilon:   0.00900000
 ===================================================================
 Ref state compressed from:                             73940 → 15559      (thresh_var  =  9.0e-03)
 Compute zeroth-order energy:                       37.444876 seconds (79.28 M allocations: 36.102 GiB, 63.93% gc time)
 Compute <S^2>:                                      1.046230 seconds (5.20 M allocations: 1.042 GiB, 53.89% gc time)
  Root       Energy           S2
     1 -49.53937871   0.00145995
     2 -49.43505264   2.00112112
     3 -49.40882727   2.00130342
     4 -49.40866239   2.00118501
     5 -49.40078814   2.00095981
     6 -49.40047931   2.00096918
     7 -49.39034721   0.01526985
     8 -49.37198043   2.00122651
     9 -49.36804226   2.00137594
    10 -49.36786491   2.00121543
    11 -49.36673959   0.01290879
    12 -49.36576515   0.01176201
    13 -49.36555613   2.00121970
    14 -49.36147290   2.00118785
    15 -49.34813919   2.00117265
    16 -49.34811329   2.00116050
    17 -49.34320995   0.01579249

 In build_compressed_1st_order_state
 Setup threaded jobs:                                0.012253 seconds (45.58 k allocations: 3.390 MiB)
 Number of tasks:                                        4443
 Compute matrix-vector:                            26141.793620 seconds (450.36 M allocations: 14.330 TiB, 37.10% gc time, 0.02% compilation time)
 Now collect thread results :                        0.001988 seconds (8.91 k allocations: 728.781 KiB)
 Compressing final σ vector:
   Iter:    1    151688628 →    150357448
   Iter:    2    150357448 →    150348572
   Iter:    3    150348572 →    150348312
   Iter:    4    150348312 →    150348304
   Iter:    5    150348304 →    150348304
 Compute Compressed FOIS:                          27519.563088 seconds   1.63e+04 Gb
 Total time spent building FOIS:                   27519.563088 seconds
 FOIS compressed from:                              150348304 → 150348304  (thresh_foi  =  9.0e-05)

 Variational space increased from:                      15559 → 73940      (thresh_pt   =  4.5e-03)
 Add new space to variational space:               313.525955 seconds
 |== BST CI ========================================================
 Solve CI with # variables:                             73940
 Cache Hamiltonian:                                140.465714 seconds (59.72 M allocations: 75.592 GiB, 62.50% gc time)
 Iter:   1 SS: 17   E:  -49.54066229   -49.43917780   -49.41332042   -49.41323594   -49.40450037   -49.40416558   -49.39513627   -49.37640488   -49.37192406   -49.37178022   -49.37110269   -49.37000608   -49.36948571   -49.36475895   -49.35186175   -49.35183183   -49.35075255   R: 8.1e-05  1.7e-04  1.7e-04  1.7e-04  1.6e-04  1.9e-04  2.2e-04  1.7e-04  1.8e-04  1.9e-04  1.9e-04  2.0e-04  1.8e-04  1.6e-04  1.8e-04  1.8e-04  2.6e-04   LinDep: 4.0e-15* 
 Iter:   2 SS: 34   E:  -49.54066230*  -49.43917784   -49.41332046   -49.41323598   -49.40450041   -49.40416563   -49.39513635   -49.37640492   -49.37192412   -49.37178028   -49.37110274   -49.37000614   -49.36948576   -49.36475900   -49.35186180   -49.35183188   -49.35075265   R: 3.5e-05* 8.5e-05  9.9e-05  9.7e-05  8.8e-05  9.7e-05  1.3e-04  8.8e-05  1.1e-04  1.1e-04  1.2e-04  1.3e-04  1.1e-04  9.8e-05  1.2e-04  1.1e-04  1.4e-04   LinDep: 5.3e-15* 
 Iter:   3 SS: 51   E:  -49.54066230*  -49.43917786*  -49.41332048   -49.41323600   -49.40450043   -49.40416564   -49.39513637   -49.37640493   -49.37192414   -49.37178030   -49.37110277   -49.37000616   -49.36948578   -49.36475902   -49.35186183   -49.35183190   -49.35075268   R: 2.3e-05* 6.2e-05* 8.7e-05  8.7e-05  8.1e-05  8.9e-05  1.2e-04  8.9e-05  1.2e-04  1.2e-04  1.3e-04  1.4e-04  1.1e-04  9.4e-05  1.3e-04  1.2e-04  1.4e-04   LinDep: 1.1e-15* 
 Iter:   4 SS: 68   E:  -49.54066230*  -49.43917786*  -49.41332049*  -49.41323601*  -49.40450043*  -49.40416565*  -49.39513639*  -49.37640494   -49.37192416*  -49.37178032*  -49.37110279   -49.37000620   -49.36948580*  -49.36475903*  -49.35186186   -49.35183192   -49.35075271   R: 1.4e-05* 3.6e-05* 5.4e-05* 5.7e-05* 5.4e-05* 6.0e-05* 7.1e-05* 8.1e-05  7.4e-05* 7.9e-05* 9.1e-05  1.1e-04  7.1e-05* 5.8e-05* 1.0e-04  9.8e-05  1.1e-04   LinDep: 5.0e-15* 
 Iter:   5 SS: 85   E:  -49.54066230*  -49.43917786*  -49.41332049*  -49.41323601*  -49.40450044*  -49.40416566*  -49.39513640*  -49.37640496*  -49.37192417*  -49.37178033*  -49.37110281*  -49.37000622*  -49.36948581*  -49.36475903*  -49.35186188*  -49.35183194*  -49.35075273*  R: 6.9e-06* 1.8e-05* 2.9e-05* 2.9e-05* 3.1e-05* 3.5e-05* 4.0e-05* 6.8e-05* 4.2e-05* 4.7e-05* 6.0e-05* 7.0e-05* 4.1e-05* 3.2e-05* 6.4e-05* 6.2e-05* 7.6e-05*  LinDep: 1.0e-14* 
 Diagonalization time:                             308.025418 seconds
 Compute <S^2>:                                      4.422927 seconds (8.84 M allocations: 3.505 GiB, 80.83% gc time)
  Root       Energy           S2
     1 -49.54066230   0.00104672
     2 -49.43917786   2.00133185
     3 -49.41332049   2.00148678
     4 -49.41323601   2.00138101
     5 -49.40450044   2.00105177
     6 -49.40416566   2.00109772
     7 -49.39513640   0.01326257
     8 -49.37640496   2.00155315
     9 -49.37192417   2.00210862
    10 -49.37178033   2.00203539
    11 -49.37110281   0.01185577
    12 -49.37000622   0.01073903
    13 -49.36948581   2.00168575
    14 -49.36475903   2.00202185
    15 -49.35186188   2.00177208
    16 -49.35183194   2.00178106
    17 -49.35075273   0.01330100
 ==================================================================|
 E(Reference):       -49.53937871 -49.43505264 -49.40882727 -49.40866239 -49.40078814 -49.40047931 -49.39034721 -49.37198043 -49.36804226 -49.36786491 -49.36673959 -49.36576515 -49.36555613 -49.36147290 -49.34813919 -49.34811329 -49.34320995 
 E(BST):             -49.54066230 -49.43917786 -49.41332049 -49.41323601 -49.40450044 -49.40416566 -49.39513640 -49.37640496 -49.37192417 -49.37178033 -49.37110281 -49.37000622 -49.36948581 -49.36475903 -49.35186188 -49.35183194 -49.35075273 




 ===================================================================
     BST Iteration:    2 epsilon:   0.00900000
 ===================================================================
 Ref state compressed from:                             73940 → 15559      (thresh_var  =  9.0e-03)
 Compute zeroth-order energy:                       37.879391 seconds (79.19 M allocations: 36.411 GiB, 64.65% gc time)
 Compute <S^2>:                                      0.900913 seconds (5.19 M allocations: 1.041 GiB, 46.57% gc time)
  Root       Energy           S2
     1 -49.53938580   0.00144644
     2 -49.43508545   2.00111590
     3 -49.40886610   2.00129825
     4 -49.40870276   2.00118041
     5 -49.40082082   2.00095398
     6 -49.40051669   2.00096267
     7 -49.39041002   0.01515143
     8 -49.37200936   2.00122114
     9 -49.36808126   2.00136690
    10 -49.36790410   2.00120844
    11 -49.36678446   0.01285200
    12 -49.36580865   0.01171602
    13 -49.36558327   2.00121323
    14 -49.36150296   2.00118145
    15 -49.34817016   2.00116623
    16 -49.34814435   2.00115398
    17 -49.34332054   0.01569025

 In build_compressed_1st_order_state
 Setup threaded jobs:                                0.011201 seconds (45.58 k allocations: 3.390 MiB)
 Number of tasks:                                        4443
 Compute matrix-vector:                            27042.049691 seconds (450.25 M allocations: 14.336 TiB, 41.05% gc time, 0.01% compilation time)
 Now collect thread results :                        0.002218 seconds (8.91 k allocations: 728.781 KiB)
 Compressing final σ vector:
   Iter:    1    151553630 →    150274234
   Iter:    2    150274234 →    150237058
   Iter:    3    150237058 →    150234370
   Iter:    4    150234370 →    150234262
   Iter:    5    150234262 →    150234262
 Compute Compressed FOIS:                          28527.634599 seconds   1.63e+04 Gb
 Total time spent building FOIS:                   28527.634599 seconds
 FOIS compressed from:                              150234262 → 150234262  (thresh_foi  =  9.0e-05)

 Variational space increased from:                      15559 → 73988      (thresh_pt   =  4.5e-03)
 Add new space to variational space:               319.790923 seconds
 |== BST CI ========================================================
 Solve CI with # variables:                             73988
 Cache Hamiltonian:                                148.689402 seconds (59.73 M allocations: 75.955 GiB, 60.49% gc time)
 Iter:   1 SS: 17   E:  -49.54066959   -49.43921220   -49.41336182   -49.41327864   -49.40453426   -49.40420461   -49.39520022   -49.37643757   -49.37196520   -49.37182205   -49.37114955   -49.37005781   -49.36951630   -49.36479054   -49.35189615   -49.35186639   -49.35086238   R: 1.5e-03  2.4e-03  3.7e-03  1.9e-03  2.1e-03  1.9e-03  2.2e-03  1.9e-03  1.1e-03  2.0e-03  2.8e-03  1.0e-03  2.0e-03  1.2e-03  2.2e-03  1.5e-03  1.6e-03   LinDep: 4.8e-15* 
 Iter:   2 SS: 34   E:  -49.54067182   -49.43921897   -49.41337881   -49.41328246   -49.40454002   -49.40420910   -49.39520576   -49.37644201   -49.37196668   -49.37182665   -49.37115933   -49.37005893   -49.36952156   -49.36479238   -49.35190248   -49.35186912   -49.35086556   R: 1.8e-04  3.1e-04  5.5e-04  2.6e-04  2.9e-04  2.6e-04  3.4e-04  2.7e-04  2.0e-04  2.8e-04  4.1e-04  2.2e-04  3.0e-04  1.8e-04  3.2e-04  2.2e-04  2.8e-04   LinDep: 4.4e-16* 
 Iter:   3 SS: 51   E:  -49.54067186*  -49.43921909   -49.41337915   -49.41328254   -49.40454013   -49.40420919   -49.39520590   -49.37644210   -49.37196674   -49.37182676   -49.37115953   -49.37005899   -49.36952167   -49.36479243   -49.35190262   -49.35186919   -49.35086566   R: 6.3e-05* 1.2e-04  2.1e-04  1.1e-04  1.3e-04  1.2e-04  1.4e-04  1.2e-04  1.1e-04  1.3e-04  1.8e-04  1.1e-04  1.4e-04  1.0e-04  1.7e-04  1.2e-04  1.3e-04   LinDep: 7.3e-15* 
 Iter:   4 SS: 68   E:  -49.54067186*  -49.43921911*  -49.41337924   -49.41328256   -49.40454017   -49.40420922   -49.39520594   -49.37644213   -49.37196676   -49.37182679   -49.37115960   -49.37005902   -49.36952171   -49.36479245*  -49.35190267   -49.35186922   -49.35086569   R: 3.7e-05* 7.1e-05* 1.5e-04  8.0e-05  9.8e-05  8.5e-05  1.1e-04  9.7e-05  9.5e-05  1.1e-04  1.5e-04  1.3e-04  1.1e-04  7.2e-05* 1.4e-04  1.1e-04  1.2e-04   LinDep: 2.9e-15* 
 Iter:   5 SS: 85   E:  -49.54067186*  -49.43921912*  -49.41337927   -49.41328257*  -49.40454018*  -49.40420923*  -49.39520595*  -49.37644214*  -49.37196678*  -49.37182681*  -49.37115963   -49.37005905   -49.36952173*  -49.36479245*  -49.35190270   -49.35186924   -49.35086571   R: 1.9e-05* 4.1e-05* 9.0e-05  4.8e-05* 6.1e-05* 5.5e-05* 6.7e-05* 7.8e-05* 6.2e-05* 7.5e-05* 1.1e-04  1.0e-04  7.2e-05* 4.8e-05* 1.1e-04  8.4e-05  9.0e-05   LinDep: 8.9e-15* 
 Iter:   6 SS: 102  E:  -49.54067186*  -49.43921912*  -49.41337928*  -49.41328257*  -49.40454018*  -49.40420923*  -49.39520596*  -49.37644215*  -49.37196678*  -49.37182682*  -49.37115965   -49.37005907*  -49.36952173*  -49.36479246*  -49.35190272   -49.35186925*  -49.35086572*  R: 1.1e-05* 2.4e-05* 5.9e-05* 3.1e-05* 3.8e-05* 3.6e-05* 4.6e-05* 7.4e-05* 4.5e-05* 5.4e-05* 8.4e-05  7.7e-05* 5.0e-05* 3.0e-05* 8.4e-05  5.9e-05* 7.3e-05*  LinDep: 8.9e-15* 
 Iter:   7 SS: 119  E:  -49.54067186*  -49.43921912*  -49.41337929*  -49.41328257*  -49.40454018*  -49.40420923*  -49.39520596*  -49.37644216*  -49.37196678*  -49.37182682*  -49.37115966*  -49.37005908*  -49.36952174*  -49.36479246*  -49.35190273*  -49.35186925*  -49.35086573*  R: 5.6e-06* 1.4e-05* 3.3e-05* 1.8e-05* 2.2e-05* 2.2e-05* 3.1e-05* 6.1e-05* 2.8e-05* 3.1e-05* 6.2e-05* 5.5e-05* 3.0e-05* 1.9e-05* 5.9e-05* 4.0e-05* 6.0e-05*  LinDep: 1.3e-14* 
 Diagonalization time:                             432.854812 seconds
 Compute <S^2>:                                      4.578664 seconds (8.84 M allocations: 3.506 GiB, 81.52% gc time)
  Root       Energy           S2
     1 -49.54067186   0.00103528
     2 -49.43921912   2.00132548
     3 -49.41337929   2.00148472
     4 -49.41328257   2.00137728
     5 -49.40454018   2.00104761
     6 -49.40420923   2.00109176
     7 -49.39520596   0.01313901
     8 -49.37644216   2.00154748
     9 -49.37196678   2.00210220
    10 -49.37182682   2.00203074
    11 -49.37115966   0.01177467
    12 -49.37005908   0.01067994
    13 -49.36952174   2.00168109
    14 -49.36479246   2.00201637
    15 -49.35190273   2.00177013
    16 -49.35186925   2.00177351
    17 -49.35086573   0.01317806
 ==================================================================|
 E(Reference):       -49.53938580 -49.43508545 -49.40886610 -49.40870276 -49.40082082 -49.40051669 -49.39041002 -49.37200936 -49.36808126 -49.36790410 -49.36678446 -49.36580865 -49.36558327 -49.36150296 -49.34817016 -49.34814435 -49.34332054 
 E(BST):             -49.54067186 -49.43921912 -49.41337929 -49.41328257 -49.40454018 -49.40420923 -49.39520596 -49.37644216 -49.37196678 -49.37182682 -49.37115966 -49.37005908 -49.36952174 -49.36479246 -49.35190273 -49.35186925 -49.35086573 




 ===================================================================
     BST Iteration:    3 epsilon:   0.00900000
 ===================================================================
 Ref state compressed from:                             73988 → 15559      (thresh_var  =  9.0e-03)
 Compute zeroth-order energy:                       38.799453 seconds (79.19 M allocations: 36.581 GiB, 65.70% gc time)
 Compute <S^2>:                                      1.514764 seconds (5.19 M allocations: 1.041 GiB, 68.60% gc time)
  Root       Energy           S2
     1 -49.53939247   0.00143400
     2 -49.43511769   2.00111030
     3 -49.40890324   2.00129023
     4 -49.40874077   2.00117555
     5 -49.40085307   2.00094763
     6 -49.40055240   2.00095610
     7 -49.39047069   0.01503127
     8 -49.37203665   2.00121526
     9 -49.36811879   2.00135817
    10 -49.36794254   2.00120154
    11 -49.36682700   0.01277922
    12 -49.36585174   0.01166667
    13 -49.36560955   2.00120763
    14 -49.36153230   2.00117502
    15 -49.34820069   2.00115944
    16 -49.34817431   2.00114680
    17 -49.34342835   0.01557969

 In build_compressed_1st_order_state
 Setup threaded jobs:                                0.011026 seconds (45.58 k allocations: 3.390 MiB)
 Number of tasks:                                        4443
 Compute matrix-vector:                            27271.089118 seconds (450.20 M allocations: 14.336 TiB, 40.31% gc time)
 Now collect thread results :                        0.002106 seconds (8.91 k allocations: 728.781 KiB)
 Compressing final σ vector:
   Iter:    1    151627974 →    150591150
   Iter:    2    150591150 →    150570710
   Iter:    3    150570710 →    150569022
   Iter:    4    150569022 →    150568286
   Iter:    5    150568286 →    150568286
 Compute Compressed FOIS:                          28826.177208 seconds   1.63e+04 Gb
 Total time spent building FOIS:                   28826.177208 seconds
 FOIS compressed from:                              150568286 → 150568286  (thresh_foi  =  9.0e-05)

 Variational space increased from:                      15559 → 73988      (thresh_pt   =  4.5e-03)
 Add new space to variational space:               333.515291 seconds
 |== BST CI ========================================================
 Solve CI with # variables:                             73988
 Cache Hamiltonian:                                146.485612 seconds (59.67 M allocations: 75.409 GiB, 59.71% gc time)
 Iter:   1 SS: 17   E:  -49.54067885*  -49.43925244   -49.41341951   -49.41332391   -49.40457338   -49.40424702   -49.39526800   -49.37647386   -49.37200657   -49.37186719   -49.37120574   -49.37010959   -49.36955145   -49.36482295   -49.35193611   -49.35190269   -49.35097293   R: 8.0e-05* 1.7e-04  1.8e-04  1.7e-04  1.6e-04  1.9e-04  2.1e-04  1.7e-04  1.7e-04  1.8e-04  1.9e-04  1.9e-04  1.7e-04  1.6e-04  1.8e-04  1.7e-04  2.5e-04   LinDep: 9.5e-15* 
 Iter:   2 SS: 34   E:  -49.54067886*  -49.43925248   -49.41341956   -49.41332396   -49.40457342   -49.40424707   -49.39526807   -49.37647390   -49.37200662   -49.37186724   -49.37120580   -49.37010965   -49.36955150   -49.36482299   -49.35193617   -49.35190273   -49.35097302   R: 3.6e-05* 8.3e-05  1.0e-04  9.3e-05  8.5e-05  9.3e-05  1.2e-04  9.2e-05  1.0e-04  1.1e-04  1.3e-04  1.2e-04  1.0e-04  9.2e-05  1.2e-04  1.0e-04  1.4e-04   LinDep: 2.3e-15* 
 Iter:   3 SS: 51   E:  -49.54067886*  -49.43925249*  -49.41341958   -49.41332397*  -49.40457343*  -49.40424708*  -49.39526809   -49.37647391*  -49.37200664   -49.37186726   -49.37120583   -49.37010967   -49.36955152   -49.36482301*  -49.35193620   -49.35190275   -49.35097305   R: 2.2e-05* 5.4e-05* 8.0e-05  7.1e-05* 6.4e-05* 7.0e-05* 9.4e-05  7.8e-05* 8.7e-05  8.9e-05  1.2e-04  1.1e-04  8.7e-05  7.2e-05* 1.1e-04  9.6e-05  1.0e-04   LinDep: 1.6e-15* 
 Iter:   4 SS: 68   E:  -49.54067886*  -49.43925250*  -49.41341958*  -49.41332398*  -49.40457344*  -49.40424709*  -49.39526811*  -49.37647392*  -49.37200665*  -49.37186728*  -49.37120585   -49.37010969   -49.36955153*  -49.36482302*  -49.35193622   -49.35190277   -49.35097307   R: 1.4e-05* 3.2e-05* 5.3e-05* 4.9e-05* 4.8e-05* 5.3e-05* 6.6e-05* 6.9e-05* 6.8e-05* 7.0e-05* 9.2e-05  9.9e-05  6.5e-05* 5.2e-05* 9.9e-05  8.6e-05  8.9e-05   LinDep: 2.7e-15* 
 Iter:   5 SS: 85   E:  -49.54067886*  -49.43925250*  -49.41341959*  -49.41332398*  -49.40457344*  -49.40424709*  -49.39526811*  -49.37647393*  -49.37200666*  -49.37186728*  -49.37120586*  -49.37010971*  -49.36955153*  -49.36482302*  -49.35193623*  -49.35190278*  -49.35097308*  R: 7.0e-06* 1.7e-05* 3.1e-05* 3.0e-05* 3.1e-05* 3.5e-05* 4.1e-05* 6.2e-05* 4.5e-05* 4.7e-05* 6.6e-05* 7.0e-05* 4.2e-05* 3.3e-05* 7.0e-05* 6.2e-05* 7.1e-05*  LinDep: 6.7e-16* 
 Diagonalization time:                             312.216783 seconds
 Compute <S^2>:                                      4.457022 seconds (8.83 M allocations: 3.505 GiB, 80.70% gc time)
  Root       Energy           S2
     1 -49.54067886   0.00102297
     2 -49.43925250   2.00131840
     3 -49.41341959   2.00147836
     4 -49.41332398   2.00137220
     5 -49.40457344   2.00104238
     6 -49.40424709   2.00108652
     7 -49.39526811   0.01302331
     8 -49.37647393   2.00154109
     9 -49.37200666   2.00209418
    10 -49.37186728   2.00202389
    11 -49.37120586   0.01171559
    12 -49.37010971   0.01062299
    13 -49.36955153   2.00167465
    14 -49.36482302   2.00201033
    15 -49.35193623   2.00176493
    16 -49.35190278   2.00176796
    17 -49.35097308   0.01307309
 ==================================================================|
 E(Reference):       -49.53939247 -49.43511769 -49.40890324 -49.40874077 -49.40085307 -49.40055240 -49.39047069 -49.37203665 -49.36811879 -49.36794254 -49.36682700 -49.36585174 -49.36560955 -49.36153230 -49.34820069 -49.34817431 -49.34342835 
 E(BST):             -49.54067886 -49.43925250 -49.41341959 -49.41332398 -49.40457344 -49.40424709 -49.39526811 -49.37647393 -49.37200666 -49.37186728 -49.37120586 -49.37010971 -49.36955153 -49.36482302 -49.35193623 -49.35190278 -49.35097308 




 ===================================================================
     BST Iteration:    4 epsilon:   0.00900000
 ===================================================================
 Ref state compressed from:                             73988 → 15605      (thresh_var  =  9.0e-03)
 Compute zeroth-order energy:                       38.759111 seconds (79.34 M allocations: 36.627 GiB, 66.17% gc time)
 Compute <S^2>:                                      1.155361 seconds (5.22 M allocations: 1.047 GiB, 57.41% gc time)
  Root       Energy           S2
     1 -49.53940515   0.00142132
     2 -49.43516674   2.00113590
     3 -49.40895403   2.00129168
     4 -49.40878888   2.00117849
     5 -49.40090290   2.00095310
     6 -49.40060047   2.00096452
     7 -49.39054447   0.01491951
     8 -49.37206953   2.00120927
     9 -49.36816728   2.00136162
    10 -49.36798677   2.00120293
    11 -49.36688753   0.01272821
    12 -49.36590144   0.01161390
    13 -49.36565584   2.00123928
    14 -49.36157627   2.00118962
    15 -49.34823406   2.00115411
    16 -49.34820776   2.00114282
    17 -49.34354209   0.01548374

 In build_compressed_1st_order_state
 Setup threaded jobs:                                0.010859 seconds (45.58 k allocations: 3.390 MiB)
 Number of tasks:                                        4443
 Compute matrix-vector:                            26584.700149 seconds (451.12 M allocations: 14.410 TiB, 41.46% gc time, 0.03% compilation time)
 Now collect thread results :                        0.002214 seconds (8.91 k allocations: 728.781 KiB)
 Compressing final σ vector:
   Iter:    1    153221104 →    152197712
   Iter:    2    152197712 →    152185582
   Iter:    3    152185582 →    152184726
   Iter:    4    152184726 →    152184710
   Iter:    5    152184710 →    152184710
 Compute Compressed FOIS:                          28153.493386 seconds   1.64e+04 Gb
 Total time spent building FOIS:                   28153.493386 seconds
 FOIS compressed from:                              152184710 → 152184710  (thresh_foi  =  9.0e-05)

 Variational space increased from:                      15605 → 73988      (thresh_pt   =  4.5e-03)
 Add new space to variational space:               339.872993 seconds
 |== BST CI ========================================================
 Solve CI with # variables:                             73988
 Cache Hamiltonian:                                139.754028 seconds (59.69 M allocations: 75.568 GiB, 62.75% gc time)
 Iter:   1 SS: 17   E:  -49.54068559   -49.43928557   -49.41345896   -49.41336443   -49.40460631   -49.40428443   -49.39532880   -49.37650457   -49.37204395   -49.37190630   -49.37125131   -49.37015900   -49.36958091   -49.36485159   -49.35196862   -49.35193569   -49.35107765   R: 8.9e-05  2.9e-04  2.3e-04  2.3e-04  4.1e-04  2.7e-04  2.4e-04  2.0e-04  3.9e-04  3.2e-04  2.2e-04  2.3e-04  3.7e-04  3.2e-04  2.8e-04  1.9e-04  2.8e-04   LinDep: 7.4e-15* 
 Iter:   2 SS: 34   E:  -49.54068560*  -49.43928566   -49.41345903   -49.41336449   -49.40460647   -49.40428451   -49.39532888   -49.37650461   -49.37204411   -49.37190641   -49.37125137   -49.37015907   -49.36958105   -49.36485170   -49.35196870   -49.35193573   -49.35107775   R: 3.4e-05* 8.5e-05  9.5e-05  9.4e-05  9.4e-05  9.8e-05  1.2e-04  8.6e-05  1.1e-04  1.1e-04  1.2e-04  1.2e-04  1.1e-04  1.0e-04  1.1e-04  1.0e-04  1.4e-04   LinDep: 2.7e-15* 
 Iter:   3 SS: 51   E:  -49.54068560*  -49.43928567*  -49.41345904*  -49.41336450*  -49.40460649*  -49.40428453   -49.39532891   -49.37650463   -49.37204413   -49.37190644   -49.37125140   -49.37015910   -49.36958107   -49.36485171   -49.35196873   -49.35193575   -49.35107778   R: 2.2e-05* 6.0e-05* 7.9e-05* 7.9e-05* 7.1e-05* 8.2e-05  1.0e-04  8.5e-05  1.0e-04  1.0e-04  1.2e-04  1.3e-04  9.5e-05  8.5e-05  1.2e-04  1.2e-04  1.3e-04   LinDep: 6.6e-15* 
 Iter:   4 SS: 68   E:  -49.54068560*  -49.43928567*  -49.41345905*  -49.41336451*  -49.40460649*  -49.40428453*  -49.39532892*  -49.37650464   -49.37204414   -49.37190645   -49.37125142   -49.37015913   -49.36958108*  -49.36485173*  -49.35196876   -49.35193578   -49.35107780   R: 1.4e-05* 3.7e-05* 5.7e-05* 5.8e-05* 6.2e-05* 6.3e-05* 7.1e-05* 8.2e-05  8.5e-05  8.3e-05  9.9e-05  1.1e-04  7.9e-05* 6.3e-05* 1.1e-04  9.9e-05  1.0e-04   LinDep: 6.8e-15* 
 Iter:   5 SS: 85   E:  -49.54068560*  -49.43928567*  -49.41345905*  -49.41336452*  -49.40460650*  -49.40428454*  -49.39532893*  -49.37650465*  -49.37204415*  -49.37190646*  -49.37125144*  -49.37015915*  -49.36958109*  -49.36485173*  -49.35196878*  -49.35193579*  -49.35107782*  R: 7.3e-06* 1.9e-05* 3.2e-05* 3.2e-05* 3.8e-05* 3.8e-05* 4.1e-05* 6.8e-05* 5.1e-05* 5.1e-05* 6.5e-05* 7.1e-05* 4.8e-05* 3.7e-05* 7.1e-05* 6.2e-05* 7.5e-05*  LinDep: 2.2e-16* 
 Diagonalization time:                             311.067436 seconds
 Compute <S^2>:                                      4.499636 seconds (8.84 M allocations: 3.506 GiB, 80.58% gc time)
  Root       Energy           S2
     1 -49.54068560   0.00101100
     2 -49.43928567   2.00131137
     3 -49.41345905   2.00147117
     4 -49.41336452   2.00136706
     5 -49.40460650   2.00103749
     6 -49.40428454   2.00108118
     7 -49.39532893   0.01291305
     8 -49.37650465   2.00153508
     9 -49.37204415   2.00208526
    10 -49.37190646   2.00201697
    11 -49.37125144   0.01165576
    12 -49.37015915   0.01057659
    13 -49.36958109   2.00167040
    14 -49.36485173   2.00200395
    15 -49.35196878   2.00175952
    16 -49.35193579   2.00176281
    17 -49.35107782   0.01297484
 ==================================================================|
 E(Reference):       -49.53940515 -49.43516674 -49.40895403 -49.40878888 -49.40090290 -49.40060047 -49.39054447 -49.37206953 -49.36816728 -49.36798677 -49.36688753 -49.36590144 -49.36565584 -49.36157627 -49.34823406 -49.34820776 -49.34354209 
 E(BST):             -49.54068560 -49.43928567 -49.41345905 -49.41336452 -49.40460650 -49.40428454 -49.39532893 -49.37650465 -49.37204415 -49.37190646 -49.37125144 -49.37015915 -49.36958109 -49.36485173 -49.35196878 -49.35193579 -49.35107782 

 Not converged E(Ref):             -49.53940515 -49.43516674 -49.40895403 -49.40878888 -49.40090290 -49.40060047 -49.39054447 -49.37206953 -49.36816728 -49.36798677 -49.36688753 -49.36590144 -49.36565584 -49.36157627 -49.34823406 -49.34820776 -49.34354209 
 Not converged E(BST):             -49.54068560 -49.43928567 -49.41345905 -49.41336452 -49.40460650 -49.40428454 -49.39532893 -49.37650465 -49.37204415 -49.37190646 -49.37125144 -49.37015915 -49.36958109 -49.36485173 -49.35196878 -49.35193579 -49.35107782 

 Energies per BST iteration:
   Projected Energies: 
   Iter:   1   -49.53937871 -49.43505264 -49.40882727 -49.40866239 -49.40078814 -49.40047931 -49.39034721 -49.37198043 -49.36804226 -49.36786491 -49.36673959 -49.36576515 -49.36555613 -49.36147290 -49.34813919 -49.34811329 -49.34320995 Dim:     15559
   Iter:   2   -49.53938580 -49.43508545 -49.40886610 -49.40870276 -49.40082082 -49.40051669 -49.39041002 -49.37200936 -49.36808126 -49.36790410 -49.36678446 -49.36580865 -49.36558327 -49.36150296 -49.34817016 -49.34814435 -49.34332054 Dim:     15559
   Iter:   3   -49.53939247 -49.43511769 -49.40890324 -49.40874077 -49.40085307 -49.40055240 -49.39047069 -49.37203665 -49.36811879 -49.36794254 -49.36682700 -49.36585174 -49.36560955 -49.36153230 -49.34820069 -49.34817431 -49.34342835 Dim:     15559
   Iter:   4   -49.53940515 -49.43516674 -49.40895403 -49.40878888 -49.40090290 -49.40060047 -49.39054447 -49.37206953 -49.36816728 -49.36798677 -49.36688753 -49.36590144 -49.36565584 -49.36157627 -49.34823406 -49.34820776 -49.34354209 Dim:     15605

   Variational Energies: 
   Iter:   1   -49.54066230 -49.43917786 -49.41332049 -49.41323601 -49.40450044 -49.40416566 -49.39513640 -49.37640496 -49.37192417 -49.37178033 -49.37110281 -49.37000622 -49.36948581 -49.36475903 -49.35186188 -49.35183194 -49.35075273 Dim:     73940
   Iter:   2   -49.54067186 -49.43921912 -49.41337929 -49.41328257 -49.40454018 -49.40420923 -49.39520596 -49.37644216 -49.37196678 -49.37182682 -49.37115966 -49.37005908 -49.36952174 -49.36479246 -49.35190273 -49.35186925 -49.35086573 Dim:     73988
   Iter:   3   -49.54067886 -49.43925250 -49.41341959 -49.41332398 -49.40457344 -49.40424709 -49.39526811 -49.37647393 -49.37200666 -49.37186728 -49.37120586 -49.37010971 -49.36955153 -49.36482302 -49.35193623 -49.35190278 -49.35097308 Dim:     73988
   Iter:   4   -49.54068560 -49.43928567 -49.41345905 -49.41336452 -49.40460650 -49.40428454 -49.39532893 -49.37650465 -49.37204415 -49.37190646 -49.37125144 -49.37015915 -49.36958109 -49.36485173 -49.35196878 -49.35193579 -49.35107782 Dim:     73988
 ─────────────────────────────────────────────────────────────────────────
                                 Time                    Allocations      
                        ───────────────────────   ────────────────────────
    Tot / % measured:        32.7h /  99.8%           61.5TiB /  99.6%    

 Section        ncalls     time    %tot     avg     alloc    %tot      avg
 ─────────────────────────────────────────────────────────────────────────
 FOIS                4    31.4h   96.2%   7.85h   59.3TiB   96.8%  14.8TiB
 CI big              4    1963s    1.7%    491s   1.17TiB    1.9%   299GiB
 compress            8    1531s    1.3%    191s    486GiB    0.8%  60.7GiB
 add                 4     955s    0.8%    239s    314GiB    0.5%  78.6GiB
 S2                  4    4.62s    0.0%   1.15s   4.17GiB    0.0%  1.04GiB
 project             4    502ms    0.0%   125ms    313MiB    0.0%  78.3MiB
 s2 extension        4   8.40μs    0.0%  2.10μs     0.00B    0.0%    0.00B
 ─────────────────────────────────────────────────────────────────────────
 ==================================================================|
 max_iter         : 4
 nbody            : 4
 H0               : Hcmf
 thresh_var       : 0.009
 thresh_foi       : 8.999999999999999e-5
 thresh_pt        : 0.0045
 thresh_spin      : nothing
 ci_conv          : 8.0e-5
 ci_max_iter      : 50
 ci_max_ss_vecs   : 12
 ci_lindep_thresh : 1.0e-10
 resolve_ss       : false
 do_pt            : false
 tol_tucker       : 5.0e-5



 ===================================================================
     BST Iteration:    1 epsilon:   0.00900000
 ===================================================================
 Ref state compressed from:                             73988 → 15651      (thresh_var  =  9.0e-03)
 Compute zeroth-order energy:                       36.752220 seconds (79.35 M allocations: 36.478 GiB, 63.50% gc time)
 Compute <S^2>:                                      1.733145 seconds (5.21 M allocations: 1.050 GiB, 72.09% gc time)
  Root       Energy           S2
     1 -49.53942146   0.00140639
     2 -49.43519802   2.00113094
     3 -49.40899550   2.00128442
     4 -49.40882988   2.00117687
     5 -49.40093957   2.00094152
     6 -49.40063587   2.00095657
     7 -49.39061268   0.01480371
     8 -49.37210408   2.00119538
     9 -49.36820600   2.00135189
    10 -49.36802755   2.00119560
    11 -49.36695105   0.01266554
    12 -49.36597478   0.01157399
    13 -49.36568385   2.00123152
    14 -49.36160688   2.00118547
    15 -49.34826970   2.00114994
    16 -49.34823951   2.00113319
    17 -49.34366155   0.01538752
