tc024
Resetting modules to system default. Reseting $MODULEPATH back to system default. All extra directories will be removed from $MODULEPATH.
Usage: sbatch submit.sh {input file} {data file} {data file}
benz-4-meta-spf.jl
benz-4-meta-spf.jl.out
/home/arnab22/SPF-data/P3
/localscratch/1915631
sending incremental file list
benz-4-meta-spf.jl.out

sent 126 bytes  received 35 bytes  322.00 bytes/sec
total size is 0  speedup is 0.00
sending incremental file list
benz-4-meta-spf.jl.out

sent 608 bytes  received 35 bytes  1,286.00 bytes/sec
total size is 478  speedup is 0.74
sending incremental file list
benz-4-meta-spf.jl.out

sent 1,567 bytes  received 35 bytes  1,068.00 bytes/sec
total size is 1,437  speedup is 0.90
sending incremental file list
benz-4-meta-spf.jl.out

sent 3,164 bytes  received 35 bytes  6,398.00 bytes/sec
total size is 3,035  speedup is 0.95
sending incremental file list
benz-4-meta-spf.jl.out

sent 11,465 bytes  received 35 bytes  23,000.00 bytes/sec
total size is 11,335  speedup is 0.99
rm: cannot remove ‘tmpfs’: Device or resource busy
