/home/arnab22/.conda/envs/bst/lib/python3.11/site-packages/pyscf/dft/libxc.py:771: UserWarning: Since PySCF-2.3, B3LYP (and B3P86) are changed to the VWN-RPA variant, corresponding to the original definition by Stephens et al. (issue 1480) and the same as the B3LYP functional in Gaussian. To restore the VWN5 definition, you can put the setting "B3LYP_WITH_VWN5 = True" in pyscf_conf.py
  warnings.warn('Since PySCF-2.3, B3LYP (and B3P86) are changed to the VWN-RPA variant, '
IDX001:DIM4096:001|002|003|004|005|006|
IDX002:DIM4096:007|008|009|010|011|012|
IDX003:DIM4096:013|014|015|016|017|018|
IDX004:DIM4096:019|020|021|022|023|024|
 Solve OO-CMF with newton
Overwritten attributes  conv_tol_residual  of <class 'pyscf.fci.direct_spin1.FCISolver'>
 Step:    1 E: -915.797863770719 G:     5.49e-01  
 Step:    2 E: -915.906189295465 G:     2.65e-02  
 Step:    3 E: -915.906576599467 G:     3.71e-03  
 Step:    4 E: -915.906584735625 G:     7.69e-04  
 Step:    5 E: -915.906585143128 G:     1.68e-04  
 Step:    6 E: -915.906585165230 G:     3.80e-05  
 Step:    7 E: -915.906585166455 G:     8.77e-06  
 Step:    8 E: -915.906585166523 G:     2.05e-06  
 Step:    9 E: -915.906585166528 G:     4.81e-07  
 Step:   10 E: -915.906585166528 G:     1.13e-07  
 Step:   11 E: -915.906585166527 G:     2.68e-08  
 Step:   12 E: -915.906585166528 G:     6.33e-09   
 Remove duplicates
 Number of terms reduced from  1036 to   472
IDX001:DIM4096:001|002|003|004|005|006|
IDX002:DIM4096:007|008|009|010|011|012|
IDX003:DIM4096:013|014|015|016|017|018|
IDX004:DIM4096:019|020|021|022|023|024|
 max_iter         : 20
 nbody            : 4
 H0               : Hcmf
 thresh_var       : 0.01
 thresh_foi       : 0.001
 thresh_pt        : 0.0031622776601683794
 thresh_spin      : nothing
 ci_conv          : 1.0e-5
 ci_max_iter      : 50
 ci_max_ss_vecs   : 12
 ci_lindep_thresh : 1.0e-10
 resolve_ss       : true
 do_pt            : true
 tol_tucker       : 0.0001



 ===================================================================
     BST Iteration:    1 epsilon:   0.01000000
 ===================================================================
 Ref state compressed from:                                 1 → 1          (thresh_var  =  1.0e-02)
 Get eigenstate for compressed reference space:    
 |== BST CI ========================================================
 Solve CI with # variables:                                 1
 Cache Hamiltonian:                                  3.649555 seconds (6.91 M allocations: 336.889 MiB, 99.88% compilation time: 1% of which was recompilation)
 Iter:   1 SS: 1    E:  -47.61585420*  R: 0.0e+00*  LinDep: 0.0e+00* 
 Diagonalization time:                               6.259668 seconds
 Compute <S^2>:                                      0.003286 seconds (855 allocations: 130.281 KiB, 91.23% compilation time)
  Root       Energy           S2
     1 -47.61585420   0.00000000
 ==================================================================|
 Compute <S^2>:                                      0.005716 seconds (1.05 k allocations: 152.906 KiB, 91.57% compilation time)
  Root       Energy           S2
     1 -47.61585420   0.00000000

 Compute PT1 wavefunction. Reference space dim:             1
 In build_compressed_1st_order_state
 Setup threaded jobs:                                0.000148 seconds (768 allocations: 85.031 KiB)
 Number of tasks:                                         253
 Compute matrix-vector:                             43.867631 seconds (90.75 M allocations: 5.243 GiB, 98.60% compilation time)
 Now collect thread results :                        0.020656 seconds (1.32 k allocations: 87.047 KiB, 99.40% compilation time)
 Compressing final σ vector:
   Iter:    1         1325 →         1325
 Compute Compressed FOIS:                           45.024763 seconds   5.79e+00 Gb

 |...................................BST-PT2............................................
 Length of input      FOIS:                              1325
 Compute <X|H|0>:                                    4.263245 seconds   2.47e-01 Gb
 Compute <X|F|0>:                                    0.000274 seconds   1.87e-04 Gb
 State   1: E(PT2) corr:                          -0.02252856
  Root         E(0)         E(2)
     1 -47.61585420 -47.63838276
 ......................................................................................|
 Total time spent building FOIS:                    49.731691 seconds
 FOIS compressed from:                                   1325 → 1148       (thresh_foi  =  1.0e-03)

 Variational space increased from:                          1 → 420        (thresh_pt   =  3.2e-03)
 Add new space to variational space:                 0.003243 seconds
 |== BST CI ========================================================
 Solve CI with # variables:                               420
 Cache Hamiltonian:                                 13.086727 seconds (8.85 M allocations: 778.592 MiB, 63.24% compilation time)
 Iter:   1 SS: 1    E:  -47.61585420   R: 1.4e-01   LinDep: 0.0e+00* 
 Iter:   2 SS: 2    E:  -47.63903898   R: 2.8e-02   LinDep: 4.4e-16* 
 Iter:   3 SS: 3    E:  -47.64071632   R: 1.4e-02   LinDep: 4.4e-16* 
 Iter:   4 SS: 4    E:  -47.64096659   R: 3.3e-03   LinDep: 4.4e-16* 
 Iter:   5 SS: 5    E:  -47.64097916   R: 7.8e-04   LinDep: 6.7e-16* 
 Iter:   6 SS: 6    E:  -47.64098011   R: 2.6e-04   LinDep: 0.0e+00* 
 Iter:   7 SS: 7    E:  -47.64098019   R: 8.1e-05   LinDep: 5.6e-16* 
 Iter:   8 SS: 8    E:  -47.64098020   R: 2.5e-05   LinDep: 2.2e-16* 
 Iter:   9 SS: 9    E:  -47.64098021*  R: 7.7e-06*  LinDep: 3.3e-16* 
 Diagonalization time:                               1.522085 seconds
 Compute <S^2>:                                      0.031179 seconds (70.94 k allocations: 17.098 MiB)
  Root       Energy           S2
     1 -47.64098021   0.00010822
 ==================================================================|
 E(Reference):       -47.61585420 
 E(PT2):             -47.63838276 
 E(BST):             -47.64098021 




 ===================================================================
     BST Iteration:    2 epsilon:   0.01000000
 ===================================================================
 Ref state compressed from:                               420 → 144        (thresh_var  =  1.0e-02)
 Get eigenstate for compressed reference space:    
 |== BST CI ========================================================
 Solve CI with # variables:                               144
 Cache Hamiltonian:                                  2.143597 seconds (200.21 k allocations: 209.824 MiB, 0.33% compilation time)
 Iter:   1 SS: 1    E:  -47.63888974   R: 4.0e-03   LinDep: 2.2e-16* 
 Iter:   2 SS: 2    E:  -47.63892325   R: 1.3e-03   LinDep: 0.0e+00* 
 Iter:   3 SS: 3    E:  -47.63892531   R: 3.4e-04   LinDep: 2.2e-16* 
 Iter:   4 SS: 4    E:  -47.63892546   R: 1.3e-04   LinDep: 1.8e-15* 
 Iter:   5 SS: 5    E:  -47.63892549   R: 2.3e-05   LinDep: 3.3e-16* 
 Iter:   6 SS: 6    E:  -47.63892549*  R: 4.4e-06*  LinDep: 8.9e-16* 
 Diagonalization time:                               0.140561 seconds
 Compute <S^2>:                                      0.015845 seconds (33.00 k allocations: 8.614 MiB)
  Root       Energy           S2
     1 -47.63892549   0.00007064
 ==================================================================|
 Compute <S^2>:                                      0.016013 seconds (33.59 k allocations: 8.767 MiB)
  Root       Energy           S2
     1 -47.63892549   0.00007064

 Compute PT1 wavefunction. Reference space dim:           144
 In build_compressed_1st_order_state
 Setup threaded jobs:                                0.001839 seconds (10.41 k allocations: 800.641 KiB)
 Number of tasks:                                        1970
 Compute matrix-vector:                             26.262753 seconds (7.79 M allocations: 19.278 GiB, 8.86% gc time, 2.06% compilation time)
 Now collect thread results :                        0.000635 seconds (3.96 k allocations: 306.047 KiB)
 Compressing final σ vector:
   Iter:    1         4265 →         4051
   Iter:    2         4051 →         4019
   Iter:    3         4019 →         4019
 Compute Compressed FOIS:                           26.284721 seconds   2.07e+01 Gb

 |...................................BST-PT2............................................
 Length of input      FOIS:                              4019
 Compute <X|H|0>:                                    6.954963 seconds   5.98e-01 Gb
 Compute <X|F|0>:                                    0.004799 seconds   5.29e-03 Gb
 State   1: E(PT2) corr:                          -0.00380190
  Root         E(0)         E(2)
     1 -47.63892549 -47.64272738
 ......................................................................................|
 Total time spent building FOIS:                    35.263907 seconds
 FOIS compressed from:                                   4019 → 1234       (thresh_foi  =  1.0e-03)

 Variational space increased from:                        144 → 494        (thresh_pt   =  3.2e-03)
 Add new space to variational space:                 0.006115 seconds
 |== BST CI ========================================================
 Solve CI with # variables:                               494
 Cache Hamiltonian:                                  7.606468 seconds (968.95 k allocations: 489.414 MiB, 0.10% compilation time)
 Iter:   1 SS: 1    E:  -47.64125699   R: 2.4e-02   LinDep: 6.7e-16* 
 Iter:   2 SS: 2    E:  -47.64185411   R: 6.1e-03   LinDep: 8.9e-16* 
 Iter:   3 SS: 3    E:  -47.64190409   R: 1.9e-03   LinDep: 4.4e-16* 
 Iter:   4 SS: 4    E:  -47.64191001   R: 6.4e-04   LinDep: 6.7e-16* 
 Iter:   5 SS: 5    E:  -47.64191058   R: 2.5e-04   LinDep: 6.7e-16* 
 Iter:   6 SS: 6    E:  -47.64191066   R: 7.8e-05   LinDep: 2.2e-16* 
 Iter:   7 SS: 7    E:  -47.64191067   R: 1.8e-05   LinDep: 4.4e-16* 
 Iter:   8 SS: 8    E:  -47.64191067*  R: 6.9e-06*  LinDep: 4.4e-16* 
 Diagonalization time:                               0.959974 seconds
 Compute <S^2>:                                      0.042211 seconds (111.67 k allocations: 23.443 MiB)
  Root       Energy           S2
     1 -47.64191067   0.00052716
 ==================================================================|
 E(Reference):       -47.63892549 
 E(PT2):             -47.64272738 
 E(BST):             -47.64191067 




 ===================================================================
     BST Iteration:    3 epsilon:   0.01000000
 ===================================================================
 Ref state compressed from:                               494 → 144        (thresh_var  =  1.0e-02)
 Get eigenstate for compressed reference space:    
 |== BST CI ========================================================
 Solve CI with # variables:                               144
 Cache Hamiltonian:                                  2.037533 seconds (197.31 k allocations: 209.866 MiB)
 Iter:   1 SS: 1    E:  -47.63902266   R: 6.2e-03   LinDep: 2.2e-16* 
 Iter:   2 SS: 2    E:  -47.63909704   R: 2.2e-03   LinDep: 2.2e-16* 
 Iter:   3 SS: 3    E:  -47.63910429   R: 6.0e-04   LinDep: 2.2e-16* 
 Iter:   4 SS: 4    E:  -47.63910469   R: 1.7e-04   LinDep: 1.6e-15* 
 Iter:   5 SS: 5    E:  -47.63910474   R: 5.3e-05   LinDep: 1.6e-15* 
 Iter:   6 SS: 6    E:  -47.63910474   R: 1.2e-05   LinDep: 2.2e-15* 
 Iter:   7 SS: 7    E:  -47.63910474*  R: 2.1e-06*  LinDep: 2.2e-15* 
 Diagonalization time:                               0.153533 seconds
 Compute <S^2>:                                      0.015377 seconds (33.40 k allocations: 8.638 MiB)
  Root       Energy           S2
     1 -47.63910474   0.00010577
 ==================================================================|
 Compute <S^2>:                                      0.015288 seconds (34.04 k allocations: 8.794 MiB)
  Root       Energy           S2
     1 -47.63910474   0.00010577

 Compute PT1 wavefunction. Reference space dim:           144
 In build_compressed_1st_order_state
 Setup threaded jobs:                                0.001746 seconds (10.41 k allocations: 800.641 KiB)
 Number of tasks:                                        1970
 Compute matrix-vector:                             22.875159 seconds (6.79 M allocations: 19.224 GiB, 1.95% gc time, 0.13% compilation time)
 Now collect thread results :                        0.000814 seconds (3.96 k allocations: 306.047 KiB)
 Compressing final σ vector:
   Iter:    1         4308 →         4094
   Iter:    2         4094 →         4062
   Iter:    3         4062 →         4062
 Compute Compressed FOIS:                           22.899590 seconds   2.07e+01 Gb

 |...................................BST-PT2............................................
 Length of input      FOIS:                              4062
 Compute <X|H|0>:                                    9.140136 seconds   5.95e-01 Gb
 Compute <X|F|0>:                                    0.004298 seconds   5.29e-03 Gb
 State   1: E(PT2) corr:                          -0.00368123
  Root         E(0)         E(2)
     1 -47.63910474 -47.64278597
 ......................................................................................|
 Total time spent building FOIS:                    34.907792 seconds
 FOIS compressed from:                                   4062 → 1286       (thresh_foi  =  1.0e-03)

 Variational space increased from:                        144 → 494        (thresh_pt   =  3.2e-03)
 Add new space to variational space:                 0.006277 seconds
 |== BST CI ========================================================
 Solve CI with # variables:                               494
 Cache Hamiltonian:                                  9.359990 seconds (904.44 k allocations: 485.576 MiB)
 Iter:   1 SS: 1    E:  -47.64199523   R: 1.4e-03   LinDep: 4.4e-16* 
 Iter:   2 SS: 2    E:  -47.64199840   R: 4.7e-04   LinDep: 4.4e-16* 
 Iter:   3 SS: 3    E:  -47.64199869   R: 1.6e-04   LinDep: 2.2e-16* 
 Iter:   4 SS: 4    E:  -47.64199873   R: 5.0e-05   LinDep: 2.2e-16* 
 Iter:   5 SS: 5    E:  -47.64199873   R: 1.6e-05   LinDep: 4.4e-16* 
 Iter:   6 SS: 6    E:  -47.64199873*  R: 4.4e-06*  LinDep: 1.1e-15* 
 Diagonalization time:                               0.779163 seconds
 Compute <S^2>:                                      0.043184 seconds (108.73 k allocations: 23.264 MiB)
Parsing biphenyl-2mer-1d-fcidump
  Root       Energy           S2
     1 -47.64199873   0.00055824
 ==================================================================|
 E(Reference):       -47.63910474 
 E(PT2):             -47.64278597 
 E(BST):             -47.64199873 

*Converged E(Ref):             -47.63910474 
*Converged E(BST):             -47.64199873 

 Energies per BST iteration:
   Projected Energies: 
   Iter:   1   -47.61585420 Dim:         1
   Iter:   2   -47.63892549 Dim:       144
   Iter:   3   -47.63910474 Dim:       144

   Variational Energies: 
   Iter:   1   -47.64098021 Dim:       420
   Iter:   2   -47.64191067 Dim:       494
   Iter:   3   -47.64199873 Dim:       494
 ─────────────────────────────────────────────────────────────────────────
                                 Time                    Allocations      
                        ───────────────────────   ────────────────────────
    Tot / % measured:         170s /  99.1%           51.0GiB /  99.9%    

 Section        ncalls     time    %tot     avg     alloc    %tot      avg
 ─────────────────────────────────────────────────────────────────────────
 FOIS                3     120s   71.2%   40.0s   45.9GiB   90.2%  15.3GiB
 CI big              3    33.5s   19.9%   11.2s   3.02GiB    5.9%  1.01GiB
 CI small            3    14.9s    8.9%   4.98s   1.96GiB    3.8%   668MiB
 S2                  3   37.0ms    0.0%  12.3ms   17.7MiB    0.0%  5.90MiB
 compress            6   25.6ms    0.0%  4.27ms   13.9MiB    0.0%  2.32MiB
 add                 3   5.78ms    0.0%  1.93ms   5.09MiB    0.0%  1.70MiB
 project             3   2.14ms    0.0%   712μs   1.23MiB    0.0%   419KiB
 s2 extension        3   3.47μs    0.0%  1.16μs     0.00B    0.0%    0.00B
 ─────────────────────────────────────────────────────────────────────────
 ==================================================================|
