tc041
Resetting modules to system default. Reseting $MODULEPATH back to system default. All extra directories will be removed from $MODULEPATH.
Usage: sbatch submit.sh {input file} {data file} {data file}
biphenyl-2mer-1d-spf.jl
biphenyl-2mer-1d-spf.jl.out
/home/arnab22/SPF-data/P2
/localscratch/1915620
sending incremental file list
biphenyl-2mer-1d-spf.jl.out

sent 130 bytes  received 35 bytes  330.00 bytes/sec
total size is 0  speedup is 0.00
sending incremental file list
biphenyl-2mer-1d-spf.jl.out

sent 612 bytes  received 35 bytes  1,294.00 bytes/sec
total size is 478  speedup is 0.74
sending incremental file list
biphenyl-2mer-1d-spf.jl.out

sent 1,725 bytes  received 35 bytes  1,173.33 bytes/sec
total size is 1,590  speedup is 0.90
sending incremental file list
biphenyl-2mer-1d-spf.jl.out

sent 3,323 bytes  received 35 bytes  6,716.00 bytes/sec
total size is 3,188  speedup is 0.95
sending incremental file list
biphenyl-2mer-1d-spf.jl.out

sent 8,596 bytes  received 35 bytes  17,262.00 bytes/sec
total size is 8,462  speedup is 0.98
sending incremental file list
biphenyl-2mer-1d-spf.jl.out

sent 13,933 bytes  received 35 bytes  27,936.00 bytes/sec
total size is 13,798  speedup is 0.99
rm: cannot remove ‘tmpfs’: Device or resource busy
