/home/arnab22/.conda/envs/bst/lib/python3.11/site-packages/pyscf/dft/libxc.py:771: UserWarning: Since PySCF-2.3, B3LYP (and B3P86) are changed to the VWN-RPA variant, corresponding to the original definition by Stephens et al. (issue 1480) and the same as the B3LYP functional in Gaussian. To restore the VWN5 definition, you can put the setting "B3LYP_WITH_VWN5 = True" in pyscf_conf.py
  warnings.warn('Since PySCF-2.3, B3LYP (and B3P86) are changed to the VWN-RPA variant, '
IDX001:DIM4096:001|002|003|004|005|006|
IDX002:DIM4096:007|008|009|010|011|012|
IDX003:DIM4096:013|014|015|016|017|018|
IDX004:DIM4096:019|020|021|022|023|024|
 Solve OO-CMF with newton
Overwritten attributes  conv_tol_residual  of <class 'pyscf.fci.direct_spin1.FCISolver'>
 Step:    1 E: -919.545755088494 G:     4.62e-01  
 Step:    2 E: -919.615959939282 G:     6.21e-03  
 Step:    3 E: -919.615983444820 G:     3.22e-04  
 Step:    4 E: -919.615983578891 G:     3.94e-05  
 Step:    5 E: -919.615983581568 G:     5.25e-06  
 Step:    6 E: -919.615983581624 G:     7.28e-07  
 Step:    7 E: -919.615983581623 G:     1.03e-07  
 Step:    8 E: -919.615983581624 G:     1.47e-08  
 Step:    9 E: -919.615983581625 G:     2.11e-09   
 Remove duplicates
 Number of terms reduced from  1036 to   472
IDX001:DIM4096:001|002|003|004|005|006|
IDX002:DIM4096:007|008|009|010|011|012|
IDX003:DIM4096:013|014|015|016|017|018|
IDX004:DIM4096:019|020|021|022|023|024|
 max_iter         : 20
 nbody            : 4
 H0               : Hcmf
 thresh_var       : 0.01
 thresh_foi       : 0.001
 thresh_pt        : 0.0031622776601683794
 thresh_spin      : nothing
 ci_conv          : 1.0e-5
 ci_max_iter      : 50
 ci_max_ss_vecs   : 12
 ci_lindep_thresh : 1.0e-10
 resolve_ss       : true
 do_pt            : true
 tol_tucker       : 0.0001



 ===================================================================
     BST Iteration:    1 epsilon:   0.01000000
 ===================================================================
 Ref state compressed from:                                 1 → 1          (thresh_var  =  1.0e-02)
 Get eigenstate for compressed reference space:    
 |== BST CI ========================================================
 Solve CI with # variables:                                 1
 Cache Hamiltonian:                                  3.649653 seconds (6.91 M allocations: 336.889 MiB, 99.87% compilation time: 1% of which was recompilation)
 Iter:   1 SS: 1    E:  -46.96954097*  R: 0.0e+00*  LinDep: 0.0e+00* 
 Diagonalization time:                               6.246375 seconds
 Compute <S^2>:                                      0.003296 seconds (855 allocations: 130.281 KiB, 90.68% compilation time)
  Root       Energy           S2
     1 -46.96954097   0.00000000
 ==================================================================|
 Compute <S^2>:                                      0.005731 seconds (1.06 k allocations: 153.031 KiB, 91.43% compilation time)
  Root       Energy           S2
     1 -46.96954097   0.00000000

 Compute PT1 wavefunction. Reference space dim:             1
 In build_compressed_1st_order_state
 Setup threaded jobs:                                0.000153 seconds (768 allocations: 85.031 KiB)
 Number of tasks:                                         253
 Compute matrix-vector:                             43.747276 seconds (90.63 M allocations: 5.223 GiB, 98.64% compilation time)
 Now collect thread results :                        0.020763 seconds (1.32 k allocations: 87.047 KiB, 99.36% compilation time)
 Compressing final σ vector:
   Iter:    1          616 →          616
 Compute Compressed FOIS:                           44.901948 seconds   5.77e+00 Gb

 |...................................BST-PT2............................................
 Length of input      FOIS:                               616
 Compute <X|H|0>:                                    4.255185 seconds   2.47e-01 Gb
 Compute <X|F|0>:                                    0.000257 seconds   1.81e-04 Gb
 State   1: E(PT2) corr:                          -0.01174359
  Root         E(0)         E(2)
     1 -46.96954097 -46.98128456
 ......................................................................................|
 Total time spent building FOIS:                    49.595333 seconds
 FOIS compressed from:                                    616 → 552        (thresh_foi  =  1.0e-03)

 Variational space increased from:                          1 → 172        (thresh_pt   =  3.2e-03)
 Add new space to variational space:                 0.002333 seconds
 |== BST CI ========================================================
 Solve CI with # variables:                               172
 Cache Hamiltonian:                                  3.115149 seconds (501.03 k allocations: 230.063 MiB, 14.76% compilation time)
 Iter:   1 SS: 1    E:  -46.96954097   R: 9.9e-02   LinDep: 0.0e+00* 
 Iter:   2 SS: 2    E:  -46.98195986   R: 1.8e-02   LinDep: 1.1e-16* 
 Iter:   3 SS: 3    E:  -46.98257729   R: 8.5e-03   LinDep: 2.2e-16* 
 Iter:   4 SS: 4    E:  -46.98267611   R: 1.8e-03   LinDep: 8.9e-16* 
 Iter:   5 SS: 5    E:  -46.98267974   R: 2.9e-04   LinDep: 1.1e-15* 
 Iter:   6 SS: 6    E:  -46.98267987   R: 4.5e-05   LinDep: 4.4e-16* 
 Iter:   7 SS: 7    E:  -46.98267987*  R: 6.3e-06*  LinDep: 1.6e-15* 
 Diagonalization time:                               0.981961 seconds
 Compute <S^2>:                                      0.031647 seconds (43.26 k allocations: 10.361 MiB, 41.75% compilation time)
  Root       Energy           S2
     1 -46.98267987   0.00004130
 ==================================================================|
 E(Reference):       -46.96954097 
 E(PT2):             -46.98128456 
 E(BST):             -46.98267987 




 ===================================================================
     BST Iteration:    2 epsilon:   0.01000000
 ===================================================================
 Ref state compressed from:                               172 → 82         (thresh_var  =  1.0e-02)
 Get eigenstate for compressed reference space:    
 |== BST CI ========================================================
 Solve CI with # variables:                                82
 Cache Hamiltonian:                                  1.852043 seconds (184.18 k allocations: 200.667 MiB)
 Iter:   1 SS: 1    E:  -46.98195157   R: 1.4e-03   LinDep: 4.4e-16* 
 Iter:   2 SS: 2    E:  -46.98195544   R: 6.4e-04   LinDep: 6.7e-16* 
 Iter:   3 SS: 3    E:  -46.98195598   R: 2.1e-04   LinDep: 4.4e-16* 
 Iter:   4 SS: 4    E:  -46.98195604   R: 4.4e-05   LinDep: 6.7e-16* 
 Iter:   5 SS: 5    E:  -46.98195605*  R: 2.1e-06*  LinDep: 4.4e-16* 
 Diagonalization time:                               0.112248 seconds
 Compute <S^2>:                                      0.014555 seconds (32.22 k allocations: 8.213 MiB)
  Root       Energy           S2
     1 -46.98195605   0.00004094
 ==================================================================|
 Compute <S^2>:                                      0.014713 seconds (32.60 k allocations: 8.333 MiB)
  Root       Energy           S2
     1 -46.98195605   0.00004094

 Compute PT1 wavefunction. Reference space dim:            82
 In build_compressed_1st_order_state
 Setup threaded jobs:                                0.001685 seconds (9.40 k allocations: 732.000 KiB)
 Number of tasks:                                        1763
 Compute matrix-vector:                             19.396069 seconds (6.54 M allocations: 13.902 GiB, 7.07% gc time, 2.31% compilation time)
 Now collect thread results :                        0.000552 seconds (3.54 k allocations: 196.984 KiB)
 Compressing final σ vector:
   Iter:    1         1031 →          929
   Iter:    2          929 →          929
 Compute Compressed FOIS:                           19.405732 seconds   1.49e+01 Gb

 |...................................BST-PT2............................................
 Length of input      FOIS:                               929
 Compute <X|H|0>:                                   14.431709 seconds   8.23e-01 Gb
 Compute <X|F|0>:                                    0.004590 seconds   4.63e-03 Gb
 State   1: E(PT2) corr:                          -0.00120641
  Root         E(0)         E(2)
     1 -46.98195605 -46.98316246
 ......................................................................................|
 Total time spent building FOIS:                    35.586033 seconds
 FOIS compressed from:                                    929 → 566        (thresh_foi  =  1.0e-03)

 Variational space increased from:                         82 → 182        (thresh_pt   =  3.2e-03)
 Add new space to variational space:                 0.004036 seconds
 |== BST CI ========================================================
 Solve CI with # variables:                               182
 Cache Hamiltonian:                                  2.839287 seconds (284.61 k allocations: 236.395 MiB)
 Iter:   1 SS: 1    E:  -46.98279960   R: 6.7e-03   LinDep: 1.1e-16* 
 Iter:   2 SS: 2    E:  -46.98286362   R: 1.4e-03   LinDep: 0.0e+00* 
 Iter:   3 SS: 3    E:  -46.98286615   R: 5.0e-04   LinDep: 1.1e-16* 
 Iter:   4 SS: 4    E:  -46.98286651   R: 1.6e-04   LinDep: 1.3e-15* 
 Iter:   5 SS: 5    E:  -46.98286655   R: 4.1e-05   LinDep: 4.4e-16* 
 Iter:   6 SS: 6    E:  -46.98286656   R: 1.3e-05   LinDep: 1.1e-16* 
 Iter:   7 SS: 7    E:  -46.98286656*  R: 3.0e-06*  LinDep: 4.4e-16* 
 Diagonalization time:                               0.243667 seconds
 Compute <S^2>:                                      0.020902 seconds (48.72 k allocations: 11.273 MiB)
  Root       Energy           S2
     1 -46.98286656   0.00011254
 ==================================================================|
 E(Reference):       -46.98195605 
 E(PT2):             -46.98316246 
 E(BST):             -46.98286656 




 ===================================================================
     BST Iteration:    3 epsilon:   0.01000000
 ===================================================================
 Ref state compressed from:                               182 → 82         (thresh_var  =  1.0e-02)
 Get eigenstate for compressed reference space:    
 |== BST CI ========================================================
 Solve CI with # variables:                                82
 Cache Hamiltonian:                                  1.764332 seconds (184.43 k allocations: 200.698 MiB)
 Iter:   1 SS: 1    E:  -46.98205909   R: 1.7e-03   LinDep: 4.4e-16* 
 Iter:   2 SS: 2    E:  -46.98206410   R: 6.6e-04   LinDep: 2.2e-16* 
 Iter:   3 SS: 3    E:  -46.98206482   R: 2.7e-04   LinDep: 2.2e-16* 
 Iter:   4 SS: 4    E:  -46.98206491   R: 6.2e-05   LinDep: 4.4e-16* 
 Iter:   5 SS: 5    E:  -46.98206491*  R: 6.6e-06*  LinDep: 1.1e-15* 
 Diagonalization time:                               0.103587 seconds
 Compute <S^2>:                                      0.015233 seconds (31.83 k allocations: 8.189 MiB)
  Root       Energy           S2
     1 -46.98206491   0.00011119
 ==================================================================|
 Compute <S^2>:                                      0.015238 seconds (32.35 k allocations: 8.317 MiB)
  Root       Energy           S2
     1 -46.98206491   0.00011119

 Compute PT1 wavefunction. Reference space dim:            82
 In build_compressed_1st_order_state
 Setup threaded jobs:                                0.001524 seconds (9.40 k allocations: 732.000 KiB)
 Number of tasks:                                        1763
 Compute matrix-vector:                             18.478573 seconds (5.84 M allocations: 13.865 GiB, 1.93% gc time, 0.12% compilation time)
 Now collect thread results :                        0.000565 seconds (3.54 k allocations: 196.984 KiB)
 Compressing final σ vector:
   Iter:    1         1121 →         1019
   Iter:    2         1019 →         1019
 Compute Compressed FOIS:                           18.488721 seconds   1.49e+01 Gb

 |...................................BST-PT2............................................
 Length of input      FOIS:                              1019
 Compute <X|H|0>:                                    5.398598 seconds   4.51e-01 Gb
 Compute <X|F|0>:                                    0.003524 seconds   4.65e-03 Gb
 State   1: E(PT2) corr:                          -0.00111807
  Root         E(0)         E(2)
     1 -46.98206491 -46.98318298
 ......................................................................................|
 Total time spent building FOIS:                    25.615574 seconds
 FOIS compressed from:                                   1019 → 566        (thresh_foi  =  1.0e-03)

 Variational space increased from:                         82 → 182        (thresh_pt   =  3.2e-03)
 Add new space to variational space:                 0.003959 seconds
 |== BST CI ========================================================
 Solve CI with # variables:                               182
 Cache Hamiltonian:                                  2.811548 seconds (301.42 k allocations: 237.438 MiB)
 Iter:   1 SS: 1    E:  -46.98290324   R: 5.3e-04   LinDep: 4.4e-16* 
 Iter:   2 SS: 2    E:  -46.98290376   R: 2.1e-04   LinDep: 8.9e-16* 
 Iter:   3 SS: 3    E:  -46.98290383   R: 7.3e-05   LinDep: 0.0e+00* 
 Iter:   4 SS: 4    E:  -46.98290384   R: 2.4e-05   LinDep: 0.0e+00* 
 Iter:   5 SS: 5    E:  -46.98290384*  R: 5.1e-06*  LinDep: 1.1e-16* 
 Diagonalization time:                               0.170102 seconds
 Compute <S^2>:                                      0.017565 seconds (49.24 k allocations: 11.305 MiB)
Parsing benz-4-meta-fcidump
  Root       Energy           S2
     1 -46.98290384   0.00018353
 ==================================================================|
 E(Reference):       -46.98206491 
 E(PT2):             -46.98318298 
 E(BST):             -46.98290384 

*Converged E(Ref):             -46.98206491 
*Converged E(BST):             -46.98290384 

 Energies per BST iteration:
   Projected Energies: 
   Iter:   1   -46.96954097 Dim:         1
   Iter:   2   -46.98195605 Dim:        82
   Iter:   3   -46.98206491 Dim:        82

   Variational Energies: 
   Iter:   1   -46.98267987 Dim:       172
   Iter:   2   -46.98286656 Dim:       182
   Iter:   3   -46.98290384 Dim:       182
 ─────────────────────────────────────────────────────────────────────────
                                 Time                    Allocations      
                        ───────────────────────   ────────────────────────
    Tot / % measured:         137s /  99.0%           38.3GiB /  99.9%    

 Section        ncalls     time    %tot     avg     alloc    %tot      avg
 ─────────────────────────────────────────────────────────────────────────
 FOIS                3     111s   81.8%   36.9s   35.1GiB   91.9%  11.7GiB
 CI small            3    14.3s   10.5%   4.76s   1.91GiB    5.0%   650MiB
 CI big              3    10.2s    7.6%   3.42s   1.16GiB    3.0%   398MiB
 S2                  3   35.7ms    0.0%  11.9ms   16.8MiB    0.0%  5.60MiB
 compress            6   15.6ms    0.0%  2.60ms   8.72MiB    0.0%  1.45MiB
 add                 3   4.05ms    0.0%  1.35ms   3.44MiB    0.0%  1.15MiB
 project             3   1.35ms    0.0%   450μs    701KiB    0.0%   234KiB
 s2 extension        3   3.40μs    0.0%  1.13μs     0.00B    0.0%    0.00B
 ─────────────────────────────────────────────────────────────────────────
 ==================================================================|
